2017-12-11 15:40:59,129 INFO [d.f.iosb.testrunner.JMSTestRunner] [TC0002.java:91] TC0002: 
---------------------------------------------------------------------
TEST PURPOSE
Test if a HelloWorld federate answers with: "HelloWorld <country name>"
upon receiving a "HelloWorld" interaction
Repeat sending the "HelloWorld" interaction for several cycles and evaluate
the interactions received
---------------------------------------------------------------------

2017-12-11 15:40:59,133 INFO [d.f.iosb.testrunner.JMSTestRunner] [AbstractTestCase.java:112] TC0002: TEST CASE PREAMBLE
2017-12-11 15:40:59,146 ERROR [d.f.iosb.testrunner.JMSTestRunner] [IVCT_RTIambassador.java:297] TC0002: createFederationExecution exception=Federation HelloWorld already exists (909000000)
2017-12-11 15:40:59,147 WARN [d.f.iosb.testrunner.JMSTestRunner] [IVCT_BaseModel.java:96] TC0002: initiateRti: FederationExecutionAlreadyExists (ignored)
2017-12-11 15:40:59,165 INFO [d.f.iosb.testrunner.JMSTestRunner] [AbstractTestCase.java:134] TC0002: TEST CASE BODY
2017-12-11 15:41:00,112 INFO [d.f.iosb.testrunner.JMSTestRunner] [HelloWorldBaseModel.java:436] TC0002: Population: 1657.8126
2017-12-11 15:41:01,111 INFO [d.f.iosb.testrunner.JMSTestRunner] [HelloWorldBaseModel.java:436] TC0002: Population: 1707.547
2017-12-11 15:41:02,112 INFO [d.f.iosb.testrunner.JMSTestRunner] [HelloWorldBaseModel.java:436] TC0002: Population: 1758.7733
2017-12-11 15:41:03,112 INFO [d.f.iosb.testrunner.JMSTestRunner] [HelloWorldBaseModel.java:436] TC0002: Population: 1811.5365
2017-12-11 15:41:03,125 INFO [d.f.iosb.testrunner.JMSTestRunner] [TC0002.java:154] TC0002: Hello World from A
2017-12-11 15:41:04,117 INFO [d.f.iosb.testrunner.JMSTestRunner] [HelloWorldBaseModel.java:436] TC0002: Population: 1865.8826
2017-12-11 15:41:05,117 INFO [d.f.iosb.testrunner.JMSTestRunner] [HelloWorldBaseModel.java:436] TC0002: Population: 1921.859
2017-12-11 15:41:05,126 INFO [d.f.iosb.testrunner.JMSTestRunner] [TC0002.java:154] TC0002: Hello World from A
2017-12-11 15:41:06,119 INFO [d.f.iosb.testrunner.JMSTestRunner] [HelloWorldBaseModel.java:436] TC0002: Population: 1979.5148
2017-12-11 15:41:07,120 INFO [d.f.iosb.testrunner.JMSTestRunner] [HelloWorldBaseModel.java:436] TC0002: Population: 2038.9001
2017-12-11 15:41:07,125 INFO [d.f.iosb.testrunner.JMSTestRunner] [TC0002.java:154] TC0002: Hello World from A
2017-12-11 15:41:08,122 INFO [d.f.iosb.testrunner.JMSTestRunner] [HelloWorldBaseModel.java:436] TC0002: Population: 2100.0671
2017-12-11 15:41:09,123 INFO [d.f.iosb.testrunner.JMSTestRunner] [HelloWorldBaseModel.java:436] TC0002: Population: 2163.069
2017-12-11 15:41:09,140 INFO [d.f.iosb.testrunner.JMSTestRunner] [TC0002.java:154] TC0002: Hello World from A
2017-12-11 15:41:10,125 INFO [d.f.iosb.testrunner.JMSTestRunner] [HelloWorldBaseModel.java:436] TC0002: Population: 2227.9612
2017-12-11 15:41:11,126 INFO [d.f.iosb.testrunner.JMSTestRunner] [HelloWorldBaseModel.java:436] TC0002: Population: 2294.8
2017-12-11 15:41:11,137 INFO [d.f.iosb.testrunner.JMSTestRunner] [TC0002.java:154] TC0002: Hello World from A
2017-12-11 15:41:12,128 INFO [d.f.iosb.testrunner.JMSTestRunner] [HelloWorldBaseModel.java:436] TC0002: Population: 2363.644
2017-12-11 15:41:13,129 INFO [d.f.iosb.testrunner.JMSTestRunner] [HelloWorldBaseModel.java:436] TC0002: Population: 2434.5532
2017-12-11 15:41:13,151 INFO [d.f.iosb.testrunner.JMSTestRunner] [TC0002.java:154] TC0002: Hello World from A
2017-12-11 15:41:14,131 INFO [d.f.iosb.testrunner.JMSTestRunner] [HelloWorldBaseModel.java:436] TC0002: Population: 2507.5898
2017-12-11 15:41:15,133 INFO [d.f.iosb.testrunner.JMSTestRunner] [HelloWorldBaseModel.java:436] TC0002: Population: 2582.8174
2017-12-11 15:41:15,147 INFO [d.f.iosb.testrunner.JMSTestRunner] [TC0002.java:154] TC0002: Hello World from A
2017-12-11 15:41:16,133 INFO [d.f.iosb.testrunner.JMSTestRunner] [HelloWorldBaseModel.java:436] TC0002: Population: 2660.3018
2017-12-11 15:41:17,134 INFO [d.f.iosb.testrunner.JMSTestRunner] [HelloWorldBaseModel.java:436] TC0002: Population: 2740.1108
2017-12-11 15:41:17,142 INFO [d.f.iosb.testrunner.JMSTestRunner] [TC0002.java:154] TC0002: Hello World from A
2017-12-11 15:41:18,135 INFO [d.f.iosb.testrunner.JMSTestRunner] [HelloWorldBaseModel.java:436] TC0002: Population: 2822.314
2017-12-11 15:41:19,137 INFO [d.f.iosb.testrunner.JMSTestRunner] [HelloWorldBaseModel.java:436] TC0002: Population: 2906.9834
2017-12-11 15:41:19,142 INFO [d.f.iosb.testrunner.JMSTestRunner] [TC0002.java:154] TC0002: Hello World from A
2017-12-11 15:41:20,139 INFO [d.f.iosb.testrunner.JMSTestRunner] [HelloWorldBaseModel.java:436] TC0002: Population: 2994.1929
2017-12-11 15:41:21,140 INFO [d.f.iosb.testrunner.JMSTestRunner] [HelloWorldBaseModel.java:436] TC0002: Population: 3084.0186
2017-12-11 15:41:21,158 INFO [d.f.iosb.testrunner.JMSTestRunner] [TC0002.java:154] TC0002: Hello World from A
2017-12-11 15:41:22,141 INFO [d.f.iosb.testrunner.JMSTestRunner] [HelloWorldBaseModel.java:436] TC0002: Population: 3176.539
2017-12-11 15:41:22,160 INFO [d.f.iosb.testrunner.JMSTestRunner] [AbstractTestCase.java:164] TC0002: TEST CASE POSTAMBLE
2017-12-11 15:41:22,170 ERROR [d.f.iosb.testrunner.JMSTestRunner] [IVCT_RTIambassador.java:345] TC0002: destroyFederationExecution exception=Federates Currently Joined (909146016)
2017-12-11 15:41:22,172 WARN [d.f.iosb.testrunner.JMSTestRunner] [IVCT_BaseModel.java:136] TC0002: terminateRti: FederatesCurrentlyJoined (ignored)
2017-12-11 15:41:22,179 INFO [d.f.iosb.testrunner.JMSTestRunner] [AbstractTestCase.java:166] TC0002: TC PASSED
2017-12-11 15:41:22,184 DEBUG [d.f.iosb.testrunner.JMSTestRunner] [JMSTestRunner.java:185] TC0002: JMSTestRunner:onMessageConsumer:run: after
2017-12-11 15:42:16,992 INFO [d.f.iosb.testrunner.JMSTestRunner] [TC0002.java:91] TC0002: 
---------------------------------------------------------------------
TEST PURPOSE
Test if a HelloWorld federate answers with: "HelloWorld <country name>"
upon receiving a "HelloWorld" interaction
Repeat sending the "HelloWorld" interaction for several cycles and evaluate
the interactions received
---------------------------------------------------------------------

2017-12-11 15:42:16,996 INFO [d.f.iosb.testrunner.JMSTestRunner] [AbstractTestCase.java:112] TC0002: TEST CASE PREAMBLE
2017-12-11 15:42:17,010 ERROR [d.f.iosb.testrunner.JMSTestRunner] [IVCT_RTIambassador.java:297] TC0002: createFederationExecution exception=Federation HelloWorld already exists (909000000)
2017-12-11 15:42:17,011 WARN [d.f.iosb.testrunner.JMSTestRunner] [IVCT_BaseModel.java:96] TC0002: initiateRti: FederationExecutionAlreadyExists (ignored)
2017-12-11 15:42:17,654 INFO [d.f.iosb.testrunner.JMSTestRunner] [AbstractTestCase.java:134] TC0002: TEST CASE BODY
2017-12-11 15:42:18,186 INFO [d.f.iosb.testrunner.JMSTestRunner] [HelloWorldBaseModel.java:436] TC0002: Population: 16627.932
2017-12-11 15:42:19,184 INFO [d.f.iosb.testrunner.JMSTestRunner] [HelloWorldBaseModel.java:436] TC0002: Population: 17126.77
2017-12-11 15:42:20,185 INFO [d.f.iosb.testrunner.JMSTestRunner] [HelloWorldBaseModel.java:436] TC0002: Population: 17640.572
2017-12-11 15:42:21,187 INFO [d.f.iosb.testrunner.JMSTestRunner] [HelloWorldBaseModel.java:436] TC0002: Population: 18169.79
2017-12-11 15:42:21,207 INFO [d.f.iosb.testrunner.JMSTestRunner] [TC0002.java:154] TC0002: Hello World from A
2017-12-11 15:42:22,188 INFO [d.f.iosb.testrunner.JMSTestRunner] [HelloWorldBaseModel.java:436] TC0002: Population: 18714.883
2017-12-11 15:42:23,188 INFO [d.f.iosb.testrunner.JMSTestRunner] [HelloWorldBaseModel.java:436] TC0002: Population: 19276.328
2017-12-11 15:42:23,203 INFO [d.f.iosb.testrunner.JMSTestRunner] [TC0002.java:154] TC0002: Hello World from A
2017-12-11 15:42:24,188 INFO [d.f.iosb.testrunner.JMSTestRunner] [HelloWorldBaseModel.java:436] TC0002: Population: 19854.617
2017-12-11 15:42:25,191 INFO [d.f.iosb.testrunner.JMSTestRunner] [HelloWorldBaseModel.java:436] TC0002: Population: 20450.256
2017-12-11 15:42:25,201 INFO [d.f.iosb.testrunner.JMSTestRunner] [TC0002.java:154] TC0002: Hello World from A
2017-12-11 15:42:26,192 INFO [d.f.iosb.testrunner.JMSTestRunner] [HelloWorldBaseModel.java:436] TC0002: Population: 21063.764
2017-12-11 15:42:27,193 INFO [d.f.iosb.testrunner.JMSTestRunner] [HelloWorldBaseModel.java:436] TC0002: Population: 21695.676
2017-12-11 15:42:27,202 INFO [d.f.iosb.testrunner.JMSTestRunner] [TC0002.java:154] TC0002: Hello World from A
2017-12-11 15:42:28,194 INFO [d.f.iosb.testrunner.JMSTestRunner] [HelloWorldBaseModel.java:436] TC0002: Population: 22346.545
2017-12-11 15:42:29,196 INFO [d.f.iosb.testrunner.JMSTestRunner] [HelloWorldBaseModel.java:436] TC0002: Population: 23016.941
2017-12-11 15:42:29,215 INFO [d.f.iosb.testrunner.JMSTestRunner] [TC0002.java:154] TC0002: Hello World from A
2017-12-11 15:42:30,197 INFO [d.f.iosb.testrunner.JMSTestRunner] [HelloWorldBaseModel.java:436] TC0002: Population: 23707.45
2017-12-11 15:42:31,198 INFO [d.f.iosb.testrunner.JMSTestRunner] [HelloWorldBaseModel.java:436] TC0002: Population: 24418.672
2017-12-11 15:42:31,210 INFO [d.f.iosb.testrunner.JMSTestRunner] [TC0002.java:154] TC0002: Hello World from A
2017-12-11 15:42:32,199 INFO [d.f.iosb.testrunner.JMSTestRunner] [HelloWorldBaseModel.java:436] TC0002: Population: 25151.23
2017-12-11 15:42:33,198 INFO [d.f.iosb.testrunner.JMSTestRunner] [HelloWorldBaseModel.java:436] TC0002: Population: 25905.768
2017-12-11 15:42:33,204 INFO [d.f.iosb.testrunner.JMSTestRunner] [TC0002.java:154] TC0002: Hello World from A
2017-12-11 15:42:34,201 INFO [d.f.iosb.testrunner.JMSTestRunner] [HelloWorldBaseModel.java:436] TC0002: Population: 26682.94
2017-12-11 15:42:35,202 INFO [d.f.iosb.testrunner.JMSTestRunner] [HelloWorldBaseModel.java:436] TC0002: Population: 27483.428
2017-12-11 15:42:35,221 INFO [d.f.iosb.testrunner.JMSTestRunner] [TC0002.java:154] TC0002: Hello World from A
2017-12-11 15:42:36,206 INFO [d.f.iosb.testrunner.JMSTestRunner] [HelloWorldBaseModel.java:436] TC0002: Population: 28307.93
2017-12-11 15:42:37,207 INFO [d.f.iosb.testrunner.JMSTestRunner] [HelloWorldBaseModel.java:436] TC0002: Population: 29157.166
2017-12-11 15:42:37,216 INFO [d.f.iosb.testrunner.JMSTestRunner] [TC0002.java:154] TC0002: Hello World from A
2017-12-11 15:42:38,208 INFO [d.f.iosb.testrunner.JMSTestRunner] [HelloWorldBaseModel.java:436] TC0002: Population: 30031.88
2017-12-11 15:42:39,208 INFO [d.f.iosb.testrunner.JMSTestRunner] [HelloWorldBaseModel.java:436] TC0002: Population: 30932.836
2017-12-11 15:42:39,211 INFO [d.f.iosb.testrunner.JMSTestRunner] [TC0002.java:154] TC0002: Hello World from A
2017-12-11 15:42:40,208 INFO [d.f.iosb.testrunner.JMSTestRunner] [HelloWorldBaseModel.java:436] TC0002: Population: 31860.82
2017-12-11 15:42:40,212 INFO [d.f.iosb.testrunner.JMSTestRunner] [AbstractTestCase.java:164] TC0002: TEST CASE POSTAMBLE
2017-12-11 15:42:40,222 ERROR [d.f.iosb.testrunner.JMSTestRunner] [IVCT_RTIambassador.java:345] TC0002: destroyFederationExecution exception=Federates Currently Joined (909146016)
2017-12-11 15:42:40,227 WARN [d.f.iosb.testrunner.JMSTestRunner] [IVCT_BaseModel.java:136] TC0002: terminateRti: FederatesCurrentlyJoined (ignored)
2017-12-11 15:42:40,237 INFO [d.f.iosb.testrunner.JMSTestRunner] [AbstractTestCase.java:166] TC0002: TC PASSED
2017-12-11 15:42:40,244 DEBUG [d.f.iosb.testrunner.JMSTestRunner] [JMSTestRunner.java:185] TC0002: JMSTestRunner:onMessageConsumer:run: after
2017-12-11 15:44:05,397 INFO [d.f.iosb.testrunner.JMSTestRunner] [TC0002.java:91] TC0002: 
---------------------------------------------------------------------
TEST PURPOSE
Test if a HelloWorld federate answers with: "HelloWorld <country name>"
upon receiving a "HelloWorld" interaction
Repeat sending the "HelloWorld" interaction for several cycles and evaluate
the interactions received
---------------------------------------------------------------------

2017-12-11 15:44:05,399 INFO [d.f.iosb.testrunner.JMSTestRunner] [AbstractTestCase.java:112] TC0002: TEST CASE PREAMBLE
2017-12-11 15:44:05,423 ERROR [d.f.iosb.testrunner.JMSTestRunner] [IVCT_RTIambassador.java:297] TC0002: createFederationExecution exception=Federation HelloWorld already exists (909000000)
2017-12-11 15:44:05,424 WARN [d.f.iosb.testrunner.JMSTestRunner] [IVCT_BaseModel.java:96] TC0002: initiateRti: FederationExecutionAlreadyExists (ignored)
2017-12-11 15:44:05,515 INFO [d.f.iosb.testrunner.JMSTestRunner] [TC0002.java:91] TC0002: 
---------------------------------------------------------------------
TEST PURPOSE
Test if a HelloWorld federate answers with: "HelloWorld <country name>"
upon receiving a "HelloWorld" interaction
Repeat sending the "HelloWorld" interaction for several cycles and evaluate
the interactions received
---------------------------------------------------------------------

2017-12-11 15:44:05,516 INFO [d.f.iosb.testrunner.JMSTestRunner] [AbstractTestCase.java:112] TC0002: TEST CASE PREAMBLE
2017-12-11 15:44:05,775 ERROR [d.f.iosb.testrunner.JMSTestRunner] [IVCT_RTIambassador.java:297] TC0002: createFederationExecution exception=Federation HelloWorld already exists (909000000)
2017-12-11 15:44:05,776 WARN [d.f.iosb.testrunner.JMSTestRunner] [IVCT_BaseModel.java:96] TC0002: initiateRti: FederationExecutionAlreadyExists (ignored)
2017-12-11 15:44:06,058 INFO [d.f.iosb.testrunner.JMSTestRunner] [AbstractTestCase.java:134] TC0002: TEST CASE BODY
2017-12-11 15:44:06,162 INFO [d.f.iosb.testrunner.JMSTestRunner] [AbstractTestCase.java:134] TC0002: TEST CASE BODY
2017-12-11 15:44:06,274 INFO [d.f.iosb.testrunner.JMSTestRunner] [HelloWorldBaseModel.java:436] TC0002: Population: 404815.53
2017-12-11 15:44:06,289 INFO [d.f.iosb.testrunner.JMSTestRunner] [HelloWorldBaseModel.java:436] TC0002: Population: 404815.53
2017-12-11 15:44:07,274 INFO [d.f.iosb.testrunner.JMSTestRunner] [HelloWorldBaseModel.java:436] TC0002: Population: 416960.0
2017-12-11 15:44:07,274 INFO [d.f.iosb.testrunner.JMSTestRunner] [HelloWorldBaseModel.java:436] TC0002: Population: 416960.0
2017-12-11 15:44:08,275 INFO [d.f.iosb.testrunner.JMSTestRunner] [HelloWorldBaseModel.java:436] TC0002: Population: 429468.78
2017-12-11 15:44:08,276 INFO [d.f.iosb.testrunner.JMSTestRunner] [HelloWorldBaseModel.java:436] TC0002: Population: 429468.78
2017-12-11 15:44:09,168 INFO [d.f.iosb.testrunner.JMSTestRunner] [TC0002.java:154] TC0002: Hello World IVCT
2017-12-11 15:44:09,185 INFO [d.f.iosb.testrunner.JMSTestRunner] [TC0002.java:154] TC0002: Hello World IVCT
2017-12-11 15:44:09,197 ERROR [d.f.iosb.testrunner.JMSTestRunner] [IVCT_RTIambassador.java:345] TC0002: destroyFederationExecution exception=Federates Currently Joined (909146016)
2017-12-11 15:44:09,201 ERROR [d.f.iosb.testrunner.JMSTestRunner] [IVCT_RTIambassador.java:345] TC0002: destroyFederationExecution exception=Federates Currently Joined (909146016)
2017-12-11 15:44:09,200 WARN [d.f.iosb.testrunner.JMSTestRunner] [IVCT_BaseModel.java:136] TC0002: terminateRti: FederatesCurrentlyJoined (ignored)
2017-12-11 15:44:09,203 WARN [d.f.iosb.testrunner.JMSTestRunner] [IVCT_BaseModel.java:136] TC0002: terminateRti: FederatesCurrentlyJoined (ignored)
2017-12-11 15:44:09,207 INFO [d.f.iosb.testrunner.JMSTestRunner] [AbstractTestCase.java:153] TC0002: TC FAILED Incorrect message received: got  Hello World IVCT  expected  Hello World from A
2017-12-11 15:44:09,214 DEBUG [d.f.iosb.testrunner.JMSTestRunner] [JMSTestRunner.java:185] TC0002: JMSTestRunner:onMessageConsumer:run: after
2017-12-11 15:44:09,211 INFO [d.f.iosb.testrunner.JMSTestRunner] [AbstractTestCase.java:153] TC0002: TC FAILED Incorrect message received: got  Hello World IVCT  expected  Hello World from A
2017-12-11 15:44:09,217 DEBUG [d.f.iosb.testrunner.JMSTestRunner] [JMSTestRunner.java:185] TC0002: JMSTestRunner:onMessageConsumer:run: after
2017-12-11 15:44:27,340 INFO [d.f.iosb.testrunner.JMSTestRunner] [TC0002.java:91] TC0002: 
---------------------------------------------------------------------
TEST PURPOSE
Test if a HelloWorld federate answers with: "HelloWorld <country name>"
upon receiving a "HelloWorld" interaction
Repeat sending the "HelloWorld" interaction for several cycles and evaluate
the interactions received
---------------------------------------------------------------------

2017-12-11 15:44:27,344 INFO [d.f.iosb.testrunner.JMSTestRunner] [AbstractTestCase.java:112] TC0002: TEST CASE PREAMBLE
2017-12-11 15:44:27,353 INFO [d.f.iosb.testrunner.JMSTestRunner] [TC0002.java:91] TC0002: 
---------------------------------------------------------------------
TEST PURPOSE
Test if a HelloWorld federate answers with: "HelloWorld <country name>"
upon receiving a "HelloWorld" interaction
Repeat sending the "HelloWorld" interaction for several cycles and evaluate
the interactions received
---------------------------------------------------------------------

2017-12-11 15:44:27,357 INFO [d.f.iosb.testrunner.JMSTestRunner] [AbstractTestCase.java:112] TC0002: TEST CASE PREAMBLE
2017-12-11 15:44:27,360 ERROR [d.f.iosb.testrunner.JMSTestRunner] [IVCT_RTIambassador.java:297] TC0002: createFederationExecution exception=Federation HelloWorld already exists (909000000)
2017-12-11 15:44:27,364 WARN [d.f.iosb.testrunner.JMSTestRunner] [IVCT_BaseModel.java:96] TC0002: initiateRti: FederationExecutionAlreadyExists (ignored)
2017-12-11 15:44:27,378 ERROR [d.f.iosb.testrunner.JMSTestRunner] [IVCT_RTIambassador.java:297] TC0002: createFederationExecution exception=Federation HelloWorld already exists (909000000)
2017-12-11 15:44:27,379 WARN [d.f.iosb.testrunner.JMSTestRunner] [IVCT_BaseModel.java:96] TC0002: initiateRti: FederationExecutionAlreadyExists (ignored)
2017-12-11 15:44:27,387 INFO [d.f.iosb.testrunner.JMSTestRunner] [AbstractTestCase.java:134] TC0002: TEST CASE BODY
2017-12-11 15:44:27,403 INFO [d.f.iosb.testrunner.JMSTestRunner] [AbstractTestCase.java:134] TC0002: TEST CASE BODY
2017-12-11 15:44:28,291 INFO [d.f.iosb.testrunner.JMSTestRunner] [HelloWorldBaseModel.java:436] TC0002: Population: 775668.06
2017-12-11 15:44:28,293 INFO [d.f.iosb.testrunner.JMSTestRunner] [HelloWorldBaseModel.java:436] TC0002: Population: 775668.06
2017-12-11 15:44:29,293 INFO [d.f.iosb.testrunner.JMSTestRunner] [HelloWorldBaseModel.java:436] TC0002: Population: 798938.06
2017-12-11 15:44:29,293 INFO [d.f.iosb.testrunner.JMSTestRunner] [HelloWorldBaseModel.java:436] TC0002: Population: 798938.06
2017-12-11 15:44:30,294 INFO [d.f.iosb.testrunner.JMSTestRunner] [HelloWorldBaseModel.java:436] TC0002: Population: 822906.2
2017-12-11 15:44:30,294 INFO [d.f.iosb.testrunner.JMSTestRunner] [HelloWorldBaseModel.java:436] TC0002: Population: 822906.2
2017-12-11 15:44:30,405 INFO [d.f.iosb.testrunner.JMSTestRunner] [TC0002.java:154] TC0002: Hello World IVCT
2017-12-11 15:44:30,410 INFO [d.f.iosb.testrunner.JMSTestRunner] [TC0002.java:154] TC0002: Hello World IVCT
2017-12-11 15:44:30,417 ERROR [d.f.iosb.testrunner.JMSTestRunner] [IVCT_RTIambassador.java:345] TC0002: destroyFederationExecution exception=Federates Currently Joined (909146016)
2017-12-11 15:44:30,422 ERROR [d.f.iosb.testrunner.JMSTestRunner] [IVCT_RTIambassador.java:345] TC0002: destroyFederationExecution exception=Federates Currently Joined (909146016)
2017-12-11 15:44:30,421 WARN [d.f.iosb.testrunner.JMSTestRunner] [IVCT_BaseModel.java:136] TC0002: terminateRti: FederatesCurrentlyJoined (ignored)
2017-12-11 15:44:30,426 WARN [d.f.iosb.testrunner.JMSTestRunner] [IVCT_BaseModel.java:136] TC0002: terminateRti: FederatesCurrentlyJoined (ignored)
2017-12-11 15:44:30,429 INFO [d.f.iosb.testrunner.JMSTestRunner] [AbstractTestCase.java:153] TC0002: TC FAILED Incorrect message received: got  Hello World IVCT  expected  Hello World from A
2017-12-11 15:44:30,435 DEBUG [d.f.iosb.testrunner.JMSTestRunner] [JMSTestRunner.java:185] TC0002: JMSTestRunner:onMessageConsumer:run: after
2017-12-11 15:44:30,434 INFO [d.f.iosb.testrunner.JMSTestRunner] [AbstractTestCase.java:153] TC0002: TC FAILED Incorrect message received: got  Hello World IVCT  expected  Hello World from A
2017-12-11 15:44:30,442 DEBUG [d.f.iosb.testrunner.JMSTestRunner] [JMSTestRunner.java:185] TC0002: JMSTestRunner:onMessageConsumer:run: after
2017-12-11 15:45:22,027 INFO [d.f.iosb.testrunner.JMSTestRunner] [TC0002.java:91] TC0002: 
---------------------------------------------------------------------
TEST PURPOSE
Test if a HelloWorld federate answers with: "HelloWorld <country name>"
upon receiving a "HelloWorld" interaction
Repeat sending the "HelloWorld" interaction for several cycles and evaluate
the interactions received
---------------------------------------------------------------------

2017-12-11 15:45:22,030 INFO [d.f.iosb.testrunner.JMSTestRunner] [AbstractTestCase.java:112] TC0002: TEST CASE PREAMBLE
2017-12-11 15:45:22,058 ERROR [d.f.iosb.testrunner.JMSTestRunner] [IVCT_RTIambassador.java:297] TC0002: createFederationExecution exception=Federation HelloWorld already exists (909000000)
2017-12-11 15:45:22,063 WARN [d.f.iosb.testrunner.JMSTestRunner] [IVCT_BaseModel.java:96] TC0002: initiateRti: FederationExecutionAlreadyExists (ignored)
2017-12-11 15:45:22,715 INFO [d.f.iosb.testrunner.JMSTestRunner] [AbstractTestCase.java:134] TC0002: TEST CASE BODY
2017-12-11 15:45:23,334 INFO [d.f.iosb.testrunner.JMSTestRunner] [HelloWorldBaseModel.java:436] TC0002: Population: 3942054.0
2017-12-11 15:45:24,333 INFO [d.f.iosb.testrunner.JMSTestRunner] [HelloWorldBaseModel.java:436] TC0002: Population: 4060315.5
2017-12-11 15:45:25,334 INFO [d.f.iosb.testrunner.JMSTestRunner] [HelloWorldBaseModel.java:436] TC0002: Population: 4182124.8
2017-12-11 15:45:26,335 INFO [d.f.iosb.testrunner.JMSTestRunner] [HelloWorldBaseModel.java:436] TC0002: Population: 4307588.5
2017-12-11 15:45:26,350 INFO [d.f.iosb.testrunner.JMSTestRunner] [TC0002.java:154] TC0002: Hello World from A
2017-12-11 15:45:27,336 INFO [d.f.iosb.testrunner.JMSTestRunner] [HelloWorldBaseModel.java:436] TC0002: Population: 4436816.0
2017-12-11 15:45:28,337 INFO [d.f.iosb.testrunner.JMSTestRunner] [HelloWorldBaseModel.java:436] TC0002: Population: 4569920.5
2017-12-11 15:45:28,350 INFO [d.f.iosb.testrunner.JMSTestRunner] [TC0002.java:154] TC0002: Hello World from A
2017-12-11 15:45:29,338 INFO [d.f.iosb.testrunner.JMSTestRunner] [HelloWorldBaseModel.java:436] TC0002: Population: 4707018.0
2017-12-11 15:45:30,340 INFO [d.f.iosb.testrunner.JMSTestRunner] [HelloWorldBaseModel.java:436] TC0002: Population: 4848228.5
2017-12-11 15:45:30,350 INFO [d.f.iosb.testrunner.JMSTestRunner] [TC0002.java:154] TC0002: Hello World from A
2017-12-11 15:45:31,341 INFO [d.f.iosb.testrunner.JMSTestRunner] [HelloWorldBaseModel.java:436] TC0002: Population: 4993675.0
2017-12-11 15:45:32,342 INFO [d.f.iosb.testrunner.JMSTestRunner] [HelloWorldBaseModel.java:436] TC0002: Population: 5143485.0
2017-12-11 15:45:32,349 INFO [d.f.iosb.testrunner.JMSTestRunner] [TC0002.java:154] TC0002: Hello World from A
2017-12-11 15:45:33,344 INFO [d.f.iosb.testrunner.JMSTestRunner] [HelloWorldBaseModel.java:436] TC0002: Population: 5297789.5
2017-12-11 15:45:34,345 INFO [d.f.iosb.testrunner.JMSTestRunner] [HelloWorldBaseModel.java:436] TC0002: Population: 5456723.0
2017-12-11 15:45:34,349 INFO [d.f.iosb.testrunner.JMSTestRunner] [TC0002.java:154] TC0002: Hello World from A
2017-12-11 15:45:35,346 INFO [d.f.iosb.testrunner.JMSTestRunner] [HelloWorldBaseModel.java:436] TC0002: Population: 5620424.5
2017-12-11 15:45:36,347 INFO [d.f.iosb.testrunner.JMSTestRunner] [HelloWorldBaseModel.java:436] TC0002: Population: 5789037.0
2017-12-11 15:45:36,370 INFO [d.f.iosb.testrunner.JMSTestRunner] [TC0002.java:154] TC0002: Hello World from A
2017-12-11 15:45:37,349 INFO [d.f.iosb.testrunner.JMSTestRunner] [HelloWorldBaseModel.java:436] TC0002: Population: 5962708.0
2017-12-11 15:45:38,350 INFO [d.f.iosb.testrunner.JMSTestRunner] [HelloWorldBaseModel.java:436] TC0002: Population: 6141589.0
2017-12-11 15:45:38,366 INFO [d.f.iosb.testrunner.JMSTestRunner] [TC0002.java:154] TC0002: Hello World from A
2017-12-11 15:45:39,351 INFO [d.f.iosb.testrunner.JMSTestRunner] [HelloWorldBaseModel.java:436] TC0002: Population: 6325836.5
2017-12-11 15:45:40,351 INFO [d.f.iosb.testrunner.JMSTestRunner] [HelloWorldBaseModel.java:436] TC0002: Population: 6515611.5
2017-12-11 15:45:40,367 INFO [d.f.iosb.testrunner.JMSTestRunner] [TC0002.java:154] TC0002: Hello World from A
2017-12-11 15:45:41,352 INFO [d.f.iosb.testrunner.JMSTestRunner] [HelloWorldBaseModel.java:436] TC0002: Population: 6711079.5
2017-12-11 15:45:42,353 INFO [d.f.iosb.testrunner.JMSTestRunner] [HelloWorldBaseModel.java:436] TC0002: Population: 6912411.5
2017-12-11 15:45:42,367 INFO [d.f.iosb.testrunner.JMSTestRunner] [TC0002.java:154] TC0002: Hello World from A
2017-12-11 15:45:43,355 INFO [d.f.iosb.testrunner.JMSTestRunner] [HelloWorldBaseModel.java:436] TC0002: Population: 7119783.5
2017-12-11 15:45:44,357 INFO [d.f.iosb.testrunner.JMSTestRunner] [HelloWorldBaseModel.java:436] TC0002: Population: 7333377.0
2017-12-11 15:45:44,367 INFO [d.f.iosb.testrunner.JMSTestRunner] [TC0002.java:154] TC0002: Hello World from A
2017-12-11 15:45:45,359 INFO [d.f.iosb.testrunner.JMSTestRunner] [HelloWorldBaseModel.java:436] TC0002: Population: 7553378.0
2017-12-11 15:45:45,371 INFO [d.f.iosb.testrunner.JMSTestRunner] [AbstractTestCase.java:164] TC0002: TEST CASE POSTAMBLE
2017-12-11 15:45:45,387 ERROR [d.f.iosb.testrunner.JMSTestRunner] [IVCT_RTIambassador.java:345] TC0002: destroyFederationExecution exception=Federates Currently Joined (909146016)
2017-12-11 15:45:45,390 WARN [d.f.iosb.testrunner.JMSTestRunner] [IVCT_BaseModel.java:136] TC0002: terminateRti: FederatesCurrentlyJoined (ignored)
2017-12-11 15:45:45,407 INFO [d.f.iosb.testrunner.JMSTestRunner] [AbstractTestCase.java:166] TC0002: TC PASSED
2017-12-11 15:45:45,409 DEBUG [d.f.iosb.testrunner.JMSTestRunner] [JMSTestRunner.java:185] TC0002: JMSTestRunner:onMessageConsumer:run: after
2017-12-11 15:47:05,075 INFO [d.f.iosb.testrunner.JMSTestRunner] [TC0002.java:91] TC0002: 
---------------------------------------------------------------------
TEST PURPOSE
Test if a HelloWorld federate answers with: "HelloWorld <country name>"
upon receiving a "HelloWorld" interaction
Repeat sending the "HelloWorld" interaction for several cycles and evaluate
the interactions received
---------------------------------------------------------------------

2017-12-11 15:47:05,076 INFO [d.f.iosb.testrunner.JMSTestRunner] [AbstractTestCase.java:112] TC0002: TEST CASE PREAMBLE
2017-12-11 15:47:05,320 ERROR [d.f.iosb.testrunner.JMSTestRunner] [IVCT_RTIambassador.java:297] TC0002: createFederationExecution exception=Federation HelloWorld already exists (909000000)
2017-12-11 15:47:05,320 WARN [d.f.iosb.testrunner.JMSTestRunner] [IVCT_BaseModel.java:96] TC0002: initiateRti: FederationExecutionAlreadyExists (ignored)
2017-12-11 15:47:06,122 INFO [d.f.iosb.testrunner.JMSTestRunner] [AbstractTestCase.java:134] TC0002: TEST CASE BODY
2017-12-11 15:47:06,440 INFO [d.f.iosb.testrunner.JMSTestRunner] [HelloWorldBaseModel.java:436] TC0002: Population: 8.2785712E7
2017-12-11 15:47:07,416 INFO [d.f.iosb.testrunner.JMSTestRunner] [HelloWorldBaseModel.java:436] TC0002: Population: 8.526928E7
2017-12-11 15:47:08,417 INFO [d.f.iosb.testrunner.JMSTestRunner] [HelloWorldBaseModel.java:436] TC0002: Population: 8.7827352E7
2017-12-11 15:47:09,419 INFO [d.f.iosb.testrunner.JMSTestRunner] [HelloWorldBaseModel.java:436] TC0002: Population: 9.0462168E7
2017-12-11 15:47:09,434 INFO [d.f.iosb.testrunner.JMSTestRunner] [TC0002.java:154] TC0002: Hello World from A
2017-12-11 15:47:10,420 INFO [d.f.iosb.testrunner.JMSTestRunner] [HelloWorldBaseModel.java:436] TC0002: Population: 9.3176032E7
2017-12-11 15:47:11,421 INFO [d.f.iosb.testrunner.JMSTestRunner] [HelloWorldBaseModel.java:436] TC0002: Population: 9.5971312E7
2017-12-11 15:47:11,434 INFO [d.f.iosb.testrunner.JMSTestRunner] [TC0002.java:154] TC0002: Hello World from A
2017-12-11 15:47:12,421 INFO [d.f.iosb.testrunner.JMSTestRunner] [HelloWorldBaseModel.java:436] TC0002: Population: 9.8850448E7
2017-12-11 15:47:13,422 INFO [d.f.iosb.testrunner.JMSTestRunner] [HelloWorldBaseModel.java:436] TC0002: Population: 1.0181596E8
2017-12-11 15:47:13,429 INFO [d.f.iosb.testrunner.JMSTestRunner] [TC0002.java:154] TC0002: Hello World from A
2017-12-11 15:47:14,424 INFO [d.f.iosb.testrunner.JMSTestRunner] [HelloWorldBaseModel.java:436] TC0002: Population: 1.04870432E8
2017-12-11 15:47:15,426 INFO [d.f.iosb.testrunner.JMSTestRunner] [HelloWorldBaseModel.java:436] TC0002: Population: 1.08016544E8
2017-12-11 15:47:15,445 INFO [d.f.iosb.testrunner.JMSTestRunner] [TC0002.java:154] TC0002: Hello World from A
2017-12-11 15:47:16,428 INFO [d.f.iosb.testrunner.JMSTestRunner] [HelloWorldBaseModel.java:436] TC0002: Population: 1.1125704E8
2017-12-11 15:47:17,428 INFO [d.f.iosb.testrunner.JMSTestRunner] [HelloWorldBaseModel.java:436] TC0002: Population: 1.14594752E8
2017-12-11 15:47:17,443 INFO [d.f.iosb.testrunner.JMSTestRunner] [TC0002.java:154] TC0002: Hello World from A
2017-12-11 15:47:18,429 INFO [d.f.iosb.testrunner.JMSTestRunner] [HelloWorldBaseModel.java:436] TC0002: Population: 1.18032592E8
2017-12-11 15:47:19,431 INFO [d.f.iosb.testrunner.JMSTestRunner] [HelloWorldBaseModel.java:436] TC0002: Population: 1.21573568E8
2017-12-11 15:47:19,443 INFO [d.f.iosb.testrunner.JMSTestRunner] [TC0002.java:154] TC0002: Hello World from A
2017-12-11 15:47:20,432 INFO [d.f.iosb.testrunner.JMSTestRunner] [HelloWorldBaseModel.java:436] TC0002: Population: 1.25220768E8
2017-12-11 15:47:21,434 INFO [d.f.iosb.testrunner.JMSTestRunner] [HelloWorldBaseModel.java:436] TC0002: Population: 1.28977384E8
2017-12-11 15:47:21,439 INFO [d.f.iosb.testrunner.JMSTestRunner] [TC0002.java:154] TC0002: Hello World from A
2017-12-11 15:47:22,434 INFO [d.f.iosb.testrunner.JMSTestRunner] [HelloWorldBaseModel.java:436] TC0002: Population: 1.32846704E8
2017-12-11 15:47:23,435 INFO [d.f.iosb.testrunner.JMSTestRunner] [HelloWorldBaseModel.java:436] TC0002: Population: 1.36832096E8
2017-12-11 15:47:23,453 INFO [d.f.iosb.testrunner.JMSTestRunner] [TC0002.java:154] TC0002: Hello World from A
2017-12-11 15:47:24,437 INFO [d.f.iosb.testrunner.JMSTestRunner] [HelloWorldBaseModel.java:436] TC0002: Population: 1.40937056E8
2017-12-11 15:47:25,438 INFO [d.f.iosb.testrunner.JMSTestRunner] [HelloWorldBaseModel.java:436] TC0002: Population: 1.45165168E8
2017-12-11 15:47:25,451 INFO [d.f.iosb.testrunner.JMSTestRunner] [TC0002.java:154] TC0002: Hello World from A
2017-12-11 15:47:26,439 INFO [d.f.iosb.testrunner.JMSTestRunner] [HelloWorldBaseModel.java:436] TC0002: Population: 1.49520112E8
2017-12-11 15:47:27,441 INFO [d.f.iosb.testrunner.JMSTestRunner] [HelloWorldBaseModel.java:436] TC0002: Population: 1.54005712E8
2017-12-11 15:47:27,446 INFO [d.f.iosb.testrunner.JMSTestRunner] [TC0002.java:154] TC0002: Hello World from A
2017-12-11 15:47:28,442 INFO [d.f.iosb.testrunner.JMSTestRunner] [HelloWorldBaseModel.java:436] TC0002: Population: 1.58625872E8
2017-12-11 15:47:28,448 INFO [d.f.iosb.testrunner.JMSTestRunner] [AbstractTestCase.java:164] TC0002: TEST CASE POSTAMBLE
2017-12-11 15:47:28,474 ERROR [d.f.iosb.testrunner.JMSTestRunner] [IVCT_RTIambassador.java:345] TC0002: destroyFederationExecution exception=Federates Currently Joined (909146016)
2017-12-11 15:47:28,476 WARN [d.f.iosb.testrunner.JMSTestRunner] [IVCT_BaseModel.java:136] TC0002: terminateRti: FederatesCurrentlyJoined (ignored)
2017-12-11 15:47:28,486 INFO [d.f.iosb.testrunner.JMSTestRunner] [AbstractTestCase.java:166] TC0002: TC PASSED
2017-12-11 15:47:28,492 DEBUG [d.f.iosb.testrunner.JMSTestRunner] [JMSTestRunner.java:185] TC0002: JMSTestRunner:onMessageConsumer:run: after
2017-12-11 17:20:13,170 INFO [d.f.iosb.testrunner.JMSTestRunner] [TC0002.java:91] TC0002: 
---------------------------------------------------------------------
TEST PURPOSE
Test if a HelloWorld federate answers with: "HelloWorld <country name>"
upon receiving a "HelloWorld" interaction
Repeat sending the "HelloWorld" interaction for several cycles and evaluate
the interactions received
---------------------------------------------------------------------

2017-12-11 17:20:13,172 INFO [d.f.iosb.testrunner.JMSTestRunner] [AbstractTestCase.java:112] TC0002: TEST CASE PREAMBLE
2017-12-11 17:20:13,185 ERROR [d.f.iosb.testrunner.JMSTestRunner] [IVCT_RTIambassador.java:297] TC0002: createFederationExecution exception=Federation HelloWorld already exists (909000000)
2017-12-11 17:20:13,185 WARN [d.f.iosb.testrunner.JMSTestRunner] [IVCT_BaseModel.java:96] TC0002: initiateRti: FederationExecutionAlreadyExists (ignored)
2017-12-11 17:20:13,200 INFO [d.f.iosb.testrunner.JMSTestRunner] [AbstractTestCase.java:134] TC0002: TEST CASE BODY
2017-12-11 17:20:13,261 INFO [d.f.iosb.testrunner.JMSTestRunner] [HelloWorldBaseModel.java:436] TC0002: Population: 775668.06
2017-12-11 17:20:14,262 INFO [d.f.iosb.testrunner.JMSTestRunner] [HelloWorldBaseModel.java:436] TC0002: Population: 798938.06
2017-12-11 17:20:15,261 INFO [d.f.iosb.testrunner.JMSTestRunner] [HelloWorldBaseModel.java:436] TC0002: Population: 822906.2
2017-12-11 17:20:16,264 INFO [d.f.iosb.testrunner.JMSTestRunner] [HelloWorldBaseModel.java:436] TC0002: Population: 847593.4
2017-12-11 17:20:16,289 INFO [d.f.iosb.testrunner.JMSTestRunner] [TC0002.java:154] TC0002: Hello World from A
2017-12-11 17:20:17,266 INFO [d.f.iosb.testrunner.JMSTestRunner] [HelloWorldBaseModel.java:436] TC0002: Population: 873021.1
2017-12-11 17:20:18,267 INFO [d.f.iosb.testrunner.JMSTestRunner] [HelloWorldBaseModel.java:436] TC0002: Population: 899211.75
2017-12-11 17:20:18,288 INFO [d.f.iosb.testrunner.JMSTestRunner] [TC0002.java:154] TC0002: Hello World from A
2017-12-11 17:20:19,268 INFO [d.f.iosb.testrunner.JMSTestRunner] [HelloWorldBaseModel.java:436] TC0002: Population: 926188.06
2017-12-11 17:20:20,270 INFO [d.f.iosb.testrunner.JMSTestRunner] [HelloWorldBaseModel.java:436] TC0002: Population: 953973.7
2017-12-11 17:20:20,280 INFO [d.f.iosb.testrunner.JMSTestRunner] [TC0002.java:154] TC0002: Hello World from A
2017-12-11 17:20:21,271 INFO [d.f.iosb.testrunner.JMSTestRunner] [HelloWorldBaseModel.java:436] TC0002: Population: 982592.9
2017-12-11 17:20:22,273 INFO [d.f.iosb.testrunner.JMSTestRunner] [HelloWorldBaseModel.java:436] TC0002: Population: 1012070.6
2017-12-11 17:20:22,278 INFO [d.f.iosb.testrunner.JMSTestRunner] [TC0002.java:154] TC0002: Hello World from A
2017-12-11 17:20:23,275 INFO [d.f.iosb.testrunner.JMSTestRunner] [HelloWorldBaseModel.java:436] TC0002: Population: 1042432.7
2017-12-11 17:20:24,275 INFO [d.f.iosb.testrunner.JMSTestRunner] [HelloWorldBaseModel.java:436] TC0002: Population: 1073705.6
2017-12-11 17:20:24,277 INFO [d.f.iosb.testrunner.JMSTestRunner] [TC0002.java:154] TC0002: Hello World from A
2017-12-11 17:20:25,275 INFO [d.f.iosb.testrunner.JMSTestRunner] [HelloWorldBaseModel.java:436] TC0002: Population: 1105916.8
2017-12-11 17:20:26,278 INFO [d.f.iosb.testrunner.JMSTestRunner] [HelloWorldBaseModel.java:436] TC0002: Population: 1139094.2
2017-12-11 17:20:26,295 INFO [d.f.iosb.testrunner.JMSTestRunner] [TC0002.java:154] TC0002: Hello World from A
2017-12-11 17:20:27,279 INFO [d.f.iosb.testrunner.JMSTestRunner] [HelloWorldBaseModel.java:436] TC0002: Population: 1173267.0
2017-12-11 17:20:28,281 INFO [d.f.iosb.testrunner.JMSTestRunner] [HelloWorldBaseModel.java:436] TC0002: Population: 1208465.0
2017-12-11 17:20:28,292 INFO [d.f.iosb.testrunner.JMSTestRunner] [TC0002.java:154] TC0002: Hello World from A
2017-12-11 17:20:29,282 INFO [d.f.iosb.testrunner.JMSTestRunner] [HelloWorldBaseModel.java:436] TC0002: Population: 1244718.9
2017-12-11 17:20:30,284 INFO [d.f.iosb.testrunner.JMSTestRunner] [HelloWorldBaseModel.java:436] TC0002: Population: 1282060.4
2017-12-11 17:20:30,288 INFO [d.f.iosb.testrunner.JMSTestRunner] [TC0002.java:154] TC0002: Hello World from A
2017-12-11 17:20:31,286 INFO [d.f.iosb.testrunner.JMSTestRunner] [HelloWorldBaseModel.java:436] TC0002: Population: 1320522.1
2017-12-11 17:20:32,286 INFO [d.f.iosb.testrunner.JMSTestRunner] [HelloWorldBaseModel.java:436] TC0002: Population: 1360137.8
2017-12-11 17:20:32,297 INFO [d.f.iosb.testrunner.JMSTestRunner] [TC0002.java:154] TC0002: Hello World from A
2017-12-11 17:20:33,287 INFO [d.f.iosb.testrunner.JMSTestRunner] [HelloWorldBaseModel.java:436] TC0002: Population: 1400941.9
2017-12-11 17:20:34,289 INFO [d.f.iosb.testrunner.JMSTestRunner] [HelloWorldBaseModel.java:436] TC0002: Population: 1442970.1
2017-12-11 17:20:34,300 INFO [d.f.iosb.testrunner.JMSTestRunner] [TC0002.java:154] TC0002: Hello World from A
2017-12-11 17:20:35,290 INFO [d.f.iosb.testrunner.JMSTestRunner] [HelloWorldBaseModel.java:436] TC0002: Population: 1486259.1
2017-12-11 17:20:35,301 INFO [d.f.iosb.testrunner.JMSTestRunner] [AbstractTestCase.java:164] TC0002: TEST CASE POSTAMBLE
2017-12-11 17:20:35,308 ERROR [d.f.iosb.testrunner.JMSTestRunner] [IVCT_RTIambassador.java:345] TC0002: destroyFederationExecution exception=Federates Currently Joined (909146016)
2017-12-11 17:20:35,310 WARN [d.f.iosb.testrunner.JMSTestRunner] [IVCT_BaseModel.java:136] TC0002: terminateRti: FederatesCurrentlyJoined (ignored)
2017-12-11 17:20:35,314 INFO [d.f.iosb.testrunner.JMSTestRunner] [AbstractTestCase.java:166] TC0002: TC PASSED
2017-12-11 17:20:35,320 DEBUG [d.f.iosb.testrunner.JMSTestRunner] [JMSTestRunner.java:185] TC0002: JMSTestRunner:onMessageConsumer:run: after
2017-12-11 17:21:20,340 INFO [d.f.iosb.testrunner.JMSTestRunner] [TC0002.java:91] TC0002: 
---------------------------------------------------------------------
TEST PURPOSE
Test if a HelloWorld federate answers with: "HelloWorld <country name>"
upon receiving a "HelloWorld" interaction
Repeat sending the "HelloWorld" interaction for several cycles and evaluate
the interactions received
---------------------------------------------------------------------

2017-12-11 17:21:20,343 INFO [d.f.iosb.testrunner.JMSTestRunner] [AbstractTestCase.java:112] TC0002: TEST CASE PREAMBLE
2017-12-11 17:21:20,386 ERROR [d.f.iosb.testrunner.JMSTestRunner] [IVCT_RTIambassador.java:297] TC0002: createFederationExecution exception=Federation HelloWorld already exists (909000000)
2017-12-11 17:21:20,388 WARN [d.f.iosb.testrunner.JMSTestRunner] [IVCT_BaseModel.java:96] TC0002: initiateRti: FederationExecutionAlreadyExists (ignored)
2017-12-11 17:21:21,327 INFO [d.f.iosb.testrunner.JMSTestRunner] [HelloWorldBaseModel.java:436] TC0002: Population: 5789037.0
2017-12-11 17:21:22,326 INFO [d.f.iosb.testrunner.JMSTestRunner] [HelloWorldBaseModel.java:436] TC0002: Population: 5962708.0
2017-12-11 17:21:23,327 INFO [d.f.iosb.testrunner.JMSTestRunner] [HelloWorldBaseModel.java:436] TC0002: Population: 6141589.0
2017-12-11 17:21:24,329 INFO [d.f.iosb.testrunner.JMSTestRunner] [HelloWorldBaseModel.java:436] TC0002: Population: 6325836.5
2017-12-11 17:21:25,329 INFO [d.f.iosb.testrunner.JMSTestRunner] [HelloWorldBaseModel.java:436] TC0002: Population: 6515611.5
2017-12-11 17:21:26,330 INFO [d.f.iosb.testrunner.JMSTestRunner] [HelloWorldBaseModel.java:436] TC0002: Population: 6711079.5
2017-12-11 17:21:27,332 INFO [d.f.iosb.testrunner.JMSTestRunner] [HelloWorldBaseModel.java:436] TC0002: Population: 6912411.5
2017-12-11 17:21:28,334 INFO [d.f.iosb.testrunner.JMSTestRunner] [HelloWorldBaseModel.java:436] TC0002: Population: 7119783.5
2017-12-11 17:21:29,335 INFO [d.f.iosb.testrunner.JMSTestRunner] [HelloWorldBaseModel.java:436] TC0002: Population: 7333377.0
2017-12-11 17:21:30,337 INFO [d.f.iosb.testrunner.JMSTestRunner] [HelloWorldBaseModel.java:436] TC0002: Population: 7553378.0
2017-12-11 17:21:31,337 INFO [d.f.iosb.testrunner.JMSTestRunner] [HelloWorldBaseModel.java:436] TC0002: Population: 7779979.0
2017-12-11 17:21:32,338 INFO [d.f.iosb.testrunner.JMSTestRunner] [HelloWorldBaseModel.java:436] TC0002: Population: 8013378.0
2017-12-11 17:21:33,339 INFO [d.f.iosb.testrunner.JMSTestRunner] [HelloWorldBaseModel.java:436] TC0002: Population: 8253779.0
2017-12-11 17:21:34,341 INFO [d.f.iosb.testrunner.JMSTestRunner] [HelloWorldBaseModel.java:436] TC0002: Population: 8501392.0
2017-12-11 17:21:35,341 INFO [d.f.iosb.testrunner.JMSTestRunner] [HelloWorldBaseModel.java:436] TC0002: Population: 8756434.0
2017-12-11 17:21:36,342 INFO [d.f.iosb.testrunner.JMSTestRunner] [HelloWorldBaseModel.java:436] TC0002: Population: 9019127.0
2017-12-11 17:21:37,343 INFO [d.f.iosb.testrunner.JMSTestRunner] [HelloWorldBaseModel.java:436] TC0002: Population: 9289701.0
2017-12-11 17:21:38,346 INFO [d.f.iosb.testrunner.JMSTestRunner] [HelloWorldBaseModel.java:436] TC0002: Population: 9568392.0
2017-12-11 17:21:39,346 INFO [d.f.iosb.testrunner.JMSTestRunner] [HelloWorldBaseModel.java:436] TC0002: Population: 9855443.0
2017-12-11 17:21:40,348 INFO [d.f.iosb.testrunner.JMSTestRunner] [HelloWorldBaseModel.java:436] TC0002: Population: 1.0151106E7
2017-12-11 17:21:41,348 INFO [d.f.iosb.testrunner.JMSTestRunner] [HelloWorldBaseModel.java:436] TC0002: Population: 1.0455639E7
2017-12-11 17:21:42,245 INFO [d.f.iosb.testrunner.JMSTestRunner] [AbstractTestCase.java:134] TC0002: TEST CASE BODY
2017-12-11 17:21:42,349 INFO [d.f.iosb.testrunner.JMSTestRunner] [HelloWorldBaseModel.java:436] TC0002: Population: 1.0769308E7
2017-12-11 17:21:43,350 INFO [d.f.iosb.testrunner.JMSTestRunner] [HelloWorldBaseModel.java:436] TC0002: Population: 1.1092387E7
2017-12-11 17:21:44,352 INFO [d.f.iosb.testrunner.JMSTestRunner] [HelloWorldBaseModel.java:436] TC0002: Population: 1.1425158E7
2017-12-11 17:21:45,354 INFO [d.f.iosb.testrunner.JMSTestRunner] [HelloWorldBaseModel.java:436] TC0002: Population: 1.1767912E7
2017-12-11 17:21:45,372 INFO [d.f.iosb.testrunner.JMSTestRunner] [TC0002.java:154] TC0002: Hello World from A
2017-12-11 17:21:46,354 INFO [d.f.iosb.testrunner.JMSTestRunner] [HelloWorldBaseModel.java:436] TC0002: Population: 1.2120949E7
2017-12-11 17:21:47,356 INFO [d.f.iosb.testrunner.JMSTestRunner] [HelloWorldBaseModel.java:436] TC0002: Population: 1.2484577E7
2017-12-11 17:21:47,370 INFO [d.f.iosb.testrunner.JMSTestRunner] [TC0002.java:154] TC0002: Hello World from A
2017-12-11 17:21:48,358 INFO [d.f.iosb.testrunner.JMSTestRunner] [HelloWorldBaseModel.java:436] TC0002: Population: 1.2859114E7
2017-12-11 17:21:49,360 INFO [d.f.iosb.testrunner.JMSTestRunner] [HelloWorldBaseModel.java:436] TC0002: Population: 1.3244887E7
2017-12-11 17:21:49,365 INFO [d.f.iosb.testrunner.JMSTestRunner] [TC0002.java:154] TC0002: Hello World from A
2017-12-11 17:21:50,360 INFO [d.f.iosb.testrunner.JMSTestRunner] [HelloWorldBaseModel.java:436] TC0002: Population: 1.3642233E7
2017-12-11 17:21:51,362 INFO [d.f.iosb.testrunner.JMSTestRunner] [HelloWorldBaseModel.java:436] TC0002: Population: 1.40515E7
2017-12-11 17:21:51,381 INFO [d.f.iosb.testrunner.JMSTestRunner] [TC0002.java:154] TC0002: Hello World from A
2017-12-11 17:21:52,363 INFO [d.f.iosb.testrunner.JMSTestRunner] [HelloWorldBaseModel.java:436] TC0002: Population: 1.4473045E7
2017-12-11 17:21:53,363 INFO [d.f.iosb.testrunner.JMSTestRunner] [HelloWorldBaseModel.java:436] TC0002: Population: 1.4907236E7
2017-12-11 17:21:53,375 INFO [d.f.iosb.testrunner.JMSTestRunner] [TC0002.java:154] TC0002: Hello World from A
2017-12-11 17:21:54,365 INFO [d.f.iosb.testrunner.JMSTestRunner] [HelloWorldBaseModel.java:436] TC0002: Population: 1.5354453E7
2017-12-11 17:21:55,366 INFO [d.f.iosb.testrunner.JMSTestRunner] [HelloWorldBaseModel.java:436] TC0002: Population: 1.5815086E7
2017-12-11 17:21:55,379 INFO [d.f.iosb.testrunner.JMSTestRunner] [TC0002.java:154] TC0002: Hello World from A
2017-12-11 17:21:56,367 INFO [d.f.iosb.testrunner.JMSTestRunner] [HelloWorldBaseModel.java:436] TC0002: Population: 1.6289538E7
2017-12-11 17:21:57,368 INFO [d.f.iosb.testrunner.JMSTestRunner] [HelloWorldBaseModel.java:436] TC0002: Population: 1.6778224E7
2017-12-11 17:21:57,375 INFO [d.f.iosb.testrunner.JMSTestRunner] [TC0002.java:154] TC0002: Hello World from A
2017-12-11 17:21:58,370 INFO [d.f.iosb.testrunner.JMSTestRunner] [HelloWorldBaseModel.java:436] TC0002: Population: 1.728157E7
2017-12-11 17:21:59,370 INFO [d.f.iosb.testrunner.JMSTestRunner] [HelloWorldBaseModel.java:436] TC0002: Population: 1.7800016E7
2017-12-11 17:21:59,391 INFO [d.f.iosb.testrunner.JMSTestRunner] [TC0002.java:154] TC0002: Hello World from A
2017-12-11 17:22:00,371 INFO [d.f.iosb.testrunner.JMSTestRunner] [HelloWorldBaseModel.java:436] TC0002: Population: 1.8334016E7
2017-12-11 17:22:01,372 INFO [d.f.iosb.testrunner.JMSTestRunner] [HelloWorldBaseModel.java:436] TC0002: Population: 1.8884036E7
2017-12-11 17:22:01,387 INFO [d.f.iosb.testrunner.JMSTestRunner] [TC0002.java:154] TC0002: Hello World from A
2017-12-11 17:22:02,374 INFO [d.f.iosb.testrunner.JMSTestRunner] [HelloWorldBaseModel.java:436] TC0002: Population: 1.9450556E7
2017-12-11 17:22:03,375 INFO [d.f.iosb.testrunner.JMSTestRunner] [HelloWorldBaseModel.java:436] TC0002: Population: 2.0034072E7
2017-12-11 17:22:03,386 INFO [d.f.iosb.testrunner.JMSTestRunner] [TC0002.java:154] TC0002: Hello World from A
2017-12-11 17:22:04,377 INFO [d.f.iosb.testrunner.JMSTestRunner] [HelloWorldBaseModel.java:436] TC0002: Population: 2.0635094E7
2017-12-11 17:22:05,378 INFO [d.f.iosb.testrunner.JMSTestRunner] [HelloWorldBaseModel.java:436] TC0002: Population: 2.1254146E7
2017-12-11 17:22:06,379 INFO [d.f.iosb.testrunner.JMSTestRunner] [HelloWorldBaseModel.java:436] TC0002: Population: 2.189177E7
2017-12-11 17:22:07,382 INFO [d.f.iosb.testrunner.JMSTestRunner] [HelloWorldBaseModel.java:436] TC0002: Population: 2.2548522E7
2017-12-11 17:22:08,383 INFO [d.f.iosb.testrunner.JMSTestRunner] [HelloWorldBaseModel.java:436] TC0002: Population: 2.3224978E7
2017-12-11 17:22:09,384 INFO [d.f.iosb.testrunner.JMSTestRunner] [HelloWorldBaseModel.java:436] TC0002: Population: 2.3921726E7
2017-12-11 17:22:10,384 INFO [d.f.iosb.testrunner.JMSTestRunner] [HelloWorldBaseModel.java:436] TC0002: Population: 2.4639378E7
2017-12-11 17:22:11,386 INFO [d.f.iosb.testrunner.JMSTestRunner] [HelloWorldBaseModel.java:436] TC0002: Population: 2.5378558E7
2017-12-11 17:22:12,386 INFO [d.f.iosb.testrunner.JMSTestRunner] [HelloWorldBaseModel.java:436] TC0002: Population: 2.6139914E7
2017-12-11 17:22:13,387 INFO [d.f.iosb.testrunner.JMSTestRunner] [HelloWorldBaseModel.java:436] TC0002: Population: 2.692411E7
2017-12-11 17:22:14,388 INFO [d.f.iosb.testrunner.JMSTestRunner] [HelloWorldBaseModel.java:436] TC0002: Population: 2.7731832E7
2017-12-11 17:22:15,390 INFO [d.f.iosb.testrunner.JMSTestRunner] [HelloWorldBaseModel.java:436] TC0002: Population: 2.8563786E7
2017-12-11 17:22:16,392 INFO [d.f.iosb.testrunner.JMSTestRunner] [HelloWorldBaseModel.java:436] TC0002: Population: 2.9420698E7
2017-12-11 17:22:17,392 INFO [d.f.iosb.testrunner.JMSTestRunner] [HelloWorldBaseModel.java:436] TC0002: Population: 3.0303318E7
2017-12-11 17:22:18,393 INFO [d.f.iosb.testrunner.JMSTestRunner] [HelloWorldBaseModel.java:436] TC0002: Population: 3.1212416E7
2017-12-11 17:22:19,394 INFO [d.f.iosb.testrunner.JMSTestRunner] [HelloWorldBaseModel.java:436] TC0002: Population: 3.2148788E7
2017-12-11 17:22:20,396 INFO [d.f.iosb.testrunner.JMSTestRunner] [HelloWorldBaseModel.java:436] TC0002: Population: 3.311325E7
2017-12-11 17:22:21,396 INFO [d.f.iosb.testrunner.JMSTestRunner] [HelloWorldBaseModel.java:436] TC0002: Population: 3.4106648E7
2017-12-11 17:22:22,398 INFO [d.f.iosb.testrunner.JMSTestRunner] [HelloWorldBaseModel.java:436] TC0002: Population: 3.5129848E7
2017-12-11 17:22:23,399 INFO [d.f.iosb.testrunner.JMSTestRunner] [HelloWorldBaseModel.java:436] TC0002: Population: 3.6183744E7
2017-12-11 17:22:24,400 INFO [d.f.iosb.testrunner.JMSTestRunner] [HelloWorldBaseModel.java:436] TC0002: Population: 3.7269256E7
2017-12-11 17:22:25,400 INFO [d.f.iosb.testrunner.JMSTestRunner] [HelloWorldBaseModel.java:436] TC0002: Population: 3.8387332E7
2017-12-11 17:22:26,401 INFO [d.f.iosb.testrunner.JMSTestRunner] [HelloWorldBaseModel.java:436] TC0002: Population: 3.9538952E7
2017-12-11 17:22:27,403 INFO [d.f.iosb.testrunner.JMSTestRunner] [HelloWorldBaseModel.java:436] TC0002: Population: 4.072512E7
2017-12-11 17:22:28,404 INFO [d.f.iosb.testrunner.JMSTestRunner] [HelloWorldBaseModel.java:436] TC0002: Population: 4.1946872E7
2017-12-11 17:22:29,405 INFO [d.f.iosb.testrunner.JMSTestRunner] [HelloWorldBaseModel.java:436] TC0002: Population: 4.3205276E7
2017-12-11 17:22:30,407 INFO [d.f.iosb.testrunner.JMSTestRunner] [HelloWorldBaseModel.java:436] TC0002: Population: 4.4501432E7
2017-12-11 17:22:31,408 INFO [d.f.iosb.testrunner.JMSTestRunner] [HelloWorldBaseModel.java:436] TC0002: Population: 4.5836472E7
2017-12-11 17:22:32,409 INFO [d.f.iosb.testrunner.JMSTestRunner] [HelloWorldBaseModel.java:436] TC0002: Population: 4.7211564E7
2017-12-11 17:22:33,411 INFO [d.f.iosb.testrunner.JMSTestRunner] [HelloWorldBaseModel.java:436] TC0002: Population: 4.8627908E7
2017-12-11 17:22:34,413 INFO [d.f.iosb.testrunner.JMSTestRunner] [HelloWorldBaseModel.java:436] TC0002: Population: 5.0086744E7
2017-12-11 17:22:35,355 INFO [d.f.iosb.testrunner.JMSTestRunner] [AbstractTestCase.java:164] TC0002: TEST CASE POSTAMBLE
2017-12-11 17:22:35,360 ERROR [d.f.iosb.testrunner.JMSTestRunner] [IVCT_RTIambassador.java:345] TC0002: destroyFederationExecution exception=Federates Currently Joined (909146016)
2017-12-11 17:22:35,362 WARN [d.f.iosb.testrunner.JMSTestRunner] [IVCT_BaseModel.java:136] TC0002: terminateRti: FederatesCurrentlyJoined (ignored)
2017-12-11 17:22:35,364 INFO [d.f.iosb.testrunner.JMSTestRunner] [AbstractTestCase.java:166] TC0002: TC PASSED
2017-12-11 17:22:35,367 DEBUG [d.f.iosb.testrunner.JMSTestRunner] [JMSTestRunner.java:185] TC0002: JMSTestRunner:onMessageConsumer:run: after
2017-12-11 17:22:40,737 INFO [d.f.iosb.testrunner.JMSTestRunner] [TC0002.java:91] TC0002: 
---------------------------------------------------------------------
TEST PURPOSE
Test if a HelloWorld federate answers with: "HelloWorld <country name>"
upon receiving a "HelloWorld" interaction
Repeat sending the "HelloWorld" interaction for several cycles and evaluate
the interactions received
---------------------------------------------------------------------

2017-12-11 17:22:40,738 INFO [d.f.iosb.testrunner.JMSTestRunner] [AbstractTestCase.java:112] TC0002: TEST CASE PREAMBLE
2017-12-11 17:22:40,751 ERROR [d.f.iosb.testrunner.JMSTestRunner] [IVCT_RTIambassador.java:297] TC0002: createFederationExecution exception=Federation HelloWorld already exists (909000000)
2017-12-11 17:22:40,752 WARN [d.f.iosb.testrunner.JMSTestRunner] [IVCT_BaseModel.java:96] TC0002: initiateRti: FederationExecutionAlreadyExists (ignored)
2017-12-11 17:22:41,385 INFO [d.f.iosb.testrunner.JMSTestRunner] [AbstractTestCase.java:134] TC0002: TEST CASE BODY
2017-12-11 17:22:41,418 INFO [d.f.iosb.testrunner.JMSTestRunner] [HelloWorldBaseModel.java:436] TC0002: Population: 6.1600368E7
2017-12-11 17:22:42,418 INFO [d.f.iosb.testrunner.JMSTestRunner] [HelloWorldBaseModel.java:436] TC0002: Population: 6.3448376E7
2017-12-11 17:22:43,418 INFO [d.f.iosb.testrunner.JMSTestRunner] [HelloWorldBaseModel.java:436] TC0002: Population: 6.5351824E7
2017-12-11 17:22:44,421 INFO [d.f.iosb.testrunner.JMSTestRunner] [HelloWorldBaseModel.java:436] TC0002: Population: 6.7312376E7
2017-12-11 17:22:44,429 INFO [d.f.iosb.testrunner.JMSTestRunner] [TC0002.java:154] TC0002: Hello World from A
2017-12-11 17:22:45,422 INFO [d.f.iosb.testrunner.JMSTestRunner] [HelloWorldBaseModel.java:436] TC0002: Population: 6.9331744E7
2017-12-11 17:22:46,423 INFO [d.f.iosb.testrunner.JMSTestRunner] [HelloWorldBaseModel.java:436] TC0002: Population: 7.1411696E7
2017-12-11 17:22:46,430 INFO [d.f.iosb.testrunner.JMSTestRunner] [TC0002.java:154] TC0002: Hello World from A
2017-12-11 17:22:47,425 INFO [d.f.iosb.testrunner.JMSTestRunner] [HelloWorldBaseModel.java:436] TC0002: Population: 7.3554048E7
2017-12-11 17:22:48,426 INFO [d.f.iosb.testrunner.JMSTestRunner] [HelloWorldBaseModel.java:436] TC0002: Population: 7.5760664E7
2017-12-11 17:22:48,431 INFO [d.f.iosb.testrunner.JMSTestRunner] [TC0002.java:154] TC0002: Hello World from A
2017-12-11 17:22:49,428 INFO [d.f.iosb.testrunner.JMSTestRunner] [HelloWorldBaseModel.java:436] TC0002: Population: 7.803348E7
2017-12-11 17:22:50,428 INFO [d.f.iosb.testrunner.JMSTestRunner] [HelloWorldBaseModel.java:436] TC0002: Population: 8.037448E7
2017-12-11 17:22:50,432 INFO [d.f.iosb.testrunner.JMSTestRunner] [TC0002.java:154] TC0002: Hello World from A
2017-12-11 17:22:51,429 INFO [d.f.iosb.testrunner.JMSTestRunner] [HelloWorldBaseModel.java:436] TC0002: Population: 8.2785712E7
2017-12-11 17:22:52,431 INFO [d.f.iosb.testrunner.JMSTestRunner] [HelloWorldBaseModel.java:436] TC0002: Population: 8.526928E7
2017-12-11 17:22:52,449 INFO [d.f.iosb.testrunner.JMSTestRunner] [TC0002.java:154] TC0002: Hello World from A
2017-12-11 17:22:53,433 INFO [d.f.iosb.testrunner.JMSTestRunner] [HelloWorldBaseModel.java:436] TC0002: Population: 8.7827352E7
2017-12-11 17:22:54,434 INFO [d.f.iosb.testrunner.JMSTestRunner] [HelloWorldBaseModel.java:436] TC0002: Population: 9.0462168E7
2017-12-11 17:22:54,441 INFO [d.f.iosb.testrunner.JMSTestRunner] [TC0002.java:154] TC0002: Hello World from A
2017-12-11 17:22:55,434 INFO [d.f.iosb.testrunner.JMSTestRunner] [HelloWorldBaseModel.java:436] TC0002: Population: 9.3176032E7
2017-12-11 17:22:56,436 INFO [d.f.iosb.testrunner.JMSTestRunner] [HelloWorldBaseModel.java:436] TC0002: Population: 9.5971312E7
2017-12-11 17:22:56,458 INFO [d.f.iosb.testrunner.JMSTestRunner] [TC0002.java:154] TC0002: Hello World from A
2017-12-11 17:22:57,439 INFO [d.f.iosb.testrunner.JMSTestRunner] [HelloWorldBaseModel.java:436] TC0002: Population: 9.8850448E7
2017-12-11 17:22:58,438 INFO [d.f.iosb.testrunner.JMSTestRunner] [HelloWorldBaseModel.java:436] TC0002: Population: 1.0181596E8
2017-12-11 17:22:58,454 INFO [d.f.iosb.testrunner.JMSTestRunner] [TC0002.java:154] TC0002: Hello World from A
2017-12-11 17:22:59,439 INFO [d.f.iosb.testrunner.JMSTestRunner] [HelloWorldBaseModel.java:436] TC0002: Population: 1.04870432E8
2017-12-11 17:23:00,440 INFO [d.f.iosb.testrunner.JMSTestRunner] [HelloWorldBaseModel.java:436] TC0002: Population: 1.08016544E8
2017-12-11 17:23:00,453 INFO [d.f.iosb.testrunner.JMSTestRunner] [TC0002.java:154] TC0002: Hello World from A
2017-12-11 17:23:01,441 INFO [d.f.iosb.testrunner.JMSTestRunner] [HelloWorldBaseModel.java:436] TC0002: Population: 1.1125704E8
2017-12-11 17:23:02,444 INFO [d.f.iosb.testrunner.JMSTestRunner] [HelloWorldBaseModel.java:436] TC0002: Population: 1.14594752E8
2017-12-11 17:23:02,451 INFO [d.f.iosb.testrunner.JMSTestRunner] [TC0002.java:154] TC0002: Hello World from A
2017-12-11 17:23:03,446 INFO [d.f.iosb.testrunner.JMSTestRunner] [HelloWorldBaseModel.java:436] TC0002: Population: 1.18032592E8
2017-12-11 17:23:03,452 INFO [d.f.iosb.testrunner.JMSTestRunner] [AbstractTestCase.java:164] TC0002: TEST CASE POSTAMBLE
2017-12-11 17:23:03,459 ERROR [d.f.iosb.testrunner.JMSTestRunner] [IVCT_RTIambassador.java:345] TC0002: destroyFederationExecution exception=Federates Currently Joined (909146016)
2017-12-11 17:23:03,465 WARN [d.f.iosb.testrunner.JMSTestRunner] [IVCT_BaseModel.java:136] TC0002: terminateRti: FederatesCurrentlyJoined (ignored)
2017-12-11 17:23:03,470 INFO [d.f.iosb.testrunner.JMSTestRunner] [AbstractTestCase.java:166] TC0002: TC PASSED
2017-12-11 17:23:03,477 DEBUG [d.f.iosb.testrunner.JMSTestRunner] [JMSTestRunner.java:185] TC0002: JMSTestRunner:onMessageConsumer:run: after
2017-12-11 17:35:56,801 INFO [d.f.iosb.testrunner.JMSTestRunner] [TC0002.java:91] TC0002: 
---------------------------------------------------------------------
TEST PURPOSE
Test if a HelloWorld federate answers with: "HelloWorld <country name>"
upon receiving a "HelloWorld" interaction
Repeat sending the "HelloWorld" interaction for several cycles and evaluate
the interactions received
---------------------------------------------------------------------

2017-12-11 17:35:56,802 INFO [d.f.iosb.testrunner.JMSTestRunner] [AbstractTestCase.java:112] TC0002: TEST CASE PREAMBLE
2017-12-11 17:35:56,813 ERROR [d.f.iosb.testrunner.JMSTestRunner] [IVCT_RTIambassador.java:297] TC0002: createFederationExecution exception=Federation HelloWorld already exists (909000000)
2017-12-11 17:35:56,814 WARN [d.f.iosb.testrunner.JMSTestRunner] [IVCT_BaseModel.java:96] TC0002: initiateRti: FederationExecutionAlreadyExists (ignored)
2017-12-11 17:35:56,830 INFO [d.f.iosb.testrunner.JMSTestRunner] [AbstractTestCase.java:134] TC0002: TEST CASE BODY
2017-12-11 17:35:57,177 INFO [d.f.iosb.testrunner.JMSTestRunner] [HelloWorldBaseModel.java:436] TC0002: Population: 228.7926
2017-12-11 17:35:58,175 INFO [d.f.iosb.testrunner.JMSTestRunner] [HelloWorldBaseModel.java:436] TC0002: Population: 235.65637
2017-12-11 17:35:59,177 INFO [d.f.iosb.testrunner.JMSTestRunner] [HelloWorldBaseModel.java:436] TC0002: Population: 242.72606
2017-12-11 17:36:00,179 INFO [d.f.iosb.testrunner.JMSTestRunner] [HelloWorldBaseModel.java:436] TC0002: Population: 250.00783
2017-12-11 17:36:00,204 INFO [d.f.iosb.testrunner.JMSTestRunner] [TC0002.java:154] TC0002: Hello World from A
2017-12-11 17:36:01,183 INFO [d.f.iosb.testrunner.JMSTestRunner] [HelloWorldBaseModel.java:436] TC0002: Population: 257.50806
2017-12-11 17:36:02,184 INFO [d.f.iosb.testrunner.JMSTestRunner] [HelloWorldBaseModel.java:436] TC0002: Population: 265.23328
2017-12-11 17:36:02,203 INFO [d.f.iosb.testrunner.JMSTestRunner] [TC0002.java:154] TC0002: Hello World from A
2017-12-11 17:36:03,184 INFO [d.f.iosb.testrunner.JMSTestRunner] [HelloWorldBaseModel.java:436] TC0002: Population: 273.19028
2017-12-11 17:36:04,187 INFO [d.f.iosb.testrunner.JMSTestRunner] [HelloWorldBaseModel.java:436] TC0002: Population: 281.386
2017-12-11 17:36:04,202 INFO [d.f.iosb.testrunner.JMSTestRunner] [TC0002.java:154] TC0002: Hello World from A
2017-12-11 17:36:05,188 INFO [d.f.iosb.testrunner.JMSTestRunner] [HelloWorldBaseModel.java:436] TC0002: Population: 289.82755
2017-12-11 17:36:06,189 INFO [d.f.iosb.testrunner.JMSTestRunner] [HelloWorldBaseModel.java:436] TC0002: Population: 298.52237
2017-12-11 17:36:06,209 INFO [d.f.iosb.testrunner.JMSTestRunner] [TC0002.java:154] TC0002: Hello World from A
2017-12-11 17:36:07,191 INFO [d.f.iosb.testrunner.JMSTestRunner] [HelloWorldBaseModel.java:436] TC0002: Population: 307.47803
2017-12-11 17:36:08,193 INFO [d.f.iosb.testrunner.JMSTestRunner] [HelloWorldBaseModel.java:436] TC0002: Population: 316.70236
2017-12-11 17:36:08,209 INFO [d.f.iosb.testrunner.JMSTestRunner] [TC0002.java:154] TC0002: Hello World from A
2017-12-11 17:36:09,194 INFO [d.f.iosb.testrunner.JMSTestRunner] [HelloWorldBaseModel.java:436] TC0002: Population: 326.20343
2017-12-11 17:36:10,196 INFO [d.f.iosb.testrunner.JMSTestRunner] [HelloWorldBaseModel.java:436] TC0002: Population: 335.98953
2017-12-11 17:36:10,200 INFO [d.f.iosb.testrunner.JMSTestRunner] [TC0002.java:154] TC0002: Hello World from A
2017-12-11 17:36:11,197 INFO [d.f.iosb.testrunner.JMSTestRunner] [HelloWorldBaseModel.java:436] TC0002: Population: 346.0692
2017-12-11 17:36:12,199 INFO [d.f.iosb.testrunner.JMSTestRunner] [HelloWorldBaseModel.java:436] TC0002: Population: 356.4513
2017-12-11 17:36:12,221 INFO [d.f.iosb.testrunner.JMSTestRunner] [TC0002.java:154] TC0002: Hello World from A
2017-12-11 17:36:13,200 INFO [d.f.iosb.testrunner.JMSTestRunner] [HelloWorldBaseModel.java:436] TC0002: Population: 367.14484
2017-12-11 17:36:14,202 INFO [d.f.iosb.testrunner.JMSTestRunner] [HelloWorldBaseModel.java:436] TC0002: Population: 378.15918
2017-12-11 17:36:14,220 INFO [d.f.iosb.testrunner.JMSTestRunner] [TC0002.java:154] TC0002: Hello World from A
2017-12-11 17:36:15,203 INFO [d.f.iosb.testrunner.JMSTestRunner] [HelloWorldBaseModel.java:436] TC0002: Population: 389.50394
2017-12-11 17:36:16,204 INFO [d.f.iosb.testrunner.JMSTestRunner] [HelloWorldBaseModel.java:436] TC0002: Population: 401.18906
2017-12-11 17:36:16,219 INFO [d.f.iosb.testrunner.JMSTestRunner] [TC0002.java:154] TC0002: Hello World from A
2017-12-11 17:36:17,206 INFO [d.f.iosb.testrunner.JMSTestRunner] [HelloWorldBaseModel.java:436] TC0002: Population: 413.22473
2017-12-11 17:36:18,207 INFO [d.f.iosb.testrunner.JMSTestRunner] [HelloWorldBaseModel.java:436] TC0002: Population: 425.62146
2017-12-11 17:36:18,216 INFO [d.f.iosb.testrunner.JMSTestRunner] [TC0002.java:154] TC0002: Hello World from A
2017-12-11 17:36:19,210 INFO [d.f.iosb.testrunner.JMSTestRunner] [HelloWorldBaseModel.java:436] TC0002: Population: 438.3901
2017-12-11 17:36:19,218 INFO [d.f.iosb.testrunner.JMSTestRunner] [AbstractTestCase.java:164] TC0002: TEST CASE POSTAMBLE
2017-12-11 17:36:19,228 ERROR [d.f.iosb.testrunner.JMSTestRunner] [IVCT_RTIambassador.java:345] TC0002: destroyFederationExecution exception=Federates Currently Joined (909146016)
2017-12-11 17:36:19,230 WARN [d.f.iosb.testrunner.JMSTestRunner] [IVCT_BaseModel.java:136] TC0002: terminateRti: FederatesCurrentlyJoined (ignored)
2017-12-11 17:36:19,238 INFO [d.f.iosb.testrunner.JMSTestRunner] [AbstractTestCase.java:166] TC0002: TC PASSED
2017-12-11 17:36:19,240 DEBUG [d.f.iosb.testrunner.JMSTestRunner] [JMSTestRunner.java:185] TC0002: JMSTestRunner:onMessageConsumer:run: after
2017-12-12 13:25:39,148 INFO [d.f.iosb.testrunner.JMSTestRunner] [TC0002.java:91] TC0002: 
---------------------------------------------------------------------
TEST PURPOSE
Test if a HelloWorld federate answers with: "HelloWorld <country name>"
upon receiving a "HelloWorld" interaction
Repeat sending the "HelloWorld" interaction for several cycles and evaluate
the interactions received
---------------------------------------------------------------------

2017-12-12 13:25:39,148 INFO [d.f.iosb.testrunner.JMSTestRunner] [AbstractTestCase.java:118] TC0002: TEST CASE PREAMBLE
2017-12-12 13:25:39,187 INFO [d.f.iosb.testrunner.JMSTestRunner] [AbstractTestCase.java:140] TC0002: TEST CASE BODY
2017-12-12 13:25:45,448 INFO [d.f.iosb.testrunner.JMSTestRunner] [AbstractTestCase.java:150] TC0002: TC INCONCLUSIVE Did not receive any HelloWorld message
2017-12-12 13:25:45,448 DEBUG [d.f.iosb.testrunner.JMSTestRunner] [JMSTestRunner.java:184] TC0002: JMSTestRunner:onMessageConsumer:run: after
2017-12-12 13:27:09,767 INFO [d.f.iosb.testrunner.JMSTestRunner] [TC0002.java:91] TC0002: 
---------------------------------------------------------------------
TEST PURPOSE
Test if a HelloWorld federate answers with: "HelloWorld <country name>"
upon receiving a "HelloWorld" interaction
Repeat sending the "HelloWorld" interaction for several cycles and evaluate
the interactions received
---------------------------------------------------------------------

2017-12-12 13:27:09,768 INFO [d.f.iosb.testrunner.JMSTestRunner] [AbstractTestCase.java:118] TC0002: TEST CASE PREAMBLE
2017-12-12 13:27:09,780 ERROR [d.f.iosb.testrunner.JMSTestRunner] [IVCT_RTIambassador.java:297] TC0002: createFederationExecution exception=Federation HelloWorld already exists (909000000)
2017-12-12 13:27:09,780 WARN [d.f.iosb.testrunner.JMSTestRunner] [IVCT_BaseModel.java:96] TC0002: initiateRti: FederationExecutionAlreadyExists (ignored)
2017-12-12 13:27:09,801 INFO [d.f.iosb.testrunner.JMSTestRunner] [AbstractTestCase.java:140] TC0002: TEST CASE BODY
2017-12-12 13:27:10,759 INFO [d.f.iosb.testrunner.JMSTestRunner] [HelloWorldBaseModel.java:436] TC0002: Population: 228.7926
2017-12-12 13:27:11,760 INFO [d.f.iosb.testrunner.JMSTestRunner] [HelloWorldBaseModel.java:436] TC0002: Population: 235.65637
2017-12-12 13:27:12,761 INFO [d.f.iosb.testrunner.JMSTestRunner] [HelloWorldBaseModel.java:436] TC0002: Population: 242.72606
2017-12-12 13:27:13,776 INFO [d.f.iosb.testrunner.JMSTestRunner] [HelloWorldBaseModel.java:436] TC0002: Population: 250.00783
2017-12-12 13:27:13,807 INFO [d.f.iosb.testrunner.JMSTestRunner] [TC0002.java:154] TC0002: Hello World from A
2017-12-12 13:27:14,791 INFO [d.f.iosb.testrunner.JMSTestRunner] [HelloWorldBaseModel.java:436] TC0002: Population: 257.50806
2017-12-12 13:27:15,793 INFO [d.f.iosb.testrunner.JMSTestRunner] [HelloWorldBaseModel.java:436] TC0002: Population: 265.23328
2017-12-12 13:27:15,809 INFO [d.f.iosb.testrunner.JMSTestRunner] [TC0002.java:154] TC0002: Hello World from A
2017-12-12 13:27:16,795 INFO [d.f.iosb.testrunner.JMSTestRunner] [HelloWorldBaseModel.java:436] TC0002: Population: 273.19028
2017-12-12 13:27:17,807 INFO [d.f.iosb.testrunner.JMSTestRunner] [HelloWorldBaseModel.java:436] TC0002: Population: 281.386
2017-12-12 13:27:17,822 INFO [d.f.iosb.testrunner.JMSTestRunner] [TC0002.java:154] TC0002: Hello World from A
2017-12-12 13:27:18,811 INFO [d.f.iosb.testrunner.JMSTestRunner] [HelloWorldBaseModel.java:436] TC0002: Population: 289.82755
2017-12-12 13:27:19,811 INFO [d.f.iosb.testrunner.JMSTestRunner] [HelloWorldBaseModel.java:436] TC0002: Population: 298.52237
2017-12-12 13:27:19,827 INFO [d.f.iosb.testrunner.JMSTestRunner] [TC0002.java:154] TC0002: Hello World from A
2017-12-12 13:27:20,816 INFO [d.f.iosb.testrunner.JMSTestRunner] [HelloWorldBaseModel.java:436] TC0002: Population: 307.47803
2017-12-12 13:27:21,816 INFO [d.f.iosb.testrunner.JMSTestRunner] [HelloWorldBaseModel.java:436] TC0002: Population: 316.70236
2017-12-12 13:27:21,832 INFO [d.f.iosb.testrunner.JMSTestRunner] [TC0002.java:154] TC0002: Hello World from A
2017-12-12 13:27:22,817 INFO [d.f.iosb.testrunner.JMSTestRunner] [HelloWorldBaseModel.java:436] TC0002: Population: 326.20343
2017-12-12 13:27:23,818 INFO [d.f.iosb.testrunner.JMSTestRunner] [HelloWorldBaseModel.java:436] TC0002: Population: 335.98953
2017-12-12 13:27:23,833 INFO [d.f.iosb.testrunner.JMSTestRunner] [TC0002.java:154] TC0002: Hello World from A
2017-12-12 13:27:24,832 INFO [d.f.iosb.testrunner.JMSTestRunner] [HelloWorldBaseModel.java:436] TC0002: Population: 346.0692
2017-12-12 13:27:25,847 INFO [d.f.iosb.testrunner.JMSTestRunner] [HelloWorldBaseModel.java:436] TC0002: Population: 356.4513
2017-12-12 13:27:25,884 INFO [d.f.iosb.testrunner.JMSTestRunner] [TC0002.java:154] TC0002: Hello World from A
2017-12-12 13:27:26,851 INFO [d.f.iosb.testrunner.JMSTestRunner] [HelloWorldBaseModel.java:436] TC0002: Population: 367.14484
2017-12-12 13:27:27,869 INFO [d.f.iosb.testrunner.JMSTestRunner] [HelloWorldBaseModel.java:436] TC0002: Population: 378.15918
2017-12-12 13:27:27,889 INFO [d.f.iosb.testrunner.JMSTestRunner] [TC0002.java:154] TC0002: Hello World from A
2017-12-12 13:27:28,888 INFO [d.f.iosb.testrunner.JMSTestRunner] [HelloWorldBaseModel.java:436] TC0002: Population: 389.50394
2017-12-12 13:27:29,888 INFO [d.f.iosb.testrunner.JMSTestRunner] [HelloWorldBaseModel.java:436] TC0002: Population: 401.18906
2017-12-12 13:27:29,919 INFO [d.f.iosb.testrunner.JMSTestRunner] [TC0002.java:154] TC0002: Hello World from A
2017-12-12 13:27:30,898 INFO [d.f.iosb.testrunner.JMSTestRunner] [HelloWorldBaseModel.java:436] TC0002: Population: 413.22473
2017-12-12 13:27:31,903 INFO [d.f.iosb.testrunner.JMSTestRunner] [HelloWorldBaseModel.java:436] TC0002: Population: 425.62146
2017-12-12 13:27:31,923 INFO [d.f.iosb.testrunner.JMSTestRunner] [TC0002.java:154] TC0002: Hello World from A
2017-12-12 13:27:32,923 INFO [d.f.iosb.testrunner.JMSTestRunner] [HelloWorldBaseModel.java:436] TC0002: Population: 438.3901
2017-12-12 13:27:32,938 INFO [d.f.iosb.testrunner.JMSTestRunner] [AbstractTestCase.java:170] TC0002: TEST CASE POSTAMBLE
2017-12-12 13:27:32,938 ERROR [d.f.iosb.testrunner.JMSTestRunner] [IVCT_RTIambassador.java:345] TC0002: destroyFederationExecution exception=Federates Currently Joined (909146016)
2017-12-12 13:27:32,938 WARN [d.f.iosb.testrunner.JMSTestRunner] [IVCT_BaseModel.java:136] TC0002: terminateRti: FederatesCurrentlyJoined (ignored)
2017-12-12 13:27:32,954 INFO [d.f.iosb.testrunner.JMSTestRunner] [AbstractTestCase.java:172] TC0002: TC PASSED
2017-12-12 13:27:32,954 DEBUG [d.f.iosb.testrunner.JMSTestRunner] [JMSTestRunner.java:184] TC0002: JMSTestRunner:onMessageConsumer:run: after
2017-12-12 13:27:50,514 INFO [d.f.iosb.testrunner.JMSTestRunner] [TC0002.java:91] TC0002: 
---------------------------------------------------------------------
TEST PURPOSE
Test if a HelloWorld federate answers with: "HelloWorld <country name>"
upon receiving a "HelloWorld" interaction
Repeat sending the "HelloWorld" interaction for several cycles and evaluate
the interactions received
---------------------------------------------------------------------

2017-12-12 13:27:50,514 INFO [d.f.iosb.testrunner.JMSTestRunner] [AbstractTestCase.java:118] TC0002: TEST CASE PREAMBLE
2017-12-12 13:27:50,561 ERROR [d.f.iosb.testrunner.JMSTestRunner] [IVCT_RTIambassador.java:297] TC0002: createFederationExecution exception=Federation HelloWorld already exists (909000000)
2017-12-12 13:27:50,561 WARN [d.f.iosb.testrunner.JMSTestRunner] [IVCT_BaseModel.java:96] TC0002: initiateRti: FederationExecutionAlreadyExists (ignored)
2017-12-12 13:27:50,577 INFO [d.f.iosb.testrunner.JMSTestRunner] [AbstractTestCase.java:140] TC0002: TEST CASE BODY
2017-12-12 13:27:51,080 INFO [d.f.iosb.testrunner.JMSTestRunner] [HelloWorldBaseModel.java:436] TC0002: Population: 746.32947
2017-12-12 13:27:52,094 INFO [d.f.iosb.testrunner.JMSTestRunner] [HelloWorldBaseModel.java:436] TC0002: Population: 768.71936
2017-12-12 13:27:53,111 INFO [d.f.iosb.testrunner.JMSTestRunner] [HelloWorldBaseModel.java:436] TC0002: Population: 791.78094
2017-12-12 13:27:54,130 INFO [d.f.iosb.testrunner.JMSTestRunner] [HelloWorldBaseModel.java:436] TC0002: Population: 815.53436
2017-12-12 13:27:54,161 INFO [d.f.iosb.testrunner.JMSTestRunner] [TC0002.java:154] TC0002: Hello World from A
2017-12-12 13:27:55,146 INFO [d.f.iosb.testrunner.JMSTestRunner] [HelloWorldBaseModel.java:436] TC0002: Population: 840.00037
2017-12-12 13:27:56,146 INFO [d.f.iosb.testrunner.JMSTestRunner] [HelloWorldBaseModel.java:436] TC0002: Population: 865.2004
2017-12-12 13:27:56,161 INFO [d.f.iosb.testrunner.JMSTestRunner] [TC0002.java:154] TC0002: Hello World from A
2017-12-12 13:27:57,160 INFO [d.f.iosb.testrunner.JMSTestRunner] [HelloWorldBaseModel.java:436] TC0002: Population: 891.1564
2017-12-12 13:27:58,176 INFO [d.f.iosb.testrunner.JMSTestRunner] [HelloWorldBaseModel.java:436] TC0002: Population: 917.89105
2017-12-12 13:27:58,191 INFO [d.f.iosb.testrunner.JMSTestRunner] [TC0002.java:154] TC0002: Hello World from A
2017-12-12 13:27:59,176 INFO [d.f.iosb.testrunner.JMSTestRunner] [HelloWorldBaseModel.java:436] TC0002: Population: 945.42773
2017-12-12 13:28:00,176 INFO [d.f.iosb.testrunner.JMSTestRunner] [HelloWorldBaseModel.java:436] TC0002: Population: 973.7905
2017-12-12 13:28:00,192 INFO [d.f.iosb.testrunner.JMSTestRunner] [TC0002.java:154] TC0002: Hello World from A
2017-12-12 13:28:01,191 INFO [d.f.iosb.testrunner.JMSTestRunner] [HelloWorldBaseModel.java:436] TC0002: Population: 1003.0042
2017-12-12 13:28:02,191 INFO [d.f.iosb.testrunner.JMSTestRunner] [HelloWorldBaseModel.java:436] TC0002: Population: 1033.0944
2017-12-12 13:28:02,229 INFO [d.f.iosb.testrunner.JMSTestRunner] [TC0002.java:154] TC0002: Hello World from A
2017-12-12 13:28:03,212 INFO [d.f.iosb.testrunner.JMSTestRunner] [HelloWorldBaseModel.java:436] TC0002: Population: 1064.0872
2017-12-12 13:28:04,228 INFO [d.f.iosb.testrunner.JMSTestRunner] [HelloWorldBaseModel.java:436] TC0002: Population: 1096.0098
2017-12-12 13:28:04,259 INFO [d.f.iosb.testrunner.JMSTestRunner] [TC0002.java:154] TC0002: Hello World from A
2017-12-12 13:28:05,236 INFO [d.f.iosb.testrunner.JMSTestRunner] [HelloWorldBaseModel.java:436] TC0002: Population: 1128.89
2017-12-12 13:28:06,239 INFO [d.f.iosb.testrunner.JMSTestRunner] [HelloWorldBaseModel.java:436] TC0002: Population: 1162.7567
2017-12-12 13:28:06,270 INFO [d.f.iosb.testrunner.JMSTestRunner] [TC0002.java:154] TC0002: Hello World from A
2017-12-12 13:28:07,254 INFO [d.f.iosb.testrunner.JMSTestRunner] [HelloWorldBaseModel.java:436] TC0002: Population: 1197.6394
2017-12-12 13:28:08,269 INFO [d.f.iosb.testrunner.JMSTestRunner] [HelloWorldBaseModel.java:436] TC0002: Population: 1233.5686
2017-12-12 13:28:08,300 INFO [d.f.iosb.testrunner.JMSTestRunner] [TC0002.java:154] TC0002: Hello World from A
2017-12-12 13:28:09,272 INFO [d.f.iosb.testrunner.JMSTestRunner] [HelloWorldBaseModel.java:436] TC0002: Population: 1270.5757
2017-12-12 13:28:10,287 INFO [d.f.iosb.testrunner.JMSTestRunner] [HelloWorldBaseModel.java:436] TC0002: Population: 1308.6929
2017-12-12 13:28:10,302 INFO [d.f.iosb.testrunner.JMSTestRunner] [TC0002.java:154] TC0002: Hello World from A
2017-12-12 13:28:11,302 INFO [d.f.iosb.testrunner.JMSTestRunner] [HelloWorldBaseModel.java:436] TC0002: Population: 1347.9536
2017-12-12 13:28:12,302 INFO [d.f.iosb.testrunner.JMSTestRunner] [HelloWorldBaseModel.java:436] TC0002: Population: 1388.3922
2017-12-12 13:28:12,340 INFO [d.f.iosb.testrunner.JMSTestRunner] [TC0002.java:154] TC0002: Hello World from A
2017-12-12 13:28:13,302 INFO [d.f.iosb.testrunner.JMSTestRunner] [HelloWorldBaseModel.java:436] TC0002: Population: 1430.044
2017-12-12 13:28:13,355 INFO [d.f.iosb.testrunner.JMSTestRunner] [AbstractTestCase.java:170] TC0002: TEST CASE POSTAMBLE
2017-12-12 13:28:13,355 ERROR [d.f.iosb.testrunner.JMSTestRunner] [IVCT_RTIambassador.java:345] TC0002: destroyFederationExecution exception=Federates Currently Joined (909146016)
2017-12-12 13:28:13,355 WARN [d.f.iosb.testrunner.JMSTestRunner] [IVCT_BaseModel.java:136] TC0002: terminateRti: FederatesCurrentlyJoined (ignored)
2017-12-12 13:28:13,371 INFO [d.f.iosb.testrunner.JMSTestRunner] [AbstractTestCase.java:172] TC0002: TC PASSED
2017-12-12 13:28:13,371 DEBUG [d.f.iosb.testrunner.JMSTestRunner] [JMSTestRunner.java:184] TC0002: JMSTestRunner:onMessageConsumer:run: after
