2017-09-21 11:10:11,655 INFO [d.f.iosb.ivct.logsink.LogSink] [LogSink.java:39] LogSink: in main
2017-09-21 11:10:11,903 INFO [d.f.iosb.ivct.logsink.LogSink] [LogSink.java:88] LogSink: Type "quit" to exit JMSTopicSink.
2017-09-21 11:10:19,736 INFO [d.f.iosb.testrunner.JMSTestRunner] [TC0002.java:91] TC0002: 
---------------------------------------------------------------------
TEST PURPOSE
Test if a HelloWorld federate answers with: "HelloWorld <country name>"
upon receiving a "HelloWorld" interaction
Repeat sending the "HelloWorld" interaction for several cycles and evaluate
the interactions received
---------------------------------------------------------------------

2017-09-21 11:10:19,737 INFO [d.f.iosb.testrunner.JMSTestRunner] [AbstractTestCase.java:99] TC0002: TEST CASE PREAMBLE
2017-09-21 11:10:20,006 ERROR [d.f.iosb.testrunner.JMSTestRunner] [IVCT_RTIambassador.java:297] TC0002: createFederationExecution exception=Federation HelloWorld already exists (909000000)
2017-09-21 11:10:20,008 WARN [d.f.iosb.testrunner.JMSTestRunner] [IVCT_BaseModel.java:96] TC0002: initiateRti: FederationExecutionAlreadyExists (ignored)
2017-09-21 11:10:20,754 INFO [d.f.iosb.testrunner.JMSTestRunner] [AbstractTestCase.java:119] TC0002: TEST CASE BODY
2017-09-21 11:10:21,410 INFO [d.f.iosb.testrunner.JMSTestRunner] [HelloWorldBaseModel.java:436] TC0002: Population: Infinity
2017-09-21 11:10:22,398 INFO [d.f.iosb.testrunner.JMSTestRunner] [HelloWorldBaseModel.java:436] TC0002: Population: Infinity
2017-09-21 11:10:23,398 INFO [d.f.iosb.testrunner.JMSTestRunner] [HelloWorldBaseModel.java:436] TC0002: Population: Infinity
2017-09-21 11:10:24,399 INFO [d.f.iosb.testrunner.JMSTestRunner] [HelloWorldBaseModel.java:436] TC0002: Population: Infinity
2017-09-21 11:10:24,414 INFO [d.f.iosb.testrunner.JMSTestRunner] [TC0002.java:154] TC0002: Hello World from A
2017-09-21 11:10:25,399 INFO [d.f.iosb.testrunner.JMSTestRunner] [HelloWorldBaseModel.java:436] TC0002: Population: Infinity
2017-09-21 11:10:26,399 INFO [d.f.iosb.testrunner.JMSTestRunner] [HelloWorldBaseModel.java:436] TC0002: Population: Infinity
2017-09-21 11:10:26,413 INFO [d.f.iosb.testrunner.JMSTestRunner] [TC0002.java:154] TC0002: Hello World from A
2017-09-21 11:10:27,400 INFO [d.f.iosb.testrunner.JMSTestRunner] [HelloWorldBaseModel.java:436] TC0002: Population: Infinity
2017-09-21 11:10:28,400 INFO [d.f.iosb.testrunner.JMSTestRunner] [HelloWorldBaseModel.java:436] TC0002: Population: Infinity
2017-09-21 11:10:28,409 INFO [d.f.iosb.testrunner.JMSTestRunner] [TC0002.java:154] TC0002: Hello World from A
2017-09-21 11:10:29,401 INFO [d.f.iosb.testrunner.JMSTestRunner] [HelloWorldBaseModel.java:436] TC0002: Population: Infinity
2017-09-21 11:10:30,402 INFO [d.f.iosb.testrunner.JMSTestRunner] [HelloWorldBaseModel.java:436] TC0002: Population: Infinity
2017-09-21 11:10:30,406 INFO [d.f.iosb.testrunner.JMSTestRunner] [TC0002.java:154] TC0002: Hello World from A
2017-09-21 11:10:31,403 INFO [d.f.iosb.testrunner.JMSTestRunner] [HelloWorldBaseModel.java:436] TC0002: Population: Infinity
2017-09-21 11:10:32,403 INFO [d.f.iosb.testrunner.JMSTestRunner] [HelloWorldBaseModel.java:436] TC0002: Population: Infinity
2017-09-21 11:10:32,407 INFO [d.f.iosb.testrunner.JMSTestRunner] [TC0002.java:154] TC0002: Hello World from A
2017-09-21 11:10:33,405 INFO [d.f.iosb.testrunner.JMSTestRunner] [HelloWorldBaseModel.java:436] TC0002: Population: Infinity
2017-09-21 11:10:34,405 INFO [d.f.iosb.testrunner.JMSTestRunner] [HelloWorldBaseModel.java:436] TC0002: Population: Infinity
2017-09-21 11:10:34,410 INFO [d.f.iosb.testrunner.JMSTestRunner] [TC0002.java:154] TC0002: Hello World from A
2017-09-21 11:10:35,406 INFO [d.f.iosb.testrunner.JMSTestRunner] [HelloWorldBaseModel.java:436] TC0002: Population: Infinity
2017-09-21 11:10:36,406 INFO [d.f.iosb.testrunner.JMSTestRunner] [HelloWorldBaseModel.java:436] TC0002: Population: Infinity
2017-09-21 11:10:36,417 INFO [d.f.iosb.testrunner.JMSTestRunner] [TC0002.java:154] TC0002: Hello World from A
2017-09-21 11:10:37,408 INFO [d.f.iosb.testrunner.JMSTestRunner] [HelloWorldBaseModel.java:436] TC0002: Population: Infinity
2017-09-21 11:10:38,408 INFO [d.f.iosb.testrunner.JMSTestRunner] [HelloWorldBaseModel.java:436] TC0002: Population: Infinity
2017-09-21 11:10:38,420 INFO [d.f.iosb.testrunner.JMSTestRunner] [TC0002.java:154] TC0002: Hello World from A
2017-09-21 11:10:39,410 INFO [d.f.iosb.testrunner.JMSTestRunner] [HelloWorldBaseModel.java:436] TC0002: Population: Infinity
2017-09-21 11:10:40,411 INFO [d.f.iosb.testrunner.JMSTestRunner] [HelloWorldBaseModel.java:436] TC0002: Population: Infinity
2017-09-21 11:10:40,421 INFO [d.f.iosb.testrunner.JMSTestRunner] [TC0002.java:154] TC0002: Hello World from A
2017-09-21 11:10:41,411 INFO [d.f.iosb.testrunner.JMSTestRunner] [HelloWorldBaseModel.java:436] TC0002: Population: Infinity
2017-09-21 11:10:42,412 INFO [d.f.iosb.testrunner.JMSTestRunner] [HelloWorldBaseModel.java:436] TC0002: Population: Infinity
2017-09-21 11:10:42,417 INFO [d.f.iosb.testrunner.JMSTestRunner] [TC0002.java:154] TC0002: Hello World from A
2017-09-21 11:10:43,412 INFO [d.f.iosb.testrunner.JMSTestRunner] [HelloWorldBaseModel.java:436] TC0002: Population: Infinity
2017-09-21 11:10:43,418 INFO [d.f.iosb.testrunner.JMSTestRunner] [AbstractTestCase.java:147] TC0002: TEST CASE POSTAMBLE
2017-09-21 11:10:43,453 ERROR [d.f.iosb.testrunner.JMSTestRunner] [IVCT_RTIambassador.java:345] TC0002: destroyFederationExecution exception=Federates Currently Joined (909146016)
2017-09-21 11:10:43,455 WARN [d.f.iosb.testrunner.JMSTestRunner] [IVCT_BaseModel.java:136] TC0002: terminateRti: FederatesCurrentlyJoined (ignored)
2017-09-21 11:10:43,462 INFO [d.f.iosb.testrunner.JMSTestRunner] [AbstractTestCase.java:149] TC0002: TC PASSED
2017-09-21 11:10:43,464 DEBUG [d.f.iosb.testrunner.JMSTestRunner] [JMSTestRunner.java:183] TC0002: JMSTestRunner:onMessageConsumer:run: after
2017-09-21 11:10:43,468 INFO [d.f.iosb.ivct.logsink.ReportEngine] [ReportEngine.java:118] LogSink: ReportEngine:checkMessage: announceVerdict
2017-09-21 11:10:43,486 INFO [d.f.iosb.ivct.logsink.ReportEngine] [ReportEngine.java:173] LogSink: ReportEngine:doSutChanged: setSUT 2017-09-21 11 10
2017-09-21 11:10:43,486 INFO [d.f.iosb.ivct.logsink.ReportEngine] [ReportEngine.java:176] LogSink: ReportEngine:doSutChanged: sutPath: C:/Projekte/MSG134/IVCT_Runtime/IVCTsut/hw_iosb
2017-09-21 13:54:25,712 INFO [d.f.iosb.ivct.logsink.LogSink] [LogSink.java:39] LogSink: in main
2017-09-21 13:54:26,889 ERROR [d.f.i.m.PropertyBasedClientSetup] [PropertyBasedClientSetup.java:168] LogSink: Problems during initializing connection.
javax.jms.JMSException: Could not connect to broker URL: tcp://localhost:61616. Reason: java.net.ConnectException: Connection refused: connect
	at org.apache.activemq.util.JMSExceptionSupport.create(JMSExceptionSupport.java:36) ~[activemq-client-5.12.0.jar:5.12.0]
	at org.apache.activemq.ActiveMQConnectionFactory.createActiveMQConnection(ActiveMQConnectionFactory.java:360) ~[activemq-client-5.12.0.jar:5.12.0]
	at org.apache.activemq.ActiveMQConnectionFactory.createConnection(ActiveMQConnectionFactory.java:253) ~[activemq-client-5.12.0.jar:5.12.0]
	at de.fraunhofer.iosb.messaginghelpers.PropertyBasedClientSetup.initConnection(PropertyBasedClientSetup.java:163) ~[MessagingHelpers-0.4.1.jar:na]
	at nato.ivct.commander.Factory.initialize(Factory.java:68) [Command-0.4.1.jar:na]
	at de.fraunhofer.iosb.ivct.logsink.LogSink.main(LogSink.java:41) [LogSink-0.4.1.jar:na]
Caused by: java.net.ConnectException: Connection refused: connect
	at java.net.DualStackPlainSocketImpl.waitForConnect(Native Method) ~[na:1.8.0_131]
	at java.net.DualStackPlainSocketImpl.socketConnect(DualStackPlainSocketImpl.java:85) ~[na:1.8.0_131]
	at java.net.AbstractPlainSocketImpl.doConnect(AbstractPlainSocketImpl.java:350) ~[na:1.8.0_131]
	at java.net.AbstractPlainSocketImpl.connectToAddress(AbstractPlainSocketImpl.java:206) ~[na:1.8.0_131]
	at java.net.AbstractPlainSocketImpl.connect(AbstractPlainSocketImpl.java:188) ~[na:1.8.0_131]
	at java.net.PlainSocketImpl.connect(PlainSocketImpl.java:172) ~[na:1.8.0_131]
	at java.net.SocksSocketImpl.connect(SocksSocketImpl.java:392) ~[na:1.8.0_131]
	at java.net.Socket.connect(Socket.java:589) ~[na:1.8.0_131]
	at org.apache.activemq.transport.tcp.TcpTransport.connect(TcpTransport.java:501) ~[activemq-client-5.12.0.jar:5.12.0]
	at org.apache.activemq.transport.tcp.TcpTransport.doStart(TcpTransport.java:464) ~[activemq-client-5.12.0.jar:5.12.0]
	at org.apache.activemq.util.ServiceSupport.start(ServiceSupport.java:55) ~[activemq-client-5.12.0.jar:5.12.0]
	at org.apache.activemq.transport.AbstractInactivityMonitor.start(AbstractInactivityMonitor.java:168) ~[activemq-client-5.12.0.jar:5.12.0]
	at org.apache.activemq.transport.InactivityMonitor.start(InactivityMonitor.java:50) ~[activemq-client-5.12.0.jar:5.12.0]
	at org.apache.activemq.transport.TransportFilter.start(TransportFilter.java:58) ~[activemq-client-5.12.0.jar:5.12.0]
	at org.apache.activemq.transport.WireFormatNegotiator.start(WireFormatNegotiator.java:72) ~[activemq-client-5.12.0.jar:5.12.0]
	at org.apache.activemq.transport.TransportFilter.start(TransportFilter.java:58) ~[activemq-client-5.12.0.jar:5.12.0]
	at org.apache.activemq.transport.TransportFilter.start(TransportFilter.java:58) ~[activemq-client-5.12.0.jar:5.12.0]
	at org.apache.activemq.ActiveMQConnectionFactory.createActiveMQConnection(ActiveMQConnectionFactory.java:340) ~[activemq-client-5.12.0.jar:5.12.0]
	... 4 common frames omitted
2017-09-21 13:54:51,639 INFO [d.f.iosb.ivct.logsink.LogSink] [LogSink.java:39] LogSink: in main
2017-09-21 13:54:51,883 INFO [d.f.iosb.ivct.logsink.LogSink] [LogSink.java:88] LogSink: Type "quit" to exit JMSTopicSink.
2017-09-21 13:56:00,252 INFO [d.f.iosb.testrunner.JMSTestRunner] [TC0001.java:81] TC0001: 
---------------------------------------------------------------------
TEST PURPOSE
Test if a HelloWorld federate calculates a fixed population increase
correctly
Observe the federate for a fixed number of cycles and compare the
last received value with the previously received value plus the fixed
percentage and a small tolerence for each cycle
---------------------------------------------------------------------

2017-09-21 13:56:00,254 INFO [d.f.iosb.testrunner.JMSTestRunner] [AbstractTestCase.java:99] TC0001: TEST CASE PREAMBLE
2017-09-21 13:56:01,225 INFO [d.f.iosb.testrunner.JMSTestRunner] [AbstractTestCase.java:119] TC0001: TEST CASE BODY
2017-09-21 13:56:07,119 INFO [d.f.iosb.testrunner.JMSTestRunner] [AbstractTestCase.java:129] TC0001: TC INCONCLUSIVE Did not receive any Population message
2017-09-21 13:56:07,125 DEBUG [d.f.iosb.testrunner.JMSTestRunner] [JMSTestRunner.java:183] TC0001: JMSTestRunner:onMessageConsumer:run: after
2017-09-21 13:56:07,135 INFO [d.f.iosb.ivct.logsink.ReportEngine] [ReportEngine.java:118] LogSink: ReportEngine:checkMessage: announceVerdict
2017-09-21 13:56:07,176 INFO [d.f.iosb.ivct.logsink.ReportEngine] [ReportEngine.java:173] LogSink: ReportEngine:doSutChanged: setSUT 2017-09-21 13 56
2017-09-21 13:56:07,177 INFO [d.f.iosb.ivct.logsink.ReportEngine] [ReportEngine.java:176] LogSink: ReportEngine:doSutChanged: sutPath: C:/Projekte/MSG134/IVCT_Runtime/IVCTsut/hw_iosb
2017-09-21 13:56:07,187 INFO [d.f.iosb.testrunner.JMSTestRunner] [TC0002.java:91] TC0002: 
---------------------------------------------------------------------
TEST PURPOSE
Test if a HelloWorld federate answers with: "HelloWorld <country name>"
upon receiving a "HelloWorld" interaction
Repeat sending the "HelloWorld" interaction for several cycles and evaluate
the interactions received
---------------------------------------------------------------------

2017-09-21 13:56:07,189 INFO [d.f.iosb.testrunner.JMSTestRunner] [AbstractTestCase.java:99] TC0002: TEST CASE PREAMBLE
2017-09-21 13:56:07,250 INFO [d.f.iosb.testrunner.JMSTestRunner] [AbstractTestCase.java:119] TC0002: TEST CASE BODY
2017-09-21 13:56:13,072 INFO [d.f.iosb.ivct.logsink.ReportEngine] [ReportEngine.java:118] LogSink: ReportEngine:checkMessage: announceVerdict
2017-09-21 13:56:13,065 INFO [d.f.iosb.testrunner.JMSTestRunner] [AbstractTestCase.java:129] TC0002: TC INCONCLUSIVE Did not receive any HelloWorld message
2017-09-21 13:56:13,070 DEBUG [d.f.iosb.testrunner.JMSTestRunner] [JMSTestRunner.java:183] TC0002: JMSTestRunner:onMessageConsumer:run: after
2017-09-21 13:56:50,970 INFO [d.f.iosb.testrunner.JMSTestRunner] [TC0001.java:81] TC0001: 
---------------------------------------------------------------------
TEST PURPOSE
Test if a HelloWorld federate calculates a fixed population increase
correctly
Observe the federate for a fixed number of cycles and compare the
last received value with the previously received value plus the fixed
percentage and a small tolerence for each cycle
---------------------------------------------------------------------

2017-09-21 13:56:50,971 INFO [d.f.iosb.testrunner.JMSTestRunner] [AbstractTestCase.java:99] TC0001: TEST CASE PREAMBLE
2017-09-21 13:56:50,985 ERROR [d.f.iosb.testrunner.JMSTestRunner] [IVCT_RTIambassador.java:297] TC0001: createFederationExecution exception=Federation HelloWorld already exists (909000000)
2017-09-21 13:56:50,986 WARN [d.f.iosb.testrunner.JMSTestRunner] [IVCT_BaseModel.java:96] TC0001: initiateRti: FederationExecutionAlreadyExists (ignored)
2017-09-21 13:56:51,017 INFO [d.f.iosb.testrunner.JMSTestRunner] [AbstractTestCase.java:119] TC0001: TEST CASE BODY
2017-09-21 13:56:51,610 INFO [d.f.iosb.testrunner.JMSTestRunner] [HelloWorldBaseModel.java:436] TC0001: Population: 146.85333
2017-09-21 13:56:52,599 INFO [d.f.iosb.testrunner.JMSTestRunner] [HelloWorldBaseModel.java:436] TC0001: Population: 151.25893
2017-09-21 13:56:53,601 INFO [d.f.iosb.testrunner.JMSTestRunner] [HelloWorldBaseModel.java:436] TC0001: Population: 155.79669
2017-09-21 13:56:54,019 INFO [d.f.iosb.testrunner.JMSTestRunner] [HelloWorldBaseModel.java:125] TC0001: ---------------------------------------------------------------------
2017-09-21 13:56:54,022 INFO [d.f.iosb.testrunner.JMSTestRunner] [HelloWorldBaseModel.java:126] TC0001: testPopulation: test value received 155.79669 in range 155.79669 +/-1%
2017-09-21 13:56:54,026 INFO [d.f.iosb.testrunner.JMSTestRunner] [HelloWorldBaseModel.java:127] TC0001: ---------------------------------------------------------------------
2017-09-21 13:56:54,602 INFO [d.f.iosb.testrunner.JMSTestRunner] [HelloWorldBaseModel.java:436] TC0001: Population: 160.47058
2017-09-21 13:56:55,603 INFO [d.f.iosb.testrunner.JMSTestRunner] [HelloWorldBaseModel.java:436] TC0001: Population: 165.2847
2017-09-21 13:56:56,605 INFO [d.f.iosb.testrunner.JMSTestRunner] [HelloWorldBaseModel.java:436] TC0001: Population: 170.24324
2017-09-21 13:56:57,606 INFO [d.f.iosb.testrunner.JMSTestRunner] [HelloWorldBaseModel.java:436] TC0001: Population: 175.35054
2017-09-21 13:56:58,608 INFO [d.f.iosb.testrunner.JMSTestRunner] [HelloWorldBaseModel.java:436] TC0001: Population: 180.61105
2017-09-21 13:56:59,609 INFO [d.f.iosb.testrunner.JMSTestRunner] [HelloWorldBaseModel.java:436] TC0001: Population: 186.02937
2017-09-21 13:57:00,611 INFO [d.f.iosb.testrunner.JMSTestRunner] [HelloWorldBaseModel.java:436] TC0001: Population: 191.61024
2017-09-21 13:57:01,612 INFO [d.f.iosb.testrunner.JMSTestRunner] [HelloWorldBaseModel.java:436] TC0001: Population: 197.35855
2017-09-21 13:57:02,614 INFO [d.f.iosb.testrunner.JMSTestRunner] [HelloWorldBaseModel.java:436] TC0001: Population: 203.2793
2017-09-21 13:57:03,616 INFO [d.f.iosb.testrunner.JMSTestRunner] [HelloWorldBaseModel.java:436] TC0001: Population: 209.37767
2017-09-21 13:57:04,617 INFO [d.f.iosb.testrunner.JMSTestRunner] [HelloWorldBaseModel.java:436] TC0001: Population: 215.659
2017-09-21 13:57:05,619 INFO [d.f.iosb.testrunner.JMSTestRunner] [HelloWorldBaseModel.java:436] TC0001: Population: 222.12875
2017-09-21 13:57:06,620 INFO [d.f.iosb.testrunner.JMSTestRunner] [HelloWorldBaseModel.java:436] TC0001: Population: 228.7926
2017-09-21 13:57:07,622 INFO [d.f.iosb.testrunner.JMSTestRunner] [HelloWorldBaseModel.java:436] TC0001: Population: 235.65637
2017-09-21 13:57:08,622 INFO [d.f.iosb.testrunner.JMSTestRunner] [HelloWorldBaseModel.java:436] TC0001: Population: 242.72606
2017-09-21 13:57:09,624 INFO [d.f.iosb.testrunner.JMSTestRunner] [HelloWorldBaseModel.java:436] TC0001: Population: 250.00783
2017-09-21 13:57:10,625 INFO [d.f.iosb.testrunner.JMSTestRunner] [HelloWorldBaseModel.java:436] TC0001: Population: 257.50806
2017-09-21 13:57:11,627 INFO [d.f.iosb.testrunner.JMSTestRunner] [HelloWorldBaseModel.java:436] TC0001: Population: 265.23328
2017-09-21 13:57:12,628 INFO [d.f.iosb.testrunner.JMSTestRunner] [HelloWorldBaseModel.java:436] TC0001: Population: 273.19028
2017-09-21 13:57:13,629 INFO [d.f.iosb.testrunner.JMSTestRunner] [HelloWorldBaseModel.java:436] TC0001: Population: 281.386
2017-09-21 13:57:14,632 INFO [d.f.iosb.testrunner.JMSTestRunner] [HelloWorldBaseModel.java:436] TC0001: Population: 289.82755
2017-09-21 13:57:15,633 INFO [d.f.iosb.testrunner.JMSTestRunner] [HelloWorldBaseModel.java:436] TC0001: Population: 298.52237
2017-09-21 13:57:16,634 INFO [d.f.iosb.testrunner.JMSTestRunner] [HelloWorldBaseModel.java:436] TC0001: Population: 307.47803
2017-09-21 13:57:17,637 INFO [d.f.iosb.testrunner.JMSTestRunner] [HelloWorldBaseModel.java:436] TC0001: Population: 316.70236
2017-09-21 13:57:18,638 INFO [d.f.iosb.testrunner.JMSTestRunner] [HelloWorldBaseModel.java:436] TC0001: Population: 326.20343
2017-09-21 13:57:19,640 INFO [d.f.iosb.testrunner.JMSTestRunner] [HelloWorldBaseModel.java:436] TC0001: Population: 335.98953
2017-09-21 13:57:20,642 INFO [d.f.iosb.testrunner.JMSTestRunner] [HelloWorldBaseModel.java:436] TC0001: Population: 346.0692
2017-09-21 13:57:21,643 INFO [d.f.iosb.testrunner.JMSTestRunner] [HelloWorldBaseModel.java:436] TC0001: Population: 356.4513
2017-09-21 13:57:22,643 INFO [d.f.iosb.testrunner.JMSTestRunner] [HelloWorldBaseModel.java:436] TC0001: Population: 367.14484
2017-09-21 13:57:23,645 INFO [d.f.iosb.testrunner.JMSTestRunner] [HelloWorldBaseModel.java:436] TC0001: Population: 378.15918
2017-09-21 13:57:24,646 INFO [d.f.iosb.testrunner.JMSTestRunner] [HelloWorldBaseModel.java:436] TC0001: Population: 389.50394
2017-09-21 13:57:25,647 INFO [d.f.iosb.testrunner.JMSTestRunner] [HelloWorldBaseModel.java:436] TC0001: Population: 401.18906
2017-09-21 13:57:26,649 INFO [d.f.iosb.testrunner.JMSTestRunner] [HelloWorldBaseModel.java:436] TC0001: Population: 413.22473
2017-09-21 13:57:27,650 INFO [d.f.iosb.testrunner.JMSTestRunner] [HelloWorldBaseModel.java:436] TC0001: Population: 425.62146
2017-09-21 13:57:28,651 INFO [d.f.iosb.testrunner.JMSTestRunner] [HelloWorldBaseModel.java:436] TC0001: Population: 438.3901
2017-09-21 13:57:29,653 INFO [d.f.iosb.testrunner.JMSTestRunner] [HelloWorldBaseModel.java:436] TC0001: Population: 451.5418
2017-09-21 13:57:30,660 INFO [d.f.iosb.testrunner.JMSTestRunner] [HelloWorldBaseModel.java:436] TC0001: Population: 465.08804
2017-09-21 13:57:31,662 INFO [d.f.iosb.testrunner.JMSTestRunner] [HelloWorldBaseModel.java:436] TC0001: Population: 479.04068
2017-09-21 13:57:32,664 INFO [d.f.iosb.testrunner.JMSTestRunner] [HelloWorldBaseModel.java:436] TC0001: Population: 493.4119
2017-09-21 13:57:33,666 INFO [d.f.iosb.testrunner.JMSTestRunner] [HelloWorldBaseModel.java:436] TC0001: Population: 508.21423
2017-09-21 13:57:34,667 INFO [d.f.iosb.testrunner.JMSTestRunner] [HelloWorldBaseModel.java:436] TC0001: Population: 523.46063
2017-09-21 13:57:35,668 INFO [d.f.iosb.testrunner.JMSTestRunner] [HelloWorldBaseModel.java:436] TC0001: Population: 539.1644
2017-09-21 13:57:36,669 INFO [d.f.iosb.testrunner.JMSTestRunner] [HelloWorldBaseModel.java:436] TC0001: Population: 555.33936
2017-09-21 13:57:37,671 INFO [d.f.iosb.testrunner.JMSTestRunner] [HelloWorldBaseModel.java:436] TC0001: Population: 571.9995
2017-09-21 13:57:38,672 INFO [d.f.iosb.testrunner.JMSTestRunner] [HelloWorldBaseModel.java:436] TC0001: Population: 589.1595
2017-09-21 13:57:39,674 INFO [d.f.iosb.testrunner.JMSTestRunner] [HelloWorldBaseModel.java:436] TC0001: Population: 606.8342
2017-09-21 13:57:40,676 INFO [d.f.iosb.testrunner.JMSTestRunner] [HelloWorldBaseModel.java:436] TC0001: Population: 625.03925
2017-09-21 13:57:41,677 INFO [d.f.iosb.testrunner.JMSTestRunner] [HelloWorldBaseModel.java:436] TC0001: Population: 643.7904
2017-09-21 13:57:42,678 INFO [d.f.iosb.testrunner.JMSTestRunner] [HelloWorldBaseModel.java:436] TC0001: Population: 663.1041
2017-09-21 13:57:43,680 INFO [d.f.iosb.testrunner.JMSTestRunner] [HelloWorldBaseModel.java:436] TC0001: Population: 682.99725
2017-09-21 13:57:44,681 INFO [d.f.iosb.testrunner.JMSTestRunner] [HelloWorldBaseModel.java:436] TC0001: Population: 703.4871
2017-09-21 13:57:45,683 INFO [d.f.iosb.testrunner.JMSTestRunner] [HelloWorldBaseModel.java:436] TC0001: Population: 724.59174
2017-09-21 13:57:46,685 INFO [d.f.iosb.testrunner.JMSTestRunner] [HelloWorldBaseModel.java:436] TC0001: Population: 746.32947
2017-09-21 13:57:47,686 INFO [d.f.iosb.testrunner.JMSTestRunner] [HelloWorldBaseModel.java:436] TC0001: Population: 768.71936
2017-09-21 13:57:48,687 INFO [d.f.iosb.testrunner.JMSTestRunner] [HelloWorldBaseModel.java:436] TC0001: Population: 791.78094
2017-09-21 13:57:49,688 INFO [d.f.iosb.testrunner.JMSTestRunner] [HelloWorldBaseModel.java:436] TC0001: Population: 815.53436
2017-09-21 13:57:50,691 INFO [d.f.iosb.testrunner.JMSTestRunner] [HelloWorldBaseModel.java:436] TC0001: Population: 840.00037
2017-09-21 13:57:51,692 INFO [d.f.iosb.testrunner.JMSTestRunner] [HelloWorldBaseModel.java:436] TC0001: Population: 865.2004
2017-09-21 13:57:52,694 INFO [d.f.iosb.testrunner.JMSTestRunner] [HelloWorldBaseModel.java:436] TC0001: Population: 891.1564
2017-09-21 13:57:53,694 INFO [d.f.iosb.testrunner.JMSTestRunner] [HelloWorldBaseModel.java:436] TC0001: Population: 917.89105
2017-09-21 13:57:54,696 INFO [d.f.iosb.testrunner.JMSTestRunner] [HelloWorldBaseModel.java:436] TC0001: Population: 945.42773
2017-09-21 13:57:55,697 INFO [d.f.iosb.testrunner.JMSTestRunner] [HelloWorldBaseModel.java:436] TC0001: Population: 973.7905
2017-09-21 13:57:56,699 INFO [d.f.iosb.testrunner.JMSTestRunner] [HelloWorldBaseModel.java:436] TC0001: Population: 1003.0042
2017-09-21 13:57:57,700 INFO [d.f.iosb.testrunner.JMSTestRunner] [HelloWorldBaseModel.java:436] TC0001: Population: 1033.0944
2017-09-21 13:57:58,702 INFO [d.f.iosb.testrunner.JMSTestRunner] [HelloWorldBaseModel.java:436] TC0001: Population: 1064.0872
2017-09-21 13:57:59,703 INFO [d.f.iosb.testrunner.JMSTestRunner] [HelloWorldBaseModel.java:436] TC0001: Population: 1096.0098
2017-09-21 13:58:00,704 INFO [d.f.iosb.testrunner.JMSTestRunner] [HelloWorldBaseModel.java:436] TC0001: Population: 1128.89
2017-09-21 13:58:01,706 INFO [d.f.iosb.testrunner.JMSTestRunner] [HelloWorldBaseModel.java:436] TC0001: Population: 1162.7567
2017-09-21 13:58:02,707 INFO [d.f.iosb.testrunner.JMSTestRunner] [HelloWorldBaseModel.java:436] TC0001: Population: 1197.6394
2017-09-21 13:58:03,708 INFO [d.f.iosb.testrunner.JMSTestRunner] [HelloWorldBaseModel.java:436] TC0001: Population: 1233.5686
2017-09-21 13:58:04,710 INFO [d.f.iosb.testrunner.JMSTestRunner] [HelloWorldBaseModel.java:436] TC0001: Population: 1270.5757
2017-09-21 13:58:05,711 INFO [d.f.iosb.testrunner.JMSTestRunner] [HelloWorldBaseModel.java:436] TC0001: Population: 1308.6929
2017-09-21 13:58:06,711 INFO [d.f.iosb.testrunner.JMSTestRunner] [HelloWorldBaseModel.java:436] TC0001: Population: 1347.9536
2017-09-21 13:58:07,713 INFO [d.f.iosb.testrunner.JMSTestRunner] [HelloWorldBaseModel.java:436] TC0001: Population: 1388.3922
2017-09-21 13:58:08,714 INFO [d.f.iosb.testrunner.JMSTestRunner] [HelloWorldBaseModel.java:436] TC0001: Population: 1430.044
2017-09-21 13:58:09,717 INFO [d.f.iosb.testrunner.JMSTestRunner] [HelloWorldBaseModel.java:436] TC0001: Population: 1472.9452
2017-09-21 13:58:10,717 INFO [d.f.iosb.testrunner.JMSTestRunner] [HelloWorldBaseModel.java:436] TC0001: Population: 1517.1335
2017-09-21 13:58:11,719 INFO [d.f.iosb.testrunner.JMSTestRunner] [HelloWorldBaseModel.java:436] TC0001: Population: 1562.6475
2017-09-21 13:58:12,721 INFO [d.f.iosb.testrunner.JMSTestRunner] [HelloWorldBaseModel.java:436] TC0001: Population: 1609.5269
2017-09-21 13:58:13,722 INFO [d.f.iosb.testrunner.JMSTestRunner] [HelloWorldBaseModel.java:436] TC0001: Population: 1657.8126
2017-09-21 13:58:14,723 INFO [d.f.iosb.testrunner.JMSTestRunner] [HelloWorldBaseModel.java:436] TC0001: Population: 1707.547
2017-09-21 13:58:15,725 INFO [d.f.iosb.testrunner.JMSTestRunner] [HelloWorldBaseModel.java:436] TC0001: Population: 1758.7733
