Dez 05, 2017 4:25:30 PM org.apache.catalina.startup.VersionLoggerListener log
INFORMATION: Server version:        Apache Tomcat/7.0.78
Dez 05, 2017 4:25:30 PM org.apache.catalina.startup.VersionLoggerListener log
INFORMATION: Server built:          May 10 2017 15:02:19 UTC
Dez 05, 2017 4:25:30 PM org.apache.catalina.startup.VersionLoggerListener log
INFORMATION: Server number:         7.0.78.0
Dez 05, 2017 4:25:30 PM org.apache.catalina.startup.VersionLoggerListener log
INFORMATION: OS Name:               Windows 10
Dez 05, 2017 4:25:30 PM org.apache.catalina.startup.VersionLoggerListener log
INFORMATION: OS Version:            10.0
Dez 05, 2017 4:25:30 PM org.apache.catalina.startup.VersionLoggerListener log
INFORMATION: Architecture:          amd64
Dez 05, 2017 4:25:30 PM org.apache.catalina.startup.VersionLoggerListener log
INFORMATION: Java Home:             C:\Program Files\Java\jdk1.8.0_131\jre
Dez 05, 2017 4:25:30 PM org.apache.catalina.startup.VersionLoggerListener log
INFORMATION: JVM Version:           1.8.0_131-b11
Dez 05, 2017 4:25:30 PM org.apache.catalina.startup.VersionLoggerListener log
INFORMATION: JVM Vendor:            Oracle Corporation
Dez 05, 2017 4:25:30 PM org.apache.catalina.startup.VersionLoggerListener log
INFORMATION: CATALINA_BASE:         C:\Projekte\MSG134\IVCT_Runtime\apache-tomcat-7.0.78
Dez 05, 2017 4:25:30 PM org.apache.catalina.startup.VersionLoggerListener log
INFORMATION: CATALINA_HOME:         C:\Projekte\MSG134\IVCT_Runtime\apache-tomcat-7.0.78
Dez 05, 2017 4:25:30 PM org.apache.catalina.startup.VersionLoggerListener log
INFORMATION: Command line argument: -Djava.util.logging.config.file=C:\Projekte\MSG134\IVCT_Runtime\apache-tomcat-7.0.78\conf\logging.properties
Dez 05, 2017 4:25:30 PM org.apache.catalina.startup.VersionLoggerListener log
INFORMATION: Command line argument: -Djava.util.logging.manager=org.apache.juli.ClassLoaderLogManager
Dez 05, 2017 4:25:30 PM org.apache.catalina.startup.VersionLoggerListener log
INFORMATION: Command line argument: -Djdk.tls.ephemeralDHKeySize=2048
Dez 05, 2017 4:25:30 PM org.apache.catalina.startup.VersionLoggerListener log
INFORMATION: Command line argument: -Xdebug
Dez 05, 2017 4:25:30 PM org.apache.catalina.startup.VersionLoggerListener log
INFORMATION: Command line argument: -Xrunjdwp:transport=dt_socket,server=y,suspend=n,address=5005
Dez 05, 2017 4:25:30 PM org.apache.catalina.startup.VersionLoggerListener log
INFORMATION: Command line argument: -Djava.endorsed.dirs=C:\Projekte\MSG134\IVCT_Runtime\apache-tomcat-7.0.78\endorsed
Dez 05, 2017 4:25:30 PM org.apache.catalina.startup.VersionLoggerListener log
INFORMATION: Command line argument: -Dcatalina.base=C:\Projekte\MSG134\IVCT_Runtime\apache-tomcat-7.0.78
Dez 05, 2017 4:25:30 PM org.apache.catalina.startup.VersionLoggerListener log
INFORMATION: Command line argument: -Dcatalina.home=C:\Projekte\MSG134\IVCT_Runtime\apache-tomcat-7.0.78
Dez 05, 2017 4:25:30 PM org.apache.catalina.startup.VersionLoggerListener log
INFORMATION: Command line argument: -Djava.io.tmpdir=C:\Projekte\MSG134\IVCT_Runtime\apache-tomcat-7.0.78\temp
Dez 05, 2017 4:25:30 PM org.apache.catalina.core.AprLifecycleListener lifecycleEvent
INFORMATION: The APR based Apache Tomcat Native library which allows optimal performance in production environments was not found on the java.library.path: C:\Program Files\Java\jdk1.8.0_131\bin;C:\Windows\Sun\Java\bin;C:\Windows\system32;C:\Windows;C:\Program Files\prti1516e\lib;C:\ProgramData\Oracle\Java\javapath;C:\Windows\system32;C:\Windows;C:\Windows\System32\Wbem;C:\Windows\System32\WindowsPowerShell\v1.0\;C:\tools\apache-maven-3.5.0\bin;C:\Program Files\Git\cmd;C:\Users\hzg\AppData\Local\Microsoft\WindowsApps;C:\tools\gradle-4.3.1\bin;C:\Users\hzg\AppData\Local\atom\bin;;.
Dez 05, 2017 4:25:30 PM org.apache.coyote.AbstractProtocol init
INFORMATION: Initializing ProtocolHandler ["http-bio-8080"]
Dez 05, 2017 4:25:30 PM org.apache.coyote.AbstractProtocol init
INFORMATION: Initializing ProtocolHandler ["ajp-bio-8009"]
Dez 05, 2017 4:25:30 PM org.apache.catalina.startup.Catalina load
INFORMATION: Initialization processed in 493 ms
Dez 05, 2017 4:25:30 PM org.apache.catalina.core.StandardService startInternal
INFORMATION: Starting service Catalina
Dez 05, 2017 4:25:30 PM org.apache.catalina.core.StandardEngine startInternal
INFORMATION: Starting Servlet Engine: Apache Tomcat/7.0.78
Dez 05, 2017 4:25:30 PM org.apache.catalina.startup.HostConfig deployWAR
INFORMATION: Deploying web application archive C:\Projekte\MSG134\IVCT_Runtime\apache-tomcat-7.0.78\webapps\LogSink.webApp-0.4.1.war
Dez 05, 2017 4:25:30 PM org.apache.catalina.loader.WebappClassLoaderBase validateJarFile
INFORMATION: validateJarFile(C:\Projekte\MSG134\IVCT_Runtime\apache-tomcat-7.0.78\webapps\LogSink.webApp-0.4.1\WEB-INF\lib\javax.servlet-api-3.0.1.jar) - jar not loaded. See Servlet Spec 3.0, section 10.7.2. Offending class: javax/servlet/Servlet.class
Dez 05, 2017 4:25:31 PM org.apache.catalina.startup.TldConfig execute
INFORMATION: At least one JAR was scanned for TLDs yet contained no TLDs. Enable debug logging for this logger for a complete list of JARs that were scanned but no TLDs were found in them. Skipping unneeded JARs during scanning can improve startup time and JSP compilation time.
Dez 05, 2017 4:25:31 PM org.apache.catalina.startup.HostConfig deployWAR
INFORMATION: Deployment of web application archive C:\Projekte\MSG134\IVCT_Runtime\apache-tomcat-7.0.78\webapps\LogSink.webApp-0.4.1.war has finished in 1,099 ms
Dez 05, 2017 4:25:31 PM org.apache.catalina.startup.HostConfig deployWAR
INFORMATION: Deploying web application archive C:\Projekte\MSG134\IVCT_Runtime\apache-tomcat-7.0.78\webapps\nato.ivct.gui.nato.ivct.gui.server.war
Dez 05, 2017 4:25:31 PM org.apache.catalina.deploy.WebXml setVersion
WARNUNG: Unknown version string [3.1]. Default version will be used.
Dez 05, 2017 4:25:32 PM org.apache.catalina.startup.TldConfig execute
INFORMATION: At least one JAR was scanned for TLDs yet contained no TLDs. Enable debug logging for this logger for a complete list of JARs that were scanned but no TLDs were found in them. Skipping unneeded JARs during scanning can improve startup time and JSP compilation time.
Dez 05, 2017 4:25:33 PM org.apache.catalina.startup.HostConfig deployWAR
INFORMATION: Deployment of web application archive C:\Projekte\MSG134\IVCT_Runtime\apache-tomcat-7.0.78\webapps\nato.ivct.gui.nato.ivct.gui.server.war has finished in 1,714 ms
Dez 05, 2017 4:25:33 PM org.apache.catalina.startup.HostConfig deployWAR
INFORMATION: Deploying web application archive C:\Projekte\MSG134\IVCT_Runtime\apache-tomcat-7.0.78\webapps\nato.ivct.gui.nato.ivct.gui.ui.html.war
Dez 05, 2017 4:25:33 PM org.apache.catalina.deploy.WebXml setVersion
WARNUNG: Unknown version string [3.1]. Default version will be used.
Dez 05, 2017 4:25:34 PM org.apache.catalina.startup.TldConfig execute
INFORMATION: At least one JAR was scanned for TLDs yet contained no TLDs. Enable debug logging for this logger for a complete list of JARs that were scanned but no TLDs were found in them. Skipping unneeded JARs during scanning can improve startup time and JSP compilation time.
Dez 05, 2017 4:25:46 PM org.apache.catalina.startup.HostConfig deployWAR
INFORMATION: Deployment of web application archive C:\Projekte\MSG134\IVCT_Runtime\apache-tomcat-7.0.78\webapps\nato.ivct.gui.nato.ivct.gui.ui.html.war has finished in 13,344 ms
Dez 05, 2017 4:25:46 PM org.apache.catalina.startup.HostConfig deployWAR
INFORMATION: Deploying web application archive C:\Projekte\MSG134\IVCT_Runtime\apache-tomcat-7.0.78\webapps\TC.webApp-0.4.1.war
Dez 05, 2017 4:25:46 PM org.apache.catalina.loader.WebappClassLoaderBase validateJarFile
INFORMATION: validateJarFile(C:\Projekte\MSG134\IVCT_Runtime\apache-tomcat-7.0.78\webapps\TC.webApp-0.4.1\WEB-INF\lib\javax.servlet-api-3.0.1.jar) - jar not loaded. See Servlet Spec 3.0, section 10.7.2. Offending class: javax/servlet/Servlet.class
Dez 05, 2017 4:25:48 PM org.apache.catalina.startup.TaglibUriRule body
INFORMATION: TLD skipped. URI: josqltaglib is already defined
Dez 05, 2017 4:25:48 PM org.apache.catalina.startup.TldConfig execute
INFORMATION: At least one JAR was scanned for TLDs yet contained no TLDs. Enable debug logging for this logger for a complete list of JARs that were scanned but no TLDs were found in them. Skipping unneeded JARs during scanning can improve startup time and JSP compilation time.
Dez 05, 2017 4:25:48 PM org.apache.catalina.startup.HostConfig deployWAR
INFORMATION: Deployment of web application archive C:\Projekte\MSG134\IVCT_Runtime\apache-tomcat-7.0.78\webapps\TC.webApp-0.4.1.war has finished in 2,112 ms
Dez 05, 2017 4:25:48 PM org.apache.catalina.startup.HostConfig deployDirectory
INFORMATION: Deploying web application directory C:\Projekte\MSG134\IVCT_Runtime\apache-tomcat-7.0.78\webapps\docs
Dez 05, 2017 4:25:48 PM org.apache.catalina.startup.HostConfig deployDirectory
INFORMATION: Deployment of web application directory C:\Projekte\MSG134\IVCT_Runtime\apache-tomcat-7.0.78\webapps\docs has finished in 31 ms
Dez 05, 2017 4:25:48 PM org.apache.catalina.startup.HostConfig deployDirectory
INFORMATION: Deploying web application directory C:\Projekte\MSG134\IVCT_Runtime\apache-tomcat-7.0.78\webapps\examples
Dez 05, 2017 4:25:49 PM org.apache.catalina.startup.HostConfig deployDirectory
INFORMATION: Deployment of web application directory C:\Projekte\MSG134\IVCT_Runtime\apache-tomcat-7.0.78\webapps\examples has finished in 288 ms
Dez 05, 2017 4:25:49 PM org.apache.catalina.startup.HostConfig deployDirectory
INFORMATION: Deploying web application directory C:\Projekte\MSG134\IVCT_Runtime\apache-tomcat-7.0.78\webapps\host-manager
Dez 05, 2017 4:25:49 PM org.apache.catalina.startup.HostConfig deployDirectory
INFORMATION: Deployment of web application directory C:\Projekte\MSG134\IVCT_Runtime\apache-tomcat-7.0.78\webapps\host-manager has finished in 48 ms
Dez 05, 2017 4:25:49 PM org.apache.catalina.startup.HostConfig deployDirectory
INFORMATION: Deploying web application directory C:\Projekte\MSG134\IVCT_Runtime\apache-tomcat-7.0.78\webapps\manager
Dez 05, 2017 4:25:49 PM org.apache.catalina.startup.HostConfig deployDirectory
INFORMATION: Deployment of web application directory C:\Projekte\MSG134\IVCT_Runtime\apache-tomcat-7.0.78\webapps\manager has finished in 40 ms
Dez 05, 2017 4:25:49 PM org.apache.catalina.startup.HostConfig deployDirectory
INFORMATION: Deploying web application directory C:\Projekte\MSG134\IVCT_Runtime\apache-tomcat-7.0.78\webapps\ROOT
Dez 05, 2017 4:25:49 PM org.apache.catalina.startup.HostConfig deployDirectory
INFORMATION: Deployment of web application directory C:\Projekte\MSG134\IVCT_Runtime\apache-tomcat-7.0.78\webapps\ROOT has finished in 28 ms
Dez 05, 2017 4:25:49 PM org.apache.coyote.AbstractProtocol start
INFORMATION: Starting ProtocolHandler ["http-bio-8080"]
Dez 05, 2017 4:25:49 PM org.apache.coyote.AbstractProtocol start
INFORMATION: Starting ProtocolHandler ["ajp-bio-8009"]
Dez 05, 2017 4:25:49 PM org.apache.catalina.startup.Catalina start
INFORMATION: Server startup in 18778 ms
Dez 05, 2017 4:27:51 PM org.apache.catalina.core.StandardContext reload
INFORMATION: Reloading Context with name [/nato.ivct.gui.nato.ivct.gui.ui.html] has started
Dez 05, 2017 4:27:59 PM org.apache.catalina.deploy.WebXml setVersion
WARNUNG: Unknown version string [3.1]. Default version will be used.
Dez 05, 2017 4:28:00 PM org.apache.catalina.startup.TldConfig execute
INFORMATION: At least one JAR was scanned for TLDs yet contained no TLDs. Enable debug logging for this logger for a complete list of JARs that were scanned but no TLDs were found in them. Skipping unneeded JARs during scanning can improve startup time and JSP compilation time.
Dez 05, 2017 4:28:12 PM org.apache.catalina.core.StandardContext reload
INFORMATION: Reloading Context with name [/nato.ivct.gui.nato.ivct.gui.ui.html] is completed
Dez 05, 2017 4:28:45 PM org.apache.coyote.AbstractProtocol pause
INFORMATION: Pausing ProtocolHandler ["http-bio-8080"]
Dez 05, 2017 4:28:45 PM org.apache.coyote.AbstractProtocol pause
INFORMATION: Pausing ProtocolHandler ["ajp-bio-8009"]
Dez 05, 2017 4:28:45 PM org.apache.catalina.core.StandardService stopInternal
INFORMATION: Stopping service Catalina
Dez 05, 2017 4:28:45 PM org.apache.catalina.loader.WebappClassLoaderBase clearReferencesThreads
SCHWERWIEGEND: The web application [/LogSink.webApp-0.4.1] appears to have started a thread named [ActiveMQ InactivityMonitor ReadCheckTimer] but has failed to stop it. This is very likely to create a memory leak.
Dez 05, 2017 4:28:45 PM org.apache.catalina.loader.WebappClassLoaderBase clearReferencesThreads
SCHWERWIEGEND: The web application [/LogSink.webApp-0.4.1] appears to have started a thread named [ActiveMQ Transport: tcp://localhost/127.0.0.1:61616@59621] but has failed to stop it. This is very likely to create a memory leak.
Dez 05, 2017 4:28:45 PM org.apache.catalina.loader.WebappClassLoaderBase clearReferencesThreads
SCHWERWIEGEND: The web application [/LogSink.webApp-0.4.1] appears to have started a thread named [ActiveMQ InactivityMonitor WriteCheckTimer] but has failed to stop it. This is very likely to create a memory leak.
Dez 05, 2017 4:28:45 PM org.apache.catalina.loader.WebappClassLoaderBase clearReferencesThreads
SCHWERWIEGEND: The web application [/LogSink.webApp-0.4.1] appears to have started a thread named [ActiveMQ Transport: tcp://localhost/127.0.0.1:61616@59622] but has failed to stop it. This is very likely to create a memory leak.
Dez 05, 2017 4:28:45 PM org.apache.catalina.loader.WebappClassLoaderBase clearReferencesThreads
SCHWERWIEGEND: The web application [/LogSink.webApp-0.4.1] appears to have started a thread named [ActiveMQ InactivityMonitor Worker] but has failed to stop it. This is very likely to create a memory leak.
Dez 05, 2017 4:28:45 PM org.apache.catalina.loader.WebappClassLoaderBase clearReferencesThreads
SCHWERWIEGEND: The web application [/TC.webApp-0.4.1] appears to have started a thread named [ActiveMQ InactivityMonitor ReadCheckTimer] but has failed to stop it. This is very likely to create a memory leak.
Dez 05, 2017 4:28:45 PM org.apache.catalina.loader.WebappClassLoaderBase clearReferencesThreads
SCHWERWIEGEND: The web application [/TC.webApp-0.4.1] appears to have started a thread named [ActiveMQ Transport: tcp://localhost/127.0.0.1:61616@59653] but has failed to stop it. This is very likely to create a memory leak.
Dez 05, 2017 4:28:45 PM org.apache.catalina.loader.WebappClassLoaderBase clearReferencesThreads
SCHWERWIEGEND: The web application [/TC.webApp-0.4.1] appears to have started a thread named [ActiveMQ InactivityMonitor WriteCheckTimer] but has failed to stop it. This is very likely to create a memory leak.
Dez 05, 2017 4:28:45 PM org.apache.catalina.loader.WebappClassLoaderBase clearReferencesThreads
SCHWERWIEGEND: The web application [/TC.webApp-0.4.1] appears to have started a thread named [ActiveMQ Transport: tcp://localhost/127.0.0.1:61616@59654] but has failed to stop it. This is very likely to create a memory leak.
Dez 05, 2017 4:28:45 PM org.apache.catalina.loader.WebappClassLoaderBase clearReferencesThreads
SCHWERWIEGEND: The web application [/TC.webApp-0.4.1] appears to have started a thread named [ActiveMQ InactivityMonitor Worker] but has failed to stop it. This is very likely to create a memory leak.
Dez 05, 2017 4:28:47 PM org.apache.catalina.loader.WebappClassLoaderBase clearReferencesThreads
SCHWERWIEGEND: The web application [/nato.ivct.gui.nato.ivct.gui.server] appears to have started a thread named [http-bio-8080-exec-11] but has failed to stop it. This is very likely to create a memory leak.
Dez 05, 2017 4:29:08 PM org.apache.catalina.startup.VersionLoggerListener log
INFORMATION: Server version:        Apache Tomcat/7.0.78
Dez 05, 2017 4:29:08 PM org.apache.catalina.startup.VersionLoggerListener log
INFORMATION: Server built:          May 10 2017 15:02:19 UTC
Dez 05, 2017 4:29:08 PM org.apache.catalina.startup.VersionLoggerListener log
INFORMATION: Server number:         7.0.78.0
Dez 05, 2017 4:29:08 PM org.apache.catalina.startup.VersionLoggerListener log
INFORMATION: OS Name:               Windows 10
Dez 05, 2017 4:29:08 PM org.apache.catalina.startup.VersionLoggerListener log
INFORMATION: OS Version:            10.0
Dez 05, 2017 4:29:08 PM org.apache.catalina.startup.VersionLoggerListener log
INFORMATION: Architecture:          amd64
Dez 05, 2017 4:29:08 PM org.apache.catalina.startup.VersionLoggerListener log
INFORMATION: Java Home:             C:\Program Files\Java\jdk1.8.0_131\jre
Dez 05, 2017 4:29:08 PM org.apache.catalina.startup.VersionLoggerListener log
INFORMATION: JVM Version:           1.8.0_131-b11
Dez 05, 2017 4:29:08 PM org.apache.catalina.startup.VersionLoggerListener log
INFORMATION: JVM Vendor:            Oracle Corporation
Dez 05, 2017 4:29:08 PM org.apache.catalina.startup.VersionLoggerListener log
INFORMATION: CATALINA_BASE:         C:\Projekte\MSG134\IVCT_Runtime\apache-tomcat-7.0.78
Dez 05, 2017 4:29:08 PM org.apache.catalina.startup.VersionLoggerListener log
INFORMATION: CATALINA_HOME:         C:\Projekte\MSG134\IVCT_Runtime\apache-tomcat-7.0.78
Dez 05, 2017 4:29:08 PM org.apache.catalina.startup.VersionLoggerListener log
INFORMATION: Command line argument: -Djava.util.logging.config.file=C:\Projekte\MSG134\IVCT_Runtime\apache-tomcat-7.0.78\conf\logging.properties
Dez 05, 2017 4:29:08 PM org.apache.catalina.startup.VersionLoggerListener log
INFORMATION: Command line argument: -Djava.util.logging.manager=org.apache.juli.ClassLoaderLogManager
Dez 05, 2017 4:29:08 PM org.apache.catalina.startup.VersionLoggerListener log
INFORMATION: Command line argument: -Djdk.tls.ephemeralDHKeySize=2048
Dez 05, 2017 4:29:08 PM org.apache.catalina.startup.VersionLoggerListener log
INFORMATION: Command line argument: -Xdebug
Dez 05, 2017 4:29:08 PM org.apache.catalina.startup.VersionLoggerListener log
INFORMATION: Command line argument: -Xrunjdwp:transport=dt_socket,server=y,suspend=n,address=5005
Dez 05, 2017 4:29:08 PM org.apache.catalina.startup.VersionLoggerListener log
INFORMATION: Command line argument: -Djava.endorsed.dirs=C:\Projekte\MSG134\IVCT_Runtime\apache-tomcat-7.0.78\endorsed
Dez 05, 2017 4:29:08 PM org.apache.catalina.startup.VersionLoggerListener log
INFORMATION: Command line argument: -Dcatalina.base=C:\Projekte\MSG134\IVCT_Runtime\apache-tomcat-7.0.78
Dez 05, 2017 4:29:08 PM org.apache.catalina.startup.VersionLoggerListener log
INFORMATION: Command line argument: -Dcatalina.home=C:\Projekte\MSG134\IVCT_Runtime\apache-tomcat-7.0.78
Dez 05, 2017 4:29:08 PM org.apache.catalina.startup.VersionLoggerListener log
INFORMATION: Command line argument: -Djava.io.tmpdir=C:\Projekte\MSG134\IVCT_Runtime\apache-tomcat-7.0.78\temp
Dez 05, 2017 4:29:08 PM org.apache.catalina.core.AprLifecycleListener lifecycleEvent
INFORMATION: The APR based Apache Tomcat Native library which allows optimal performance in production environments was not found on the java.library.path: C:\Program Files\Java\jdk1.8.0_131\bin;C:\Windows\Sun\Java\bin;C:\Windows\system32;C:\Windows;C:\Program Files\prti1516e\lib;C:\ProgramData\Oracle\Java\javapath;C:\Windows\system32;C:\Windows;C:\Windows\System32\Wbem;C:\Windows\System32\WindowsPowerShell\v1.0\;C:\tools\apache-maven-3.5.0\bin;C:\Program Files\Git\cmd;C:\Users\hzg\AppData\Local\Microsoft\WindowsApps;C:\tools\gradle-4.3.1\bin;C:\Users\hzg\AppData\Local\atom\bin;;.
Dez 05, 2017 4:29:08 PM org.apache.coyote.AbstractProtocol init
INFORMATION: Initializing ProtocolHandler ["http-bio-8080"]
Dez 05, 2017 4:29:08 PM org.apache.coyote.AbstractProtocol init
INFORMATION: Initializing ProtocolHandler ["ajp-bio-8009"]
Dez 05, 2017 4:29:08 PM org.apache.catalina.startup.Catalina load
INFORMATION: Initialization processed in 445 ms
Dez 05, 2017 4:29:08 PM org.apache.catalina.core.StandardService startInternal
INFORMATION: Starting service Catalina
Dez 05, 2017 4:29:08 PM org.apache.catalina.core.StandardEngine startInternal
INFORMATION: Starting Servlet Engine: Apache Tomcat/7.0.78
Dez 05, 2017 4:29:08 PM org.apache.catalina.startup.HostConfig deployWAR
INFORMATION: Deploying web application archive C:\Projekte\MSG134\IVCT_Runtime\apache-tomcat-7.0.78\webapps\LogSink.webApp-0.4.1.war
Dez 05, 2017 4:29:08 PM org.apache.catalina.loader.WebappClassLoaderBase validateJarFile
INFORMATION: validateJarFile(C:\Projekte\MSG134\IVCT_Runtime\apache-tomcat-7.0.78\webapps\LogSink.webApp-0.4.1\WEB-INF\lib\javax.servlet-api-3.0.1.jar) - jar not loaded. See Servlet Spec 3.0, section 10.7.2. Offending class: javax/servlet/Servlet.class
Dez 05, 2017 4:29:09 PM org.apache.catalina.startup.TldConfig execute
INFORMATION: At least one JAR was scanned for TLDs yet contained no TLDs. Enable debug logging for this logger for a complete list of JARs that were scanned but no TLDs were found in them. Skipping unneeded JARs during scanning can improve startup time and JSP compilation time.
Dez 05, 2017 4:29:09 PM org.apache.catalina.startup.HostConfig deployWAR
INFORMATION: Deployment of web application archive C:\Projekte\MSG134\IVCT_Runtime\apache-tomcat-7.0.78\webapps\LogSink.webApp-0.4.1.war has finished in 1,088 ms
Dez 05, 2017 4:29:09 PM org.apache.catalina.startup.HostConfig deployWAR
INFORMATION: Deploying web application archive C:\Projekte\MSG134\IVCT_Runtime\apache-tomcat-7.0.78\webapps\nato.ivct.gui.nato.ivct.gui.server.war
Dez 05, 2017 4:29:10 PM org.apache.catalina.deploy.WebXml setVersion
WARNUNG: Unknown version string [3.1]. Default version will be used.
Dez 05, 2017 4:29:10 PM org.apache.catalina.startup.TldConfig execute
INFORMATION: At least one JAR was scanned for TLDs yet contained no TLDs. Enable debug logging for this logger for a complete list of JARs that were scanned but no TLDs were found in them. Skipping unneeded JARs during scanning can improve startup time and JSP compilation time.
Dez 05, 2017 4:29:11 PM org.apache.catalina.startup.HostConfig deployWAR
INFORMATION: Deployment of web application archive C:\Projekte\MSG134\IVCT_Runtime\apache-tomcat-7.0.78\webapps\nato.ivct.gui.nato.ivct.gui.server.war has finished in 1,484 ms
Dez 05, 2017 4:29:11 PM org.apache.catalina.startup.HostConfig deployWAR
INFORMATION: Deploying web application archive C:\Projekte\MSG134\IVCT_Runtime\apache-tomcat-7.0.78\webapps\nato.ivct.gui.nato.ivct.gui.ui.html.war
Dez 05, 2017 4:29:11 PM org.apache.catalina.deploy.WebXml setVersion
WARNUNG: Unknown version string [3.1]. Default version will be used.
Dez 05, 2017 4:29:12 PM org.apache.catalina.startup.TldConfig execute
INFORMATION: At least one JAR was scanned for TLDs yet contained no TLDs. Enable debug logging for this logger for a complete list of JARs that were scanned but no TLDs were found in them. Skipping unneeded JARs during scanning can improve startup time and JSP compilation time.
Dez 05, 2017 4:29:24 PM org.apache.catalina.startup.HostConfig deployWAR
INFORMATION: Deployment of web application archive C:\Projekte\MSG134\IVCT_Runtime\apache-tomcat-7.0.78\webapps\nato.ivct.gui.nato.ivct.gui.ui.html.war has finished in 12,955 ms
Dez 05, 2017 4:29:24 PM org.apache.catalina.startup.HostConfig deployWAR
INFORMATION: Deploying web application archive C:\Projekte\MSG134\IVCT_Runtime\apache-tomcat-7.0.78\webapps\TC.webApp-0.4.1.war
Dez 05, 2017 4:29:24 PM org.apache.catalina.loader.WebappClassLoaderBase validateJarFile
INFORMATION: validateJarFile(C:\Projekte\MSG134\IVCT_Runtime\apache-tomcat-7.0.78\webapps\TC.webApp-0.4.1\WEB-INF\lib\javax.servlet-api-3.0.1.jar) - jar not loaded. See Servlet Spec 3.0, section 10.7.2. Offending class: javax/servlet/Servlet.class
Dez 05, 2017 4:29:25 PM org.apache.catalina.startup.TaglibUriRule body
INFORMATION: TLD skipped. URI: josqltaglib is already defined
Dez 05, 2017 4:29:25 PM org.apache.catalina.startup.TldConfig execute
INFORMATION: At least one JAR was scanned for TLDs yet contained no TLDs. Enable debug logging for this logger for a complete list of JARs that were scanned but no TLDs were found in them. Skipping unneeded JARs during scanning can improve startup time and JSP compilation time.
Dez 05, 2017 4:29:26 PM org.apache.catalina.startup.HostConfig deployWAR
INFORMATION: Deployment of web application archive C:\Projekte\MSG134\IVCT_Runtime\apache-tomcat-7.0.78\webapps\TC.webApp-0.4.1.war has finished in 2,013 ms
Dez 05, 2017 4:29:26 PM org.apache.catalina.startup.HostConfig deployDirectory
INFORMATION: Deploying web application directory C:\Projekte\MSG134\IVCT_Runtime\apache-tomcat-7.0.78\webapps\docs
Dez 05, 2017 4:29:26 PM org.apache.catalina.startup.HostConfig deployDirectory
INFORMATION: Deployment of web application directory C:\Projekte\MSG134\IVCT_Runtime\apache-tomcat-7.0.78\webapps\docs has finished in 37 ms
Dez 05, 2017 4:29:26 PM org.apache.catalina.startup.HostConfig deployDirectory
INFORMATION: Deploying web application directory C:\Projekte\MSG134\IVCT_Runtime\apache-tomcat-7.0.78\webapps\examples
Dez 05, 2017 4:29:26 PM org.apache.catalina.startup.HostConfig deployDirectory
INFORMATION: Deployment of web application directory C:\Projekte\MSG134\IVCT_Runtime\apache-tomcat-7.0.78\webapps\examples has finished in 197 ms
Dez 05, 2017 4:29:26 PM org.apache.catalina.startup.HostConfig deployDirectory
INFORMATION: Deploying web application directory C:\Projekte\MSG134\IVCT_Runtime\apache-tomcat-7.0.78\webapps\host-manager
Dez 05, 2017 4:29:26 PM org.apache.catalina.startup.HostConfig deployDirectory
INFORMATION: Deployment of web application directory C:\Projekte\MSG134\IVCT_Runtime\apache-tomcat-7.0.78\webapps\host-manager has finished in 43 ms
Dez 05, 2017 4:29:26 PM org.apache.catalina.startup.HostConfig deployDirectory
INFORMATION: Deploying web application directory C:\Projekte\MSG134\IVCT_Runtime\apache-tomcat-7.0.78\webapps\manager
Dez 05, 2017 4:29:26 PM org.apache.catalina.startup.HostConfig deployDirectory
INFORMATION: Deployment of web application directory C:\Projekte\MSG134\IVCT_Runtime\apache-tomcat-7.0.78\webapps\manager has finished in 45 ms
Dez 05, 2017 4:29:26 PM org.apache.catalina.startup.HostConfig deployDirectory
INFORMATION: Deploying web application directory C:\Projekte\MSG134\IVCT_Runtime\apache-tomcat-7.0.78\webapps\ROOT
Dez 05, 2017 4:29:26 PM org.apache.catalina.startup.HostConfig deployDirectory
INFORMATION: Deployment of web application directory C:\Projekte\MSG134\IVCT_Runtime\apache-tomcat-7.0.78\webapps\ROOT has finished in 34 ms
Dez 05, 2017 4:29:26 PM org.apache.coyote.AbstractProtocol start
INFORMATION: Starting ProtocolHandler ["http-bio-8080"]
Dez 05, 2017 4:29:26 PM org.apache.coyote.AbstractProtocol start
INFORMATION: Starting ProtocolHandler ["ajp-bio-8009"]
Dez 05, 2017 4:29:26 PM org.apache.catalina.startup.Catalina start
INFORMATION: Server startup in 17969 ms
Dez 05, 2017 4:33:57 PM org.apache.coyote.AbstractProtocol pause
INFORMATION: Pausing ProtocolHandler ["http-bio-8080"]
Dez 05, 2017 4:33:57 PM org.apache.coyote.AbstractProtocol pause
INFORMATION: Pausing ProtocolHandler ["ajp-bio-8009"]
Dez 05, 2017 4:33:57 PM org.apache.catalina.core.StandardService stopInternal
INFORMATION: Stopping service Catalina
Dez 05, 2017 4:33:57 PM org.apache.catalina.loader.WebappClassLoaderBase clearReferencesThreads
SCHWERWIEGEND: The web application [/LogSink.webApp-0.4.1] appears to have started a thread named [ActiveMQ InactivityMonitor ReadCheckTimer] but has failed to stop it. This is very likely to create a memory leak.
Dez 05, 2017 4:33:57 PM org.apache.catalina.loader.WebappClassLoaderBase clearReferencesThreads
SCHWERWIEGEND: The web application [/LogSink.webApp-0.4.1] appears to have started a thread named [ActiveMQ Transport: tcp://localhost/127.0.0.1:61616@59750] but has failed to stop it. This is very likely to create a memory leak.
Dez 05, 2017 4:33:57 PM org.apache.catalina.loader.WebappClassLoaderBase clearReferencesThreads
SCHWERWIEGEND: The web application [/LogSink.webApp-0.4.1] appears to have started a thread named [ActiveMQ InactivityMonitor WriteCheckTimer] but has failed to stop it. This is very likely to create a memory leak.
Dez 05, 2017 4:33:57 PM org.apache.catalina.loader.WebappClassLoaderBase clearReferencesThreads
SCHWERWIEGEND: The web application [/LogSink.webApp-0.4.1] appears to have started a thread named [ActiveMQ Transport: tcp://localhost/127.0.0.1:61616@59751] but has failed to stop it. This is very likely to create a memory leak.
Dez 05, 2017 4:33:57 PM org.apache.catalina.loader.WebappClassLoaderBase clearReferencesThreads
SCHWERWIEGEND: The web application [/LogSink.webApp-0.4.1] appears to have started a thread named [ActiveMQ InactivityMonitor Worker] but has failed to stop it. This is very likely to create a memory leak.
Dez 05, 2017 4:33:57 PM org.apache.catalina.loader.WebappClassLoaderBase clearReferencesThreads
SCHWERWIEGEND: The web application [/TC.webApp-0.4.1] appears to have started a thread named [ActiveMQ InactivityMonitor ReadCheckTimer] but has failed to stop it. This is very likely to create a memory leak.
Dez 05, 2017 4:33:57 PM org.apache.catalina.loader.WebappClassLoaderBase clearReferencesThreads
SCHWERWIEGEND: The web application [/TC.webApp-0.4.1] appears to have started a thread named [ActiveMQ Transport: tcp://localhost/127.0.0.1:61616@59757] but has failed to stop it. This is very likely to create a memory leak.
Dez 05, 2017 4:33:57 PM org.apache.catalina.loader.WebappClassLoaderBase clearReferencesThreads
SCHWERWIEGEND: The web application [/TC.webApp-0.4.1] appears to have started a thread named [ActiveMQ InactivityMonitor WriteCheckTimer] but has failed to stop it. This is very likely to create a memory leak.
Dez 05, 2017 4:33:57 PM org.apache.catalina.loader.WebappClassLoaderBase clearReferencesThreads
SCHWERWIEGEND: The web application [/TC.webApp-0.4.1] appears to have started a thread named [ActiveMQ Transport: tcp://localhost/127.0.0.1:61616@59758] but has failed to stop it. This is very likely to create a memory leak.
Dez 05, 2017 4:33:57 PM org.apache.catalina.loader.WebappClassLoaderBase clearReferencesThreads
SCHWERWIEGEND: The web application [/TC.webApp-0.4.1] appears to have started a thread named [ActiveMQ InactivityMonitor Worker] but has failed to stop it. This is very likely to create a memory leak.
Dez 05, 2017 4:34:46 PM org.apache.catalina.startup.Catalina stopServer
SCHWERWIEGEND: Could not contact localhost:8005. Tomcat may not be running.
Dez 05, 2017 4:34:46 PM org.apache.catalina.startup.Catalina stopServer
SCHWERWIEGEND: Catalina.stop: 
java.net.ConnectException: Connection refused: connect
	at java.net.DualStackPlainSocketImpl.connect0(Native Method)
	at java.net.DualStackPlainSocketImpl.socketConnect(DualStackPlainSocketImpl.java:79)
	at java.net.AbstractPlainSocketImpl.doConnect(AbstractPlainSocketImpl.java:350)
	at java.net.AbstractPlainSocketImpl.connectToAddress(AbstractPlainSocketImpl.java:206)
	at java.net.AbstractPlainSocketImpl.connect(AbstractPlainSocketImpl.java:188)
	at java.net.PlainSocketImpl.connect(PlainSocketImpl.java:172)
	at java.net.SocksSocketImpl.connect(SocksSocketImpl.java:392)
	at java.net.Socket.connect(Socket.java:589)
	at java.net.Socket.connect(Socket.java:538)
	at java.net.Socket.<init>(Socket.java:434)
	at java.net.Socket.<init>(Socket.java:211)
	at org.apache.catalina.startup.Catalina.stopServer(Catalina.java:499)
	at sun.reflect.NativeMethodAccessorImpl.invoke0(Native Method)
	at sun.reflect.NativeMethodAccessorImpl.invoke(NativeMethodAccessorImpl.java:62)
	at sun.reflect.DelegatingMethodAccessorImpl.invoke(DelegatingMethodAccessorImpl.java:43)
	at java.lang.reflect.Method.invoke(Method.java:498)
	at org.apache.catalina.startup.Bootstrap.stopServer(Bootstrap.java:343)
	at org.apache.catalina.startup.Bootstrap.main(Bootstrap.java:430)

Dez 05, 2017 4:35:31 PM org.apache.catalina.startup.VersionLoggerListener log
INFORMATION: Server version:        Apache Tomcat/7.0.78
Dez 05, 2017 4:35:31 PM org.apache.catalina.startup.VersionLoggerListener log
INFORMATION: Server built:          May 10 2017 15:02:19 UTC
Dez 05, 2017 4:35:31 PM org.apache.catalina.startup.VersionLoggerListener log
INFORMATION: Server number:         7.0.78.0
Dez 05, 2017 4:35:31 PM org.apache.catalina.startup.VersionLoggerListener log
INFORMATION: OS Name:               Windows 10
Dez 05, 2017 4:35:31 PM org.apache.catalina.startup.VersionLoggerListener log
INFORMATION: OS Version:            10.0
Dez 05, 2017 4:35:31 PM org.apache.catalina.startup.VersionLoggerListener log
INFORMATION: Architecture:          amd64
Dez 05, 2017 4:35:31 PM org.apache.catalina.startup.VersionLoggerListener log
INFORMATION: Java Home:             C:\Program Files\Java\jdk1.8.0_131\jre
Dez 05, 2017 4:35:31 PM org.apache.catalina.startup.VersionLoggerListener log
INFORMATION: JVM Version:           1.8.0_131-b11
Dez 05, 2017 4:35:31 PM org.apache.catalina.startup.VersionLoggerListener log
INFORMATION: JVM Vendor:            Oracle Corporation
Dez 05, 2017 4:35:31 PM org.apache.catalina.startup.VersionLoggerListener log
INFORMATION: CATALINA_BASE:         C:\Projekte\MSG134\IVCT_Runtime\apache-tomcat-7.0.78
Dez 05, 2017 4:35:31 PM org.apache.catalina.startup.VersionLoggerListener log
INFORMATION: CATALINA_HOME:         C:\Projekte\MSG134\IVCT_Runtime\apache-tomcat-7.0.78
Dez 05, 2017 4:35:31 PM org.apache.catalina.startup.VersionLoggerListener log
INFORMATION: Command line argument: -Djava.util.logging.config.file=C:\Projekte\MSG134\IVCT_Runtime\apache-tomcat-7.0.78\conf\logging.properties
Dez 05, 2017 4:35:31 PM org.apache.catalina.startup.VersionLoggerListener log
INFORMATION: Command line argument: -Djava.util.logging.manager=org.apache.juli.ClassLoaderLogManager
Dez 05, 2017 4:35:31 PM org.apache.catalina.startup.VersionLoggerListener log
INFORMATION: Command line argument: -Djdk.tls.ephemeralDHKeySize=2048
Dez 05, 2017 4:35:31 PM org.apache.catalina.startup.VersionLoggerListener log
INFORMATION: Command line argument: -Xdebug
Dez 05, 2017 4:35:31 PM org.apache.catalina.startup.VersionLoggerListener log
INFORMATION: Command line argument: -Xrunjdwp:transport=dt_socket,server=y,suspend=n,address=5005
Dez 05, 2017 4:35:31 PM org.apache.catalina.startup.VersionLoggerListener log
INFORMATION: Command line argument: -Djava.endorsed.dirs=C:\Projekte\MSG134\IVCT_Runtime\apache-tomcat-7.0.78\endorsed
Dez 05, 2017 4:35:31 PM org.apache.catalina.startup.VersionLoggerListener log
INFORMATION: Command line argument: -Dcatalina.base=C:\Projekte\MSG134\IVCT_Runtime\apache-tomcat-7.0.78
Dez 05, 2017 4:35:31 PM org.apache.catalina.startup.VersionLoggerListener log
INFORMATION: Command line argument: -Dcatalina.home=C:\Projekte\MSG134\IVCT_Runtime\apache-tomcat-7.0.78
Dez 05, 2017 4:35:31 PM org.apache.catalina.startup.VersionLoggerListener log
INFORMATION: Command line argument: -Djava.io.tmpdir=C:\Projekte\MSG134\IVCT_Runtime\apache-tomcat-7.0.78\temp
Dez 05, 2017 4:35:31 PM org.apache.catalina.core.AprLifecycleListener lifecycleEvent
INFORMATION: The APR based Apache Tomcat Native library which allows optimal performance in production environments was not found on the java.library.path: C:\Program Files\Java\jdk1.8.0_131\bin;C:\Windows\Sun\Java\bin;C:\Windows\system32;C:\Windows;C:\Program Files\prti1516e\lib;C:\ProgramData\Oracle\Java\javapath;C:\Windows\system32;C:\Windows;C:\Windows\System32\Wbem;C:\Windows\System32\WindowsPowerShell\v1.0\;C:\tools\apache-maven-3.5.0\bin;C:\Program Files\Git\cmd;C:\Users\hzg\AppData\Local\Microsoft\WindowsApps;C:\tools\gradle-4.3.1\bin;C:\Users\hzg\AppData\Local\atom\bin;;.
Dez 05, 2017 4:35:31 PM org.apache.coyote.AbstractProtocol init
INFORMATION: Initializing ProtocolHandler ["http-bio-8080"]
Dez 05, 2017 4:35:31 PM org.apache.coyote.AbstractProtocol init
INFORMATION: Initializing ProtocolHandler ["ajp-bio-8009"]
Dez 05, 2017 4:35:31 PM org.apache.catalina.startup.Catalina load
INFORMATION: Initialization processed in 433 ms
Dez 05, 2017 4:35:31 PM org.apache.catalina.core.StandardService startInternal
INFORMATION: Starting service Catalina
Dez 05, 2017 4:35:31 PM org.apache.catalina.core.StandardEngine startInternal
INFORMATION: Starting Servlet Engine: Apache Tomcat/7.0.78
Dez 05, 2017 4:35:31 PM org.apache.catalina.startup.HostConfig deployWAR
INFORMATION: Deploying web application archive C:\Projekte\MSG134\IVCT_Runtime\apache-tomcat-7.0.78\webapps\LogSink.webApp-0.4.1.war
Dez 05, 2017 4:35:31 PM org.apache.catalina.loader.WebappClassLoaderBase validateJarFile
INFORMATION: validateJarFile(C:\Projekte\MSG134\IVCT_Runtime\apache-tomcat-7.0.78\webapps\LogSink.webApp-0.4.1\WEB-INF\lib\javax.servlet-api-3.0.1.jar) - jar not loaded. See Servlet Spec 3.0, section 10.7.2. Offending class: javax/servlet/Servlet.class
Dez 05, 2017 4:35:32 PM org.apache.catalina.startup.TldConfig execute
INFORMATION: At least one JAR was scanned for TLDs yet contained no TLDs. Enable debug logging for this logger for a complete list of JARs that were scanned but no TLDs were found in them. Skipping unneeded JARs during scanning can improve startup time and JSP compilation time.
Dez 05, 2017 4:35:33 PM org.apache.catalina.startup.HostConfig deployWAR
INFORMATION: Deployment of web application archive C:\Projekte\MSG134\IVCT_Runtime\apache-tomcat-7.0.78\webapps\LogSink.webApp-0.4.1.war has finished in 1,072 ms
Dez 05, 2017 4:35:33 PM org.apache.catalina.startup.HostConfig deployWAR
INFORMATION: Deploying web application archive C:\Projekte\MSG134\IVCT_Runtime\apache-tomcat-7.0.78\webapps\nato.ivct.gui.nato.ivct.gui.server.war
Dez 05, 2017 4:35:33 PM org.apache.catalina.deploy.WebXml setVersion
WARNUNG: Unknown version string [3.1]. Default version will be used.
Dez 05, 2017 4:35:34 PM org.apache.catalina.startup.TldConfig execute
INFORMATION: At least one JAR was scanned for TLDs yet contained no TLDs. Enable debug logging for this logger for a complete list of JARs that were scanned but no TLDs were found in them. Skipping unneeded JARs during scanning can improve startup time and JSP compilation time.
Dez 05, 2017 4:35:34 PM org.apache.catalina.startup.HostConfig deployWAR
INFORMATION: Deployment of web application archive C:\Projekte\MSG134\IVCT_Runtime\apache-tomcat-7.0.78\webapps\nato.ivct.gui.nato.ivct.gui.server.war has finished in 1,691 ms
Dez 05, 2017 4:35:34 PM org.apache.catalina.startup.HostConfig deployWAR
INFORMATION: Deploying web application archive C:\Projekte\MSG134\IVCT_Runtime\apache-tomcat-7.0.78\webapps\nato.ivct.gui.nato.ivct.gui.ui.html.war
Dez 05, 2017 4:35:34 PM org.apache.catalina.deploy.WebXml setVersion
WARNUNG: Unknown version string [3.1]. Default version will be used.
Dez 05, 2017 4:35:35 PM org.apache.catalina.startup.TldConfig execute
INFORMATION: At least one JAR was scanned for TLDs yet contained no TLDs. Enable debug logging for this logger for a complete list of JARs that were scanned but no TLDs were found in them. Skipping unneeded JARs during scanning can improve startup time and JSP compilation time.
Dez 05, 2017 4:35:47 PM org.apache.catalina.startup.HostConfig deployWAR
INFORMATION: Deployment of web application archive C:\Projekte\MSG134\IVCT_Runtime\apache-tomcat-7.0.78\webapps\nato.ivct.gui.nato.ivct.gui.ui.html.war has finished in 12,947 ms
Dez 05, 2017 4:35:47 PM org.apache.catalina.startup.HostConfig deployWAR
INFORMATION: Deploying web application archive C:\Projekte\MSG134\IVCT_Runtime\apache-tomcat-7.0.78\webapps\TC.webApp-0.4.1.war
Dez 05, 2017 4:35:47 PM org.apache.catalina.loader.WebappClassLoaderBase validateJarFile
INFORMATION: validateJarFile(C:\Projekte\MSG134\IVCT_Runtime\apache-tomcat-7.0.78\webapps\TC.webApp-0.4.1\WEB-INF\lib\javax.servlet-api-3.0.1.jar) - jar not loaded. See Servlet Spec 3.0, section 10.7.2. Offending class: javax/servlet/Servlet.class
Dez 05, 2017 4:35:48 PM org.apache.catalina.startup.TaglibUriRule body
INFORMATION: TLD skipped. URI: josqltaglib is already defined
Dez 05, 2017 4:35:48 PM org.apache.catalina.startup.TldConfig execute
INFORMATION: At least one JAR was scanned for TLDs yet contained no TLDs. Enable debug logging for this logger for a complete list of JARs that were scanned but no TLDs were found in them. Skipping unneeded JARs during scanning can improve startup time and JSP compilation time.
Dez 05, 2017 4:35:49 PM org.apache.catalina.startup.HostConfig deployWAR
INFORMATION: Deployment of web application archive C:\Projekte\MSG134\IVCT_Runtime\apache-tomcat-7.0.78\webapps\TC.webApp-0.4.1.war has finished in 1,811 ms
Dez 05, 2017 4:35:49 PM org.apache.catalina.startup.HostConfig deployDirectory
INFORMATION: Deploying web application directory C:\Projekte\MSG134\IVCT_Runtime\apache-tomcat-7.0.78\webapps\docs
Dez 05, 2017 4:35:49 PM org.apache.catalina.startup.HostConfig deployDirectory
INFORMATION: Deployment of web application directory C:\Projekte\MSG134\IVCT_Runtime\apache-tomcat-7.0.78\webapps\docs has finished in 38 ms
Dez 05, 2017 4:35:49 PM org.apache.catalina.startup.HostConfig deployDirectory
INFORMATION: Deploying web application directory C:\Projekte\MSG134\IVCT_Runtime\apache-tomcat-7.0.78\webapps\examples
Dez 05, 2017 4:35:49 PM org.apache.catalina.startup.HostConfig deployDirectory
INFORMATION: Deployment of web application directory C:\Projekte\MSG134\IVCT_Runtime\apache-tomcat-7.0.78\webapps\examples has finished in 283 ms
Dez 05, 2017 4:35:49 PM org.apache.catalina.startup.HostConfig deployDirectory
INFORMATION: Deploying web application directory C:\Projekte\MSG134\IVCT_Runtime\apache-tomcat-7.0.78\webapps\host-manager
Dez 05, 2017 4:35:49 PM org.apache.catalina.startup.HostConfig deployDirectory
INFORMATION: Deployment of web application directory C:\Projekte\MSG134\IVCT_Runtime\apache-tomcat-7.0.78\webapps\host-manager has finished in 49 ms
Dez 05, 2017 4:35:49 PM org.apache.catalina.startup.HostConfig deployDirectory
INFORMATION: Deploying web application directory C:\Projekte\MSG134\IVCT_Runtime\apache-tomcat-7.0.78\webapps\manager
Dez 05, 2017 4:35:49 PM org.apache.catalina.startup.HostConfig deployDirectory
INFORMATION: Deployment of web application directory C:\Projekte\MSG134\IVCT_Runtime\apache-tomcat-7.0.78\webapps\manager has finished in 31 ms
Dez 05, 2017 4:35:49 PM org.apache.catalina.startup.HostConfig deployDirectory
INFORMATION: Deploying web application directory C:\Projekte\MSG134\IVCT_Runtime\apache-tomcat-7.0.78\webapps\ROOT
Dez 05, 2017 4:35:49 PM org.apache.catalina.startup.HostConfig deployDirectory
INFORMATION: Deployment of web application directory C:\Projekte\MSG134\IVCT_Runtime\apache-tomcat-7.0.78\webapps\ROOT has finished in 22 ms
Dez 05, 2017 4:35:49 PM org.apache.coyote.AbstractProtocol start
INFORMATION: Starting ProtocolHandler ["http-bio-8080"]
Dez 05, 2017 4:35:49 PM org.apache.coyote.AbstractProtocol start
INFORMATION: Starting ProtocolHandler ["ajp-bio-8009"]
Dez 05, 2017 4:35:49 PM org.apache.catalina.startup.Catalina start
INFORMATION: Server startup in 18035 ms
Dez 05, 2017 4:38:05 PM org.apache.coyote.AbstractProtocol pause
INFORMATION: Pausing ProtocolHandler ["http-bio-8080"]
Dez 05, 2017 4:38:05 PM org.apache.coyote.AbstractProtocol pause
INFORMATION: Pausing ProtocolHandler ["ajp-bio-8009"]
Dez 05, 2017 4:38:06 PM org.apache.catalina.core.StandardService stopInternal
INFORMATION: Stopping service Catalina
Dez 05, 2017 4:38:06 PM org.apache.catalina.loader.WebappClassLoaderBase clearReferencesThreads
SCHWERWIEGEND: The web application [/LogSink.webApp-0.4.1] appears to have started a thread named [ActiveMQ InactivityMonitor ReadCheckTimer] but has failed to stop it. This is very likely to create a memory leak.
Dez 05, 2017 4:38:06 PM org.apache.catalina.loader.WebappClassLoaderBase clearReferencesThreads
SCHWERWIEGEND: The web application [/LogSink.webApp-0.4.1] appears to have started a thread named [ActiveMQ Transport: tcp://localhost/127.0.0.1:61616@59805] but has failed to stop it. This is very likely to create a memory leak.
Dez 05, 2017 4:38:06 PM org.apache.catalina.loader.WebappClassLoaderBase clearReferencesThreads
SCHWERWIEGEND: The web application [/LogSink.webApp-0.4.1] appears to have started a thread named [ActiveMQ InactivityMonitor WriteCheckTimer] but has failed to stop it. This is very likely to create a memory leak.
Dez 05, 2017 4:38:06 PM org.apache.catalina.loader.WebappClassLoaderBase clearReferencesThreads
SCHWERWIEGEND: The web application [/LogSink.webApp-0.4.1] appears to have started a thread named [ActiveMQ Transport: tcp://localhost/127.0.0.1:61616@59806] but has failed to stop it. This is very likely to create a memory leak.
Dez 05, 2017 4:38:06 PM org.apache.catalina.loader.WebappClassLoaderBase clearReferencesThreads
SCHWERWIEGEND: The web application [/LogSink.webApp-0.4.1] appears to have started a thread named [ActiveMQ Session Task-4] but has failed to stop it. This is very likely to create a memory leak.
Dez 05, 2017 4:38:06 PM org.apache.catalina.loader.WebappClassLoaderBase clearReferencesThreads
SCHWERWIEGEND: The web application [/LogSink.webApp-0.4.1] appears to have started a thread named [ActiveMQ Session Task-5] but has failed to stop it. This is very likely to create a memory leak.
Dez 05, 2017 4:38:06 PM org.apache.catalina.loader.WebappClassLoaderBase clearReferencesThreads
SCHWERWIEGEND: The web application [/LogSink.webApp-0.4.1] appears to have started a thread named [ActiveMQ Session Task-3] but has failed to stop it. This is very likely to create a memory leak.
Dez 05, 2017 4:38:06 PM org.apache.catalina.loader.WebappClassLoaderBase clearReferencesThreads
SCHWERWIEGEND: The web application [/LogSink.webApp-0.4.1] appears to have started a thread named [ActiveMQ Session Task-4] but has failed to stop it. This is very likely to create a memory leak.
Dez 05, 2017 4:38:06 PM org.apache.catalina.loader.WebappClassLoaderBase clearReferencesThreads
SCHWERWIEGEND: The web application [/LogSink.webApp-0.4.1] appears to have started a thread named [ActiveMQ InactivityMonitor Worker] but has failed to stop it. This is very likely to create a memory leak.
Dez 05, 2017 4:38:06 PM org.apache.catalina.loader.WebappClassLoaderBase clearReferencesThreads
SCHWERWIEGEND: The web application [/TC.webApp-0.4.1] appears to have started a thread named [ActiveMQ InactivityMonitor ReadCheckTimer] but has failed to stop it. This is very likely to create a memory leak.
Dez 05, 2017 4:38:06 PM org.apache.catalina.loader.WebappClassLoaderBase clearReferencesThreads
SCHWERWIEGEND: The web application [/TC.webApp-0.4.1] appears to have started a thread named [ActiveMQ Transport: tcp://localhost/127.0.0.1:61616@59809] but has failed to stop it. This is very likely to create a memory leak.
Dez 05, 2017 4:38:06 PM org.apache.catalina.loader.WebappClassLoaderBase clearReferencesThreads
SCHWERWIEGEND: The web application [/TC.webApp-0.4.1] appears to have started a thread named [ActiveMQ InactivityMonitor WriteCheckTimer] but has failed to stop it. This is very likely to create a memory leak.
Dez 05, 2017 4:38:06 PM org.apache.catalina.loader.WebappClassLoaderBase clearReferencesThreads
SCHWERWIEGEND: The web application [/TC.webApp-0.4.1] appears to have started a thread named [ActiveMQ Transport: tcp://localhost/127.0.0.1:61616@59810] but has failed to stop it. This is very likely to create a memory leak.
Dez 05, 2017 4:38:06 PM org.apache.catalina.loader.WebappClassLoaderBase clearReferencesThreads
SCHWERWIEGEND: The web application [/TC.webApp-0.4.1] appears to have started a thread named [ActiveMQ InactivityMonitor Worker] but has failed to stop it. This is very likely to create a memory leak.
Dez 05, 2017 4:38:06 PM org.apache.catalina.loader.WebappClassLoaderBase clearReferencesThreads
SCHWERWIEGEND: The web application [/TC.webApp-0.4.1] appears to have started a thread named [ActiveMQ Session Task-4] but has failed to stop it. This is very likely to create a memory leak.
Dez 05, 2017 4:38:06 PM org.apache.catalina.loader.WebappClassLoaderBase clearReferencesThreads
SCHWERWIEGEND: The web application [/TC.webApp-0.4.1] appears to have started a thread named [ActiveMQ Session Task-5] but has failed to stop it. This is very likely to create a memory leak.
Dez 05, 2017 4:38:08 PM org.apache.catalina.loader.WebappClassLoaderBase clearReferencesThreads
SCHWERWIEGEND: The web application [/nato.ivct.gui.nato.ivct.gui.server] appears to have started a thread named [http-bio-8080-exec-9] but has failed to stop it. This is very likely to create a memory leak.
Dez 05, 2017 4:38:08 PM org.apache.catalina.loader.WebappClassLoaderBase clearReferencesThreads
SCHWERWIEGEND: The web application [/nato.ivct.gui.nato.ivct.gui.server] appears to have started a thread named [ActiveMQ InactivityMonitor ReadCheckTimer] but has failed to stop it. This is very likely to create a memory leak.
Dez 05, 2017 4:38:08 PM org.apache.catalina.loader.WebappClassLoaderBase clearReferencesThreads
SCHWERWIEGEND: The web application [/nato.ivct.gui.nato.ivct.gui.server] appears to have started a thread named [ActiveMQ Transport: tcp://localhost/127.0.0.1:61616@59820] but has failed to stop it. This is very likely to create a memory leak.
Dez 05, 2017 4:38:08 PM org.apache.catalina.loader.WebappClassLoaderBase clearReferencesThreads
SCHWERWIEGEND: The web application [/nato.ivct.gui.nato.ivct.gui.server] appears to have started a thread named [ActiveMQ InactivityMonitor WriteCheckTimer] but has failed to stop it. This is very likely to create a memory leak.
Dez 05, 2017 4:38:08 PM org.apache.catalina.loader.WebappClassLoaderBase clearReferencesThreads
SCHWERWIEGEND: The web application [/nato.ivct.gui.nato.ivct.gui.server] appears to have started a thread named [ActiveMQ Session Task-1] but has failed to stop it. This is very likely to create a memory leak.
Dez 05, 2017 4:38:08 PM org.apache.catalina.loader.WebappClassLoaderBase clearReferencesThreads
SCHWERWIEGEND: The web application [/nato.ivct.gui.nato.ivct.gui.server] appears to have started a thread named [ActiveMQ Session Task-2] but has failed to stop it. This is very likely to create a memory leak.
Dez 05, 2017 4:38:08 PM org.apache.catalina.loader.WebappClassLoaderBase clearReferencesThreads
SCHWERWIEGEND: The web application [/nato.ivct.gui.nato.ivct.gui.server] appears to have started a thread named [ActiveMQConnection[ID:ILT718-59819-1512488168991-1:1] Scheduler] but has failed to stop it. This is very likely to create a memory leak.
