Nov 08, 2017 8:57:07 AM org.apache.catalina.startup.VersionLoggerListener log
INFORMATION: Server version:        Apache Tomcat/7.0.78
Nov 08, 2017 8:57:07 AM org.apache.catalina.startup.VersionLoggerListener log
INFORMATION: Server built:          May 10 2017 15:02:19 UTC
Nov 08, 2017 8:57:07 AM org.apache.catalina.startup.VersionLoggerListener log
INFORMATION: Server number:         7.0.78.0
Nov 08, 2017 8:57:07 AM org.apache.catalina.startup.VersionLoggerListener log
INFORMATION: OS Name:               Windows 10
Nov 08, 2017 8:57:07 AM org.apache.catalina.startup.VersionLoggerListener log
INFORMATION: OS Version:            10.0
Nov 08, 2017 8:57:07 AM org.apache.catalina.startup.VersionLoggerListener log
INFORMATION: Architecture:          amd64
Nov 08, 2017 8:57:07 AM org.apache.catalina.startup.VersionLoggerListener log
INFORMATION: Java Home:             C:\Program Files\Java\jdk1.8.0_131\jre
Nov 08, 2017 8:57:07 AM org.apache.catalina.startup.VersionLoggerListener log
INFORMATION: JVM Version:           1.8.0_131-b11
Nov 08, 2017 8:57:07 AM org.apache.catalina.startup.VersionLoggerListener log
INFORMATION: JVM Vendor:            Oracle Corporation
Nov 08, 2017 8:57:07 AM org.apache.catalina.startup.VersionLoggerListener log
INFORMATION: CATALINA_BASE:         C:\Projekte\MSG134\IVCT_Runtime\apache-tomcat-7.0.78
Nov 08, 2017 8:57:07 AM org.apache.catalina.startup.VersionLoggerListener log
INFORMATION: CATALINA_HOME:         C:\Projekte\MSG134\IVCT_Runtime\apache-tomcat-7.0.78
Nov 08, 2017 8:57:07 AM org.apache.catalina.startup.VersionLoggerListener log
INFORMATION: Command line argument: -Djava.util.logging.config.file=C:\Projekte\MSG134\IVCT_Runtime\apache-tomcat-7.0.78\conf\logging.properties
Nov 08, 2017 8:57:07 AM org.apache.catalina.startup.VersionLoggerListener log
INFORMATION: Command line argument: -Djava.util.logging.manager=org.apache.juli.ClassLoaderLogManager
Nov 08, 2017 8:57:07 AM org.apache.catalina.startup.VersionLoggerListener log
INFORMATION: Command line argument: -Djdk.tls.ephemeralDHKeySize=2048
Nov 08, 2017 8:57:07 AM org.apache.catalina.startup.VersionLoggerListener log
INFORMATION: Command line argument: -Xdebug
Nov 08, 2017 8:57:07 AM org.apache.catalina.startup.VersionLoggerListener log
INFORMATION: Command line argument: -Xrunjdwp:transport=dt_socket,server=y,suspend=n,address=5005
Nov 08, 2017 8:57:07 AM org.apache.catalina.startup.VersionLoggerListener log
INFORMATION: Command line argument: -Djava.endorsed.dirs=C:\Projekte\MSG134\IVCT_Runtime\apache-tomcat-7.0.78\endorsed
Nov 08, 2017 8:57:07 AM org.apache.catalina.startup.VersionLoggerListener log
INFORMATION: Command line argument: -Dcatalina.base=C:\Projekte\MSG134\IVCT_Runtime\apache-tomcat-7.0.78
Nov 08, 2017 8:57:07 AM org.apache.catalina.startup.VersionLoggerListener log
INFORMATION: Command line argument: -Dcatalina.home=C:\Projekte\MSG134\IVCT_Runtime\apache-tomcat-7.0.78
Nov 08, 2017 8:57:07 AM org.apache.catalina.startup.VersionLoggerListener log
INFORMATION: Command line argument: -Djava.io.tmpdir=C:\Projekte\MSG134\IVCT_Runtime\apache-tomcat-7.0.78\temp
Nov 08, 2017 8:57:07 AM org.apache.catalina.core.AprLifecycleListener lifecycleEvent
INFORMATION: The APR based Apache Tomcat Native library which allows optimal performance in production environments was not found on the java.library.path: C:\Program Files\Java\jdk1.8.0_131\bin;C:\Windows\Sun\Java\bin;C:\Windows\system32;C:\Windows;C:\Program Files\prti1516e\lib;C:\ProgramData\Oracle\Java\javapath;C:\Windows\system32;C:\Windows;C:\Windows\System32\Wbem;C:\Windows\System32\WindowsPowerShell\v1.0\;C:\tools\apache-maven-3.5.0\bin;C:\Program Files\Git\cmd;C:\Users\hzg\AppData\Local\Microsoft\WindowsApps;C:\tools\gradle-3.5\bin;C:\Users\hzg\AppData\Local\atom\bin;.
Nov 08, 2017 8:57:07 AM org.apache.coyote.AbstractProtocol init
INFORMATION: Initializing ProtocolHandler ["http-bio-8080"]
Nov 08, 2017 8:57:07 AM org.apache.coyote.AbstractProtocol init
INFORMATION: Initializing ProtocolHandler ["ajp-bio-8009"]
Nov 08, 2017 8:57:07 AM org.apache.catalina.startup.Catalina load
INFORMATION: Initialization processed in 491 ms
Nov 08, 2017 8:57:07 AM org.apache.catalina.core.StandardService startInternal
INFORMATION: Starting service Catalina
Nov 08, 2017 8:57:07 AM org.apache.catalina.core.StandardEngine startInternal
INFORMATION: Starting Servlet Engine: Apache Tomcat/7.0.78
Nov 08, 2017 8:57:07 AM org.apache.catalina.startup.HostConfig deployWAR
INFORMATION: Deploying web application archive C:\Projekte\MSG134\IVCT_Runtime\apache-tomcat-7.0.78\webapps\LogSink.webApp-0.4.1.war
Nov 08, 2017 8:57:07 AM org.apache.catalina.loader.WebappClassLoaderBase validateJarFile
INFORMATION: validateJarFile(C:\Projekte\MSG134\IVCT_Runtime\apache-tomcat-7.0.78\webapps\LogSink.webApp-0.4.1\WEB-INF\lib\javax.servlet-api-3.0.1.jar) - jar not loaded. See Servlet Spec 3.0, section 10.7.2. Offending class: javax/servlet/Servlet.class
Nov 08, 2017 8:57:08 AM org.apache.catalina.startup.TldConfig execute
INFORMATION: At least one JAR was scanned for TLDs yet contained no TLDs. Enable debug logging for this logger for a complete list of JARs that were scanned but no TLDs were found in them. Skipping unneeded JARs during scanning can improve startup time and JSP compilation time.
Nov 08, 2017 8:57:08 AM org.apache.catalina.startup.HostConfig deployWAR
INFORMATION: Deployment of web application archive C:\Projekte\MSG134\IVCT_Runtime\apache-tomcat-7.0.78\webapps\LogSink.webApp-0.4.1.war has finished in 1,166 ms
Nov 08, 2017 8:57:08 AM org.apache.catalina.startup.HostConfig deployWAR
INFORMATION: Deploying web application archive C:\Projekte\MSG134\IVCT_Runtime\apache-tomcat-7.0.78\webapps\nato.ivct.gui.nato.ivct.gui.server.war
Nov 08, 2017 8:57:08 AM org.apache.catalina.deploy.WebXml setVersion
WARNUNG: Unknown version string [3.1]. Default version will be used.
Nov 08, 2017 8:57:09 AM org.apache.catalina.startup.TldConfig execute
INFORMATION: At least one JAR was scanned for TLDs yet contained no TLDs. Enable debug logging for this logger for a complete list of JARs that were scanned but no TLDs were found in them. Skipping unneeded JARs during scanning can improve startup time and JSP compilation time.
Nov 08, 2017 8:57:10 AM org.apache.catalina.startup.HostConfig deployWAR
INFORMATION: Deployment of web application archive C:\Projekte\MSG134\IVCT_Runtime\apache-tomcat-7.0.78\webapps\nato.ivct.gui.nato.ivct.gui.server.war has finished in 1,530 ms
Nov 08, 2017 8:57:10 AM org.apache.catalina.startup.HostConfig deployWAR
INFORMATION: Deploying web application archive C:\Projekte\MSG134\IVCT_Runtime\apache-tomcat-7.0.78\webapps\nato.ivct.gui.nato.ivct.gui.ui.html.war
Nov 08, 2017 8:57:10 AM org.apache.catalina.deploy.WebXml setVersion
WARNUNG: Unknown version string [3.1]. Default version will be used.
Nov 08, 2017 8:57:11 AM org.apache.catalina.startup.TldConfig execute
INFORMATION: At least one JAR was scanned for TLDs yet contained no TLDs. Enable debug logging for this logger for a complete list of JARs that were scanned but no TLDs were found in them. Skipping unneeded JARs during scanning can improve startup time and JSP compilation time.
Nov 08, 2017 8:57:24 AM org.apache.catalina.startup.HostConfig deployWAR
INFORMATION: Deployment of web application archive C:\Projekte\MSG134\IVCT_Runtime\apache-tomcat-7.0.78\webapps\nato.ivct.gui.nato.ivct.gui.ui.html.war has finished in 13,788 ms
Nov 08, 2017 8:57:24 AM org.apache.catalina.startup.HostConfig deployWAR
INFORMATION: Deploying web application archive C:\Projekte\MSG134\IVCT_Runtime\apache-tomcat-7.0.78\webapps\TC.webApp-0.4.1.war
Nov 08, 2017 8:57:24 AM org.apache.catalina.loader.WebappClassLoaderBase validateJarFile
INFORMATION: validateJarFile(C:\Projekte\MSG134\IVCT_Runtime\apache-tomcat-7.0.78\webapps\TC.webApp-0.4.1\WEB-INF\lib\javax.servlet-api-3.0.1.jar) - jar not loaded. See Servlet Spec 3.0, section 10.7.2. Offending class: javax/servlet/Servlet.class
Nov 08, 2017 8:57:25 AM org.apache.catalina.startup.TaglibUriRule body
INFORMATION: TLD skipped. URI: josqltaglib is already defined
Nov 08, 2017 8:57:25 AM org.apache.catalina.startup.TldConfig execute
INFORMATION: At least one JAR was scanned for TLDs yet contained no TLDs. Enable debug logging for this logger for a complete list of JARs that were scanned but no TLDs were found in them. Skipping unneeded JARs during scanning can improve startup time and JSP compilation time.
Nov 08, 2017 8:57:26 AM org.apache.catalina.startup.HostConfig deployWAR
INFORMATION: Deployment of web application archive C:\Projekte\MSG134\IVCT_Runtime\apache-tomcat-7.0.78\webapps\TC.webApp-0.4.1.war has finished in 2,242 ms
Nov 08, 2017 8:57:26 AM org.apache.catalina.startup.HostConfig deployDirectory
INFORMATION: Deploying web application directory C:\Projekte\MSG134\IVCT_Runtime\apache-tomcat-7.0.78\webapps\docs
Nov 08, 2017 8:57:26 AM org.apache.catalina.startup.HostConfig deployDirectory
INFORMATION: Deployment of web application directory C:\Projekte\MSG134\IVCT_Runtime\apache-tomcat-7.0.78\webapps\docs has finished in 31 ms
Nov 08, 2017 8:57:26 AM org.apache.catalina.startup.HostConfig deployDirectory
INFORMATION: Deploying web application directory C:\Projekte\MSG134\IVCT_Runtime\apache-tomcat-7.0.78\webapps\examples
Nov 08, 2017 8:57:26 AM org.apache.catalina.startup.HostConfig deployDirectory
INFORMATION: Deployment of web application directory C:\Projekte\MSG134\IVCT_Runtime\apache-tomcat-7.0.78\webapps\examples has finished in 229 ms
Nov 08, 2017 8:57:26 AM org.apache.catalina.startup.HostConfig deployDirectory
INFORMATION: Deploying web application directory C:\Projekte\MSG134\IVCT_Runtime\apache-tomcat-7.0.78\webapps\host-manager
Nov 08, 2017 8:57:26 AM org.apache.catalina.startup.HostConfig deployDirectory
INFORMATION: Deployment of web application directory C:\Projekte\MSG134\IVCT_Runtime\apache-tomcat-7.0.78\webapps\host-manager has finished in 40 ms
Nov 08, 2017 8:57:26 AM org.apache.catalina.startup.HostConfig deployDirectory
INFORMATION: Deploying web application directory C:\Projekte\MSG134\IVCT_Runtime\apache-tomcat-7.0.78\webapps\manager
Nov 08, 2017 8:57:26 AM org.apache.catalina.startup.HostConfig deployDirectory
INFORMATION: Deployment of web application directory C:\Projekte\MSG134\IVCT_Runtime\apache-tomcat-7.0.78\webapps\manager has finished in 41 ms
Nov 08, 2017 8:57:26 AM org.apache.catalina.startup.HostConfig deployDirectory
INFORMATION: Deploying web application directory C:\Projekte\MSG134\IVCT_Runtime\apache-tomcat-7.0.78\webapps\ROOT
Nov 08, 2017 8:57:26 AM org.apache.catalina.startup.HostConfig deployDirectory
INFORMATION: Deployment of web application directory C:\Projekte\MSG134\IVCT_Runtime\apache-tomcat-7.0.78\webapps\ROOT has finished in 29 ms
Nov 08, 2017 8:57:26 AM org.apache.coyote.AbstractProtocol start
INFORMATION: Starting ProtocolHandler ["http-bio-8080"]
Nov 08, 2017 8:57:26 AM org.apache.coyote.AbstractProtocol start
INFORMATION: Starting ProtocolHandler ["ajp-bio-8009"]
Nov 08, 2017 8:57:26 AM org.apache.catalina.startup.Catalina start
INFORMATION: Server startup in 19167 ms
Nov 08, 2017 9:01:49 AM org.apache.coyote.AbstractProtocol pause
INFORMATION: Pausing ProtocolHandler ["http-bio-8080"]
Nov 08, 2017 9:01:49 AM org.apache.coyote.AbstractProtocol pause
INFORMATION: Pausing ProtocolHandler ["ajp-bio-8009"]
Nov 08, 2017 9:01:49 AM org.apache.catalina.core.StandardService stopInternal
INFORMATION: Stopping service Catalina
Nov 08, 2017 9:01:49 AM org.apache.catalina.loader.WebappClassLoaderBase clearReferencesThreads
SCHWERWIEGEND: The web application [/LogSink.webApp-0.4.1] appears to have started a thread named [ActiveMQ InactivityMonitor ReadCheckTimer] but has failed to stop it. This is very likely to create a memory leak.
Nov 08, 2017 9:01:49 AM org.apache.catalina.loader.WebappClassLoaderBase clearReferencesThreads
SCHWERWIEGEND: The web application [/LogSink.webApp-0.4.1] appears to have started a thread named [ActiveMQ Transport: tcp://localhost/127.0.0.1:61616@54826] but has failed to stop it. This is very likely to create a memory leak.
Nov 08, 2017 9:01:49 AM org.apache.catalina.loader.WebappClassLoaderBase clearReferencesThreads
SCHWERWIEGEND: The web application [/LogSink.webApp-0.4.1] appears to have started a thread named [ActiveMQ InactivityMonitor WriteCheckTimer] but has failed to stop it. This is very likely to create a memory leak.
Nov 08, 2017 9:01:49 AM org.apache.catalina.loader.WebappClassLoaderBase clearReferencesThreads
SCHWERWIEGEND: The web application [/LogSink.webApp-0.4.1] appears to have started a thread named [ActiveMQ Transport: tcp://localhost/127.0.0.1:61616@54827] but has failed to stop it. This is very likely to create a memory leak.
Nov 08, 2017 9:01:49 AM org.apache.catalina.loader.WebappClassLoaderBase clearReferencesThreads
SCHWERWIEGEND: The web application [/LogSink.webApp-0.4.1] appears to have started a thread named [ActiveMQ Session Task-4] but has failed to stop it. This is very likely to create a memory leak.
Nov 08, 2017 9:01:49 AM org.apache.catalina.loader.WebappClassLoaderBase clearReferencesThreads
SCHWERWIEGEND: The web application [/LogSink.webApp-0.4.1] appears to have started a thread named [ActiveMQ Session Task-5] but has failed to stop it. This is very likely to create a memory leak.
Nov 08, 2017 9:01:49 AM org.apache.catalina.loader.WebappClassLoaderBase clearReferencesThreads
SCHWERWIEGEND: The web application [/LogSink.webApp-0.4.1] appears to have started a thread named [ActiveMQ Session Task-4] but has failed to stop it. This is very likely to create a memory leak.
Nov 08, 2017 9:01:49 AM org.apache.catalina.loader.WebappClassLoaderBase clearReferencesThreads
SCHWERWIEGEND: The web application [/LogSink.webApp-0.4.1] appears to have started a thread named [ActiveMQ InactivityMonitor Worker] but has failed to stop it. This is very likely to create a memory leak.
Nov 08, 2017 9:01:49 AM org.apache.catalina.loader.WebappClassLoaderBase clearReferencesThreads
SCHWERWIEGEND: The web application [/TC.webApp-0.4.1] appears to have started a thread named [ActiveMQ InactivityMonitor ReadCheckTimer] but has failed to stop it. This is very likely to create a memory leak.
Nov 08, 2017 9:01:49 AM org.apache.catalina.loader.WebappClassLoaderBase clearReferencesThreads
SCHWERWIEGEND: The web application [/TC.webApp-0.4.1] appears to have started a thread named [ActiveMQ Transport: tcp://localhost/127.0.0.1:61616@54852] but has failed to stop it. This is very likely to create a memory leak.
Nov 08, 2017 9:01:49 AM org.apache.catalina.loader.WebappClassLoaderBase clearReferencesThreads
SCHWERWIEGEND: The web application [/TC.webApp-0.4.1] appears to have started a thread named [ActiveMQ InactivityMonitor WriteCheckTimer] but has failed to stop it. This is very likely to create a memory leak.
Nov 08, 2017 9:01:49 AM org.apache.catalina.loader.WebappClassLoaderBase clearReferencesThreads
SCHWERWIEGEND: The web application [/TC.webApp-0.4.1] appears to have started a thread named [ActiveMQ Transport: tcp://localhost/127.0.0.1:61616@54853] but has failed to stop it. This is very likely to create a memory leak.
Nov 08, 2017 9:01:49 AM org.apache.catalina.loader.WebappClassLoaderBase clearReferencesThreads
SCHWERWIEGEND: The web application [/TC.webApp-0.4.1] appears to have started a thread named [ActiveMQ Session Task-4] but has failed to stop it. This is very likely to create a memory leak.
Nov 08, 2017 9:01:49 AM org.apache.catalina.loader.WebappClassLoaderBase clearReferencesThreads
SCHWERWIEGEND: The web application [/TC.webApp-0.4.1] appears to have started a thread named [ActiveMQ Session Task-5] but has failed to stop it. This is very likely to create a memory leak.
Nov 08, 2017 9:01:49 AM org.apache.catalina.loader.WebappClassLoaderBase clearReferencesThreads
SCHWERWIEGEND: The web application [/TC.webApp-0.4.1] appears to have started a thread named [ActiveMQ InactivityMonitor Worker] but has failed to stop it. This is very likely to create a memory leak.
Nov 08, 2017 9:01:51 AM org.apache.catalina.loader.WebappClassLoaderBase clearReferencesThreads
SCHWERWIEGEND: The web application [/nato.ivct.gui.nato.ivct.gui.server] is still processing a request that has yet to finish. This is very likely to create a memory leak. You can control the time allowed for requests to finish by using the unloadDelay attribute of the standard Context implementation.
Nov 08, 2017 9:01:51 AM org.apache.catalina.loader.WebappClassLoaderBase clearReferencesThreads
SCHWERWIEGEND: The web application [/nato.ivct.gui.nato.ivct.gui.server] appears to have started a thread named [ActiveMQ InactivityMonitor ReadCheckTimer] but has failed to stop it. This is very likely to create a memory leak.
Nov 08, 2017 9:01:51 AM org.apache.catalina.loader.WebappClassLoaderBase clearReferencesThreads
SCHWERWIEGEND: The web application [/nato.ivct.gui.nato.ivct.gui.server] appears to have started a thread named [ActiveMQ Transport: tcp://localhost/127.0.0.1:61616@54874] but has failed to stop it. This is very likely to create a memory leak.
Nov 08, 2017 9:01:51 AM org.apache.catalina.loader.WebappClassLoaderBase clearReferencesThreads
SCHWERWIEGEND: The web application [/nato.ivct.gui.nato.ivct.gui.server] appears to have started a thread named [ActiveMQ InactivityMonitor WriteCheckTimer] but has failed to stop it. This is very likely to create a memory leak.
Nov 08, 2017 9:01:51 AM org.apache.catalina.loader.WebappClassLoaderBase clearReferencesThreads
SCHWERWIEGEND: The web application [/nato.ivct.gui.nato.ivct.gui.server] appears to have started a thread named [ActiveMQ Session Task-3] but has failed to stop it. This is very likely to create a memory leak.
Nov 08, 2017 9:01:51 AM org.apache.catalina.loader.WebappClassLoaderBase clearReferencesThreads
SCHWERWIEGEND: The web application [/nato.ivct.gui.nato.ivct.gui.server] appears to have started a thread named [ActiveMQ Session Task-4] but has failed to stop it. This is very likely to create a memory leak.
Nov 08, 2017 9:01:51 AM org.apache.catalina.loader.WebappClassLoaderBase clearReferencesThreads
SCHWERWIEGEND: The web application [/nato.ivct.gui.nato.ivct.gui.server] appears to have started a thread named [ActiveMQ InactivityMonitor Worker] but has failed to stop it. This is very likely to create a memory leak.
Nov 08, 2017 9:01:51 AM org.apache.catalina.loader.WebappClassLoaderBase checkThreadLocalMapForLeaks
SCHWERWIEGEND: The web application [/nato.ivct.gui.nato.ivct.gui.server] created a ThreadLocal with key of type [java.lang.ThreadLocal] (value [java.lang.ThreadLocal@2c2ba94e]) and a value of type [org.eclipse.scout.rt.server.commons.authentication.SecureHttpServletRequestWrapper] (value [org.eclipse.scout.rt.server.commons.authentication.SecureHttpServletRequestWrapper@607964a1]) but failed to remove it when the web application was stopped. Threads are going to be renewed over time to try and avoid a probable memory leak.
Nov 08, 2017 9:01:51 AM org.apache.catalina.loader.WebappClassLoaderBase checkThreadLocalMapForLeaks
SCHWERWIEGEND: The web application [/nato.ivct.gui.nato.ivct.gui.server] created a ThreadLocal with key of type [java.lang.ThreadLocal] (value [java.lang.ThreadLocal@53284a80]) and a value of type [org.eclipse.scout.rt.platform.context.RunMonitor] (value [org.eclipse.scout.rt.platform.context.RunMonitor@752340d4]) but failed to remove it when the web application was stopped. Threads are going to be renewed over time to try and avoid a probable memory leak.
Nov 08, 2017 9:01:51 AM org.apache.catalina.loader.WebappClassLoaderBase checkThreadLocalMapForLeaks
SCHWERWIEGEND: Unable to determine string representation of value of type [org.eclipse.scout.rt.server.context.ServerRunContext]
java.lang.NullPointerException
	at org.eclipse.scout.rt.platform.BEANS.opt(BEANS.java:55)
	at org.eclipse.scout.rt.platform.BEANS.get(BEANS.java:41)
	at org.eclipse.scout.rt.shared.ui.UserAgent.createIdentifier(UserAgent.java:84)
	at org.eclipse.scout.rt.shared.ui.UserAgent.toString(UserAgent.java:80)
	at java.lang.String.valueOf(String.java:2994)
	at java.lang.StringBuilder.append(StringBuilder.java:131)
	at java.util.AbstractMap$SimpleEntry.toString(AbstractMap.java:724)
	at org.eclipse.scout.rt.platform.util.StringUtility.join(StringUtility.java:1440)
	at org.eclipse.scout.rt.platform.util.StringUtility.join(StringUtility.java:1473)
	at org.eclipse.scout.rt.platform.util.ToStringBuilder.toString(ToStringBuilder.java:208)
	at org.eclipse.scout.rt.platform.context.RunContext.toString(RunContext.java:431)
	at org.apache.catalina.loader.WebappClassLoaderBase.checkThreadLocalMapForLeaks(WebappClassLoaderBase.java:2798)
	at org.apache.catalina.loader.WebappClassLoaderBase.checkThreadLocalsForLeaks(WebappClassLoaderBase.java:2724)
	at org.apache.catalina.loader.WebappClassLoaderBase.clearReferences(WebappClassLoaderBase.java:2229)
	at org.apache.catalina.loader.WebappClassLoaderBase.stop(WebappClassLoaderBase.java:2123)
	at org.apache.catalina.loader.WebappLoader.stopInternal(WebappLoader.java:663)
	at org.apache.catalina.util.LifecycleBase.stop(LifecycleBase.java:221)
	at org.apache.catalina.core.StandardContext.stopInternal(StandardContext.java:5872)
	at org.apache.catalina.util.LifecycleBase.stop(LifecycleBase.java:221)
	at org.apache.catalina.core.ContainerBase$StopChild.call(ContainerBase.java:1587)
	at org.apache.catalina.core.ContainerBase$StopChild.call(ContainerBase.java:1576)
	at java.util.concurrent.FutureTask.run(FutureTask.java:266)
	at java.util.concurrent.ThreadPoolExecutor.runWorker(ThreadPoolExecutor.java:1142)
	at java.util.concurrent.ThreadPoolExecutor$Worker.run(ThreadPoolExecutor.java:617)
	at java.lang.Thread.run(Thread.java:748)

Nov 08, 2017 9:01:51 AM org.apache.catalina.loader.WebappClassLoaderBase checkThreadLocalMapForLeaks
SCHWERWIEGEND: The web application [/nato.ivct.gui.nato.ivct.gui.server] created a ThreadLocal with key of type [java.lang.ThreadLocal] (value [java.lang.ThreadLocal@4da1d7fe]) and a value of type [org.eclipse.scout.rt.server.context.ServerRunContext] (value [Unknown]) but failed to remove it when the web application was stopped. Threads are going to be renewed over time to try and avoid a probable memory leak.
Nov 08, 2017 10:43:01 AM org.apache.catalina.startup.VersionLoggerListener log
INFORMATION: Server version:        Apache Tomcat/7.0.78
Nov 08, 2017 10:43:01 AM org.apache.catalina.startup.VersionLoggerListener log
INFORMATION: Server built:          May 10 2017 15:02:19 UTC
Nov 08, 2017 10:43:01 AM org.apache.catalina.startup.VersionLoggerListener log
INFORMATION: Server number:         7.0.78.0
Nov 08, 2017 10:43:01 AM org.apache.catalina.startup.VersionLoggerListener log
INFORMATION: OS Name:               Windows 10
Nov 08, 2017 10:43:01 AM org.apache.catalina.startup.VersionLoggerListener log
INFORMATION: OS Version:            10.0
Nov 08, 2017 10:43:01 AM org.apache.catalina.startup.VersionLoggerListener log
INFORMATION: Architecture:          amd64
Nov 08, 2017 10:43:01 AM org.apache.catalina.startup.VersionLoggerListener log
INFORMATION: Java Home:             C:\Program Files\Java\jdk1.8.0_131\jre
Nov 08, 2017 10:43:01 AM org.apache.catalina.startup.VersionLoggerListener log
INFORMATION: JVM Version:           1.8.0_131-b11
Nov 08, 2017 10:43:01 AM org.apache.catalina.startup.VersionLoggerListener log
INFORMATION: JVM Vendor:            Oracle Corporation
Nov 08, 2017 10:43:01 AM org.apache.catalina.startup.VersionLoggerListener log
INFORMATION: CATALINA_BASE:         C:\Projekte\MSG134\IVCT_Runtime\apache-tomcat-7.0.78
Nov 08, 2017 10:43:01 AM org.apache.catalina.startup.VersionLoggerListener log
INFORMATION: CATALINA_HOME:         C:\Projekte\MSG134\IVCT_Runtime\apache-tomcat-7.0.78
Nov 08, 2017 10:43:01 AM org.apache.catalina.startup.VersionLoggerListener log
INFORMATION: Command line argument: -Djava.util.logging.config.file=C:\Projekte\MSG134\IVCT_Runtime\apache-tomcat-7.0.78\conf\logging.properties
Nov 08, 2017 10:43:01 AM org.apache.catalina.startup.VersionLoggerListener log
INFORMATION: Command line argument: -Djava.util.logging.manager=org.apache.juli.ClassLoaderLogManager
Nov 08, 2017 10:43:01 AM org.apache.catalina.startup.VersionLoggerListener log
INFORMATION: Command line argument: -Djdk.tls.ephemeralDHKeySize=2048
Nov 08, 2017 10:43:01 AM org.apache.catalina.startup.VersionLoggerListener log
INFORMATION: Command line argument: -Xdebug
Nov 08, 2017 10:43:01 AM org.apache.catalina.startup.VersionLoggerListener log
INFORMATION: Command line argument: -Xrunjdwp:transport=dt_socket,server=y,suspend=n,address=5005
Nov 08, 2017 10:43:01 AM org.apache.catalina.startup.VersionLoggerListener log
INFORMATION: Command line argument: -Djava.endorsed.dirs=C:\Projekte\MSG134\IVCT_Runtime\apache-tomcat-7.0.78\endorsed
Nov 08, 2017 10:43:01 AM org.apache.catalina.startup.VersionLoggerListener log
INFORMATION: Command line argument: -Dcatalina.base=C:\Projekte\MSG134\IVCT_Runtime\apache-tomcat-7.0.78
Nov 08, 2017 10:43:01 AM org.apache.catalina.startup.VersionLoggerListener log
INFORMATION: Command line argument: -Dcatalina.home=C:\Projekte\MSG134\IVCT_Runtime\apache-tomcat-7.0.78
Nov 08, 2017 10:43:01 AM org.apache.catalina.startup.VersionLoggerListener log
INFORMATION: Command line argument: -Djava.io.tmpdir=C:\Projekte\MSG134\IVCT_Runtime\apache-tomcat-7.0.78\temp
Nov 08, 2017 10:43:01 AM org.apache.catalina.core.AprLifecycleListener lifecycleEvent
INFORMATION: The APR based Apache Tomcat Native library which allows optimal performance in production environments was not found on the java.library.path: C:\Program Files\Java\jdk1.8.0_131\bin;C:\Windows\Sun\Java\bin;C:\Windows\system32;C:\Windows;C:\Program Files\prti1516e\lib;C:\ProgramData\Oracle\Java\javapath;C:\Windows\system32;C:\Windows;C:\Windows\System32\Wbem;C:\Windows\System32\WindowsPowerShell\v1.0\;C:\tools\apache-maven-3.5.0\bin;C:\Program Files\Git\cmd;C:\Users\hzg\AppData\Local\Microsoft\WindowsApps;C:\tools\gradle-3.5\bin;C:\Users\hzg\AppData\Local\atom\bin;.
Nov 08, 2017 10:43:01 AM org.apache.coyote.AbstractProtocol init
INFORMATION: Initializing ProtocolHandler ["http-bio-8080"]
Nov 08, 2017 10:43:01 AM org.apache.coyote.AbstractProtocol init
INFORMATION: Initializing ProtocolHandler ["ajp-bio-8009"]
Nov 08, 2017 10:43:01 AM org.apache.catalina.startup.Catalina load
INFORMATION: Initialization processed in 444 ms
Nov 08, 2017 10:43:01 AM org.apache.catalina.core.StandardService startInternal
INFORMATION: Starting service Catalina
Nov 08, 2017 10:43:01 AM org.apache.catalina.core.StandardEngine startInternal
INFORMATION: Starting Servlet Engine: Apache Tomcat/7.0.78
Nov 08, 2017 10:43:01 AM org.apache.catalina.startup.HostConfig deployWAR
INFORMATION: Deploying web application archive C:\Projekte\MSG134\IVCT_Runtime\apache-tomcat-7.0.78\webapps\LogSink.webApp-0.4.1.war
Nov 08, 2017 10:43:01 AM org.apache.catalina.loader.WebappClassLoaderBase validateJarFile
INFORMATION: validateJarFile(C:\Projekte\MSG134\IVCT_Runtime\apache-tomcat-7.0.78\webapps\LogSink.webApp-0.4.1\WEB-INF\lib\javax.servlet-api-3.0.1.jar) - jar not loaded. See Servlet Spec 3.0, section 10.7.2. Offending class: javax/servlet/Servlet.class
Nov 08, 2017 10:43:01 AM org.apache.catalina.startup.TldConfig execute
INFORMATION: At least one JAR was scanned for TLDs yet contained no TLDs. Enable debug logging for this logger for a complete list of JARs that were scanned but no TLDs were found in them. Skipping unneeded JARs during scanning can improve startup time and JSP compilation time.
Nov 08, 2017 10:43:02 AM org.apache.catalina.startup.HostConfig deployWAR
INFORMATION: Deployment of web application archive C:\Projekte\MSG134\IVCT_Runtime\apache-tomcat-7.0.78\webapps\LogSink.webApp-0.4.1.war has finished in 1,106 ms
Nov 08, 2017 10:43:02 AM org.apache.catalina.startup.HostConfig deployWAR
INFORMATION: Deploying web application archive C:\Projekte\MSG134\IVCT_Runtime\apache-tomcat-7.0.78\webapps\nato.ivct.gui.nato.ivct.gui.server.war
Nov 08, 2017 10:43:02 AM org.apache.catalina.deploy.WebXml setVersion
WARNUNG: Unknown version string [3.1]. Default version will be used.
Nov 08, 2017 10:43:03 AM org.apache.catalina.startup.TldConfig execute
INFORMATION: At least one JAR was scanned for TLDs yet contained no TLDs. Enable debug logging for this logger for a complete list of JARs that were scanned but no TLDs were found in them. Skipping unneeded JARs during scanning can improve startup time and JSP compilation time.
Nov 08, 2017 10:43:03 AM org.apache.catalina.startup.HostConfig deployWAR
INFORMATION: Deployment of web application archive C:\Projekte\MSG134\IVCT_Runtime\apache-tomcat-7.0.78\webapps\nato.ivct.gui.nato.ivct.gui.server.war has finished in 1,533 ms
Nov 08, 2017 10:43:03 AM org.apache.catalina.startup.HostConfig deployWAR
INFORMATION: Deploying web application archive C:\Projekte\MSG134\IVCT_Runtime\apache-tomcat-7.0.78\webapps\nato.ivct.gui.nato.ivct.gui.ui.html.war
Nov 08, 2017 10:43:04 AM org.apache.catalina.deploy.WebXml setVersion
WARNUNG: Unknown version string [3.1]. Default version will be used.
Nov 08, 2017 10:43:04 AM org.apache.catalina.startup.TldConfig execute
INFORMATION: At least one JAR was scanned for TLDs yet contained no TLDs. Enable debug logging for this logger for a complete list of JARs that were scanned but no TLDs were found in them. Skipping unneeded JARs during scanning can improve startup time and JSP compilation time.
Nov 08, 2017 10:43:17 AM org.apache.catalina.startup.HostConfig deployWAR
INFORMATION: Deployment of web application archive C:\Projekte\MSG134\IVCT_Runtime\apache-tomcat-7.0.78\webapps\nato.ivct.gui.nato.ivct.gui.ui.html.war has finished in 13,096 ms
Nov 08, 2017 10:43:17 AM org.apache.catalina.startup.HostConfig deployWAR
INFORMATION: Deploying web application archive C:\Projekte\MSG134\IVCT_Runtime\apache-tomcat-7.0.78\webapps\TC.webApp-0.4.1.war
Nov 08, 2017 10:43:17 AM org.apache.catalina.loader.WebappClassLoaderBase validateJarFile
INFORMATION: validateJarFile(C:\Projekte\MSG134\IVCT_Runtime\apache-tomcat-7.0.78\webapps\TC.webApp-0.4.1\WEB-INF\lib\javax.servlet-api-3.0.1.jar) - jar not loaded. See Servlet Spec 3.0, section 10.7.2. Offending class: javax/servlet/Servlet.class
Nov 08, 2017 10:43:18 AM org.apache.catalina.startup.TaglibUriRule body
INFORMATION: TLD skipped. URI: josqltaglib is already defined
Nov 08, 2017 10:43:18 AM org.apache.catalina.startup.TldConfig execute
INFORMATION: At least one JAR was scanned for TLDs yet contained no TLDs. Enable debug logging for this logger for a complete list of JARs that were scanned but no TLDs were found in them. Skipping unneeded JARs during scanning can improve startup time and JSP compilation time.
Nov 08, 2017 10:43:18 AM org.apache.catalina.startup.HostConfig deployWAR
INFORMATION: Deployment of web application archive C:\Projekte\MSG134\IVCT_Runtime\apache-tomcat-7.0.78\webapps\TC.webApp-0.4.1.war has finished in 1,801 ms
Nov 08, 2017 10:43:18 AM org.apache.catalina.startup.HostConfig deployDirectory
INFORMATION: Deploying web application directory C:\Projekte\MSG134\IVCT_Runtime\apache-tomcat-7.0.78\webapps\docs
Nov 08, 2017 10:43:18 AM org.apache.catalina.startup.HostConfig deployDirectory
INFORMATION: Deployment of web application directory C:\Projekte\MSG134\IVCT_Runtime\apache-tomcat-7.0.78\webapps\docs has finished in 29 ms
Nov 08, 2017 10:43:18 AM org.apache.catalina.startup.HostConfig deployDirectory
INFORMATION: Deploying web application directory C:\Projekte\MSG134\IVCT_Runtime\apache-tomcat-7.0.78\webapps\examples
Nov 08, 2017 10:43:19 AM org.apache.catalina.startup.HostConfig deployDirectory
INFORMATION: Deployment of web application directory C:\Projekte\MSG134\IVCT_Runtime\apache-tomcat-7.0.78\webapps\examples has finished in 198 ms
Nov 08, 2017 10:43:19 AM org.apache.catalina.startup.HostConfig deployDirectory
INFORMATION: Deploying web application directory C:\Projekte\MSG134\IVCT_Runtime\apache-tomcat-7.0.78\webapps\host-manager
Nov 08, 2017 10:43:19 AM org.apache.catalina.startup.HostConfig deployDirectory
INFORMATION: Deployment of web application directory C:\Projekte\MSG134\IVCT_Runtime\apache-tomcat-7.0.78\webapps\host-manager has finished in 41 ms
Nov 08, 2017 10:43:19 AM org.apache.catalina.startup.HostConfig deployDirectory
INFORMATION: Deploying web application directory C:\Projekte\MSG134\IVCT_Runtime\apache-tomcat-7.0.78\webapps\manager
Nov 08, 2017 10:43:19 AM org.apache.catalina.startup.HostConfig deployDirectory
INFORMATION: Deployment of web application directory C:\Projekte\MSG134\IVCT_Runtime\apache-tomcat-7.0.78\webapps\manager has finished in 40 ms
Nov 08, 2017 10:43:19 AM org.apache.catalina.startup.HostConfig deployDirectory
INFORMATION: Deploying web application directory C:\Projekte\MSG134\IVCT_Runtime\apache-tomcat-7.0.78\webapps\ROOT
Nov 08, 2017 10:43:19 AM org.apache.catalina.startup.HostConfig deployDirectory
INFORMATION: Deployment of web application directory C:\Projekte\MSG134\IVCT_Runtime\apache-tomcat-7.0.78\webapps\ROOT has finished in 28 ms
Nov 08, 2017 10:43:19 AM org.apache.coyote.AbstractProtocol start
INFORMATION: Starting ProtocolHandler ["http-bio-8080"]
Nov 08, 2017 10:43:19 AM org.apache.coyote.AbstractProtocol start
INFORMATION: Starting ProtocolHandler ["ajp-bio-8009"]
Nov 08, 2017 10:43:19 AM org.apache.catalina.startup.Catalina start
INFORMATION: Server startup in 17943 ms
Nov 08, 2017 11:53:50 AM org.apache.coyote.AbstractProtocol pause
INFORMATION: Pausing ProtocolHandler ["http-bio-8080"]
Nov 08, 2017 11:53:50 AM org.apache.coyote.AbstractProtocol pause
INFORMATION: Pausing ProtocolHandler ["ajp-bio-8009"]
Nov 08, 2017 11:53:50 AM org.apache.catalina.core.StandardService stopInternal
INFORMATION: Stopping service Catalina
Nov 08, 2017 11:53:50 AM org.apache.catalina.loader.WebappClassLoaderBase clearReferencesThreads
SCHWERWIEGEND: The web application [/LogSink.webApp-0.4.1] appears to have started a thread named [ActiveMQ InactivityMonitor ReadCheckTimer] but has failed to stop it. This is very likely to create a memory leak.
Nov 08, 2017 11:53:50 AM org.apache.catalina.loader.WebappClassLoaderBase clearReferencesThreads
SCHWERWIEGEND: The web application [/LogSink.webApp-0.4.1] appears to have started a thread named [ActiveMQ Transport: tcp://localhost/127.0.0.1:61616@56171] but has failed to stop it. This is very likely to create a memory leak.
Nov 08, 2017 11:53:50 AM org.apache.catalina.loader.WebappClassLoaderBase clearReferencesThreads
SCHWERWIEGEND: The web application [/LogSink.webApp-0.4.1] appears to have started a thread named [ActiveMQ InactivityMonitor WriteCheckTimer] but has failed to stop it. This is very likely to create a memory leak.
Nov 08, 2017 11:53:50 AM org.apache.catalina.loader.WebappClassLoaderBase clearReferencesThreads
SCHWERWIEGEND: The web application [/LogSink.webApp-0.4.1] appears to have started a thread named [ActiveMQ Transport: tcp://localhost/127.0.0.1:61616@56172] but has failed to stop it. This is very likely to create a memory leak.
Nov 08, 2017 11:53:50 AM org.apache.catalina.loader.WebappClassLoaderBase clearReferencesThreads
SCHWERWIEGEND: The web application [/LogSink.webApp-0.4.1] appears to have started a thread named [ActiveMQ InactivityMonitor Worker] but has failed to stop it. This is very likely to create a memory leak.
Nov 08, 2017 11:53:50 AM org.apache.catalina.loader.WebappClassLoaderBase clearReferencesThreads
SCHWERWIEGEND: The web application [/LogSink.webApp-0.4.1] appears to have started a thread named [ActiveMQ InactivityMonitor Worker] but has failed to stop it. This is very likely to create a memory leak.
Nov 08, 2017 11:53:50 AM org.apache.catalina.loader.WebappClassLoaderBase clearReferencesThreads
SCHWERWIEGEND: The web application [/TC.webApp-0.4.1] appears to have started a thread named [ActiveMQ InactivityMonitor ReadCheckTimer] but has failed to stop it. This is very likely to create a memory leak.
Nov 08, 2017 11:53:50 AM org.apache.catalina.loader.WebappClassLoaderBase clearReferencesThreads
SCHWERWIEGEND: The web application [/TC.webApp-0.4.1] appears to have started a thread named [ActiveMQ Transport: tcp://localhost/127.0.0.1:61616@56175] but has failed to stop it. This is very likely to create a memory leak.
Nov 08, 2017 11:53:50 AM org.apache.catalina.loader.WebappClassLoaderBase clearReferencesThreads
SCHWERWIEGEND: The web application [/TC.webApp-0.4.1] appears to have started a thread named [ActiveMQ InactivityMonitor WriteCheckTimer] but has failed to stop it. This is very likely to create a memory leak.
Nov 08, 2017 11:53:50 AM org.apache.catalina.loader.WebappClassLoaderBase clearReferencesThreads
SCHWERWIEGEND: The web application [/TC.webApp-0.4.1] appears to have started a thread named [ActiveMQ Transport: tcp://localhost/127.0.0.1:61616@56176] but has failed to stop it. This is very likely to create a memory leak.
Nov 08, 2017 11:53:50 AM org.apache.catalina.loader.WebappClassLoaderBase clearReferencesThreads
SCHWERWIEGEND: The web application [/TC.webApp-0.4.1] appears to have started a thread named [ActiveMQ InactivityMonitor Worker] but has failed to stop it. This is very likely to create a memory leak.
Nov 08, 2017 11:53:50 AM org.apache.catalina.loader.WebappClassLoaderBase clearReferencesThreads
SCHWERWIEGEND: The web application [/TC.webApp-0.4.1] appears to have started a thread named [ActiveMQ InactivityMonitor Worker] but has failed to stop it. This is very likely to create a memory leak.
Nov 08, 2017 11:53:52 AM org.apache.catalina.loader.WebappClassLoaderBase clearReferencesThreads
SCHWERWIEGEND: The web application [/nato.ivct.gui.nato.ivct.gui.server] is still processing a request that has yet to finish. This is very likely to create a memory leak. You can control the time allowed for requests to finish by using the unloadDelay attribute of the standard Context implementation.
Nov 08, 2017 11:53:52 AM org.apache.catalina.loader.WebappClassLoaderBase clearReferencesThreads
SCHWERWIEGEND: The web application [/nato.ivct.gui.nato.ivct.gui.server] appears to have started a thread named [ActiveMQ InactivityMonitor ReadCheckTimer] but has failed to stop it. This is very likely to create a memory leak.
Nov 08, 2017 11:53:52 AM org.apache.catalina.loader.WebappClassLoaderBase clearReferencesThreads
SCHWERWIEGEND: The web application [/nato.ivct.gui.nato.ivct.gui.server] appears to have started a thread named [ActiveMQ Transport: tcp://localhost/127.0.0.1:61616@56197] but has failed to stop it. This is very likely to create a memory leak.
Nov 08, 2017 11:53:52 AM org.apache.catalina.loader.WebappClassLoaderBase clearReferencesThreads
SCHWERWIEGEND: The web application [/nato.ivct.gui.nato.ivct.gui.server] appears to have started a thread named [ActiveMQ InactivityMonitor WriteCheckTimer] but has failed to stop it. This is very likely to create a memory leak.
Nov 08, 2017 11:53:52 AM org.apache.catalina.loader.WebappClassLoaderBase clearReferencesThreads
SCHWERWIEGEND: The web application [/nato.ivct.gui.nato.ivct.gui.server] appears to have started a thread named [ActiveMQ InactivityMonitor Worker] but has failed to stop it. This is very likely to create a memory leak.
Nov 08, 2017 11:54:00 AM org.apache.catalina.loader.WebappClassLoaderBase loadClass
INFORMATION: Illegal access: this web application instance has been stopped already.  Could not load org.apache.activemq.ActiveMQConnection$6.  The eventual following stack trace is caused by an error thrown for debugging purposes as well as to attempt to terminate the thread which caused the illegal access, and has no functional impact.
java.lang.IllegalStateException
	at org.apache.catalina.loader.WebappClassLoaderBase.loadClass(WebappClassLoaderBase.java:1777)
	at org.apache.catalina.loader.WebappClassLoaderBase.loadClass(WebappClassLoaderBase.java:1735)
	at org.apache.activemq.ActiveMQConnection.onException(ActiveMQConnection.java:1993)
	at org.apache.activemq.transport.TransportFilter.onException(TransportFilter.java:101)
	at org.apache.activemq.transport.ResponseCorrelator.onException(ResponseCorrelator.java:126)
	at org.apache.activemq.transport.TransportFilter.onException(TransportFilter.java:101)
	at org.apache.activemq.transport.TransportFilter.onException(TransportFilter.java:101)
	at org.apache.activemq.transport.WireFormatNegotiator.onException(WireFormatNegotiator.java:160)
	at org.apache.activemq.transport.AbstractInactivityMonitor.onException(AbstractInactivityMonitor.java:344)
	at org.apache.activemq.transport.TransportSupport.onException(TransportSupport.java:96)
	at org.apache.activemq.transport.tcp.TcpTransport.run(TcpTransport.java:200)
	at java.lang.Thread.run(Thread.java:748)

Nov 08, 2017 11:54:00 AM org.apache.catalina.loader.WebappClassLoaderBase loadClass
INFORMATION: Illegal access: this web application instance has been stopped already.  Could not load org.apache.activemq.ActiveMQConnection$6.  The eventual following stack trace is caused by an error thrown for debugging purposes as well as to attempt to terminate the thread which caused the illegal access, and has no functional impact.
java.lang.IllegalStateException
	at org.apache.catalina.loader.WebappClassLoaderBase.loadClass(WebappClassLoaderBase.java:1777)
	at org.apache.catalina.loader.WebappClassLoaderBase.loadClass(WebappClassLoaderBase.java:1735)
	at org.apache.activemq.ActiveMQConnection.onException(ActiveMQConnection.java:1993)
	at org.apache.activemq.transport.TransportFilter.onException(TransportFilter.java:101)
	at org.apache.activemq.transport.ResponseCorrelator.onException(ResponseCorrelator.java:126)
	at org.apache.activemq.transport.TransportFilter.onException(TransportFilter.java:101)
	at org.apache.activemq.transport.TransportFilter.onException(TransportFilter.java:101)
	at org.apache.activemq.transport.WireFormatNegotiator.onException(WireFormatNegotiator.java:160)
	at org.apache.activemq.transport.AbstractInactivityMonitor.onException(AbstractInactivityMonitor.java:344)
	at org.apache.activemq.transport.TransportSupport.onException(TransportSupport.java:96)
	at org.apache.activemq.transport.tcp.TcpTransport.run(TcpTransport.java:200)
	at java.lang.Thread.run(Thread.java:748)

Nov 08, 2017 11:54:00 AM org.apache.catalina.loader.WebappClassLoaderBase loadClass
INFORMATION: Illegal access: this web application instance has been stopped already.  Could not load org.apache.activemq.ActiveMQConnection$6.  The eventual following stack trace is caused by an error thrown for debugging purposes as well as to attempt to terminate the thread which caused the illegal access, and has no functional impact.
java.lang.IllegalStateException
	at org.apache.catalina.loader.WebappClassLoaderBase.loadClass(WebappClassLoaderBase.java:1777)
	at org.apache.catalina.loader.WebappClassLoaderBase.loadClass(WebappClassLoaderBase.java:1735)
	at org.apache.activemq.ActiveMQConnection.onException(ActiveMQConnection.java:1993)
	at org.apache.activemq.transport.TransportFilter.onException(TransportFilter.java:101)
	at org.apache.activemq.transport.ResponseCorrelator.onException(ResponseCorrelator.java:126)
	at org.apache.activemq.transport.TransportFilter.onException(TransportFilter.java:101)
	at org.apache.activemq.transport.TransportFilter.onException(TransportFilter.java:101)
	at org.apache.activemq.transport.WireFormatNegotiator.onException(WireFormatNegotiator.java:160)
	at org.apache.activemq.transport.AbstractInactivityMonitor.onException(AbstractInactivityMonitor.java:344)
	at org.apache.activemq.transport.TransportSupport.onException(TransportSupport.java:96)
	at org.apache.activemq.transport.tcp.TcpTransport.run(TcpTransport.java:200)
	at java.lang.Thread.run(Thread.java:748)

Nov 08, 2017 11:54:00 AM org.apache.catalina.loader.WebappClassLoaderBase loadClass
INFORMATION: Illegal access: this web application instance has been stopped already.  Could not load org.apache.activemq.ActiveMQConnection$6.  The eventual following stack trace is caused by an error thrown for debugging purposes as well as to attempt to terminate the thread which caused the illegal access, and has no functional impact.
java.lang.IllegalStateException
	at org.apache.catalina.loader.WebappClassLoaderBase.loadClass(WebappClassLoaderBase.java:1777)
	at org.apache.catalina.loader.WebappClassLoaderBase.loadClass(WebappClassLoaderBase.java:1735)
	at org.apache.activemq.ActiveMQConnection.onException(ActiveMQConnection.java:1993)
	at org.apache.activemq.transport.TransportFilter.onException(TransportFilter.java:101)
	at org.apache.activemq.transport.ResponseCorrelator.onException(ResponseCorrelator.java:126)
	at org.apache.activemq.transport.TransportFilter.onException(TransportFilter.java:101)
	at org.apache.activemq.transport.TransportFilter.onException(TransportFilter.java:101)
	at org.apache.activemq.transport.WireFormatNegotiator.onException(WireFormatNegotiator.java:160)
	at org.apache.activemq.transport.AbstractInactivityMonitor.onException(AbstractInactivityMonitor.java:344)
	at org.apache.activemq.transport.TransportSupport.onException(TransportSupport.java:96)
	at org.apache.activemq.transport.tcp.TcpTransport.run(TcpTransport.java:200)
	at java.lang.Thread.run(Thread.java:748)

