Dez 06, 2017 10:43:02 AM org.apache.catalina.session.StandardSession readObject
WARNUNG: Cannot deserialize session attribute org.eclipse.scout.rt.server.IServerSession for session 74A979BB9B423D08B33F4D7FADA18BBA
Dez 06, 2017 10:43:23 AM org.apache.catalina.core.ApplicationContext log
INFORMATION: ContextListener: contextInitialized()
Dez 06, 2017 10:43:23 AM org.apache.catalina.core.ApplicationContext log
INFORMATION: SessionListener: contextInitialized()
Dez 06, 2017 10:43:23 AM org.apache.catalina.core.ApplicationContext log
INFORMATION: ContextListener: attributeAdded('org.apache.jasper.compiler.TldLocationsCache', 'org.apache.jasper.compiler.TldLocationsCache@7ddc56f1')
Dez 06, 2017 1:29:03 PM org.apache.catalina.core.ApplicationContext log
SCHWERWIEGEND: Servlet TcRunner threw unload() exception
javax.servlet.ServletException: Servlet.destroy() for servlet TcRunner threw exception
	at org.apache.catalina.core.StandardWrapper.unload(StandardWrapper.java:1487)
	at org.apache.catalina.core.StandardWrapper.stopInternal(StandardWrapper.java:1837)
	at org.apache.catalina.util.LifecycleBase.stop(LifecycleBase.java:221)
	at org.apache.catalina.core.StandardContext.stopInternal(StandardContext.java:5817)
	at org.apache.catalina.util.LifecycleBase.stop(LifecycleBase.java:221)
	at org.apache.catalina.core.ContainerBase$StopChild.call(ContainerBase.java:1587)
	at org.apache.catalina.core.ContainerBase$StopChild.call(ContainerBase.java:1576)
	at java.util.concurrent.FutureTask.run(FutureTask.java:266)
	at java.util.concurrent.ThreadPoolExecutor.runWorker(ThreadPoolExecutor.java:1142)
	at java.util.concurrent.ThreadPoolExecutor$Worker.run(ThreadPoolExecutor.java:617)
	at java.lang.Thread.run(Thread.java:748)
Caused by: java.lang.NullPointerException
	at de.fraunhofer.iosb.testrunner.JMSTestRunner.disconnect(JMSTestRunner.java:56)
	at de.fraunhofer.iosb.tc.TcRunner.destroy(TcRunner.java:76)
	at org.apache.catalina.core.StandardWrapper.unload(StandardWrapper.java:1471)
	... 10 more

Dez 06, 2017 1:29:03 PM org.apache.catalina.core.ApplicationContext log
INFORMATION: SessionListener: contextDestroyed()
Dez 06, 2017 1:29:03 PM org.apache.catalina.core.ApplicationContext log
INFORMATION: ContextListener: contextDestroyed()
Dez 06, 2017 1:29:05 PM org.apache.catalina.session.StandardSession writeObject
WARNUNG: Cannot serialize session attribute org.eclipse.scout.rt.server.IServerSession for session 46F313097E7383E7267D4197DA1E73AF
java.io.NotSerializableException: org.eclipse.scout.rt.platform.job.internal.JobFutureTask
	at java.io.ObjectOutputStream.writeObject0(ObjectOutputStream.java:1184)
	at java.io.ObjectOutputStream.defaultWriteFields(ObjectOutputStream.java:1548)
	at java.io.ObjectOutputStream.writeSerialData(ObjectOutputStream.java:1509)
	at java.io.ObjectOutputStream.writeOrdinaryObject(ObjectOutputStream.java:1432)
	at java.io.ObjectOutputStream.writeObject0(ObjectOutputStream.java:1178)
	at java.io.ObjectOutputStream.writeObject(ObjectOutputStream.java:348)
	at org.apache.catalina.session.StandardSession.writeObject(StandardSession.java:1700)
	at org.apache.catalina.session.StandardSession.writeObjectData(StandardSession.java:1092)
	at org.apache.catalina.session.StandardManager.doUnload(StandardManager.java:405)
	at org.apache.catalina.session.StandardManager.unload(StandardManager.java:323)
	at org.apache.catalina.session.StandardManager.stopInternal(StandardManager.java:493)
	at org.apache.catalina.util.LifecycleBase.stop(LifecycleBase.java:221)
	at org.apache.catalina.core.StandardContext.stopInternal(StandardContext.java:5825)
	at org.apache.catalina.util.LifecycleBase.stop(LifecycleBase.java:221)
	at org.apache.catalina.core.ContainerBase$StopChild.call(ContainerBase.java:1587)
	at org.apache.catalina.core.ContainerBase$StopChild.call(ContainerBase.java:1576)
	at java.util.concurrent.FutureTask.run(FutureTask.java:266)
	at java.util.concurrent.ThreadPoolExecutor.runWorker(ThreadPoolExecutor.java:1142)
	at java.util.concurrent.ThreadPoolExecutor$Worker.run(ThreadPoolExecutor.java:617)
	at java.lang.Thread.run(Thread.java:748)

Dez 06, 2017 1:29:05 PM org.apache.catalina.session.StandardSession writeObject
WARNUNG: Cannot serialize session attribute org.eclipse.scout.rt.server.IServerSession for session CD01850D078947B5EA2893982501C520
java.io.NotSerializableException: org.eclipse.scout.rt.platform.job.internal.JobFutureTask
	at java.io.ObjectOutputStream.writeObject0(ObjectOutputStream.java:1184)
	at java.io.ObjectOutputStream.defaultWriteFields(ObjectOutputStream.java:1548)
	at java.io.ObjectOutputStream.writeSerialData(ObjectOutputStream.java:1509)
	at java.io.ObjectOutputStream.writeOrdinaryObject(ObjectOutputStream.java:1432)
	at java.io.ObjectOutputStream.writeObject0(ObjectOutputStream.java:1178)
	at java.io.ObjectOutputStream.writeObject(ObjectOutputStream.java:348)
	at org.apache.catalina.session.StandardSession.writeObject(StandardSession.java:1700)
	at org.apache.catalina.session.StandardSession.writeObjectData(StandardSession.java:1092)
	at org.apache.catalina.session.StandardManager.doUnload(StandardManager.java:405)
	at org.apache.catalina.session.StandardManager.unload(StandardManager.java:323)
	at org.apache.catalina.session.StandardManager.stopInternal(StandardManager.java:493)
	at org.apache.catalina.util.LifecycleBase.stop(LifecycleBase.java:221)
	at org.apache.catalina.core.StandardContext.stopInternal(StandardContext.java:5825)
	at org.apache.catalina.util.LifecycleBase.stop(LifecycleBase.java:221)
	at org.apache.catalina.core.ContainerBase$StopChild.call(ContainerBase.java:1587)
	at org.apache.catalina.core.ContainerBase$StopChild.call(ContainerBase.java:1576)
	at java.util.concurrent.FutureTask.run(FutureTask.java:266)
	at java.util.concurrent.ThreadPoolExecutor.runWorker(ThreadPoolExecutor.java:1142)
	at java.util.concurrent.ThreadPoolExecutor$Worker.run(ThreadPoolExecutor.java:617)
	at java.lang.Thread.run(Thread.java:748)

