2017-12-05 16:25:31,592 INFO [n.i.c.CmdStartTestResultListener] [CmdStartTestResultListener.java:52] : subsribing the CmdStartTestResultListener
2017-12-05 16:25:31,639 INFO [nato.ivct.commander.Factory] [CmdQuitListener.java:66] : subsribing the commands listener
2017-12-05 16:25:31,655 INFO [c.q.logback.classic.net.JMSTopicSink] [JMSLogSink.java:60] : Topic Cnx Factory found
2017-12-05 16:25:31,655 INFO [c.q.logback.classic.net.JMSTopicSink] [JMSLogSink.java:62] : Topic found: LogTopic.jms
2017-12-05 16:25:31,655 INFO [c.q.logback.classic.net.JMSTopicSink] [JMSLogSink.java:65] : Topic Connection created
2017-12-05 16:25:31,671 INFO [c.q.logback.classic.net.JMSTopicSink] [JMSLogSink.java:71] : Topic Connection started
2017-12-05 16:29:09,943 INFO [n.i.c.CmdStartTestResultListener] [CmdStartTestResultListener.java:52] : subsribing the CmdStartTestResultListener
2017-12-05 16:29:09,944 INFO [nato.ivct.commander.Factory] [CmdQuitListener.java:66] : subsribing the commands listener
2017-12-05 16:29:09,959 INFO [c.q.logback.classic.net.JMSTopicSink] [JMSLogSink.java:60] : Topic Cnx Factory found
2017-12-05 16:29:09,959 INFO [c.q.logback.classic.net.JMSTopicSink] [JMSLogSink.java:62] : Topic found: LogTopic.jms
2017-12-05 16:29:09,959 INFO [c.q.logback.classic.net.JMSTopicSink] [JMSLogSink.java:65] : Topic Connection created
2017-12-05 16:29:09,959 INFO [c.q.logback.classic.net.JMSTopicSink] [JMSLogSink.java:71] : Topic Connection started
2017-12-05 16:35:32,962 INFO [n.i.c.CmdStartTestResultListener] [CmdStartTestResultListener.java:52] : subsribing the CmdStartTestResultListener
2017-12-05 16:35:32,984 INFO [nato.ivct.commander.Factory] [CmdQuitListener.java:66] : subsribing the commands listener
2017-12-05 16:35:32,984 INFO [c.q.logback.classic.net.JMSTopicSink] [JMSLogSink.java:60] : Topic Cnx Factory found
2017-12-05 16:35:32,984 INFO [c.q.logback.classic.net.JMSTopicSink] [JMSLogSink.java:62] : Topic found: LogTopic.jms
2017-12-05 16:35:33,000 INFO [c.q.logback.classic.net.JMSTopicSink] [JMSLogSink.java:65] : Topic Connection created
2017-12-05 16:35:33,000 INFO [c.q.logback.classic.net.JMSTopicSink] [JMSLogSink.java:71] : Topic Connection started
2017-12-05 16:36:26,477 INFO [n.i.c.CmdStartTestResultListener] [CmdStartTestResultListener.java:63] : JMS Message received: {"sequence":"1","badge":"HLA-Verification-2016","commandType":"startTestCase","sutName":"rtiSimple4etcFra","sutDir":"C:\/Projekte\/MSG134\/IVCT_Runtime\/IVCTsut\/rtiSimple4etcFra","tsRunFolder":"C:\/Projekte\/MSG134\/IVCT_Runtime\/TestSuites\/TS_CS_Verification-0.0.2\/bin","tcParam":{"somFiles":[{"fileName":"C:\/Projekte\/MSG134\/IVCT_Runtime\/IVCTsut\/rtiSimple4etcFra\/HLA-Verification-2016\/SOM_MAKsimple1516e.xml"}],"fomFiles":[{"fileName":"C:\/Projekte\/MSG134\/IVCT_Runtime\/IVCTsut\/rtiSimple4etcFra\/HLA-Verification-2016\/MAKsimple1516e.xml"}],"sutName":"TestFederate","resultDirectory":"C:\/Projekte\/MSG134\/IVCT_Runtime\/IVCTsut\/rtiSimple4etcFra\/HLA-Verification-2016"},"testCaseId":"nato.ivct.etc.fr.tc_cs_verification.TC_001_Files_Check"}
2017-12-05 16:36:26,490 INFO [nato.ivct.commander.Factory] [CmdQuitListener.java:44] : JMS Message received: {"sequence":"1","badge":"HLA-Verification-2016","commandType":"startTestCase","sutName":"rtiSimple4etcFra","sutDir":"C:\/Projekte\/MSG134\/IVCT_Runtime\/IVCTsut\/rtiSimple4etcFra","tsRunFolder":"C:\/Projekte\/MSG134\/IVCT_Runtime\/TestSuites\/TS_CS_Verification-0.0.2\/bin","tcParam":{"somFiles":[{"fileName":"C:\/Projekte\/MSG134\/IVCT_Runtime\/IVCTsut\/rtiSimple4etcFra\/HLA-Verification-2016\/SOM_MAKsimple1516e.xml"}],"fomFiles":[{"fileName":"C:\/Projekte\/MSG134\/IVCT_Runtime\/IVCTsut\/rtiSimple4etcFra\/HLA-Verification-2016\/MAKsimple1516e.xml"}],"sutName":"TestFederate","resultDirectory":"C:\/Projekte\/MSG134\/IVCT_Runtime\/IVCTsut\/rtiSimple4etcFra\/HLA-Verification-2016"},"testCaseId":"nato.ivct.etc.fr.tc_cs_verification.TC_001_Files_Check"}
2017-12-05 16:36:26,560 DEBUG [d.f.iosb.testrunner.JMSTestRunner] [TC_001_Files_Check.java:52] TC_001_Files_Check: pwd = C:\Projekte\MSG134\IVCT_Runtime\TestSuites\TS_CS_Verification-0.0.2\bin
2017-12-05 16:36:26,562 DEBUG [d.f.iosb.testrunner.JMSTestRunner] [TC_001_Files_Check.java:53] TC_001_Files_Check: Locale = de_DE
2017-12-05 16:36:26,585 INFO [n.i.c.CmdStartTestResultListener] [CmdStartTestResultListener.java:63] : JMS Message received: {"commandType":"TcStatus","status":"initiated","percentFinshed":0}
2017-12-05 16:36:26,587 INFO [nato.ivct.commander.Factory] [CmdQuitListener.java:44] : JMS Message received: {"commandType":"TcStatus","status":"initiated","percentFinshed":0}
2017-12-05 16:36:26,590 INFO [d.f.iosb.testrunner.JMSTestRunner] [TC_001_Files_Check.java:78] TC_001_Files_Check: -----------------------------------------------------------
!etc_fra.purpose!
!csverification.FomSomExistence!
!csverification.FomSomParsing!
!csverification.FomSomSharing!
!csverification.FomSomRules!

2017-12-05 16:36:26,591 INFO [d.f.iosb.testrunner.JMSTestRunner] [AbstractTestCase.java:112] TC_001_Files_Check: TEST CASE PREAMBLE
2017-12-05 16:36:26,593 INFO [d.f.iosb.testrunner.JMSTestRunner] [TC_001_Files_Check.java:86] TC_001_Files_Check: !csverification.noConnection!
2017-12-05 16:36:26,596 INFO [d.f.iosb.testrunner.JMSTestRunner] [TC_001_Files_Check.java:87] TC_001_Files_Check: -----------------------------------------------------------

2017-12-05 16:36:26,602 INFO [n.i.c.CmdStartTestResultListener] [CmdStartTestResultListener.java:63] : JMS Message received: {"commandType":"TcStatus","status":"started","percentFinshed":0}
2017-12-05 16:36:26,601 INFO [d.f.iosb.testrunner.JMSTestRunner] [AbstractTestCase.java:134] TC_001_Files_Check: TEST CASE BODY
2017-12-05 16:36:26,605 INFO [nato.ivct.commander.Factory] [CmdQuitListener.java:44] : JMS Message received: {"commandType":"TcStatus","status":"started","percentFinshed":0}
2017-12-05 16:36:26,603 INFO [d.f.iosb.testrunner.JMSTestRunner] [FCTTFilesCheck.java:793] TC_001_Files_Check: -----------------------------------------------------------

2017-12-05 16:36:26,607 INFO [d.f.iosb.testrunner.JMSTestRunner] [FCTTFilesCheck.java:793] TC_001_Files_Check: !files.check.reportFile.federateName!TestFederate

2017-12-05 16:36:26,609 INFO [d.f.iosb.testrunner.JMSTestRunner] [FCTTFilesCheck.java:793] TC_001_Files_Check: -----------------------------------------------------------

2017-12-05 16:36:26,611 INFO [d.f.iosb.testrunner.JMSTestRunner] [FCTTFilesCheck.java:167] TC_001_Files_Check: !files.check.FOM.parse!
2017-12-05 16:36:26,613 INFO [d.f.iosb.testrunner.JMSTestRunner] [FCTTFilesCheck.java:793] TC_001_Files_Check: !files.check.reportFile.FOMFiles!
2017-12-05 16:36:26,615 INFO [d.f.iosb.testrunner.JMSTestRunner] [FCTTFilesCheck.java:793] TC_001_Files_Check: C:/Projekte/MSG134/IVCT_Runtime/IVCTsut/rtiSimple4etcFra/HLA-Verification-2016/MAKsimple1516e.xml
2017-12-05 16:36:26,616 INFO [d.f.iosb.testrunner.JMSTestRunner] [FCTTFilesCheck.java:793] TC_001_Files_Check: 

2017-12-05 16:36:27,258 INFO [d.f.iosb.testrunner.JMSTestRunner] [FCTTFilesCheck.java:793] TC_001_Files_Check: !files.check.reportFile.resFOMFiles!!files.check.succeeded!

2017-12-05 16:36:27,260 INFO [d.f.iosb.testrunner.JMSTestRunner] [FCTTFilesCheck.java:793] TC_001_Files_Check: -----------------------------------------------------------

2017-12-05 16:36:27,261 INFO [d.f.iosb.testrunner.JMSTestRunner] [FCTTFilesCheck.java:214] TC_001_Files_Check: !files.check.SOM.parse!
2017-12-05 16:36:27,262 INFO [d.f.iosb.testrunner.JMSTestRunner] [FCTTFilesCheck.java:793] TC_001_Files_Check: !files.check.reportFile.SOMFiles!
2017-12-05 16:36:27,263 INFO [d.f.iosb.testrunner.JMSTestRunner] [FCTTFilesCheck.java:793] TC_001_Files_Check: C:/Projekte/MSG134/IVCT_Runtime/IVCTsut/rtiSimple4etcFra/HLA-Verification-2016/SOM_MAKsimple1516e.xml
2017-12-05 16:36:27,265 INFO [d.f.iosb.testrunner.JMSTestRunner] [FCTTFilesCheck.java:793] TC_001_Files_Check: 

2017-12-05 16:36:27,390 INFO [d.f.iosb.testrunner.JMSTestRunner] [FCTTFilesCheck.java:793] TC_001_Files_Check: !files.check.reportFile.resSOMFiles!!files.check.succeeded!

2017-12-05 16:36:27,391 INFO [d.f.iosb.testrunner.JMSTestRunner] [FCTTFilesCheck.java:793] TC_001_Files_Check: -----------------------------------------------------------

2017-12-05 16:36:27,392 INFO [d.f.iosb.testrunner.JMSTestRunner] [FCTTFilesCheck.java:259] TC_001_Files_Check: !files.check.SOM_IN_FOM!
2017-12-05 16:36:27,393 INFO [d.f.iosb.testrunner.JMSTestRunner] [FCTTFilesCheck.java:793] TC_001_Files_Check: !files.check.reportFile.resSOMInFOM!!files.check.succeeded!

2017-12-05 16:36:27,394 INFO [d.f.iosb.testrunner.JMSTestRunner] [FCTTFilesCheck.java:793] TC_001_Files_Check: -----------------------------------------------------------

2017-12-05 16:36:27,395 INFO [d.f.iosb.testrunner.JMSTestRunner] [FCTTFilesCheck.java:291] TC_001_Files_Check: !files.check.sharing!
2017-12-05 16:36:27,396 INFO [d.f.iosb.testrunner.JMSTestRunner] [FCTTFilesCheck.java:793] TC_001_Files_Check: !files.check.reportFile.resSharing!!files.check.succeeded!

2017-12-05 16:36:29,363 INFO [d.f.iosb.testrunner.JMSTestRunner] [FCTTFilesCheck.java:793] TC_001_Files_Check: -----------------------------------------------------------

2017-12-05 16:36:29,363 INFO [d.f.iosb.testrunner.JMSTestRunner] [FCTTFilesCheck.java:334] TC_001_Files_Check: !files.check.rules!
2017-12-05 16:36:29,363 INFO [d.f.iosb.testrunner.JMSTestRunner] [FCTTFilesCheck.java:793] TC_001_Files_Check: !files.check.reportFile.resultTest!!files.check.succeeded!

2017-12-05 16:36:29,363 INFO [n.i.c.CmdStartTestResultListener] [CmdStartTestResultListener.java:63] : JMS Message received: {"commandType":"TcStatus","status":"done","percentFinshed":99}
2017-12-05 16:36:29,363 INFO [d.f.iosb.testrunner.JMSTestRunner] [TC_001_Files_Check.java:104] TC_001_Files_Check: -----------------------------------------------------------

2017-12-05 16:36:29,363 INFO [nato.ivct.commander.Factory] [CmdQuitListener.java:44] : JMS Message received: {"commandType":"TcStatus","status":"done","percentFinshed":99}
2017-12-05 16:36:29,363 INFO [d.f.iosb.testrunner.JMSTestRunner] [AbstractTestCase.java:164] TC_001_Files_Check: TEST CASE POSTAMBLE
2017-12-05 16:36:29,363 INFO [d.f.iosb.testrunner.JMSTestRunner] [TC_001_Files_Check.java:112] TC_001_Files_Check: !csverification.noDeconnection!
2017-12-05 16:36:29,363 INFO [d.f.iosb.testrunner.JMSTestRunner] [TC_001_Files_Check.java:113] TC_001_Files_Check: -----------------------------------------------------------

2017-12-05 16:36:29,363 INFO [d.f.iosb.testrunner.JMSTestRunner] [AbstractTestCase.java:166] TC_001_Files_Check: TC PASSED
2017-12-05 16:36:29,363 INFO [n.i.c.CmdStartTestResultListener] [CmdStartTestResultListener.java:63] : JMS Message received: {"commandType":"TcStatus","status":"finished","percentFinshed":100}
2017-12-05 16:36:29,363 INFO [nato.ivct.commander.Factory] [CmdQuitListener.java:44] : JMS Message received: {"commandType":"TcStatus","status":"finished","percentFinshed":100}
2017-12-05 16:36:29,363 INFO [n.i.c.CmdStartTestResultListener] [CmdStartTestResultListener.java:63] : JMS Message received: {"sequence":"1","commandType":"announceVerdict","testScheduleName":"HLA-Verification-2016","sutName":"rtiSimple4etcFra","verdict":"PASSED","sutDir":"C:\/Projekte\/MSG134\/IVCT_Runtime\/IVCTsut\/rtiSimple4etcFra","verdictText":"ok","testcase":"nato.ivct.etc.fr.tc_cs_verification.TC_001_Files_Check"}
2017-12-05 16:36:29,363 DEBUG [d.f.iosb.testrunner.JMSTestRunner] [JMSTestRunner.java:185] TC_001_Files_Check: JMSTestRunner:onMessageConsumer:run: after
2017-12-05 16:36:29,395 INFO [nato.ivct.commander.Factory] [CmdQuitListener.java:44] : JMS Message received: {"sequence":"1","commandType":"announceVerdict","testScheduleName":"HLA-Verification-2016","sutName":"rtiSimple4etcFra","verdict":"PASSED","sutDir":"C:\/Projekte\/MSG134\/IVCT_Runtime\/IVCTsut\/rtiSimple4etcFra","verdictText":"ok","testcase":"nato.ivct.etc.fr.tc_cs_verification.TC_001_Files_Check"}
2017-12-05 16:37:07,617 INFO [n.i.c.CmdStartTestResultListener] [CmdStartTestResultListener.java:63] : JMS Message received: {"sequence":"2","badge":"HelloWorld-0.4.1","commandType":"startTestCase","sutName":"hw_iosb","sutDir":"C:\/Projekte\/MSG134\/IVCT_Runtime\/IVCTsut\/hw_iosb","tsRunFolder":"C:\/Projekte\/MSG134\/IVCT_Runtime\/TestSuites\/TS_HelloWorld-0.4.1\/bin","tcParam":{"rtiHostName":"10.1.4.29","federationName":"HelloWorld","rtiPort":"8989","sutFederateName":"A"},"testCaseId":"de.fraunhofer.iosb.tc_helloworld.TC0001"}
2017-12-05 16:37:07,618 INFO [nato.ivct.commander.Factory] [CmdQuitListener.java:44] : JMS Message received: {"sequence":"2","badge":"HelloWorld-0.4.1","commandType":"startTestCase","sutName":"hw_iosb","sutDir":"C:\/Projekte\/MSG134\/IVCT_Runtime\/IVCTsut\/hw_iosb","tsRunFolder":"C:\/Projekte\/MSG134\/IVCT_Runtime\/TestSuites\/TS_HelloWorld-0.4.1\/bin","tcParam":{"rtiHostName":"10.1.4.29","federationName":"HelloWorld","rtiPort":"8989","sutFederateName":"A"},"testCaseId":"de.fraunhofer.iosb.tc_helloworld.TC0001"}
2017-12-05 16:37:07,713 INFO [n.i.c.CmdStartTestResultListener] [CmdStartTestResultListener.java:63] : JMS Message received: {"commandType":"TcStatus","status":"initiated","percentFinshed":0}
2017-12-05 16:37:07,715 INFO [nato.ivct.commander.Factory] [CmdQuitListener.java:44] : JMS Message received: {"commandType":"TcStatus","status":"initiated","percentFinshed":0}
2017-12-05 16:37:07,713 INFO [d.f.iosb.testrunner.JMSTestRunner] [TC0001.java:81] TC0001: 
---------------------------------------------------------------------
TEST PURPOSE
Test if a HelloWorld federate calculates a fixed population increase
correctly
Observe the federate for a fixed number of cycles and compare the
last received value with the previously received value plus the fixed
percentage and a small tolerence for each cycle
---------------------------------------------------------------------

2017-12-05 16:37:07,714 INFO [d.f.iosb.testrunner.JMSTestRunner] [AbstractTestCase.java:112] TC0001: TEST CASE PREAMBLE
2017-12-05 16:37:07,956 ERROR [d.f.iosb.testrunner.JMSTestRunner] [IVCT_RTIambassador.java:297] TC0001: createFederationExecution exception=Federation HelloWorld already exists (909000000)
2017-12-05 16:37:07,957 WARN [d.f.iosb.testrunner.JMSTestRunner] [IVCT_BaseModel.java:96] TC0001: initiateRti: FederationExecutionAlreadyExists (ignored)
2017-12-05 16:37:08,092 INFO [n.i.c.CmdStartTestResultListener] [CmdStartTestResultListener.java:63] : JMS Message received: {"commandType":"TcStatus","status":"started","percentFinshed":0}
2017-12-05 16:37:08,107 INFO [nato.ivct.commander.Factory] [CmdQuitListener.java:44] : JMS Message received: {"commandType":"TcStatus","status":"started","percentFinshed":0}
2017-12-05 16:37:08,092 INFO [d.f.iosb.testrunner.JMSTestRunner] [AbstractTestCase.java:134] TC0001: TEST CASE BODY
2017-12-05 16:37:08,204 INFO [d.f.iosb.testrunner.JMSTestRunner] [HelloWorldBaseModel.java:436] TC0001: Population: 126.67699
2017-12-05 16:37:09,190 INFO [d.f.iosb.testrunner.JMSTestRunner] [HelloWorldBaseModel.java:436] TC0001: Population: 130.4773
2017-12-05 16:37:10,192 INFO [d.f.iosb.testrunner.JMSTestRunner] [HelloWorldBaseModel.java:436] TC0001: Population: 134.39162
2017-12-05 16:37:11,111 INFO [d.f.iosb.testrunner.JMSTestRunner] [HelloWorldBaseModel.java:125] TC0001: ---------------------------------------------------------------------
2017-12-05 16:37:11,111 INFO [d.f.iosb.testrunner.JMSTestRunner] [HelloWorldBaseModel.java:126] TC0001: testPopulation: test value received 134.39162 in range 134.39162 +/-1%
2017-12-05 16:37:11,111 INFO [d.f.iosb.testrunner.JMSTestRunner] [HelloWorldBaseModel.java:127] TC0001: ---------------------------------------------------------------------
2017-12-05 16:37:11,196 INFO [d.f.iosb.testrunner.JMSTestRunner] [HelloWorldBaseModel.java:436] TC0001: Population: 138.42336
2017-12-05 16:37:12,112 INFO [d.f.iosb.testrunner.JMSTestRunner] [HelloWorldBaseModel.java:125] TC0001: ---------------------------------------------------------------------
2017-12-05 16:37:12,112 INFO [d.f.iosb.testrunner.JMSTestRunner] [HelloWorldBaseModel.java:126] TC0001: testPopulation: test value received 138.42336 in range 138.42336 +/-1%
2017-12-05 16:37:12,112 INFO [d.f.iosb.testrunner.JMSTestRunner] [HelloWorldBaseModel.java:127] TC0001: ---------------------------------------------------------------------
2017-12-05 16:37:12,212 INFO [d.f.iosb.testrunner.JMSTestRunner] [HelloWorldBaseModel.java:436] TC0001: Population: 142.57605
2017-12-05 16:37:13,127 INFO [d.f.iosb.testrunner.JMSTestRunner] [HelloWorldBaseModel.java:125] TC0001: ---------------------------------------------------------------------
2017-12-05 16:37:13,127 INFO [d.f.iosb.testrunner.JMSTestRunner] [HelloWorldBaseModel.java:126] TC0001: testPopulation: test value received 142.57605 in range 142.57605 +/-1%
2017-12-05 16:37:13,127 INFO [d.f.iosb.testrunner.JMSTestRunner] [HelloWorldBaseModel.java:127] TC0001: ---------------------------------------------------------------------
2017-12-05 16:37:13,212 INFO [d.f.iosb.testrunner.JMSTestRunner] [HelloWorldBaseModel.java:436] TC0001: Population: 146.85333
2017-12-05 16:37:14,131 INFO [d.f.iosb.testrunner.JMSTestRunner] [HelloWorldBaseModel.java:125] TC0001: ---------------------------------------------------------------------
2017-12-05 16:37:14,131 INFO [d.f.iosb.testrunner.JMSTestRunner] [HelloWorldBaseModel.java:126] TC0001: testPopulation: test value received 146.85333 in range 146.85333 +/-1%
2017-12-05 16:37:14,131 INFO [d.f.iosb.testrunner.JMSTestRunner] [HelloWorldBaseModel.java:127] TC0001: ---------------------------------------------------------------------
2017-12-05 16:37:14,216 INFO [d.f.iosb.testrunner.JMSTestRunner] [HelloWorldBaseModel.java:436] TC0001: Population: 151.25893
2017-12-05 16:37:15,146 INFO [d.f.iosb.testrunner.JMSTestRunner] [HelloWorldBaseModel.java:125] TC0001: ---------------------------------------------------------------------
2017-12-05 16:37:15,148 INFO [d.f.iosb.testrunner.JMSTestRunner] [HelloWorldBaseModel.java:126] TC0001: testPopulation: test value received 151.25893 in range 151.25893 +/-1%
2017-12-05 16:37:15,151 INFO [d.f.iosb.testrunner.JMSTestRunner] [HelloWorldBaseModel.java:127] TC0001: ---------------------------------------------------------------------
2017-12-05 16:37:15,230 INFO [d.f.iosb.testrunner.JMSTestRunner] [HelloWorldBaseModel.java:436] TC0001: Population: 155.79669
2017-12-05 16:37:16,167 INFO [d.f.iosb.testrunner.JMSTestRunner] [HelloWorldBaseModel.java:125] TC0001: ---------------------------------------------------------------------
2017-12-05 16:37:16,167 INFO [d.f.iosb.testrunner.JMSTestRunner] [HelloWorldBaseModel.java:126] TC0001: testPopulation: test value received 155.79669 in range 155.79669 +/-1%
2017-12-05 16:37:16,167 INFO [d.f.iosb.testrunner.JMSTestRunner] [HelloWorldBaseModel.java:127] TC0001: ---------------------------------------------------------------------
2017-12-05 16:37:16,248 INFO [d.f.iosb.testrunner.JMSTestRunner] [HelloWorldBaseModel.java:436] TC0001: Population: 160.47058
2017-12-05 16:37:17,182 INFO [d.f.iosb.testrunner.JMSTestRunner] [HelloWorldBaseModel.java:125] TC0001: ---------------------------------------------------------------------
2017-12-05 16:37:17,182 INFO [d.f.iosb.testrunner.JMSTestRunner] [HelloWorldBaseModel.java:126] TC0001: testPopulation: test value received 160.47058 in range 160.47058 +/-1%
2017-12-05 16:37:17,182 INFO [d.f.iosb.testrunner.JMSTestRunner] [HelloWorldBaseModel.java:127] TC0001: ---------------------------------------------------------------------
2017-12-05 16:37:17,267 INFO [d.f.iosb.testrunner.JMSTestRunner] [HelloWorldBaseModel.java:436] TC0001: Population: 165.2847
2017-12-05 16:37:18,197 INFO [d.f.iosb.testrunner.JMSTestRunner] [HelloWorldBaseModel.java:125] TC0001: ---------------------------------------------------------------------
2017-12-05 16:37:18,197 INFO [d.f.iosb.testrunner.JMSTestRunner] [HelloWorldBaseModel.java:126] TC0001: testPopulation: test value received 165.2847 in range 165.2847 +/-1%
2017-12-05 16:37:18,197 INFO [d.f.iosb.testrunner.JMSTestRunner] [HelloWorldBaseModel.java:127] TC0001: ---------------------------------------------------------------------
2017-12-05 16:37:18,282 INFO [d.f.iosb.testrunner.JMSTestRunner] [HelloWorldBaseModel.java:436] TC0001: Population: 170.24324
2017-12-05 16:37:19,207 INFO [d.f.iosb.testrunner.JMSTestRunner] [HelloWorldBaseModel.java:125] TC0001: ---------------------------------------------------------------------
2017-12-05 16:37:19,207 INFO [d.f.iosb.testrunner.JMSTestRunner] [HelloWorldBaseModel.java:126] TC0001: testPopulation: test value received 170.24324 in range 170.24324 +/-1%
2017-12-05 16:37:19,207 INFO [d.f.iosb.testrunner.JMSTestRunner] [HelloWorldBaseModel.java:127] TC0001: ---------------------------------------------------------------------
2017-12-05 16:37:19,292 INFO [d.f.iosb.testrunner.JMSTestRunner] [HelloWorldBaseModel.java:436] TC0001: Population: 175.35054
2017-12-05 16:37:20,216 INFO [d.f.iosb.testrunner.JMSTestRunner] [HelloWorldBaseModel.java:125] TC0001: ---------------------------------------------------------------------
2017-12-05 16:37:20,216 INFO [d.f.iosb.testrunner.JMSTestRunner] [HelloWorldBaseModel.java:126] TC0001: testPopulation: test value received 175.35054 in range 175.35054 +/-1%
2017-12-05 16:37:20,216 INFO [d.f.iosb.testrunner.JMSTestRunner] [HelloWorldBaseModel.java:127] TC0001: ---------------------------------------------------------------------
2017-12-05 16:37:20,297 INFO [d.f.iosb.testrunner.JMSTestRunner] [HelloWorldBaseModel.java:436] TC0001: Population: 180.61105
2017-12-05 16:37:21,219 INFO [n.i.c.CmdStartTestResultListener] [CmdStartTestResultListener.java:63] : JMS Message received: {"commandType":"TcStatus","status":"done","percentFinshed":99}
2017-12-05 16:37:21,219 INFO [nato.ivct.commander.Factory] [CmdQuitListener.java:44] : JMS Message received: {"commandType":"TcStatus","status":"done","percentFinshed":99}
2017-12-05 16:37:21,219 INFO [d.f.iosb.testrunner.JMSTestRunner] [AbstractTestCase.java:164] TC0001: TEST CASE POSTAMBLE
2017-12-05 16:37:21,234 ERROR [d.f.iosb.testrunner.JMSTestRunner] [IVCT_RTIambassador.java:345] TC0001: destroyFederationExecution exception=Federates Currently Joined (909146016)
2017-12-05 16:37:21,234 WARN [d.f.iosb.testrunner.JMSTestRunner] [IVCT_BaseModel.java:136] TC0001: terminateRti: FederatesCurrentlyJoined (ignored)
2017-12-05 16:37:21,250 INFO [n.i.c.CmdStartTestResultListener] [CmdStartTestResultListener.java:63] : JMS Message received: {"commandType":"TcStatus","status":"finished","percentFinshed":100}
2017-12-05 16:37:21,250 INFO [d.f.iosb.testrunner.JMSTestRunner] [AbstractTestCase.java:166] TC0001: TC PASSED
2017-12-05 16:37:21,250 INFO [nato.ivct.commander.Factory] [CmdQuitListener.java:44] : JMS Message received: {"commandType":"TcStatus","status":"finished","percentFinshed":100}
2017-12-05 16:37:21,250 DEBUG [d.f.iosb.testrunner.JMSTestRunner] [JMSTestRunner.java:185] TC0001: JMSTestRunner:onMessageConsumer:run: after
2017-12-05 16:37:21,250 INFO [n.i.c.CmdStartTestResultListener] [CmdStartTestResultListener.java:63] : JMS Message received: {"sequence":"2","commandType":"announceVerdict","testScheduleName":"HelloWorld-0.4.1","sutName":"hw_iosb","verdict":"PASSED","sutDir":"C:\/Projekte\/MSG134\/IVCT_Runtime\/IVCTsut\/hw_iosb","verdictText":"ok","testcase":"de.fraunhofer.iosb.tc_helloworld.TC0001"}
2017-12-05 16:37:21,250 INFO [nato.ivct.commander.Factory] [CmdQuitListener.java:44] : JMS Message received: {"sequence":"2","commandType":"announceVerdict","testScheduleName":"HelloWorld-0.4.1","sutName":"hw_iosb","verdict":"PASSED","sutDir":"C:\/Projekte\/MSG134\/IVCT_Runtime\/IVCTsut\/hw_iosb","verdictText":"ok","testcase":"de.fraunhofer.iosb.tc_helloworld.TC0001"}
2017-12-05 16:37:28,937 INFO [n.i.c.CmdStartTestResultListener] [CmdStartTestResultListener.java:63] : JMS Message received: {"sequence":"3","badge":"HelloWorld-0.4.1","commandType":"startTestCase","sutName":"hw_iosb","sutDir":"C:\/Projekte\/MSG134\/IVCT_Runtime\/IVCTsut\/hw_iosb","tsRunFolder":"C:\/Projekte\/MSG134\/IVCT_Runtime\/TestSuites\/TS_HelloWorld-0.4.1\/bin","tcParam":{"rtiHostName":"10.1.4.29","federationName":"HelloWorld","rtiPort":"8989","sutFederateName":"A"},"testCaseId":"de.fraunhofer.iosb.tc_helloworld.TC0002"}
2017-12-05 16:37:28,938 INFO [nato.ivct.commander.Factory] [CmdQuitListener.java:44] : JMS Message received: {"sequence":"3","badge":"HelloWorld-0.4.1","commandType":"startTestCase","sutName":"hw_iosb","sutDir":"C:\/Projekte\/MSG134\/IVCT_Runtime\/IVCTsut\/hw_iosb","tsRunFolder":"C:\/Projekte\/MSG134\/IVCT_Runtime\/TestSuites\/TS_HelloWorld-0.4.1\/bin","tcParam":{"rtiHostName":"10.1.4.29","federationName":"HelloWorld","rtiPort":"8989","sutFederateName":"A"},"testCaseId":"de.fraunhofer.iosb.tc_helloworld.TC0002"}
2017-12-05 16:37:28,945 INFO [n.i.c.CmdStartTestResultListener] [CmdStartTestResultListener.java:63] : JMS Message received: {"commandType":"TcStatus","status":"initiated","percentFinshed":0}
2017-12-05 16:37:28,947 INFO [nato.ivct.commander.Factory] [CmdQuitListener.java:44] : JMS Message received: {"commandType":"TcStatus","status":"initiated","percentFinshed":0}
2017-12-05 16:37:28,945 INFO [d.f.iosb.testrunner.JMSTestRunner] [TC0002.java:91] TC0002: 
---------------------------------------------------------------------
TEST PURPOSE
Test if a HelloWorld federate answers with: "HelloWorld <country name>"
upon receiving a "HelloWorld" interaction
Repeat sending the "HelloWorld" interaction for several cycles and evaluate
the interactions received
---------------------------------------------------------------------

2017-12-05 16:37:28,946 INFO [d.f.iosb.testrunner.JMSTestRunner] [AbstractTestCase.java:112] TC0002: TEST CASE PREAMBLE
2017-12-05 16:37:28,961 ERROR [d.f.iosb.testrunner.JMSTestRunner] [IVCT_RTIambassador.java:297] TC0002: createFederationExecution exception=Federation HelloWorld already exists (909000000)
2017-12-05 16:37:28,962 WARN [d.f.iosb.testrunner.JMSTestRunner] [IVCT_BaseModel.java:96] TC0002: initiateRti: FederationExecutionAlreadyExists (ignored)
2017-12-05 16:37:28,979 INFO [n.i.c.CmdStartTestResultListener] [CmdStartTestResultListener.java:63] : JMS Message received: {"commandType":"TcStatus","status":"started","percentFinshed":0}
2017-12-05 16:37:28,979 INFO [d.f.iosb.testrunner.JMSTestRunner] [AbstractTestCase.java:134] TC0002: TEST CASE BODY
2017-12-05 16:37:28,980 INFO [nato.ivct.commander.Factory] [CmdQuitListener.java:44] : JMS Message received: {"commandType":"TcStatus","status":"started","percentFinshed":0}
2017-12-05 16:37:29,373 INFO [d.f.iosb.testrunner.JMSTestRunner] [HelloWorldBaseModel.java:436] TC0002: Population: 235.65637
2017-12-05 16:37:30,372 INFO [d.f.iosb.testrunner.JMSTestRunner] [HelloWorldBaseModel.java:436] TC0002: Population: 242.72606
2017-12-05 16:37:31,387 INFO [d.f.iosb.testrunner.JMSTestRunner] [HelloWorldBaseModel.java:436] TC0002: Population: 250.00783
2017-12-05 16:37:32,401 INFO [d.f.iosb.testrunner.JMSTestRunner] [HelloWorldBaseModel.java:436] TC0002: Population: 257.50806
2017-12-05 16:37:32,439 INFO [d.f.iosb.testrunner.JMSTestRunner] [TC0002.java:154] TC0002: Hello World from A
2017-12-05 16:37:33,419 INFO [d.f.iosb.testrunner.JMSTestRunner] [HelloWorldBaseModel.java:436] TC0002: Population: 265.23328
2017-12-05 16:37:34,438 INFO [d.f.iosb.testrunner.JMSTestRunner] [HelloWorldBaseModel.java:436] TC0002: Population: 273.19028
2017-12-05 16:37:34,469 INFO [d.f.iosb.testrunner.JMSTestRunner] [TC0002.java:154] TC0002: Hello World from A
2017-12-05 16:37:35,453 INFO [d.f.iosb.testrunner.JMSTestRunner] [HelloWorldBaseModel.java:436] TC0002: Population: 281.386
2017-12-05 16:37:36,468 INFO [d.f.iosb.testrunner.JMSTestRunner] [HelloWorldBaseModel.java:436] TC0002: Population: 289.82755
2017-12-05 16:37:36,500 INFO [d.f.iosb.testrunner.JMSTestRunner] [TC0002.java:154] TC0002: Hello World from A
2017-12-05 16:37:37,471 INFO [d.f.iosb.testrunner.JMSTestRunner] [HelloWorldBaseModel.java:436] TC0002: Population: 298.52237
2017-12-05 16:37:38,483 INFO [d.f.iosb.testrunner.JMSTestRunner] [HelloWorldBaseModel.java:436] TC0002: Population: 307.47803
2017-12-05 16:37:38,499 INFO [d.f.iosb.testrunner.JMSTestRunner] [TC0002.java:154] TC0002: Hello World from A
2017-12-05 16:37:39,498 INFO [d.f.iosb.testrunner.JMSTestRunner] [HelloWorldBaseModel.java:436] TC0002: Population: 316.70236
2017-12-05 16:37:40,515 INFO [d.f.iosb.testrunner.JMSTestRunner] [HelloWorldBaseModel.java:436] TC0002: Population: 326.20343
2017-12-05 16:37:40,535 INFO [d.f.iosb.testrunner.JMSTestRunner] [TC0002.java:154] TC0002: Hello World from A
2017-12-05 16:37:41,534 INFO [d.f.iosb.testrunner.JMSTestRunner] [HelloWorldBaseModel.java:436] TC0002: Population: 335.98953
2017-12-05 16:37:42,550 INFO [d.f.iosb.testrunner.JMSTestRunner] [HelloWorldBaseModel.java:436] TC0002: Population: 346.0692
2017-12-05 16:37:42,565 INFO [d.f.iosb.testrunner.JMSTestRunner] [TC0002.java:154] TC0002: Hello World from A
2017-12-05 16:37:43,565 INFO [d.f.iosb.testrunner.JMSTestRunner] [HelloWorldBaseModel.java:436] TC0002: Population: 356.4513
2017-12-05 16:37:44,580 INFO [d.f.iosb.testrunner.JMSTestRunner] [HelloWorldBaseModel.java:436] TC0002: Population: 367.14484
2017-12-05 16:37:44,596 INFO [d.f.iosb.testrunner.JMSTestRunner] [TC0002.java:154] TC0002: Hello World from A
2017-12-05 16:37:45,595 INFO [d.f.iosb.testrunner.JMSTestRunner] [HelloWorldBaseModel.java:436] TC0002: Population: 378.15918
2017-12-05 16:37:46,613 INFO [d.f.iosb.testrunner.JMSTestRunner] [HelloWorldBaseModel.java:436] TC0002: Population: 389.50394
2017-12-05 16:37:46,633 INFO [d.f.iosb.testrunner.JMSTestRunner] [TC0002.java:154] TC0002: Hello World from A
2017-12-05 16:37:47,633 INFO [d.f.iosb.testrunner.JMSTestRunner] [HelloWorldBaseModel.java:436] TC0002: Population: 401.18906
2017-12-05 16:37:48,648 INFO [d.f.iosb.testrunner.JMSTestRunner] [HelloWorldBaseModel.java:436] TC0002: Population: 413.22473
2017-12-05 16:37:48,664 INFO [d.f.iosb.testrunner.JMSTestRunner] [TC0002.java:154] TC0002: Hello World from A
2017-12-05 16:37:49,648 INFO [d.f.iosb.testrunner.JMSTestRunner] [HelloWorldBaseModel.java:436] TC0002: Population: 425.62146
2017-12-05 16:37:50,663 INFO [d.f.iosb.testrunner.JMSTestRunner] [HelloWorldBaseModel.java:436] TC0002: Population: 438.3901
2017-12-05 16:37:50,695 INFO [d.f.iosb.testrunner.JMSTestRunner] [TC0002.java:154] TC0002: Hello World from A
2017-12-05 16:37:51,664 INFO [d.f.iosb.testrunner.JMSTestRunner] [HelloWorldBaseModel.java:436] TC0002: Population: 451.5418
2017-12-05 16:37:51,696 INFO [n.i.c.CmdStartTestResultListener] [CmdStartTestResultListener.java:63] : JMS Message received: {"commandType":"TcStatus","status":"done","percentFinshed":99}
2017-12-05 16:37:51,700 INFO [nato.ivct.commander.Factory] [CmdQuitListener.java:44] : JMS Message received: {"commandType":"TcStatus","status":"done","percentFinshed":99}
2017-12-05 16:37:51,695 INFO [d.f.iosb.testrunner.JMSTestRunner] [AbstractTestCase.java:164] TC0002: TEST CASE POSTAMBLE
2017-12-05 16:37:51,705 ERROR [d.f.iosb.testrunner.JMSTestRunner] [IVCT_RTIambassador.java:345] TC0002: destroyFederationExecution exception=Federates Currently Joined (909146016)
2017-12-05 16:37:51,707 WARN [d.f.iosb.testrunner.JMSTestRunner] [IVCT_BaseModel.java:136] TC0002: terminateRti: FederatesCurrentlyJoined (ignored)
2017-12-05 16:37:51,715 INFO [n.i.c.CmdStartTestResultListener] [CmdStartTestResultListener.java:63] : JMS Message received: {"commandType":"TcStatus","status":"finished","percentFinshed":100}
2017-12-05 16:37:51,713 INFO [d.f.iosb.testrunner.JMSTestRunner] [AbstractTestCase.java:166] TC0002: TC PASSED
2017-12-05 16:37:51,716 INFO [nato.ivct.commander.Factory] [CmdQuitListener.java:44] : JMS Message received: {"commandType":"TcStatus","status":"finished","percentFinshed":100}
2017-12-05 16:37:51,715 DEBUG [d.f.iosb.testrunner.JMSTestRunner] [JMSTestRunner.java:185] TC0002: JMSTestRunner:onMessageConsumer:run: after
2017-12-05 16:37:51,717 INFO [n.i.c.CmdStartTestResultListener] [CmdStartTestResultListener.java:63] : JMS Message received: {"sequence":"3","commandType":"announceVerdict","testScheduleName":"HelloWorld-0.4.1","sutName":"hw_iosb","verdict":"PASSED","sutDir":"C:\/Projekte\/MSG134\/IVCT_Runtime\/IVCTsut\/hw_iosb","verdictText":"ok","testcase":"de.fraunhofer.iosb.tc_helloworld.TC0002"}
2017-12-05 16:37:51,719 INFO [nato.ivct.commander.Factory] [CmdQuitListener.java:44] : JMS Message received: {"sequence":"3","commandType":"announceVerdict","testScheduleName":"HelloWorld-0.4.1","sutName":"hw_iosb","verdict":"PASSED","sutDir":"C:\/Projekte\/MSG134\/IVCT_Runtime\/IVCTsut\/hw_iosb","verdictText":"ok","testcase":"de.fraunhofer.iosb.tc_helloworld.TC0002"}
