Sep 21, 2017 12:08:37 PM org.apache.catalina.core.ApplicationContext log
INFORMATION: HTMLManager: init: Associated with Deployer 'Catalina:type=Deployer,host=localhost'
Sep 21, 2017 12:08:37 PM org.apache.catalina.core.ApplicationContext log
INFORMATION: HTMLManager: init: Global resources are available
Sep 21, 2017 12:08:37 PM org.apache.catalina.core.ApplicationContext log
INFORMATION: HTMLManager: list: Listing contexts for virtual host 'localhost'
Sep 21, 2017 12:17:30 PM org.apache.catalina.core.ApplicationContext log
INFORMATION: HTMLManager: init: Associated with Deployer 'Catalina:type=Deployer,host=localhost'
Sep 21, 2017 12:17:30 PM org.apache.catalina.core.ApplicationContext log
INFORMATION: HTMLManager: init: Global resources are available
Sep 21, 2017 12:17:30 PM org.apache.catalina.core.ApplicationContext log
INFORMATION: HTMLManager: list: Listing contexts for virtual host 'localhost'
Sep 21, 2017 12:23:23 PM org.apache.catalina.core.ApplicationContext log
INFORMATION: HTMLManager: init: Associated with Deployer 'Catalina:type=Deployer,host=localhost'
Sep 21, 2017 12:23:23 PM org.apache.catalina.core.ApplicationContext log
INFORMATION: HTMLManager: init: Global resources are available
Sep 21, 2017 12:23:23 PM org.apache.catalina.core.ApplicationContext log
INFORMATION: HTMLManager: list: Listing contexts for virtual host 'localhost'
Sep 21, 2017 12:25:11 PM org.apache.catalina.core.ApplicationContext log
INFORMATION: HTMLManager: init: Associated with Deployer 'Catalina:type=Deployer,host=localhost'
Sep 21, 2017 12:25:11 PM org.apache.catalina.core.ApplicationContext log
INFORMATION: HTMLManager: init: Global resources are available
Sep 21, 2017 12:25:11 PM org.apache.catalina.core.ApplicationContext log
INFORMATION: HTMLManager: list: Listing contexts for virtual host 'localhost'
Sep 21, 2017 1:36:38 PM org.apache.catalina.core.ApplicationContext log
INFORMATION: HTMLManager: init: Associated with Deployer 'Catalina:type=Deployer,host=localhost'
Sep 21, 2017 1:36:38 PM org.apache.catalina.core.ApplicationContext log
INFORMATION: HTMLManager: init: Global resources are available
Sep 21, 2017 1:36:38 PM org.apache.catalina.core.ApplicationContext log
INFORMATION: HTMLManager: list: Listing contexts for virtual host 'localhost'
Sep 21, 2017 2:56:57 PM org.apache.catalina.core.ApplicationContext log
INFORMATION: HTMLManager: init: Associated with Deployer 'Catalina:type=Deployer,host=localhost'
Sep 21, 2017 2:56:57 PM org.apache.catalina.core.ApplicationContext log
INFORMATION: HTMLManager: init: Global resources are available
Sep 21, 2017 2:56:57 PM org.apache.catalina.core.ApplicationContext log
INFORMATION: HTMLManager: list: Listing contexts for virtual host 'localhost'
Sep 21, 2017 2:57:14 PM org.apache.catalina.core.ApplicationContext log
INFORMATION: HTMLManager: list: Listing contexts for virtual host 'localhost'
Sep 21, 2017 4:17:59 PM org.apache.catalina.core.ApplicationContext log
INFORMATION: HTMLManager: init: Associated with Deployer 'Catalina:type=Deployer,host=localhost'
Sep 21, 2017 4:17:59 PM org.apache.catalina.core.ApplicationContext log
INFORMATION: HTMLManager: init: Global resources are available
Sep 21, 2017 4:17:59 PM org.apache.catalina.core.ApplicationContext log
INFORMATION: HTMLManager: list: Listing contexts for virtual host 'localhost'
Sep 21, 2017 4:20:28 PM org.apache.catalina.core.ApplicationContext log
INFORMATION: HTMLManager: stop: Stopping web application '/TC.webApp-0.4.1'
Sep 21, 2017 4:20:28 PM org.apache.catalina.core.ApplicationContext log
INFORMATION: HTMLManager: list: Listing contexts for virtual host 'localhost'
Sep 21, 2017 4:23:37 PM org.apache.catalina.core.ApplicationContext log
INFORMATION: HTMLManager: stop: Stopping web application '/TC.webApp-0.4.1'
Sep 21, 2017 4:23:37 PM org.apache.catalina.core.ApplicationContext log
INFORMATION: HTMLManager: list: Listing contexts for virtual host 'localhost'
Sep 21, 2017 4:26:10 PM org.apache.catalina.core.ApplicationContext log
INFORMATION: HTMLManager: init: Associated with Deployer 'Catalina:type=Deployer,host=localhost'
Sep 21, 2017 4:26:10 PM org.apache.catalina.core.ApplicationContext log
INFORMATION: HTMLManager: init: Global resources are available
Sep 21, 2017 4:26:30 PM org.apache.catalina.core.ApplicationContext log
INFORMATION: HTMLManager: list: Listing contexts for virtual host 'localhost'
