2017-11-08 08:57:11,471 INFO  [Thread-5] org.eclipse.scout.rt.platform.internal.PlatformImplementor - Headless mode: scout.headless=true, java.awt.headless=true, GraphicsEnvironment.isHeadless()=true - MDC[]
2017-11-08 08:57:11,537 INFO  [Thread-5] org.eclipse.scout.rt.platform.inventory.ClassInventory - Finished preparation of jandex class inventory in 65.343758 ms - MDC[]
2017-11-08 08:57:11,753 INFO  [Thread-5] org.eclipse.scout.rt.shared.servicetunnel.http.MultiSessionCookieStoreInstaller - Successfully installed java.net.CookieManager@146fc25c (Cookie store: org.eclipse.scout.rt.shared.servicetunnel.http.MultiSessionCookieStore@3a32052b) - MDC[]
2017-11-08 08:57:11,753 INFO  [Thread-5] org.eclipse.scout.rt.platform.logger.LoggerPlatformListener - registered logger support [org.eclipse.scout.rt.platform.logger.LogbackLoggerSupport] - MDC[]
2017-11-08 08:57:11,773 INFO  [Thread-5] org.eclipse.scout.rt.shared.services.common.code.CodeTypeRegistrator - 2 code type classes registered. - MDC[]
2017-11-08 08:57:11,775 INFO  [Thread-5] org.eclipse.scout.rt.shared.servicetunnel.RegisterTunnelToServerPlatformListener - Tunnel to server proxies registered. - MDC[]
2017-11-08 08:57:11,853 INFO  [Thread-5] org.eclipse.scout.rt.ui.html.res.PrebuildFiles - Pre-building of web resources enabled - MDC[]
2017-11-08 08:57:11,853 INFO  [Thread-5] org.eclipse.scout.rt.ui.html.res.PrebuildFiles - Pre-building resource '/index.html' - MDC[]
2017-11-08 08:57:11,853 INFO  [Thread-5] org.eclipse.scout.rt.ui.html.UiThemeUtility - UI theme configured in config.properties: application - MDC[]
2017-11-08 08:57:11,922 INFO  [Thread-5] org.eclipse.scout.rt.ui.html.script.ScriptFileBuilder - Building script ScriptSource@73687fab[requestPath=res/nato.ivct.gui-all-macro.less, url=jar:file:/C:/Projekte/MSG134/IVCT_Runtime/apache-tomcat-7.0.78/webapps/nato.ivct.gui.nato.ivct.gui.ui.html/WEB-INF/lib/nato.ivct.gui.ui.html-1.0.0-SNAPSHOT.jar!/WebContent/res/nato.ivct.gui-all-macro.less, fileType=STYLESHEET, nodeType=MACRO] theme=application m_minify=true - MDC[]
2017-11-08 08:57:17,943 INFO  [Thread-5] org.eclipse.scout.rt.ui.html.script.ScriptFileBuilder - Building script ScriptSource@7357f81e[requestPath=res/jquery-all-macro.js, url=jar:file:/C:/Projekte/MSG134/IVCT_Runtime/apache-tomcat-7.0.78/webapps/nato.ivct.gui.nato.ivct.gui.ui.html/WEB-INF/lib/org.eclipse.scout.rt.ui.html-6.1.0.M5.jar!/WebContent/res/jquery-all-macro.js, fileType=JS, nodeType=MACRO] theme=application m_minify=true - MDC[]
2017-11-08 08:57:18,239 INFO  [Thread-5] org.eclipse.scout.rt.ui.html.script.ScriptFileBuilder - Building script ScriptSource@17d8ddd6[requestPath=res/nato.ivct.gui-all-macro.js, url=jar:file:/C:/Projekte/MSG134/IVCT_Runtime/apache-tomcat-7.0.78/webapps/nato.ivct.gui.nato.ivct.gui.ui.html/WEB-INF/lib/nato.ivct.gui.ui.html-1.0.0-SNAPSHOT.jar!/WebContent/res/nato.ivct.gui-all-macro.js, fileType=JS, nodeType=MACRO] theme=application m_minify=true - MDC[]
2017-11-08 08:57:23,093 INFO  [Thread-5] org.eclipse.scout.rt.ui.html.script.ScriptFileBuilder - Building script ScriptSource@3b14e59f[requestPath=res/index.js, url=jar:file:/C:/Projekte/MSG134/IVCT_Runtime/apache-tomcat-7.0.78/webapps/nato.ivct.gui.nato.ivct.gui.ui.html/WEB-INF/lib/nato.ivct.gui.ui.html-1.0.0-SNAPSHOT.jar!/WebContent/res/index.js, fileType=JS, nodeType=LIBRARY] theme=application m_minify=true - MDC[]
2017-11-08 08:57:23,100 INFO  [Thread-5] org.eclipse.scout.rt.ui.html.res.PrebuildFiles - Pre-building resource '/login.html' - MDC[]
2017-11-08 08:57:23,102 INFO  [Thread-5] org.eclipse.scout.rt.ui.html.script.ScriptFileBuilder - Building script ScriptSource@6d6f30c7[requestPath=res/scout-login-module.less, url=jar:file:/C:/Projekte/MSG134/IVCT_Runtime/apache-tomcat-7.0.78/webapps/nato.ivct.gui.nato.ivct.gui.ui.html/WEB-INF/lib/org.eclipse.scout.rt.ui.html-6.1.0.M5.jar!/scout-login-module.less, fileType=STYLESHEET, nodeType=SRC_MODULE] theme=application m_minify=true - MDC[]
2017-11-08 08:57:24,009 INFO  [Thread-5] org.eclipse.scout.rt.ui.html.script.ScriptFileBuilder - Building script ScriptSource@4e317dfc[requestPath=res/scout-login-module.js, url=jar:file:/C:/Projekte/MSG134/IVCT_Runtime/apache-tomcat-7.0.78/webapps/nato.ivct.gui.nato.ivct.gui.ui.html/WEB-INF/lib/org.eclipse.scout.rt.ui.html-6.1.0.M5.jar!/scout-login-module.js, fileType=JS, nodeType=SRC_MODULE] theme=application m_minify=true - MDC[]
2017-11-08 08:57:24,197 INFO  [Thread-5] org.eclipse.scout.rt.ui.html.script.ScriptFileBuilder - Building script ScriptSource@55cf4f38[requestPath=res/login.js, url=jar:file:/C:/Projekte/MSG134/IVCT_Runtime/apache-tomcat-7.0.78/webapps/nato.ivct.gui.nato.ivct.gui.ui.html/WEB-INF/lib/nato.ivct.gui.ui.html-1.0.0-SNAPSHOT.jar!/WebContent/res/login.js, fileType=JS, nodeType=LIBRARY] theme=application m_minify=true - MDC[]
2017-11-08 08:57:24,199 INFO  [Thread-5] org.eclipse.scout.rt.ui.html.res.PrebuildFiles - Pre-building resource '/logout.html' - MDC[]
2017-11-08 08:57:24,202 INFO  [Thread-5] org.eclipse.scout.rt.ui.html.script.ScriptFileBuilder - Building script ScriptSource@327006cd[requestPath=res/logout.js, url=jar:file:/C:/Projekte/MSG134/IVCT_Runtime/apache-tomcat-7.0.78/webapps/nato.ivct.gui.nato.ivct.gui.ui.html/WEB-INF/lib/nato.ivct.gui.ui.html-1.0.0-SNAPSHOT.jar!/WebContent/res/logout.js, fileType=JS, nodeType=LIBRARY] theme=application m_minify=true - MDC[]
2017-11-08 08:57:24,204 INFO  [Thread-5] org.eclipse.scout.rt.ui.html.res.PrebuildFiles - Pre-building resource '/popup-window.html' - MDC[]
2017-11-08 08:57:24,206 INFO  [Thread-5] org.eclipse.scout.rt.ui.html.script.ScriptFileBuilder - Building script ScriptSource@6b14b792[requestPath=res/popup-window.js, url=jar:file:/C:/Projekte/MSG134/IVCT_Runtime/apache-tomcat-7.0.78/webapps/nato.ivct.gui.nato.ivct.gui.ui.html/WEB-INF/lib/nato.ivct.gui.ui.html-1.0.0-SNAPSHOT.jar!/WebContent/res/popup-window.js, fileType=JS, nodeType=LIBRARY] theme=application m_minify=true - MDC[]
2017-11-08 08:57:24,217 ERROR [localhost-startStop-1] org.apache.catalina.session.StandardManager - IOException while loading persisted sessions: java.io.EOFException - MDC[]
java.io.EOFException: null
	at java.io.ObjectInputStream$PeekInputStream.readFully(ObjectInputStream.java:2638)
	at java.io.ObjectInputStream$BlockDataInputStream.readShort(ObjectInputStream.java:3113)
	at java.io.ObjectInputStream.readStreamHeader(ObjectInputStream.java:853)
	at java.io.ObjectInputStream.<init>(ObjectInputStream.java:349)
	at org.apache.catalina.util.CustomObjectInputStream.<init>(CustomObjectInputStream.java:95)
	at org.apache.catalina.session.StandardManager.doLoad(StandardManager.java:223)
	at org.apache.catalina.session.StandardManager.load(StandardManager.java:176)
	at org.apache.catalina.session.StandardManager.startInternal(StandardManager.java:465)
	at org.apache.catalina.util.LifecycleBase.start(LifecycleBase.java:145)
	at org.apache.catalina.core.StandardContext.startInternal(StandardContext.java:5643)
	at org.apache.catalina.util.LifecycleBase.start(LifecycleBase.java:145)
	at org.apache.catalina.core.ContainerBase.addChildInternal(ContainerBase.java:899)
	at org.apache.catalina.core.ContainerBase.addChild(ContainerBase.java:875)
	at org.apache.catalina.core.StandardHost.addChild(StandardHost.java:652)
	at org.apache.catalina.startup.HostConfig.deployWAR(HostConfig.java:1092)
	at org.apache.catalina.startup.HostConfig$DeployWar.run(HostConfig.java:1984)
	at java.util.concurrent.Executors$RunnableAdapter.call(Executors.java:511)
	at java.util.concurrent.FutureTask.run(FutureTask.java:266)
	at java.util.concurrent.ThreadPoolExecutor.runWorker(ThreadPoolExecutor.java:1142)
	at java.util.concurrent.ThreadPoolExecutor$Worker.run(ThreadPoolExecutor.java:617)
	at java.lang.Thread.run(Thread.java:748)
2017-11-08 08:57:24,218 ERROR [localhost-startStop-1] org.apache.catalina.session.StandardManager - Exception loading sessions from persistent storage - MDC[]
java.io.EOFException: null
	at java.io.ObjectInputStream$PeekInputStream.readFully(ObjectInputStream.java:2638)
	at java.io.ObjectInputStream$BlockDataInputStream.readShort(ObjectInputStream.java:3113)
	at java.io.ObjectInputStream.readStreamHeader(ObjectInputStream.java:853)
	at java.io.ObjectInputStream.<init>(ObjectInputStream.java:349)
	at org.apache.catalina.util.CustomObjectInputStream.<init>(CustomObjectInputStream.java:95)
	at org.apache.catalina.session.StandardManager.doLoad(StandardManager.java:223)
	at org.apache.catalina.session.StandardManager.load(StandardManager.java:176)
	at org.apache.catalina.session.StandardManager.startInternal(StandardManager.java:465)
	at org.apache.catalina.util.LifecycleBase.start(LifecycleBase.java:145)
	at org.apache.catalina.core.StandardContext.startInternal(StandardContext.java:5643)
	at org.apache.catalina.util.LifecycleBase.start(LifecycleBase.java:145)
	at org.apache.catalina.core.ContainerBase.addChildInternal(ContainerBase.java:899)
	at org.apache.catalina.core.ContainerBase.addChild(ContainerBase.java:875)
	at org.apache.catalina.core.StandardHost.addChild(StandardHost.java:652)
	at org.apache.catalina.startup.HostConfig.deployWAR(HostConfig.java:1092)
	at org.apache.catalina.startup.HostConfig$DeployWar.run(HostConfig.java:1984)
	at java.util.concurrent.Executors$RunnableAdapter.call(Executors.java:511)
	at java.util.concurrent.FutureTask.run(FutureTask.java:266)
	at java.util.concurrent.ThreadPoolExecutor.runWorker(ThreadPoolExecutor.java:1142)
	at java.util.concurrent.ThreadPoolExecutor$Worker.run(ThreadPoolExecutor.java:617)
	at java.lang.Thread.run(Thread.java:748)
2017-11-08 08:58:04,345 INFO  [scout-model-thread-23] org.eclipse.scout.rt.client.AbstractClientSession - Client session started [session=nato.ivct.gui.client.ClientSession@1e6d6a2[id = b26a5035-aedb-48a0-a2af-b69bf9a484b2], user=admin] - MDC[principal=admin, httpUri=/nato.ivct.gui.nato.ivct.gui.ui.html/json, jobName=Starting ClientSession [sessionId=b26a5035-aedb-48a0-a2af-b69bf9a484b2], cid=tb3kg7hq2Mc/1]
2017-11-08 08:58:04,345 INFO  [http-bio-8080-exec-8] org.eclipse.scout.rt.ui.html.UiSession - Created new client session [clientSessionId=b26a5035-aedb-48a0-a2af-b69bf9a484b2, userAgent=HTML|DESKTOP|CHROME|WINDOWS|Mozilla/5.0 (Windows NT 10.0; Win64; x64) AppleWebKit/537.36 (KHTML, like Gecko) Chrome/61.0.3163.100 Safari/537.36] - MDC[principal=admin, httpUri=/nato.ivct.gui.nato.ivct.gui.ui.html/json, cid=tb3kg7hq2Mc/1]
2017-11-08 08:58:04,353 INFO  [scout-model-thread-23] org.eclipse.scout.rt.ui.html.json.MainJsonObjectFactory - Using following object factories: [org.eclipse.scout.rt.ui.html.JsonObjectFactory@4bd1380b] - MDC[principal=admin, httpUri=/nato.ivct.gui.nato.ivct.gui.ui.html/json, scoutSession=b26a5035-aedb-48a0-a2af-b69bf9a484b2, jobName=Starting JsonClientSession, cid=tb3kg7hq2Mc/1]
2017-11-08 08:58:04,427 INFO  [http-bio-8080-exec-8] org.eclipse.scout.rt.ui.html.UiSession - UiSession with ID 1:fj1425v5cihpq05n9096mrbt09 initialized - MDC[principal=admin, httpUri=/nato.ivct.gui.nato.ivct.gui.ui.html/json, cid=tb3kg7hq2Mc/1]
2017-11-08 08:58:04,427 INFO  [http-bio-8080-exec-8] org.eclipse.scout.rt.ui.html.json.JsonMessageRequestHandler - Created new UI session with ID 1:fj1425v5cihpq05n9096mrbt09 in 713.973310 ms [maxIdleTime=14400s, httpSession.maxInactiveInterval=300s] - MDC[principal=admin, httpUri=/nato.ivct.gui.nato.ivct.gui.ui.html/json, cid=tb3kg7hq2Mc/1]
2017-11-08 08:58:27,698 INFO  [scout-thread-21] nato.ivct.gui.client.sut.TestCaseNotificationHandler - Test Case Notification PASSED received for de.fraunhofer.iosb.tc_helloworld.TC0001 - MDC[principal=notification-authenticator, jobName=Dispatching client notification]
2017-11-08 08:59:00,105 INFO  [scout-thread-23] nato.ivct.gui.client.sut.TestCaseNotificationHandler - Test Case Notification PASSED received for de.fraunhofer.iosb.tc_helloworld.TC0002 - MDC[principal=notification-authenticator, jobName=Dispatching client notification]
2017-11-08 08:59:05,073 WARN  [scout-model-thread-20] nato.ivct.gui.client.cb.CbForm - Could not load image file: RPR-ENTITY-2016.png - MDC[principal=admin, httpUri=/nato.ivct.gui.nato.ivct.gui.ui.html/json, uiSession=1:fj1425v5cihpq05n9096mrbt09, scoutSession=b26a5035-aedb-48a0-a2af-b69bf9a484b2, jobName=Processing JSON request, cid=kw5GV3ju4DE/18]
2017-11-08 09:00:37,575 INFO  [scout-thread-23] nato.ivct.gui.client.sut.TestCaseNotificationHandler - Test Case Notification PASSED received for de.fraunhofer.iosb.tc_helloworld.TC0002 - MDC[principal=notification-authenticator, jobName=Dispatching client notification]
2017-11-08 09:01:08,114 INFO  [scout-thread-23] nato.ivct.gui.client.sut.TestCaseNotificationHandler - Test Case Notification PASSED received for de.fraunhofer.iosb.tc_helloworld.TC0001 - MDC[principal=notification-authenticator, jobName=Dispatching client notification]
2017-11-08 09:01:32,634 INFO  [scout-thread-22] nato.ivct.gui.client.sut.TestCaseNotificationHandler - Test Case Notification PASSED received for de.fraunhofer.iosb.tc_helloworld.TC0001 - MDC[principal=notification-authenticator, jobName=Dispatching client notification]
2017-11-08 09:01:51,714 ERROR [scout-thread-24] org.eclipse.scout.rt.client.clientnotification.ClientNotificationPoller - Error receiving client notifications - MDC[principal=notification-authenticator, jobName=ClientNotificationPoller]
org.eclipse.scout.rt.platform.exception.PlatformException: 500 - INTERNAL_SERVER_ERROR [translator=org.eclipse.scout.rt.platform.exception.DefaultRuntimeExceptionTranslator, user=notification-authenticator, remote-service.name=org.eclipse.scout.rt.shared.clientnotification.IClientNotificationService, remote-service.operation=getNotifications]
	at org.eclipse.scout.rt.platform.exception.DefaultRuntimeExceptionTranslator.translateInternal(DefaultRuntimeExceptionTranslator.java:54)
	at org.eclipse.scout.rt.platform.exception.DefaultRuntimeExceptionTranslator.translate(DefaultRuntimeExceptionTranslator.java:37)
	at org.eclipse.scout.rt.shared.servicetunnel.AbstractServiceTunnel.interceptException(AbstractServiceTunnel.java:158)
	at org.eclipse.scout.rt.shared.servicetunnel.AbstractServiceTunnel.invokeService(AbstractServiceTunnel.java:57)
	at org.eclipse.scout.rt.shared.servicetunnel.AbstractServiceTunnel.invokeService(AbstractServiceTunnel.java:42)
	at org.eclipse.scout.rt.shared.servicetunnel.http.HttpServiceTunnel.invokeService(HttpServiceTunnel.java:185)
	at org.eclipse.scout.rt.shared.servicetunnel.ServiceTunnelProxyProducer.invoke(ServiceTunnelProxyProducer.java:43)
	at org.eclipse.scout.rt.platform.interceptor.DecoratingProxy.invokeImpl(DecoratingProxy.java:134)
	at org.eclipse.scout.rt.platform.interceptor.DecoratingProxy$P_InvocationHandler.invoke(DecoratingProxy.java:172)
	at com.sun.proxy.$Proxy28.getNotifications(Unknown Source)
	at org.eclipse.scout.rt.client.clientnotification.ClientNotificationPoller$P_NotificationPoller.run(ClientNotificationPoller.java:95)
	at org.eclipse.scout.rt.platform.util.concurrent.Callables$1.call(Callables.java:34)
	at org.eclipse.scout.rt.platform.util.concurrent.Callables$1.call(Callables.java:1)
	at org.eclipse.scout.rt.platform.chain.callable.CallableChain$Chain.continueChain(CallableChain.java:203)
	at org.eclipse.scout.rt.platform.job.internal.ExceptionProcessor.intercept(ExceptionProcessor.java:41)
	at org.eclipse.scout.rt.platform.chain.callable.CallableChain$Chain.continueChain(CallableChain.java:198)
	at org.eclipse.scout.rt.platform.context.RunContextRunner$1.call(RunContextRunner.java:42)
	at org.eclipse.scout.rt.platform.chain.callable.CallableChain$Chain.continueChain(CallableChain.java:203)
	at org.eclipse.scout.rt.platform.transaction.TransactionProcessor.runTxRequiresNew(TransactionProcessor.java:100)
	at org.eclipse.scout.rt.platform.transaction.TransactionProcessor.runTxRequired(TransactionProcessor.java:129)
	at org.eclipse.scout.rt.platform.transaction.TransactionProcessor.intercept(TransactionProcessor.java:71)
	at org.eclipse.scout.rt.platform.chain.callable.CallableChain$Chain.continueChain(CallableChain.java:198)
	at org.eclipse.scout.rt.platform.security.SubjectProcessor$1.run(SubjectProcessor.java:47)
	at java.security.AccessController.doPrivileged(Native Method)
	at javax.security.auth.Subject.doAs(Subject.java:422)
	at org.eclipse.scout.rt.platform.security.SubjectProcessor.intercept(SubjectProcessor.java:43)
	at org.eclipse.scout.rt.platform.chain.callable.CallableChain$Chain.continueChain(CallableChain.java:198)
	at org.eclipse.scout.rt.platform.chain.callable.CallableChain.call(CallableChain.java:146)
	at org.eclipse.scout.rt.platform.context.RunContext.call(RunContext.java:142)
	at org.eclipse.scout.rt.platform.context.RunContextRunner.intercept(RunContextRunner.java:38)
	at org.eclipse.scout.rt.platform.chain.callable.CallableChain$Chain.continueChain(CallableChain.java:198)
	at org.eclipse.scout.rt.platform.chain.callable.CallableChain.call(CallableChain.java:146)
	at org.eclipse.scout.rt.platform.job.internal.JobFutureTask$1.call(JobFutureTask.java:99)
	at java.util.concurrent.FutureTask.run(FutureTask.java:266)
	at org.eclipse.scout.rt.platform.job.internal.JobFutureTask.run(JobFutureTask.java:159)
	at java.util.concurrent.ThreadPoolExecutor.runWorker(ThreadPoolExecutor.java:1142)
	at java.util.concurrent.ThreadPoolExecutor$Worker.run(ThreadPoolExecutor.java:617)
	at java.lang.Thread.run(Thread.java:748)
	at org.eclipse.scout.rt.platform.job.internal.NamedThreadFactory$1.run(NamedThreadFactory.java:55)
	at org.eclipse.scout.rt.shared.servicetunnel.AbstractServiceTunnel.invokeService(AbstractServiceTunnel.java:66)
	at org.eclipse.scout.rt.shared.servicetunnel.AbstractServiceTunnel.invokeService(AbstractServiceTunnel.java:42)
	at org.eclipse.scout.rt.shared.servicetunnel.http.HttpServiceTunnel.invokeService(HttpServiceTunnel.java:185)
	at org.eclipse.scout.rt.shared.servicetunnel.ServiceTunnelProxyProducer.invoke(ServiceTunnelProxyProducer.java:43)
	at org.eclipse.scout.rt.platform.interceptor.DecoratingProxy.invokeImpl(DecoratingProxy.java:134)
	at org.eclipse.scout.rt.platform.interceptor.DecoratingProxy$P_InvocationHandler.invoke(DecoratingProxy.java:172)
	at com.sun.proxy.$Proxy28.getNotifications(Unknown Source)
	at org.eclipse.scout.rt.client.clientnotification.ClientNotificationPoller$P_NotificationPoller.run(ClientNotificationPoller.java:95)
	at org.eclipse.scout.rt.platform.util.concurrent.Callables$1.call(Callables.java:34)
	at org.eclipse.scout.rt.platform.util.concurrent.Callables$1.call(Callables.java:1)
	at org.eclipse.scout.rt.platform.chain.callable.CallableChain$Chain.continueChain(CallableChain.java:203)
	at org.eclipse.scout.rt.platform.job.internal.ExceptionProcessor.intercept(ExceptionProcessor.java:41)
	at org.eclipse.scout.rt.platform.chain.callable.CallableChain$Chain.continueChain(CallableChain.java:198)
	at org.eclipse.scout.rt.platform.context.RunContextRunner$1.call(RunContextRunner.java:42)
	at org.eclipse.scout.rt.platform.chain.callable.CallableChain$Chain.continueChain(CallableChain.java:203)
	at org.eclipse.scout.rt.platform.transaction.TransactionProcessor.runTxRequiresNew(TransactionProcessor.java:100)
	at org.eclipse.scout.rt.platform.transaction.TransactionProcessor.runTxRequired(TransactionProcessor.java:129)
	at org.eclipse.scout.rt.platform.transaction.TransactionProcessor.intercept(TransactionProcessor.java:71)
	at org.eclipse.scout.rt.platform.chain.callable.CallableChain$Chain.continueChain(CallableChain.java:198)
	at org.eclipse.scout.rt.platform.security.SubjectProcessor$1.run(SubjectProcessor.java:47)
	at java.security.AccessController.doPrivileged(Native Method)
	at javax.security.auth.Subject.doAs(Subject.java:422)
	at org.eclipse.scout.rt.platform.security.SubjectProcessor.intercept(SubjectProcessor.java:43)
	at org.eclipse.scout.rt.platform.chain.callable.CallableChain$Chain.continueChain(CallableChain.java:198)
	at org.eclipse.scout.rt.platform.chain.callable.CallableChain.call(CallableChain.java:146)
	at org.eclipse.scout.rt.platform.context.RunContext.call(RunContext.java:142)
	at org.eclipse.scout.rt.platform.context.RunContextRunner.intercept(RunContextRunner.java:38)
	at org.eclipse.scout.rt.platform.chain.callable.CallableChain$Chain.continueChain(CallableChain.java:198)
	at org.eclipse.scout.rt.platform.chain.callable.CallableChain.call(CallableChain.java:146)
	at org.eclipse.scout.rt.platform.job.internal.JobFutureTask$1.call(JobFutureTask.java:99)
	at java.util.concurrent.FutureTask.run(FutureTask.java:266)
	at org.eclipse.scout.rt.platform.job.internal.JobFutureTask.run(JobFutureTask.java:159)
	at java.util.concurrent.ThreadPoolExecutor.runWorker(ThreadPoolExecutor.java:1142)
	at java.util.concurrent.ThreadPoolExecutor$Worker.run(ThreadPoolExecutor.java:617)
	at java.lang.Thread.run(Thread.java:748)
	at org.eclipse.scout.rt.platform.job.internal.NamedThreadFactory$1.run(NamedThreadFactory.java:55)
Caused by: org.eclipse.scout.rt.shared.servicetunnel.HttpException: 500 - INTERNAL_SERVER_ERROR
	at org.eclipse.scout.rt.shared.servicetunnel.http.RemoteServiceInvocationCallable.call(RemoteServiceInvocationCallable.java:79)
	at org.eclipse.scout.rt.shared.servicetunnel.http.RemoteServiceInvocationCallable.call(RemoteServiceInvocationCallable.java:1)
	at org.eclipse.scout.rt.platform.chain.callable.CallableChain$Chain.continueChain(CallableChain.java:203)
	... 23 common frames omitted
2017-11-08 09:01:53,996 INFO  [localhost-startStop-2] org.eclipse.scout.rt.ui.html.SessionStore - Detected invalidation of HTTP session 99D426E51BADD97099ADE95D5E08D44F, cleaning up 1 client sessions and 1 UI sessions - MDC[]
2017-11-08 09:01:54,027 INFO  [scout-model-thread-23] org.eclipse.scout.rt.ui.html.UiSession - Logging out from UI session with ID 1:fj1425v5cihpq05n9096mrbt09 [clientSessionId=b26a5035-aedb-48a0-a2af-b69bf9a484b2, processingJsonRequest=false] - MDC[principal=admin, scoutSession=b26a5035-aedb-48a0-a2af-b69bf9a484b2, jobName=Closing desktop due to HTTP session invalidation]
2017-11-08 09:01:54,065 INFO  [scout-model-thread-23] org.eclipse.scout.rt.ui.html.UiSession - Disposing UI session with ID 1:fj1425v5cihpq05n9096mrbt09... - MDC[principal=admin, scoutSession=b26a5035-aedb-48a0-a2af-b69bf9a484b2, jobName=Closing desktop due to HTTP session invalidation]
2017-11-08 09:01:54,081 INFO  [scout-model-thread-23] org.eclipse.scout.rt.ui.html.UiSession - Logged out successfully from UI session with ID 1:fj1425v5cihpq05n9096mrbt09 - MDC[principal=admin, scoutSession=b26a5035-aedb-48a0-a2af-b69bf9a484b2, jobName=Closing desktop due to HTTP session invalidation]
2017-11-08 10:43:05,090 INFO  [Thread-5] org.eclipse.scout.rt.platform.internal.PlatformImplementor - Headless mode: scout.headless=true, java.awt.headless=true, GraphicsEnvironment.isHeadless()=true - MDC[]
2017-11-08 10:43:05,161 INFO  [Thread-5] org.eclipse.scout.rt.platform.inventory.ClassInventory - Finished preparation of jandex class inventory in 65.241122 ms - MDC[]
2017-11-08 10:43:05,391 INFO  [Thread-5] org.eclipse.scout.rt.shared.servicetunnel.http.MultiSessionCookieStoreInstaller - Successfully installed java.net.CookieManager@652683cd (Cookie store: org.eclipse.scout.rt.shared.servicetunnel.http.MultiSessionCookieStore@3bf7a5bc) - MDC[]
2017-11-08 10:43:05,396 INFO  [Thread-5] org.eclipse.scout.rt.platform.logger.LoggerPlatformListener - registered logger support [org.eclipse.scout.rt.platform.logger.LogbackLoggerSupport] - MDC[]
2017-11-08 10:43:05,403 INFO  [Thread-5] org.eclipse.scout.rt.shared.services.common.code.CodeTypeRegistrator - 2 code type classes registered. - MDC[]
2017-11-08 10:43:05,412 INFO  [Thread-5] org.eclipse.scout.rt.shared.servicetunnel.RegisterTunnelToServerPlatformListener - Tunnel to server proxies registered. - MDC[]
2017-11-08 10:43:05,520 INFO  [Thread-5] org.eclipse.scout.rt.ui.html.res.PrebuildFiles - Pre-building of web resources enabled - MDC[]
2017-11-08 10:43:05,520 INFO  [Thread-5] org.eclipse.scout.rt.ui.html.res.PrebuildFiles - Pre-building resource '/index.html' - MDC[]
2017-11-08 10:43:05,521 INFO  [Thread-5] org.eclipse.scout.rt.ui.html.UiThemeUtility - UI theme configured in config.properties: application - MDC[]
2017-11-08 10:43:05,557 INFO  [Thread-5] org.eclipse.scout.rt.ui.html.script.ScriptFileBuilder - Building script ScriptSource@1dc117f9[requestPath=res/nato.ivct.gui-all-macro.less, url=jar:file:/C:/Projekte/MSG134/IVCT_Runtime/apache-tomcat-7.0.78/webapps/nato.ivct.gui.nato.ivct.gui.ui.html/WEB-INF/lib/nato.ivct.gui.ui.html-1.0.0-SNAPSHOT.jar!/WebContent/res/nato.ivct.gui-all-macro.less, fileType=STYLESHEET, nodeType=MACRO] theme=application m_minify=true - MDC[]
2017-11-08 10:43:11,703 INFO  [Thread-5] org.eclipse.scout.rt.ui.html.script.ScriptFileBuilder - Building script ScriptSource@5370e07d[requestPath=res/jquery-all-macro.js, url=jar:file:/C:/Projekte/MSG134/IVCT_Runtime/apache-tomcat-7.0.78/webapps/nato.ivct.gui.nato.ivct.gui.ui.html/WEB-INF/lib/org.eclipse.scout.rt.ui.html-6.1.0.M5.jar!/WebContent/res/jquery-all-macro.js, fileType=JS, nodeType=MACRO] theme=application m_minify=true - MDC[]
2017-11-08 10:43:11,995 INFO  [Thread-5] org.eclipse.scout.rt.ui.html.script.ScriptFileBuilder - Building script ScriptSource@7a89b4de[requestPath=res/nato.ivct.gui-all-macro.js, url=jar:file:/C:/Projekte/MSG134/IVCT_Runtime/apache-tomcat-7.0.78/webapps/nato.ivct.gui.nato.ivct.gui.ui.html/WEB-INF/lib/nato.ivct.gui.ui.html-1.0.0-SNAPSHOT.jar!/WebContent/res/nato.ivct.gui-all-macro.js, fileType=JS, nodeType=MACRO] theme=application m_minify=true - MDC[]
2017-11-08 10:43:15,799 INFO  [Thread-5] org.eclipse.scout.rt.ui.html.script.ScriptFileBuilder - Building script ScriptSource@9c31243[requestPath=res/index.js, url=jar:file:/C:/Projekte/MSG134/IVCT_Runtime/apache-tomcat-7.0.78/webapps/nato.ivct.gui.nato.ivct.gui.ui.html/WEB-INF/lib/nato.ivct.gui.ui.html-1.0.0-SNAPSHOT.jar!/WebContent/res/index.js, fileType=JS, nodeType=LIBRARY] theme=application m_minify=true - MDC[]
2017-11-08 10:43:15,804 INFO  [Thread-5] org.eclipse.scout.rt.ui.html.res.PrebuildFiles - Pre-building resource '/login.html' - MDC[]
2017-11-08 10:43:15,807 INFO  [Thread-5] org.eclipse.scout.rt.ui.html.script.ScriptFileBuilder - Building script ScriptSource@714489a4[requestPath=res/scout-login-module.less, url=jar:file:/C:/Projekte/MSG134/IVCT_Runtime/apache-tomcat-7.0.78/webapps/nato.ivct.gui.nato.ivct.gui.ui.html/WEB-INF/lib/org.eclipse.scout.rt.ui.html-6.1.0.M5.jar!/scout-login-module.less, fileType=STYLESHEET, nodeType=SRC_MODULE] theme=application m_minify=true - MDC[]
2017-11-08 10:43:16,861 INFO  [Thread-5] org.eclipse.scout.rt.ui.html.script.ScriptFileBuilder - Building script ScriptSource@638c38c4[requestPath=res/scout-login-module.js, url=jar:file:/C:/Projekte/MSG134/IVCT_Runtime/apache-tomcat-7.0.78/webapps/nato.ivct.gui.nato.ivct.gui.ui.html/WEB-INF/lib/org.eclipse.scout.rt.ui.html-6.1.0.M5.jar!/scout-login-module.js, fileType=JS, nodeType=SRC_MODULE] theme=application m_minify=true - MDC[]
2017-11-08 10:43:17,046 INFO  [Thread-5] org.eclipse.scout.rt.ui.html.script.ScriptFileBuilder - Building script ScriptSource@42d07dbd[requestPath=res/login.js, url=jar:file:/C:/Projekte/MSG134/IVCT_Runtime/apache-tomcat-7.0.78/webapps/nato.ivct.gui.nato.ivct.gui.ui.html/WEB-INF/lib/nato.ivct.gui.ui.html-1.0.0-SNAPSHOT.jar!/WebContent/res/login.js, fileType=JS, nodeType=LIBRARY] theme=application m_minify=true - MDC[]
2017-11-08 10:43:17,048 INFO  [Thread-5] org.eclipse.scout.rt.ui.html.res.PrebuildFiles - Pre-building resource '/logout.html' - MDC[]
2017-11-08 10:43:17,050 INFO  [Thread-5] org.eclipse.scout.rt.ui.html.script.ScriptFileBuilder - Building script ScriptSource@21671ee1[requestPath=res/logout.js, url=jar:file:/C:/Projekte/MSG134/IVCT_Runtime/apache-tomcat-7.0.78/webapps/nato.ivct.gui.nato.ivct.gui.ui.html/WEB-INF/lib/nato.ivct.gui.ui.html-1.0.0-SNAPSHOT.jar!/WebContent/res/logout.js, fileType=JS, nodeType=LIBRARY] theme=application m_minify=true - MDC[]
2017-11-08 10:43:17,051 INFO  [Thread-5] org.eclipse.scout.rt.ui.html.res.PrebuildFiles - Pre-building resource '/popup-window.html' - MDC[]
2017-11-08 10:43:17,054 INFO  [Thread-5] org.eclipse.scout.rt.ui.html.script.ScriptFileBuilder - Building script ScriptSource@386454fd[requestPath=res/popup-window.js, url=jar:file:/C:/Projekte/MSG134/IVCT_Runtime/apache-tomcat-7.0.78/webapps/nato.ivct.gui.nato.ivct.gui.ui.html/WEB-INF/lib/nato.ivct.gui.ui.html-1.0.0-SNAPSHOT.jar!/WebContent/res/popup-window.js, fileType=JS, nodeType=LIBRARY] theme=application m_minify=true - MDC[]
2017-11-08 10:43:17,064 ERROR [localhost-startStop-1] org.apache.catalina.session.StandardManager - IOException while loading persisted sessions: java.io.EOFException - MDC[]
java.io.EOFException: null
	at java.io.ObjectInputStream$PeekInputStream.readFully(ObjectInputStream.java:2638)
	at java.io.ObjectInputStream$BlockDataInputStream.readShort(ObjectInputStream.java:3113)
	at java.io.ObjectInputStream.readStreamHeader(ObjectInputStream.java:853)
	at java.io.ObjectInputStream.<init>(ObjectInputStream.java:349)
	at org.apache.catalina.util.CustomObjectInputStream.<init>(CustomObjectInputStream.java:95)
	at org.apache.catalina.session.StandardManager.doLoad(StandardManager.java:223)
	at org.apache.catalina.session.StandardManager.load(StandardManager.java:176)
	at org.apache.catalina.session.StandardManager.startInternal(StandardManager.java:465)
	at org.apache.catalina.util.LifecycleBase.start(LifecycleBase.java:145)
	at org.apache.catalina.core.StandardContext.startInternal(StandardContext.java:5643)
	at org.apache.catalina.util.LifecycleBase.start(LifecycleBase.java:145)
	at org.apache.catalina.core.ContainerBase.addChildInternal(ContainerBase.java:899)
	at org.apache.catalina.core.ContainerBase.addChild(ContainerBase.java:875)
	at org.apache.catalina.core.StandardHost.addChild(StandardHost.java:652)
	at org.apache.catalina.startup.HostConfig.deployWAR(HostConfig.java:1092)
	at org.apache.catalina.startup.HostConfig$DeployWar.run(HostConfig.java:1984)
	at java.util.concurrent.Executors$RunnableAdapter.call(Executors.java:511)
	at java.util.concurrent.FutureTask.run(FutureTask.java:266)
	at java.util.concurrent.ThreadPoolExecutor.runWorker(ThreadPoolExecutor.java:1142)
	at java.util.concurrent.ThreadPoolExecutor$Worker.run(ThreadPoolExecutor.java:617)
	at java.lang.Thread.run(Thread.java:748)
2017-11-08 10:43:17,065 ERROR [localhost-startStop-1] org.apache.catalina.session.StandardManager - Exception loading sessions from persistent storage - MDC[]
java.io.EOFException: null
	at java.io.ObjectInputStream$PeekInputStream.readFully(ObjectInputStream.java:2638)
	at java.io.ObjectInputStream$BlockDataInputStream.readShort(ObjectInputStream.java:3113)
	at java.io.ObjectInputStream.readStreamHeader(ObjectInputStream.java:853)
	at java.io.ObjectInputStream.<init>(ObjectInputStream.java:349)
	at org.apache.catalina.util.CustomObjectInputStream.<init>(CustomObjectInputStream.java:95)
	at org.apache.catalina.session.StandardManager.doLoad(StandardManager.java:223)
	at org.apache.catalina.session.StandardManager.load(StandardManager.java:176)
	at org.apache.catalina.session.StandardManager.startInternal(StandardManager.java:465)
	at org.apache.catalina.util.LifecycleBase.start(LifecycleBase.java:145)
	at org.apache.catalina.core.StandardContext.startInternal(StandardContext.java:5643)
	at org.apache.catalina.util.LifecycleBase.start(LifecycleBase.java:145)
	at org.apache.catalina.core.ContainerBase.addChildInternal(ContainerBase.java:899)
	at org.apache.catalina.core.ContainerBase.addChild(ContainerBase.java:875)
	at org.apache.catalina.core.StandardHost.addChild(StandardHost.java:652)
	at org.apache.catalina.startup.HostConfig.deployWAR(HostConfig.java:1092)
	at org.apache.catalina.startup.HostConfig$DeployWar.run(HostConfig.java:1984)
	at java.util.concurrent.Executors$RunnableAdapter.call(Executors.java:511)
	at java.util.concurrent.FutureTask.run(FutureTask.java:266)
	at java.util.concurrent.ThreadPoolExecutor.runWorker(ThreadPoolExecutor.java:1142)
	at java.util.concurrent.ThreadPoolExecutor$Worker.run(ThreadPoolExecutor.java:617)
	at java.lang.Thread.run(Thread.java:748)
2017-11-08 10:45:03,434 INFO  [scout-model-thread-23] org.eclipse.scout.rt.client.AbstractClientSession - Client session started [session=nato.ivct.gui.client.ClientSession@27844185[id = 4ceda6ed-16ad-4f26-a123-471c89b03385], user=admin] - MDC[principal=admin, httpUri=/nato.ivct.gui.nato.ivct.gui.ui.html/json, jobName=Starting ClientSession [sessionId=4ceda6ed-16ad-4f26-a123-471c89b03385], cid=aw2fe4ZA2fT/1]
2017-11-08 10:45:03,435 INFO  [http-bio-8080-exec-10] org.eclipse.scout.rt.ui.html.UiSession - Created new client session [clientSessionId=4ceda6ed-16ad-4f26-a123-471c89b03385, userAgent=HTML|DESKTOP|CHROME|WINDOWS|Mozilla/5.0 (Windows NT 10.0; Win64; x64) AppleWebKit/537.36 (KHTML, like Gecko) Chrome/61.0.3163.100 Safari/537.36] - MDC[principal=admin, httpUri=/nato.ivct.gui.nato.ivct.gui.ui.html/json, cid=aw2fe4ZA2fT/1]
2017-11-08 10:45:03,442 INFO  [scout-model-thread-23] org.eclipse.scout.rt.ui.html.json.MainJsonObjectFactory - Using following object factories: [org.eclipse.scout.rt.ui.html.JsonObjectFactory@16b8d40d] - MDC[principal=admin, httpUri=/nato.ivct.gui.nato.ivct.gui.ui.html/json, scoutSession=4ceda6ed-16ad-4f26-a123-471c89b03385, jobName=Starting JsonClientSession, cid=aw2fe4ZA2fT/1]
2017-11-08 10:45:03,511 INFO  [http-bio-8080-exec-10] org.eclipse.scout.rt.ui.html.UiSession - UiSession with ID 1:13dcd1gf008qojopgiu7qc2gqk initialized - MDC[principal=admin, httpUri=/nato.ivct.gui.nato.ivct.gui.ui.html/json, cid=aw2fe4ZA2fT/1]
2017-11-08 10:45:03,511 INFO  [http-bio-8080-exec-10] org.eclipse.scout.rt.ui.html.json.JsonMessageRequestHandler - Created new UI session with ID 1:13dcd1gf008qojopgiu7qc2gqk in 756.190063 ms [maxIdleTime=14400s, httpSession.maxInactiveInterval=300s] - MDC[principal=admin, httpUri=/nato.ivct.gui.nato.ivct.gui.ui.html/json, cid=aw2fe4ZA2fT/1]
2017-11-08 10:50:38,863 INFO  [scout-thread-20] nato.ivct.gui.client.sut.TestCaseNotificationHandler - Test Case Notification PASSED received for nato.ivct.etc.fr.tc_cs_verification.TC_001_Files_Check - MDC[principal=notification-authenticator, jobName=Dispatching client notification]
2017-11-08 10:51:13,843 INFO  [scout-thread-22] nato.ivct.gui.client.sut.TestCaseNotificationHandler - Test Case Notification PASSED received for nato.ivct.etc.fr.tc_cs_verification.TC_001_Files_Check - MDC[principal=notification-authenticator, jobName=Dispatching client notification]
2017-11-08 10:51:23,990 INFO  [scout-thread-23] nato.ivct.gui.client.sut.TestCaseNotificationHandler - Test Case Notification PASSED received for nato.ivct.etc.fr.tc_cs_verification.TC_001_Files_Check - MDC[principal=notification-authenticator, jobName=Dispatching client notification]
2017-11-08 11:04:30,416 ERROR [scout-model-thread-22] org.eclipse.scout.rt.platform.exception.ExceptionHandler -  - MDC[principal=admin, httpUri=/nato.ivct.gui.nato.ivct.gui.ui.html/json, uiSession=1:13dcd1gf008qojopgiu7qc2gqk, scoutSession=4ceda6ed-16ad-4f26-a123-471c89b03385, jobName=Processing JSON request, cid=Tn3Bk6Ub9JD/115]
org.eclipse.scout.rt.platform.exception.ProcessingException: Verarbeitungsfehler [severity=ERROR, user=admin, remote-service.name=nato.ivct.gui.shared.IOptionsService, remote-service.operation=setLogLevel, ui.event=clicked, ui.adapter=Button[id=166, modelClass=nato.ivct.gui.client.OptionsForm$MainBox$OkButton, parentId=160]]
	at org.eclipse.scout.rt.shared.servicetunnel.AbstractServiceTunnel.invokeService(AbstractServiceTunnel.java:66)
	at org.eclipse.scout.rt.shared.servicetunnel.AbstractServiceTunnel.invokeService(AbstractServiceTunnel.java:42)
	at org.eclipse.scout.rt.shared.servicetunnel.http.HttpServiceTunnel.invokeService(HttpServiceTunnel.java:185)
	at org.eclipse.scout.rt.shared.servicetunnel.ServiceTunnelProxyProducer.invoke(ServiceTunnelProxyProducer.java:43)
	at org.eclipse.scout.rt.platform.interceptor.DecoratingProxy.invokeImpl(DecoratingProxy.java:134)
	at org.eclipse.scout.rt.platform.interceptor.DecoratingProxy$P_InvocationHandler.invoke(DecoratingProxy.java:172)
	at com.sun.proxy.$Proxy67.setLogLevel(Unknown Source)
	at nato.ivct.gui.client.OptionsForm$MainBox$OkButton.execClickAction(OptionsForm.java:151)
	at org.eclipse.scout.rt.client.ui.form.fields.button.AbstractButton$LocalButtonExtension.execClickAction(AbstractButton.java:564)
	at org.eclipse.scout.rt.client.extension.ui.form.fields.button.ButtonChains$ButtonClickActionChain$1.callMethod(ButtonChains.java:59)
	at org.eclipse.scout.rt.client.extension.ui.form.fields.button.ButtonChains$ButtonClickActionChain$1.callMethod(ButtonChains.java:1)
	at org.eclipse.scout.rt.shared.extension.AbstractExtensionChain.callChain(AbstractExtensionChain.java:121)
	at org.eclipse.scout.rt.client.extension.ui.form.fields.button.ButtonChains$ButtonClickActionChain.execClickAction(ButtonChains.java:62)
	at org.eclipse.scout.rt.client.ui.form.fields.button.AbstractButton.interceptClickAction(AbstractButton.java:548)
	at org.eclipse.scout.rt.client.ui.form.fields.button.AbstractButton.doClick(AbstractButton.java:406)
	at org.eclipse.scout.rt.client.ui.form.fields.button.AbstractButton$P_UIFacade.fireButtonClickedFromUI(AbstractButton.java:518)
	at sun.reflect.NativeMethodAccessorImpl.invoke0(Native Method)
	at sun.reflect.NativeMethodAccessorImpl.invoke(NativeMethodAccessorImpl.java:62)
	at sun.reflect.DelegatingMethodAccessorImpl.invoke(DelegatingMethodAccessorImpl.java:43)
	at java.lang.reflect.Method.invoke(Method.java:498)
	at org.eclipse.scout.rt.client.ModelContextProxy$1$1.call(ModelContextProxy.java:60)
	at org.eclipse.scout.rt.platform.chain.callable.CallableChain$Chain.continueChain(CallableChain.java:203)
	at org.eclipse.scout.rt.platform.transaction.TransactionProcessor.runTxMandatory(TransactionProcessor.java:143)
	at org.eclipse.scout.rt.platform.transaction.TransactionProcessor.runTxRequired(TransactionProcessor.java:126)
	at org.eclipse.scout.rt.platform.transaction.TransactionProcessor.intercept(TransactionProcessor.java:71)
	at org.eclipse.scout.rt.platform.chain.callable.CallableChain$Chain.continueChain(CallableChain.java:198)
	at org.eclipse.scout.rt.platform.chain.callable.CallableChain.call(CallableChain.java:146)
	at org.eclipse.scout.rt.platform.context.RunContext.call(RunContext.java:142)
	at org.eclipse.scout.rt.client.ModelContextProxy$1.invoke(ModelContextProxy.java:56)
	at com.sun.proxy.$Proxy49.fireButtonClickedFromUI(Unknown Source)
	at org.eclipse.scout.rt.ui.html.json.form.fields.button.JsonButton.handleUiEvent(JsonButton.java:140)
	at org.eclipse.scout.rt.ui.html.json.JsonEventProcessor.processEvent(JsonEventProcessor.java:52)
	at org.eclipse.scout.rt.ui.html.json.JsonEventProcessor.processEvents(JsonEventProcessor.java:37)
	at org.eclipse.scout.rt.ui.html.UiSession.processJsonRequestInternal(UiSession.java:695)
	at org.eclipse.scout.rt.ui.html.UiSession$6.run(UiSession.java:626)
	at org.eclipse.scout.rt.platform.util.concurrent.Callables$1.call(Callables.java:34)
	at org.eclipse.scout.rt.platform.util.concurrent.Callables$1.call(Callables.java:1)
	at org.eclipse.scout.rt.platform.chain.callable.CallableChain$Chain.continueChain(CallableChain.java:203)
	at org.eclipse.scout.rt.platform.job.internal.ExceptionProcessor.intercept(ExceptionProcessor.java:41)
	at org.eclipse.scout.rt.platform.chain.callable.CallableChain$Chain.continueChain(CallableChain.java:198)
	at org.eclipse.scout.rt.platform.context.RunContextRunner$1.call(RunContextRunner.java:42)
	at org.eclipse.scout.rt.platform.chain.callable.CallableChain$Chain.continueChain(CallableChain.java:203)
	at org.eclipse.scout.rt.platform.transaction.TransactionProcessor.runTxMandatory(TransactionProcessor.java:143)
	at org.eclipse.scout.rt.platform.transaction.TransactionProcessor.runTxRequired(TransactionProcessor.java:126)
	at org.eclipse.scout.rt.platform.transaction.TransactionProcessor.intercept(TransactionProcessor.java:71)
	at org.eclipse.scout.rt.platform.chain.callable.CallableChain$Chain.continueChain(CallableChain.java:198)
	at org.eclipse.scout.rt.platform.security.SubjectProcessor$1.run(SubjectProcessor.java:47)
	at java.security.AccessController.doPrivileged(Native Method)
	at javax.security.auth.Subject.doAs(Subject.java:422)
	at org.eclipse.scout.rt.platform.security.SubjectProcessor.intercept(SubjectProcessor.java:43)
	at org.eclipse.scout.rt.platform.chain.callable.CallableChain$Chain.continueChain(CallableChain.java:198)
	at org.eclipse.scout.rt.platform.chain.callable.CallableChain.call(CallableChain.java:146)
	at org.eclipse.scout.rt.platform.context.RunContext.call(RunContext.java:142)
	at org.eclipse.scout.rt.platform.context.RunContextRunner.intercept(RunContextRunner.java:38)
	at org.eclipse.scout.rt.platform.chain.callable.CallableChain$Chain.continueChain(CallableChain.java:198)
	at org.eclipse.scout.rt.platform.chain.callable.CallableChain.call(CallableChain.java:146)
	at org.eclipse.scout.rt.platform.job.internal.JobFutureTask$1.call(JobFutureTask.java:99)
	at java.util.concurrent.FutureTask.run(FutureTask.java:266)
	at org.eclipse.scout.rt.platform.job.internal.JobFutureTask.run(JobFutureTask.java:159)
	at java.util.concurrent.ThreadPoolExecutor.runWorker(ThreadPoolExecutor.java:1142)
	at java.util.concurrent.ThreadPoolExecutor$Worker.run(ThreadPoolExecutor.java:617)
	at java.lang.Thread.run(Thread.java:748)
	at org.eclipse.scout.rt.platform.job.internal.NamedThreadFactory$1.run(NamedThreadFactory.java:55)
2017-11-08 11:53:52,906 ERROR [scout-thread-24] org.eclipse.scout.rt.client.clientnotification.ClientNotificationPoller - Error receiving client notifications - MDC[principal=notification-authenticator, jobName=ClientNotificationPoller]
org.eclipse.scout.rt.platform.exception.PlatformException: 500 - INTERNAL_SERVER_ERROR [translator=org.eclipse.scout.rt.platform.exception.DefaultRuntimeExceptionTranslator, user=notification-authenticator, remote-service.name=org.eclipse.scout.rt.shared.clientnotification.IClientNotificationService, remote-service.operation=getNotifications]
	at org.eclipse.scout.rt.platform.exception.DefaultRuntimeExceptionTranslator.translateInternal(DefaultRuntimeExceptionTranslator.java:54)
	at org.eclipse.scout.rt.platform.exception.DefaultRuntimeExceptionTranslator.translate(DefaultRuntimeExceptionTranslator.java:37)
	at org.eclipse.scout.rt.shared.servicetunnel.AbstractServiceTunnel.interceptException(AbstractServiceTunnel.java:158)
	at org.eclipse.scout.rt.shared.servicetunnel.AbstractServiceTunnel.invokeService(AbstractServiceTunnel.java:57)
	at org.eclipse.scout.rt.shared.servicetunnel.AbstractServiceTunnel.invokeService(AbstractServiceTunnel.java:42)
	at org.eclipse.scout.rt.shared.servicetunnel.http.HttpServiceTunnel.invokeService(HttpServiceTunnel.java:185)
	at org.eclipse.scout.rt.shared.servicetunnel.ServiceTunnelProxyProducer.invoke(ServiceTunnelProxyProducer.java:43)
	at org.eclipse.scout.rt.platform.interceptor.DecoratingProxy.invokeImpl(DecoratingProxy.java:134)
	at org.eclipse.scout.rt.platform.interceptor.DecoratingProxy$P_InvocationHandler.invoke(DecoratingProxy.java:172)
	at com.sun.proxy.$Proxy28.getNotifications(Unknown Source)
	at org.eclipse.scout.rt.client.clientnotification.ClientNotificationPoller$P_NotificationPoller.run(ClientNotificationPoller.java:95)
	at org.eclipse.scout.rt.platform.util.concurrent.Callables$1.call(Callables.java:34)
	at org.eclipse.scout.rt.platform.util.concurrent.Callables$1.call(Callables.java:1)
	at org.eclipse.scout.rt.platform.chain.callable.CallableChain$Chain.continueChain(CallableChain.java:203)
	at org.eclipse.scout.rt.platform.job.internal.ExceptionProcessor.intercept(ExceptionProcessor.java:41)
	at org.eclipse.scout.rt.platform.chain.callable.CallableChain$Chain.continueChain(CallableChain.java:198)
	at org.eclipse.scout.rt.platform.context.RunContextRunner$1.call(RunContextRunner.java:42)
	at org.eclipse.scout.rt.platform.chain.callable.CallableChain$Chain.continueChain(CallableChain.java:203)
	at org.eclipse.scout.rt.platform.transaction.TransactionProcessor.runTxRequiresNew(TransactionProcessor.java:100)
	at org.eclipse.scout.rt.platform.transaction.TransactionProcessor.runTxRequired(TransactionProcessor.java:129)
	at org.eclipse.scout.rt.platform.transaction.TransactionProcessor.intercept(TransactionProcessor.java:71)
	at org.eclipse.scout.rt.platform.chain.callable.CallableChain$Chain.continueChain(CallableChain.java:198)
	at org.eclipse.scout.rt.platform.security.SubjectProcessor$1.run(SubjectProcessor.java:47)
	at java.security.AccessController.doPrivileged(Native Method)
	at javax.security.auth.Subject.doAs(Subject.java:422)
	at org.eclipse.scout.rt.platform.security.SubjectProcessor.intercept(SubjectProcessor.java:43)
	at org.eclipse.scout.rt.platform.chain.callable.CallableChain$Chain.continueChain(CallableChain.java:198)
	at org.eclipse.scout.rt.platform.chain.callable.CallableChain.call(CallableChain.java:146)
	at org.eclipse.scout.rt.platform.context.RunContext.call(RunContext.java:142)
	at org.eclipse.scout.rt.platform.context.RunContextRunner.intercept(RunContextRunner.java:38)
	at org.eclipse.scout.rt.platform.chain.callable.CallableChain$Chain.continueChain(CallableChain.java:198)
	at org.eclipse.scout.rt.platform.chain.callable.CallableChain.call(CallableChain.java:146)
	at org.eclipse.scout.rt.platform.job.internal.JobFutureTask$1.call(JobFutureTask.java:99)
	at java.util.concurrent.FutureTask.run(FutureTask.java:266)
	at org.eclipse.scout.rt.platform.job.internal.JobFutureTask.run(JobFutureTask.java:159)
	at java.util.concurrent.ThreadPoolExecutor.runWorker(ThreadPoolExecutor.java:1142)
	at java.util.concurrent.ThreadPoolExecutor$Worker.run(ThreadPoolExecutor.java:617)
	at java.lang.Thread.run(Thread.java:748)
	at org.eclipse.scout.rt.platform.job.internal.NamedThreadFactory$1.run(NamedThreadFactory.java:55)
	at org.eclipse.scout.rt.shared.servicetunnel.AbstractServiceTunnel.invokeService(AbstractServiceTunnel.java:66)
	at org.eclipse.scout.rt.shared.servicetunnel.AbstractServiceTunnel.invokeService(AbstractServiceTunnel.java:42)
	at org.eclipse.scout.rt.shared.servicetunnel.http.HttpServiceTunnel.invokeService(HttpServiceTunnel.java:185)
	at org.eclipse.scout.rt.shared.servicetunnel.ServiceTunnelProxyProducer.invoke(ServiceTunnelProxyProducer.java:43)
	at org.eclipse.scout.rt.platform.interceptor.DecoratingProxy.invokeImpl(DecoratingProxy.java:134)
	at org.eclipse.scout.rt.platform.interceptor.DecoratingProxy$P_InvocationHandler.invoke(DecoratingProxy.java:172)
	at com.sun.proxy.$Proxy28.getNotifications(Unknown Source)
	at org.eclipse.scout.rt.client.clientnotification.ClientNotificationPoller$P_NotificationPoller.run(ClientNotificationPoller.java:95)
	at org.eclipse.scout.rt.platform.util.concurrent.Callables$1.call(Callables.java:34)
	at org.eclipse.scout.rt.platform.util.concurrent.Callables$1.call(Callables.java:1)
	at org.eclipse.scout.rt.platform.chain.callable.CallableChain$Chain.continueChain(CallableChain.java:203)
	at org.eclipse.scout.rt.platform.job.internal.ExceptionProcessor.intercept(ExceptionProcessor.java:41)
	at org.eclipse.scout.rt.platform.chain.callable.CallableChain$Chain.continueChain(CallableChain.java:198)
	at org.eclipse.scout.rt.platform.context.RunContextRunner$1.call(RunContextRunner.java:42)
	at org.eclipse.scout.rt.platform.chain.callable.CallableChain$Chain.continueChain(CallableChain.java:203)
	at org.eclipse.scout.rt.platform.transaction.TransactionProcessor.runTxRequiresNew(TransactionProcessor.java:100)
	at org.eclipse.scout.rt.platform.transaction.TransactionProcessor.runTxRequired(TransactionProcessor.java:129)
	at org.eclipse.scout.rt.platform.transaction.TransactionProcessor.intercept(TransactionProcessor.java:71)
	at org.eclipse.scout.rt.platform.chain.callable.CallableChain$Chain.continueChain(CallableChain.java:198)
	at org.eclipse.scout.rt.platform.security.SubjectProcessor$1.run(SubjectProcessor.java:47)
	at java.security.AccessController.doPrivileged(Native Method)
	at javax.security.auth.Subject.doAs(Subject.java:422)
	at org.eclipse.scout.rt.platform.security.SubjectProcessor.intercept(SubjectProcessor.java:43)
	at org.eclipse.scout.rt.platform.chain.callable.CallableChain$Chain.continueChain(CallableChain.java:198)
	at org.eclipse.scout.rt.platform.chain.callable.CallableChain.call(CallableChain.java:146)
	at org.eclipse.scout.rt.platform.context.RunContext.call(RunContext.java:142)
	at org.eclipse.scout.rt.platform.context.RunContextRunner.intercept(RunContextRunner.java:38)
	at org.eclipse.scout.rt.platform.chain.callable.CallableChain$Chain.continueChain(CallableChain.java:198)
	at org.eclipse.scout.rt.platform.chain.callable.CallableChain.call(CallableChain.java:146)
	at org.eclipse.scout.rt.platform.job.internal.JobFutureTask$1.call(JobFutureTask.java:99)
	at java.util.concurrent.FutureTask.run(FutureTask.java:266)
	at org.eclipse.scout.rt.platform.job.internal.JobFutureTask.run(JobFutureTask.java:159)
	at java.util.concurrent.ThreadPoolExecutor.runWorker(ThreadPoolExecutor.java:1142)
	at java.util.concurrent.ThreadPoolExecutor$Worker.run(ThreadPoolExecutor.java:617)
	at java.lang.Thread.run(Thread.java:748)
	at org.eclipse.scout.rt.platform.job.internal.NamedThreadFactory$1.run(NamedThreadFactory.java:55)
Caused by: org.eclipse.scout.rt.shared.servicetunnel.HttpException: 500 - INTERNAL_SERVER_ERROR
	at org.eclipse.scout.rt.shared.servicetunnel.http.RemoteServiceInvocationCallable.call(RemoteServiceInvocationCallable.java:79)
	at org.eclipse.scout.rt.shared.servicetunnel.http.RemoteServiceInvocationCallable.call(RemoteServiceInvocationCallable.java:1)
	at org.eclipse.scout.rt.platform.chain.callable.CallableChain$Chain.continueChain(CallableChain.java:203)
	... 23 common frames omitted
2017-11-08 11:53:55,279 INFO  [localhost-startStop-2] org.eclipse.scout.rt.ui.html.SessionStore - Detected invalidation of HTTP session 66B270AAF3D72240CFA738CBECB72FC5, cleaning up 1 client sessions and 1 UI sessions - MDC[]
2017-11-08 11:53:55,310 INFO  [scout-model-thread-20] org.eclipse.scout.rt.ui.html.UiSession - Logging out from UI session with ID 1:13dcd1gf008qojopgiu7qc2gqk [clientSessionId=4ceda6ed-16ad-4f26-a123-471c89b03385, processingJsonRequest=false] - MDC[principal=admin, scoutSession=4ceda6ed-16ad-4f26-a123-471c89b03385, jobName=Closing desktop due to HTTP session invalidation]
2017-11-08 11:53:55,364 INFO  [scout-model-thread-20] org.eclipse.scout.rt.ui.html.UiSession - Disposing UI session with ID 1:13dcd1gf008qojopgiu7qc2gqk... - MDC[principal=admin, scoutSession=4ceda6ed-16ad-4f26-a123-471c89b03385, jobName=Closing desktop due to HTTP session invalidation]
2017-11-08 11:53:55,364 INFO  [scout-model-thread-20] org.eclipse.scout.rt.ui.html.UiSession - Logged out successfully from UI session with ID 1:13dcd1gf008qojopgiu7qc2gqk - MDC[principal=admin, scoutSession=4ceda6ed-16ad-4f26-a123-471c89b03385, jobName=Closing desktop due to HTTP session invalidation]
