2017-11-08 08:57:10,065 INFO  [Thread-4] org.eclipse.scout.rt.platform.internal.PlatformImplementor - Headless mode: scout.headless=true, java.awt.headless=true (automatically set by Scout), GraphicsEnvironment.isHeadless()=true - MDC[]
2017-11-08 08:57:10,141 INFO  [Thread-4] org.eclipse.scout.rt.platform.inventory.ClassInventory - Finished preparation of jandex class inventory in 61.742537 ms - MDC[]
2017-11-08 08:57:10,407 INFO  [Thread-4] org.eclipse.scout.rt.platform.logger.LoggerPlatformListener - registered logger support [org.eclipse.scout.rt.platform.logger.LogbackLoggerSupport] - MDC[]
2017-11-08 08:57:10,413 INFO  [Thread-4] org.eclipse.scout.rt.shared.services.common.code.CodeTypeRegistrator - 2 code type classes registered. - MDC[]
2017-11-08 08:57:10,423 INFO  [Thread-4] org.eclipse.scout.rt.mom.api.AbstractMomTransport - +++ Using 'NullMomImplementor' for transport 'ClusterMom'. No messages are published and received. - MDC[]
2017-11-08 08:58:03,772 INFO  [http-bio-8080-exec-6] nato.ivct.gui.server.ServerSession - created a new session for admin - MDC[principal=admin, cid=tb3kg7hq2Mc/1]
2017-11-08 08:58:04,041 INFO  [http-bio-8080-exec-6] nato.ivct.gui.server.ServerSession - load SuT Information - MDC[principal=admin, cid=tb3kg7hq2Mc/1]
2017-11-08 08:58:04,065 INFO  [http-bio-8080-exec-6] nato.ivct.gui.server.ServerSession - load Badge Descriptions - MDC[principal=admin, cid=tb3kg7hq2Mc/1]
2017-11-08 08:58:04,066 INFO  [http-bio-8080-exec-6] nato.ivct.gui.server.ServerSession - start test case Result Listener - MDC[principal=admin, cid=tb3kg7hq2Mc/1]
2017-11-08 08:58:04,071 INFO  [scout-thread-23] nato.ivct.commander.Factory - Factory.IVCT_BADGE_HOME_ID IVCT_BADGE_HOME_ID - MDC[principal=admin, jobName=nato.ivct.gui.server.ServerSession$LoadBadgeDescriptions, cid=tb3kg7hq2Mc/1]
2017-11-08 08:58:04,071 INFO  [scout-thread-23] nato.ivct.commander.Factory - Read Badge descriptions from C:\Projekte\MSG134\IVCT_Runtime\Badges - MDC[principal=admin, jobName=nato.ivct.gui.server.ServerSession$LoadBadgeDescriptions, cid=tb3kg7hq2Mc/1]
2017-11-08 08:58:04,074 INFO  [scout-thread-22] nato.ivct.commander.CmdStartTestResultListener - subsribing the CmdStartTestResultListener - MDC[principal=admin, jobName=nato.ivct.gui.server.ServerSession$TestResultListener, cid=tb3kg7hq2Mc/1]
2017-11-08 08:58:04,074 INFO  [http-bio-8080-exec-6] nato.ivct.commander.CmdTcStatusListener - subsribing the CmdTcStatusListener - MDC[principal=admin, cid=tb3kg7hq2Mc/1]
2017-11-08 08:58:04,088 INFO  [http-bio-8080-exec-6] org.eclipse.scout.rt.server.AbstractServerSession - Server session started [session=nato.ivct.gui.server.ServerSession@c3dc637[id = b26a5035-aedb-48a0-a2af-b69bf9a484b2], user=admin] - MDC[principal=admin, cid=tb3kg7hq2Mc/1]
2017-11-08 08:58:06,093 INFO  [http-bio-8080-exec-9] nato.ivct.gui.server.ServerSession - getSuTTableData - MDC[principal=admin, scoutSession=b26a5035-aedb-48a0-a2af-b69bf9a484b2, cid=jk5YX7aa5xc/3]
2017-11-08 08:58:07,819 INFO  [http-bio-8080-exec-9] nato.ivct.gui.server.ServerSession - getCapabilityTableData - MDC[principal=admin, scoutSession=b26a5035-aedb-48a0-a2af-b69bf9a484b2, cid=Nk2pX2SD6mV/5]
2017-11-08 08:58:13,700 INFO  [http-bio-8080-exec-6] nato.ivct.gui.server.ServerSession - starting test case - MDC[principal=admin, scoutSession=b26a5035-aedb-48a0-a2af-b69bf9a484b2, cid=Hk6rV6PW6Yu/9]
2017-11-08 08:58:13,720 INFO  [ActiveMQ Session Task-1] nato.ivct.commander.CmdStartTestResultListener - JMS Message received: {"sequence":"1","badge":"HelloWorld-0.4.1","commandType":"startTestCase","sutName":"hw_iosb","sutDir":"C:\/Projekte\/MSG134\/IVCT_Runtime\/IVCTsut\/hw_iosb","tsRunFolder":"C:\/Projekte\/MSG134\/IVCT_Runtime\/TestSuites\/TS_HelloWorld-0.4.1\/bin","tcParam":{"rtiHostName":"10.1.4.29","federationName":"HelloWorld","rtiPort":"8989","sutFederateName":"A"},"testCaseId":"de.fraunhofer.iosb.tc_helloworld.TC0001"} - MDC[principal=admin, jobName=nato.ivct.gui.server.ServerSession$TestResultListener, cid=tb3kg7hq2Mc/1]
2017-11-08 08:58:13,722 INFO  [ActiveMQ Session Task-1] nato.ivct.commander.CmdTcStatusListener - JMS Message received: {"sequence":"1","badge":"HelloWorld-0.4.1","commandType":"startTestCase","sutName":"hw_iosb","sutDir":"C:\/Projekte\/MSG134\/IVCT_Runtime\/IVCTsut\/hw_iosb","tsRunFolder":"C:\/Projekte\/MSG134\/IVCT_Runtime\/TestSuites\/TS_HelloWorld-0.4.1\/bin","tcParam":{"rtiHostName":"10.1.4.29","federationName":"HelloWorld","rtiPort":"8989","sutFederateName":"A"},"testCaseId":"de.fraunhofer.iosb.tc_helloworld.TC0001"} - MDC[principal=admin, jobName=nato.ivct.gui.server.ServerSession$TestResultListener, cid=tb3kg7hq2Mc/1]
2017-11-08 08:58:13,883 INFO  [ActiveMQ Session Task-2] nato.ivct.commander.CmdStartTestResultListener - JMS Message received: {"commandType":"TcStatus","status":"initiated","percentFinshed":0} - MDC[principal=admin, jobName=nato.ivct.gui.server.ServerSession$TestResultListener, cid=tb3kg7hq2Mc/1]
2017-11-08 08:58:13,883 INFO  [ActiveMQ Session Task-2] nato.ivct.commander.CmdTcStatusListener - JMS Message received: {"commandType":"TcStatus","status":"initiated","percentFinshed":0} - MDC[principal=admin, jobName=nato.ivct.gui.server.ServerSession$TestResultListener, cid=tb3kg7hq2Mc/1]
2017-11-08 08:58:14,261 INFO  [ActiveMQ Session Task-1] nato.ivct.commander.CmdStartTestResultListener - JMS Message received: {"commandType":"TcStatus","status":"started","percentFinshed":0} - MDC[principal=admin, jobName=nato.ivct.gui.server.ServerSession$TestResultListener, cid=tb3kg7hq2Mc/1]
2017-11-08 08:58:14,261 INFO  [ActiveMQ Session Task-1] nato.ivct.commander.CmdTcStatusListener - JMS Message received: {"commandType":"TcStatus","status":"started","percentFinshed":0} - MDC[principal=admin, jobName=nato.ivct.gui.server.ServerSession$TestResultListener, cid=tb3kg7hq2Mc/1]
2017-11-08 08:58:27,389 INFO  [ActiveMQ Session Task-2] nato.ivct.commander.CmdStartTestResultListener - JMS Message received: {"commandType":"TcStatus","status":"done","percentFinshed":99} - MDC[principal=admin, jobName=nato.ivct.gui.server.ServerSession$TestResultListener, cid=tb3kg7hq2Mc/1]
2017-11-08 08:58:27,389 INFO  [ActiveMQ Session Task-2] nato.ivct.commander.CmdTcStatusListener - JMS Message received: {"commandType":"TcStatus","status":"done","percentFinshed":99} - MDC[principal=admin, jobName=nato.ivct.gui.server.ServerSession$TestResultListener, cid=tb3kg7hq2Mc/1]
2017-11-08 08:58:27,427 INFO  [ActiveMQ Session Task-2] nato.ivct.commander.CmdStartTestResultListener - JMS Message received: {"commandType":"TcStatus","status":"finished","percentFinshed":100} - MDC[principal=admin, jobName=nato.ivct.gui.server.ServerSession$TestResultListener, cid=tb3kg7hq2Mc/1]
2017-11-08 08:58:27,427 INFO  [ActiveMQ Session Task-2] nato.ivct.commander.CmdTcStatusListener - JMS Message received: {"commandType":"TcStatus","status":"finished","percentFinshed":100} - MDC[principal=admin, jobName=nato.ivct.gui.server.ServerSession$TestResultListener, cid=tb3kg7hq2Mc/1]
2017-11-08 08:58:27,427 INFO  [ActiveMQ Session Task-2] nato.ivct.commander.CmdStartTestResultListener - JMS Message received: {"sequence":"1","commandType":"announceVerdict","testScheduleName":"HelloWorld-0.4.1","sutName":"hw_iosb","verdict":"PASSED","sutDir":"C:\/Projekte\/MSG134\/IVCT_Runtime\/IVCTsut\/hw_iosb","verdictText":"ok","testcase":"de.fraunhofer.iosb.tc_helloworld.TC0001"} - MDC[principal=admin, jobName=nato.ivct.gui.server.ServerSession$TestResultListener, cid=tb3kg7hq2Mc/1]
2017-11-08 08:58:27,443 INFO  [ActiveMQ Session Task-2] nato.ivct.commander.CmdTcStatusListener - JMS Message received: {"sequence":"1","commandType":"announceVerdict","testScheduleName":"HelloWorld-0.4.1","sutName":"hw_iosb","verdict":"PASSED","sutDir":"C:\/Projekte\/MSG134\/IVCT_Runtime\/IVCTsut\/hw_iosb","verdictText":"ok","testcase":"de.fraunhofer.iosb.tc_helloworld.TC0001"} - MDC[principal=admin, jobName=nato.ivct.gui.server.ServerSession$TestResultListener, cid=tb3kg7hq2Mc/1]
2017-11-08 08:58:36,105 INFO  [http-bio-8080-exec-5] nato.ivct.gui.server.ServerSession - starting test case - MDC[principal=admin, scoutSession=b26a5035-aedb-48a0-a2af-b69bf9a484b2, cid=ar3Pc4kE2rs/12]
2017-11-08 08:58:36,108 INFO  [ActiveMQ Session Task-1] nato.ivct.commander.CmdStartTestResultListener - JMS Message received: {"sequence":"2","badge":"HelloWorld-0.4.1","commandType":"startTestCase","sutName":"hw_iosb","sutDir":"C:\/Projekte\/MSG134\/IVCT_Runtime\/IVCTsut\/hw_iosb","tsRunFolder":"C:\/Projekte\/MSG134\/IVCT_Runtime\/TestSuites\/TS_HelloWorld-0.4.1\/bin","tcParam":{"rtiHostName":"10.1.4.29","federationName":"HelloWorld","rtiPort":"8989","sutFederateName":"A"},"testCaseId":"de.fraunhofer.iosb.tc_helloworld.TC0002"} - MDC[principal=admin, jobName=nato.ivct.gui.server.ServerSession$TestResultListener, cid=tb3kg7hq2Mc/1]
2017-11-08 08:58:36,108 INFO  [ActiveMQ Session Task-1] nato.ivct.commander.CmdTcStatusListener - JMS Message received: {"sequence":"2","badge":"HelloWorld-0.4.1","commandType":"startTestCase","sutName":"hw_iosb","sutDir":"C:\/Projekte\/MSG134\/IVCT_Runtime\/IVCTsut\/hw_iosb","tsRunFolder":"C:\/Projekte\/MSG134\/IVCT_Runtime\/TestSuites\/TS_HelloWorld-0.4.1\/bin","tcParam":{"rtiHostName":"10.1.4.29","federationName":"HelloWorld","rtiPort":"8989","sutFederateName":"A"},"testCaseId":"de.fraunhofer.iosb.tc_helloworld.TC0002"} - MDC[principal=admin, jobName=nato.ivct.gui.server.ServerSession$TestResultListener, cid=tb3kg7hq2Mc/1]
2017-11-08 08:58:36,120 INFO  [ActiveMQ Session Task-2] nato.ivct.commander.CmdStartTestResultListener - JMS Message received: {"commandType":"TcStatus","status":"initiated","percentFinshed":0} - MDC[principal=admin, jobName=nato.ivct.gui.server.ServerSession$TestResultListener, cid=tb3kg7hq2Mc/1]
2017-11-08 08:58:36,120 INFO  [ActiveMQ Session Task-2] nato.ivct.commander.CmdTcStatusListener - JMS Message received: {"commandType":"TcStatus","status":"initiated","percentFinshed":0} - MDC[principal=admin, jobName=nato.ivct.gui.server.ServerSession$TestResultListener, cid=tb3kg7hq2Mc/1]
2017-11-08 08:58:36,775 INFO  [ActiveMQ Session Task-1] nato.ivct.commander.CmdStartTestResultListener - JMS Message received: {"commandType":"TcStatus","status":"started","percentFinshed":0} - MDC[principal=admin, jobName=nato.ivct.gui.server.ServerSession$TestResultListener, cid=tb3kg7hq2Mc/1]
2017-11-08 08:58:36,777 INFO  [ActiveMQ Session Task-1] nato.ivct.commander.CmdTcStatusListener - JMS Message received: {"commandType":"TcStatus","status":"started","percentFinshed":0} - MDC[principal=admin, jobName=nato.ivct.gui.server.ServerSession$TestResultListener, cid=tb3kg7hq2Mc/1]
2017-11-08 08:58:59,837 INFO  [ActiveMQ Session Task-1] nato.ivct.commander.CmdStartTestResultListener - JMS Message received: {"commandType":"TcStatus","status":"done","percentFinshed":99} - MDC[principal=admin, jobName=nato.ivct.gui.server.ServerSession$TestResultListener, cid=tb3kg7hq2Mc/1]
2017-11-08 08:58:59,837 INFO  [ActiveMQ Session Task-1] nato.ivct.commander.CmdTcStatusListener - JMS Message received: {"commandType":"TcStatus","status":"done","percentFinshed":99} - MDC[principal=admin, jobName=nato.ivct.gui.server.ServerSession$TestResultListener, cid=tb3kg7hq2Mc/1]
2017-11-08 08:58:59,858 INFO  [ActiveMQ Session Task-2] nato.ivct.commander.CmdStartTestResultListener - JMS Message received: {"commandType":"TcStatus","status":"finished","percentFinshed":100} - MDC[principal=admin, jobName=nato.ivct.gui.server.ServerSession$TestResultListener, cid=tb3kg7hq2Mc/1]
2017-11-08 08:58:59,858 INFO  [ActiveMQ Session Task-2] nato.ivct.commander.CmdTcStatusListener - JMS Message received: {"commandType":"TcStatus","status":"finished","percentFinshed":100} - MDC[principal=admin, jobName=nato.ivct.gui.server.ServerSession$TestResultListener, cid=tb3kg7hq2Mc/1]
2017-11-08 08:58:59,858 INFO  [ActiveMQ Session Task-2] nato.ivct.commander.CmdStartTestResultListener - JMS Message received: {"sequence":"2","commandType":"announceVerdict","testScheduleName":"HelloWorld-0.4.1","sutName":"hw_iosb","verdict":"PASSED","sutDir":"C:\/Projekte\/MSG134\/IVCT_Runtime\/IVCTsut\/hw_iosb","verdictText":"ok","testcase":"de.fraunhofer.iosb.tc_helloworld.TC0002"} - MDC[principal=admin, jobName=nato.ivct.gui.server.ServerSession$TestResultListener, cid=tb3kg7hq2Mc/1]
2017-11-08 08:58:59,858 INFO  [ActiveMQ Session Task-2] nato.ivct.commander.CmdTcStatusListener - JMS Message received: {"sequence":"2","commandType":"announceVerdict","testScheduleName":"HelloWorld-0.4.1","sutName":"hw_iosb","verdict":"PASSED","sutDir":"C:\/Projekte\/MSG134\/IVCT_Runtime\/IVCTsut\/hw_iosb","verdictText":"ok","testcase":"de.fraunhofer.iosb.tc_helloworld.TC0002"} - MDC[principal=admin, jobName=nato.ivct.gui.server.ServerSession$TestResultListener, cid=tb3kg7hq2Mc/1]
2017-11-08 08:59:03,059 INFO  [http-bio-8080-exec-1] nato.ivct.gui.server.ServerSession - getCbTableData - MDC[principal=admin, scoutSession=b26a5035-aedb-48a0-a2af-b69bf9a484b2, cid=bc2wA2EP4bU/13]
2017-11-08 08:59:05,068 INFO  [http-bio-8080-exec-1] nato.ivct.gui.server.ServerSession - load - MDC[principal=admin, scoutSession=b26a5035-aedb-48a0-a2af-b69bf9a484b2, cid=kw5GV3ju4DE/18]
2017-11-08 08:59:11,722 INFO  [http-bio-8080-exec-4] nato.ivct.gui.server.ServerSession - load - MDC[principal=admin, scoutSession=b26a5035-aedb-48a0-a2af-b69bf9a484b2, cid=Hz5nb5RU8mj/23]
2017-11-08 08:59:15,026 INFO  [http-bio-8080-exec-4] nato.ivct.gui.server.ServerSession - load - MDC[principal=admin, scoutSession=b26a5035-aedb-48a0-a2af-b69bf9a484b2, cid=ca8pC2ba3yf/28]
2017-11-08 08:59:19,625 INFO  [http-bio-8080-exec-4] nato.ivct.gui.server.ServerSession - load - MDC[principal=admin, scoutSession=b26a5035-aedb-48a0-a2af-b69bf9a484b2, cid=Gc4mV4GT6gy/33]
2017-11-08 08:59:24,133 INFO  [http-bio-8080-exec-7] nato.ivct.gui.server.ServerSession - load - MDC[principal=admin, scoutSession=b26a5035-aedb-48a0-a2af-b69bf9a484b2, cid=GR3Wy4hm2vd/38]
2017-11-08 08:59:27,053 INFO  [http-bio-8080-exec-7] nato.ivct.gui.server.ServerSession - load - MDC[principal=admin, scoutSession=b26a5035-aedb-48a0-a2af-b69bf9a484b2, cid=nc7ux3Zq8Ws/43]
2017-11-08 08:59:34,660 INFO  [http-bio-8080-exec-6] nato.ivct.gui.server.ServerSession - load - MDC[principal=admin, scoutSession=b26a5035-aedb-48a0-a2af-b69bf9a484b2, cid=dY7tb3Cj3xP/48]
2017-11-08 08:59:47,121 INFO  [http-bio-8080-exec-5] nato.ivct.gui.server.ServerSession - load - MDC[principal=admin, scoutSession=b26a5035-aedb-48a0-a2af-b69bf9a484b2, cid=XT7RS7XQ5vN/53]
2017-11-08 09:00:05,463 INFO  [http-bio-8080-exec-6] nato.ivct.gui.server.ServerSession - set log level - MDC[principal=admin, scoutSession=b26a5035-aedb-48a0-a2af-b69bf9a484b2, cid=By7GA7DZ6sH/68]
2017-11-08 09:00:05,463 INFO  [ActiveMQ Session Task-3] nato.ivct.commander.CmdStartTestResultListener - JMS Message received: {"sequence":"3","commandType":"setLogLevel","logLevelId":"DEBUG"} - MDC[principal=admin, cid=tb3kg7hq2Mc/1]
2017-11-08 09:00:05,463 INFO  [ActiveMQ Session Task-3] nato.ivct.commander.CmdTcStatusListener - JMS Message received: {"sequence":"3","commandType":"setLogLevel","logLevelId":"DEBUG"} - MDC[principal=admin, cid=tb3kg7hq2Mc/1]
2017-11-08 09:00:13,516 INFO  [http-bio-8080-exec-10] nato.ivct.gui.server.ServerSession - starting test case - MDC[principal=admin, scoutSession=b26a5035-aedb-48a0-a2af-b69bf9a484b2, cid=FH6GA3aC7hh/71]
2017-11-08 09:00:13,517 INFO  [ActiveMQ Session Task-3] nato.ivct.commander.CmdStartTestResultListener - JMS Message received: {"sequence":"4","badge":"HelloWorld-0.4.1","commandType":"startTestCase","sutName":"hw_iosb","sutDir":"C:\/Projekte\/MSG134\/IVCT_Runtime\/IVCTsut\/hw_iosb","tsRunFolder":"C:\/Projekte\/MSG134\/IVCT_Runtime\/TestSuites\/TS_HelloWorld-0.4.1\/bin","tcParam":{"rtiHostName":"10.1.4.29","federationName":"HelloWorld","rtiPort":"8989","sutFederateName":"A"},"testCaseId":"de.fraunhofer.iosb.tc_helloworld.TC0002"} - MDC[principal=admin, cid=tb3kg7hq2Mc/1]
2017-11-08 09:00:13,518 INFO  [ActiveMQ Session Task-3] nato.ivct.commander.CmdTcStatusListener - JMS Message received: {"sequence":"4","badge":"HelloWorld-0.4.1","commandType":"startTestCase","sutName":"hw_iosb","sutDir":"C:\/Projekte\/MSG134\/IVCT_Runtime\/IVCTsut\/hw_iosb","tsRunFolder":"C:\/Projekte\/MSG134\/IVCT_Runtime\/TestSuites\/TS_HelloWorld-0.4.1\/bin","tcParam":{"rtiHostName":"10.1.4.29","federationName":"HelloWorld","rtiPort":"8989","sutFederateName":"A"},"testCaseId":"de.fraunhofer.iosb.tc_helloworld.TC0002"} - MDC[principal=admin, cid=tb3kg7hq2Mc/1]
2017-11-08 09:00:13,524 INFO  [ActiveMQ Session Task-3] nato.ivct.commander.CmdStartTestResultListener - JMS Message received: {"commandType":"TcStatus","status":"initiated","percentFinshed":0} - MDC[principal=admin, cid=tb3kg7hq2Mc/1]
2017-11-08 09:00:13,524 INFO  [ActiveMQ Session Task-3] nato.ivct.commander.CmdTcStatusListener - JMS Message received: {"commandType":"TcStatus","status":"initiated","percentFinshed":0} - MDC[principal=admin, cid=tb3kg7hq2Mc/1]
2017-11-08 09:00:14,167 INFO  [ActiveMQ Session Task-3] nato.ivct.commander.CmdStartTestResultListener - JMS Message received: {"commandType":"TcStatus","status":"started","percentFinshed":0} - MDC[principal=admin, cid=tb3kg7hq2Mc/1]
2017-11-08 09:00:14,167 INFO  [ActiveMQ Session Task-3] nato.ivct.commander.CmdTcStatusListener - JMS Message received: {"commandType":"TcStatus","status":"started","percentFinshed":0} - MDC[principal=admin, cid=tb3kg7hq2Mc/1]
2017-11-08 09:00:26,695 INFO  [http-bio-8080-exec-7] nato.ivct.gui.server.ServerSession - set log level - MDC[principal=admin, scoutSession=b26a5035-aedb-48a0-a2af-b69bf9a484b2, cid=FG7cR2cs8du/73]
2017-11-08 09:00:26,695 INFO  [ActiveMQ Session Task-4] nato.ivct.commander.CmdStartTestResultListener - JMS Message received: {"sequence":"5","commandType":"setLogLevel","logLevelId":"TRACE"} - MDC[principal=admin, cid=tb3kg7hq2Mc/1]
2017-11-08 09:00:26,695 INFO  [ActiveMQ Session Task-4] nato.ivct.commander.CmdTcStatusListener - JMS Message received: {"sequence":"5","commandType":"setLogLevel","logLevelId":"TRACE"} - MDC[principal=admin, cid=tb3kg7hq2Mc/1]
2017-11-08 09:00:37,302 INFO  [ActiveMQ Session Task-3] nato.ivct.commander.CmdStartTestResultListener - JMS Message received: {"commandType":"TcStatus","status":"done","percentFinshed":99} - MDC[principal=admin, cid=tb3kg7hq2Mc/1]
2017-11-08 09:00:37,302 INFO  [ActiveMQ Session Task-3] nato.ivct.commander.CmdTcStatusListener - JMS Message received: {"commandType":"TcStatus","status":"done","percentFinshed":99} - MDC[principal=admin, cid=tb3kg7hq2Mc/1]
2017-11-08 09:00:37,333 INFO  [ActiveMQ Session Task-4] nato.ivct.commander.CmdStartTestResultListener - JMS Message received: {"commandType":"TcStatus","status":"finished","percentFinshed":100} - MDC[principal=admin, cid=tb3kg7hq2Mc/1]
2017-11-08 09:00:37,333 INFO  [ActiveMQ Session Task-4] nato.ivct.commander.CmdTcStatusListener - JMS Message received: {"commandType":"TcStatus","status":"finished","percentFinshed":100} - MDC[principal=admin, cid=tb3kg7hq2Mc/1]
2017-11-08 09:00:37,333 INFO  [ActiveMQ Session Task-4] nato.ivct.commander.CmdStartTestResultListener - JMS Message received: {"sequence":"3","commandType":"announceVerdict","testScheduleName":"HelloWorld-0.4.1","sutName":"hw_iosb","verdict":"PASSED","sutDir":"C:\/Projekte\/MSG134\/IVCT_Runtime\/IVCTsut\/hw_iosb","verdictText":"ok","testcase":"de.fraunhofer.iosb.tc_helloworld.TC0002"} - MDC[principal=admin, cid=tb3kg7hq2Mc/1]
2017-11-08 09:00:37,333 INFO  [ActiveMQ Session Task-3] nato.ivct.commander.CmdTcStatusListener - JMS Message received: {"sequence":"3","commandType":"announceVerdict","testScheduleName":"HelloWorld-0.4.1","sutName":"hw_iosb","verdict":"PASSED","sutDir":"C:\/Projekte\/MSG134\/IVCT_Runtime\/IVCTsut\/hw_iosb","verdictText":"ok","testcase":"de.fraunhofer.iosb.tc_helloworld.TC0002"} - MDC[principal=admin, cid=tb3kg7hq2Mc/1]
2017-11-08 09:00:41,744 INFO  [http-bio-8080-exec-9] nato.ivct.gui.server.ServerSession - set log level - MDC[principal=admin, scoutSession=b26a5035-aedb-48a0-a2af-b69bf9a484b2, cid=FT3ER5MS4NJ/75]
2017-11-08 09:00:41,744 INFO  [ActiveMQ Session Task-3] nato.ivct.commander.CmdStartTestResultListener - JMS Message received: {"sequence":"6","commandType":"setLogLevel","logLevelId":"INFO"} - MDC[principal=admin, cid=tb3kg7hq2Mc/1]
2017-11-08 09:00:41,744 INFO  [ActiveMQ Session Task-3] nato.ivct.commander.CmdTcStatusListener - JMS Message received: {"sequence":"6","commandType":"setLogLevel","logLevelId":"INFO"} - MDC[principal=admin, cid=tb3kg7hq2Mc/1]
2017-11-08 09:00:54,083 INFO  [http-bio-8080-exec-10] nato.ivct.gui.server.ServerSession - starting test case - MDC[principal=admin, scoutSession=b26a5035-aedb-48a0-a2af-b69bf9a484b2, cid=cd4me2Qc2SX/78]
2017-11-08 09:00:54,084 INFO  [ActiveMQ Session Task-4] nato.ivct.commander.CmdStartTestResultListener - JMS Message received: {"sequence":"7","badge":"HelloWorld-0.4.1","commandType":"startTestCase","sutName":"hw_iosb","sutDir":"C:\/Projekte\/MSG134\/IVCT_Runtime\/IVCTsut\/hw_iosb","tsRunFolder":"C:\/Projekte\/MSG134\/IVCT_Runtime\/TestSuites\/TS_HelloWorld-0.4.1\/bin","tcParam":{"rtiHostName":"10.1.4.29","federationName":"HelloWorld","rtiPort":"8989","sutFederateName":"A"},"testCaseId":"de.fraunhofer.iosb.tc_helloworld.TC0001"} - MDC[principal=admin, cid=tb3kg7hq2Mc/1]
2017-11-08 09:00:54,085 INFO  [ActiveMQ Session Task-4] nato.ivct.commander.CmdTcStatusListener - JMS Message received: {"sequence":"7","badge":"HelloWorld-0.4.1","commandType":"startTestCase","sutName":"hw_iosb","sutDir":"C:\/Projekte\/MSG134\/IVCT_Runtime\/IVCTsut\/hw_iosb","tsRunFolder":"C:\/Projekte\/MSG134\/IVCT_Runtime\/TestSuites\/TS_HelloWorld-0.4.1\/bin","tcParam":{"rtiHostName":"10.1.4.29","federationName":"HelloWorld","rtiPort":"8989","sutFederateName":"A"},"testCaseId":"de.fraunhofer.iosb.tc_helloworld.TC0001"} - MDC[principal=admin, cid=tb3kg7hq2Mc/1]
2017-11-08 09:00:54,091 INFO  [ActiveMQ Session Task-3] nato.ivct.commander.CmdStartTestResultListener - JMS Message received: {"commandType":"TcStatus","status":"initiated","percentFinshed":0} - MDC[principal=admin, cid=tb3kg7hq2Mc/1]
2017-11-08 09:00:54,092 INFO  [ActiveMQ Session Task-3] nato.ivct.commander.CmdTcStatusListener - JMS Message received: {"commandType":"TcStatus","status":"initiated","percentFinshed":0} - MDC[principal=admin, cid=tb3kg7hq2Mc/1]
2017-11-08 09:00:54,729 INFO  [ActiveMQ Session Task-3] nato.ivct.commander.CmdStartTestResultListener - JMS Message received: {"commandType":"TcStatus","status":"started","percentFinshed":0} - MDC[principal=admin, cid=tb3kg7hq2Mc/1]
2017-11-08 09:00:54,729 INFO  [ActiveMQ Session Task-3] nato.ivct.commander.CmdTcStatusListener - JMS Message received: {"commandType":"TcStatus","status":"started","percentFinshed":0} - MDC[principal=admin, cid=tb3kg7hq2Mc/1]
2017-11-08 09:01:07,851 INFO  [ActiveMQ Session Task-3] nato.ivct.commander.CmdStartTestResultListener - JMS Message received: {"commandType":"TcStatus","status":"done","percentFinshed":99} - MDC[principal=admin, cid=tb3kg7hq2Mc/1]
2017-11-08 09:01:07,851 INFO  [ActiveMQ Session Task-3] nato.ivct.commander.CmdTcStatusListener - JMS Message received: {"commandType":"TcStatus","status":"done","percentFinshed":99} - MDC[principal=admin, cid=tb3kg7hq2Mc/1]
2017-11-08 09:01:07,867 INFO  [ActiveMQ Session Task-3] nato.ivct.commander.CmdStartTestResultListener - JMS Message received: {"commandType":"TcStatus","status":"finished","percentFinshed":100} - MDC[principal=admin, cid=tb3kg7hq2Mc/1]
2017-11-08 09:01:07,867 INFO  [ActiveMQ Session Task-3] nato.ivct.commander.CmdTcStatusListener - JMS Message received: {"commandType":"TcStatus","status":"finished","percentFinshed":100} - MDC[principal=admin, cid=tb3kg7hq2Mc/1]
2017-11-08 09:01:07,867 INFO  [ActiveMQ Session Task-3] nato.ivct.commander.CmdStartTestResultListener - JMS Message received: {"sequence":"4","commandType":"announceVerdict","testScheduleName":"HelloWorld-0.4.1","sutName":"hw_iosb","verdict":"PASSED","sutDir":"C:\/Projekte\/MSG134\/IVCT_Runtime\/IVCTsut\/hw_iosb","verdictText":"ok","testcase":"de.fraunhofer.iosb.tc_helloworld.TC0001"} - MDC[principal=admin, cid=tb3kg7hq2Mc/1]
2017-11-08 09:01:07,867 INFO  [ActiveMQ Session Task-3] nato.ivct.commander.CmdTcStatusListener - JMS Message received: {"sequence":"4","commandType":"announceVerdict","testScheduleName":"HelloWorld-0.4.1","sutName":"hw_iosb","verdict":"PASSED","sutDir":"C:\/Projekte\/MSG134\/IVCT_Runtime\/IVCTsut\/hw_iosb","verdictText":"ok","testcase":"de.fraunhofer.iosb.tc_helloworld.TC0001"} - MDC[principal=admin, cid=tb3kg7hq2Mc/1]
2017-11-08 09:01:12,399 INFO  [http-bio-8080-exec-5] nato.ivct.gui.server.ServerSession - set log level - MDC[principal=admin, scoutSession=b26a5035-aedb-48a0-a2af-b69bf9a484b2, cid=xN5ae4SC8gM/81]
2017-11-08 09:01:12,399 INFO  [ActiveMQ Session Task-4] nato.ivct.commander.CmdStartTestResultListener - JMS Message received: {"sequence":"8","commandType":"setLogLevel","logLevelId":"ERROR"} - MDC[principal=admin, cid=tb3kg7hq2Mc/1]
2017-11-08 09:01:12,399 INFO  [ActiveMQ Session Task-4] nato.ivct.commander.CmdTcStatusListener - JMS Message received: {"sequence":"8","commandType":"setLogLevel","logLevelId":"ERROR"} - MDC[principal=admin, cid=tb3kg7hq2Mc/1]
2017-11-08 09:01:19,267 INFO  [http-bio-8080-exec-2] nato.ivct.gui.server.ServerSession - starting test case - MDC[principal=admin, scoutSession=b26a5035-aedb-48a0-a2af-b69bf9a484b2, cid=JZ6Bh4VB5uy/83]
2017-11-08 09:01:19,269 INFO  [ActiveMQ Session Task-3] nato.ivct.commander.CmdStartTestResultListener - JMS Message received: {"sequence":"9","badge":"HelloWorld-0.4.1","commandType":"startTestCase","sutName":"hw_iosb","sutDir":"C:\/Projekte\/MSG134\/IVCT_Runtime\/IVCTsut\/hw_iosb","tsRunFolder":"C:\/Projekte\/MSG134\/IVCT_Runtime\/TestSuites\/TS_HelloWorld-0.4.1\/bin","tcParam":{"rtiHostName":"10.1.4.29","federationName":"HelloWorld","rtiPort":"8989","sutFederateName":"A"},"testCaseId":"de.fraunhofer.iosb.tc_helloworld.TC0001"} - MDC[principal=admin, cid=tb3kg7hq2Mc/1]
2017-11-08 09:01:19,269 INFO  [ActiveMQ Session Task-3] nato.ivct.commander.CmdTcStatusListener - JMS Message received: {"sequence":"9","badge":"HelloWorld-0.4.1","commandType":"startTestCase","sutName":"hw_iosb","sutDir":"C:\/Projekte\/MSG134\/IVCT_Runtime\/IVCTsut\/hw_iosb","tsRunFolder":"C:\/Projekte\/MSG134\/IVCT_Runtime\/TestSuites\/TS_HelloWorld-0.4.1\/bin","tcParam":{"rtiHostName":"10.1.4.29","federationName":"HelloWorld","rtiPort":"8989","sutFederateName":"A"},"testCaseId":"de.fraunhofer.iosb.tc_helloworld.TC0001"} - MDC[principal=admin, cid=tb3kg7hq2Mc/1]
2017-11-08 09:01:19,272 INFO  [ActiveMQ Session Task-4] nato.ivct.commander.CmdStartTestResultListener - JMS Message received: {"commandType":"TcStatus","status":"initiated","percentFinshed":0} - MDC[principal=admin, cid=tb3kg7hq2Mc/1]
2017-11-08 09:01:19,272 INFO  [ActiveMQ Session Task-4] nato.ivct.commander.CmdTcStatusListener - JMS Message received: {"commandType":"TcStatus","status":"initiated","percentFinshed":0} - MDC[principal=admin, cid=tb3kg7hq2Mc/1]
2017-11-08 09:01:19,286 INFO  [ActiveMQ Session Task-3] nato.ivct.commander.CmdStartTestResultListener - JMS Message received: {"commandType":"TcStatus","status":"started","percentFinshed":0} - MDC[principal=admin, cid=tb3kg7hq2Mc/1]
2017-11-08 09:01:19,286 INFO  [ActiveMQ Session Task-3] nato.ivct.commander.CmdTcStatusListener - JMS Message received: {"commandType":"TcStatus","status":"started","percentFinshed":0} - MDC[principal=admin, cid=tb3kg7hq2Mc/1]
2017-11-08 09:01:32,378 INFO  [ActiveMQ Session Task-3] nato.ivct.commander.CmdStartTestResultListener - JMS Message received: {"commandType":"TcStatus","status":"done","percentFinshed":99} - MDC[principal=admin, cid=tb3kg7hq2Mc/1]
2017-11-08 09:01:32,379 INFO  [ActiveMQ Session Task-3] nato.ivct.commander.CmdTcStatusListener - JMS Message received: {"commandType":"TcStatus","status":"done","percentFinshed":99} - MDC[principal=admin, cid=tb3kg7hq2Mc/1]
2017-11-08 09:01:32,391 INFO  [ActiveMQ Session Task-4] nato.ivct.commander.CmdStartTestResultListener - JMS Message received: {"commandType":"TcStatus","status":"finished","percentFinshed":100} - MDC[principal=admin, cid=tb3kg7hq2Mc/1]
2017-11-08 09:01:32,392 INFO  [ActiveMQ Session Task-4] nato.ivct.commander.CmdTcStatusListener - JMS Message received: {"commandType":"TcStatus","status":"finished","percentFinshed":100} - MDC[principal=admin, cid=tb3kg7hq2Mc/1]
2017-11-08 09:01:32,393 INFO  [ActiveMQ Session Task-4] nato.ivct.commander.CmdStartTestResultListener - JMS Message received: {"sequence":"5","commandType":"announceVerdict","testScheduleName":"HelloWorld-0.4.1","sutName":"hw_iosb","verdict":"PASSED","sutDir":"C:\/Projekte\/MSG134\/IVCT_Runtime\/IVCTsut\/hw_iosb","verdictText":"ok","testcase":"de.fraunhofer.iosb.tc_helloworld.TC0001"} - MDC[principal=admin, cid=tb3kg7hq2Mc/1]
2017-11-08 09:01:32,394 INFO  [ActiveMQ Session Task-4] nato.ivct.commander.CmdTcStatusListener - JMS Message received: {"sequence":"5","commandType":"announceVerdict","testScheduleName":"HelloWorld-0.4.1","sutName":"hw_iosb","verdict":"PASSED","sutDir":"C:\/Projekte\/MSG134\/IVCT_Runtime\/IVCTsut\/hw_iosb","verdictText":"ok","testcase":"de.fraunhofer.iosb.tc_helloworld.TC0001"} - MDC[principal=admin, cid=tb3kg7hq2Mc/1]
2017-11-08 09:01:51,699 INFO  [http-bio-8080-exec-3] org.eclipse.scout.rt.server.clientnotification.ClientNotificationNodeQueue - Interrupted while waiting for client notification messages - MDC[principal=notification-authenticator, cid=32a01ae0-05fd-4e31-bca6-0b758514de14]
java.lang.InterruptedException: null
	at java.util.concurrent.locks.AbstractQueuedSynchronizer$ConditionObject.reportInterruptAfterWait(AbstractQueuedSynchronizer.java:2014)
	at java.util.concurrent.locks.AbstractQueuedSynchronizer$ConditionObject.awaitNanos(AbstractQueuedSynchronizer.java:2088)
	at java.util.concurrent.LinkedBlockingDeque.pollFirst(LinkedBlockingDeque.java:522)
	at java.util.concurrent.LinkedBlockingDeque.poll(LinkedBlockingDeque.java:684)
	at org.eclipse.scout.rt.server.clientnotification.ClientNotificationNodeQueue.getNotifications(ClientNotificationNodeQueue.java:170)
	at org.eclipse.scout.rt.server.clientnotification.ClientNotificationNodeQueue.consume(ClientNotificationNodeQueue.java:161)
	at org.eclipse.scout.rt.server.clientnotification.ClientNotificationRegistry.consume(ClientNotificationRegistry.java:112)
	at org.eclipse.scout.rt.server.clientnotification.ClientNotificationService.getNotifications(ClientNotificationService.java:43)
	at sun.reflect.GeneratedMethodAccessor64.invoke(Unknown Source)
	at sun.reflect.DelegatingMethodAccessorImpl.invoke(DelegatingMethodAccessorImpl.java:43)
	at java.lang.reflect.Method.invoke(Method.java:498)
	at org.eclipse.scout.rt.shared.servicetunnel.ServiceUtility.invoke(ServiceUtility.java:55)
	at org.eclipse.scout.rt.server.ServiceOperationInvoker.invokeInternal(ServiceOperationInvoker.java:102)
	at org.eclipse.scout.rt.server.ServiceOperationInvoker$1.call(ServiceOperationInvoker.java:63)
	at org.eclipse.scout.rt.server.ServiceOperationInvoker$1.call(ServiceOperationInvoker.java:1)
	at org.eclipse.scout.rt.platform.chain.callable.CallableChain$Chain.continueChain(CallableChain.java:203)
	at org.eclipse.scout.rt.platform.transaction.TransactionProcessor.runTxRequiresNew(TransactionProcessor.java:100)
	at org.eclipse.scout.rt.platform.transaction.TransactionProcessor.intercept(TransactionProcessor.java:69)
	at org.eclipse.scout.rt.platform.chain.callable.CallableChain$Chain.continueChain(CallableChain.java:198)
	at org.eclipse.scout.rt.platform.chain.callable.CallableChain.call(CallableChain.java:146)
	at org.eclipse.scout.rt.platform.context.RunContext.call(RunContext.java:142)
	at org.eclipse.scout.rt.server.ServiceOperationInvoker.invoke(ServiceOperationInvoker.java:59)
	at org.eclipse.scout.rt.server.ServiceTunnelServlet.invokeService(ServiceTunnelServlet.java:205)
	at org.eclipse.scout.rt.server.ServiceTunnelServlet.doPost(ServiceTunnelServlet.java:160)
	at org.eclipse.scout.rt.server.ServiceTunnelServlet$2.run(ServiceTunnelServlet.java:120)
	at org.eclipse.scout.rt.platform.util.concurrent.Callables$1.call(Callables.java:34)
	at org.eclipse.scout.rt.platform.util.concurrent.Callables$1.call(Callables.java:1)
	at org.eclipse.scout.rt.platform.chain.callable.CallableChain$Chain.continueChain(CallableChain.java:203)
	at org.eclipse.scout.rt.platform.transaction.TransactionProcessor.runTxRequiresNew(TransactionProcessor.java:100)
	at org.eclipse.scout.rt.platform.transaction.TransactionProcessor.runTxRequired(TransactionProcessor.java:129)
	at org.eclipse.scout.rt.platform.transaction.TransactionProcessor.intercept(TransactionProcessor.java:71)
	at org.eclipse.scout.rt.platform.chain.callable.CallableChain$Chain.continueChain(CallableChain.java:198)
	at org.eclipse.scout.rt.platform.chain.callable.CallableChain.call(CallableChain.java:146)
	at org.eclipse.scout.rt.platform.context.RunContext.call(RunContext.java:142)
	at org.eclipse.scout.rt.platform.context.RunContext.run(RunContext.java:109)
	at org.eclipse.scout.rt.server.ServiceTunnelServlet.doPost(ServiceTunnelServlet.java:116)
	at javax.servlet.http.HttpServlet.service(HttpServlet.java:650)
	at javax.servlet.http.HttpServlet.service(HttpServlet.java:731)
	at org.apache.catalina.core.ApplicationFilterChain.internalDoFilter(ApplicationFilterChain.java:303)
	at org.apache.catalina.core.ApplicationFilterChain.doFilter(ApplicationFilterChain.java:208)
	at org.apache.tomcat.websocket.server.WsFilter.doFilter(WsFilter.java:52)
	at org.apache.catalina.core.ApplicationFilterChain.internalDoFilter(ApplicationFilterChain.java:241)
	at org.apache.catalina.core.ApplicationFilterChain.doFilter(ApplicationFilterChain.java:208)
	at org.eclipse.scout.rt.server.commons.authentication.ServletFilterHelper$1.run(ServletFilterHelper.java:161)
	at java.security.AccessController.doPrivileged(Native Method)
	at javax.security.auth.Subject.doAs(Subject.java:422)
	at org.eclipse.scout.rt.server.commons.authentication.ServletFilterHelper.continueChainAsSubject(ServletFilterHelper.java:155)
	at org.eclipse.scout.rt.server.commons.authentication.ServiceTunnelAccessTokenAccessController.handle(ServiceTunnelAccessTokenAccessController.java:90)
	at nato.ivct.gui.server.ServerServletFilter.doFilter(ServerServletFilter.java:50)
	at org.apache.catalina.core.ApplicationFilterChain.internalDoFilter(ApplicationFilterChain.java:241)
	at org.apache.catalina.core.ApplicationFilterChain.doFilter(ApplicationFilterChain.java:208)
	at org.apache.catalina.core.StandardWrapperValve.invoke(StandardWrapperValve.java:218)
	at org.apache.catalina.core.StandardContextValve.invoke(StandardContextValve.java:110)
	at org.apache.catalina.core.StandardHostValve.invoke(StandardHostValve.java:169)
	at org.apache.catalina.valves.ErrorReportValve.invoke(ErrorReportValve.java:103)
	at org.apache.catalina.valves.AccessLogValve.invoke(AccessLogValve.java:962)
	at org.apache.catalina.core.StandardEngineValve.invoke(StandardEngineValve.java:116)
	at org.apache.catalina.connector.CoyoteAdapter.service(CoyoteAdapter.java:445)
	at org.apache.coyote.http11.AbstractHttp11Processor.process(AbstractHttp11Processor.java:1115)
	at org.apache.coyote.AbstractProtocol$AbstractConnectionHandler.process(AbstractProtocol.java:637)
	at org.apache.tomcat.util.net.JIoEndpoint$SocketProcessor.run(JIoEndpoint.java:318)
	at java.util.concurrent.ThreadPoolExecutor.runWorker(ThreadPoolExecutor.java:1142)
	at java.util.concurrent.ThreadPoolExecutor$Worker.run(ThreadPoolExecutor.java:617)
	at org.apache.tomcat.util.threads.TaskThread$WrappingRunnable.run(TaskThread.java:61)
	at java.lang.Thread.run(Thread.java:748)
2017-11-08 09:01:51,699 ERROR [http-bio-8080-exec-3] org.eclipse.scout.rt.server.ServiceTunnelServlet - Client=notification-authenticator@127.0.0.1/127.0.0.1 - MDC[]
java.lang.NullPointerException: null
	at org.eclipse.scout.rt.platform.BEANS.opt(BEANS.java:55)
	at org.eclipse.scout.rt.platform.BEANS.get(BEANS.java:41)
	at org.eclipse.scout.rt.platform.context.RunContext.call(RunContext.java:145)
	at org.eclipse.scout.rt.platform.context.RunContext.run(RunContext.java:109)
	at org.eclipse.scout.rt.server.ServiceTunnelServlet.doPost(ServiceTunnelServlet.java:116)
	at javax.servlet.http.HttpServlet.service(HttpServlet.java:650)
	at javax.servlet.http.HttpServlet.service(HttpServlet.java:731)
	at org.apache.catalina.core.ApplicationFilterChain.internalDoFilter(ApplicationFilterChain.java:303)
	at org.apache.catalina.core.ApplicationFilterChain.doFilter(ApplicationFilterChain.java:208)
	at org.apache.tomcat.websocket.server.WsFilter.doFilter(WsFilter.java:52)
	at org.apache.catalina.core.ApplicationFilterChain.internalDoFilter(ApplicationFilterChain.java:241)
	at org.apache.catalina.core.ApplicationFilterChain.doFilter(ApplicationFilterChain.java:208)
	at org.eclipse.scout.rt.server.commons.authentication.ServletFilterHelper$1.run(ServletFilterHelper.java:161)
	at java.security.AccessController.doPrivileged(Native Method)
	at javax.security.auth.Subject.doAs(Subject.java:422)
	at org.eclipse.scout.rt.server.commons.authentication.ServletFilterHelper.continueChainAsSubject(ServletFilterHelper.java:155)
	at org.eclipse.scout.rt.server.commons.authentication.ServiceTunnelAccessTokenAccessController.handle(ServiceTunnelAccessTokenAccessController.java:90)
	at nato.ivct.gui.server.ServerServletFilter.doFilter(ServerServletFilter.java:50)
	at org.apache.catalina.core.ApplicationFilterChain.internalDoFilter(ApplicationFilterChain.java:241)
	at org.apache.catalina.core.ApplicationFilterChain.doFilter(ApplicationFilterChain.java:208)
	at org.apache.catalina.core.StandardWrapperValve.invoke(StandardWrapperValve.java:218)
	at org.apache.catalina.core.StandardContextValve.invoke(StandardContextValve.java:110)
	at org.apache.catalina.core.StandardHostValve.invoke(StandardHostValve.java:169)
	at org.apache.catalina.valves.ErrorReportValve.invoke(ErrorReportValve.java:103)
	at org.apache.catalina.valves.AccessLogValve.invoke(AccessLogValve.java:962)
	at org.apache.catalina.core.StandardEngineValve.invoke(StandardEngineValve.java:116)
	at org.apache.catalina.connector.CoyoteAdapter.service(CoyoteAdapter.java:445)
	at org.apache.coyote.http11.AbstractHttp11Processor.process(AbstractHttp11Processor.java:1115)
	at org.apache.coyote.AbstractProtocol$AbstractConnectionHandler.process(AbstractProtocol.java:637)
	at org.apache.tomcat.util.net.JIoEndpoint$SocketProcessor.run(JIoEndpoint.java:318)
	at java.util.concurrent.ThreadPoolExecutor.runWorker(ThreadPoolExecutor.java:1142)
	at java.util.concurrent.ThreadPoolExecutor$Worker.run(ThreadPoolExecutor.java:617)
	at org.apache.tomcat.util.threads.TaskThread$WrappingRunnable.run(TaskThread.java:61)
	at java.lang.Thread.run(Thread.java:748)
2017-11-08 10:43:03,563 INFO  [Thread-4] org.eclipse.scout.rt.platform.internal.PlatformImplementor - Headless mode: scout.headless=true, java.awt.headless=true (automatically set by Scout), GraphicsEnvironment.isHeadless()=true - MDC[]
2017-11-08 10:43:03,643 INFO  [Thread-4] org.eclipse.scout.rt.platform.inventory.ClassInventory - Finished preparation of jandex class inventory in 70.541805 ms - MDC[]
2017-11-08 10:43:03,898 INFO  [Thread-4] org.eclipse.scout.rt.platform.logger.LoggerPlatformListener - registered logger support [org.eclipse.scout.rt.platform.logger.LogbackLoggerSupport] - MDC[]
2017-11-08 10:43:03,905 INFO  [Thread-4] org.eclipse.scout.rt.shared.services.common.code.CodeTypeRegistrator - 2 code type classes registered. - MDC[]
2017-11-08 10:43:03,916 INFO  [Thread-4] org.eclipse.scout.rt.mom.api.AbstractMomTransport - +++ Using 'NullMomImplementor' for transport 'ClusterMom'. No messages are published and received. - MDC[]
2017-11-08 10:43:03,967 ERROR [localhost-startStop-1] org.apache.catalina.session.StandardManager - Exception loading sessions from persistent storage - MDC[]
java.lang.ClassCastException: java.lang.String cannot be cast to java.io.ObjectStreamClass
	at java.io.ObjectInputStream.readClassDesc(ObjectInputStream.java:1707)
	at java.io.ObjectInputStream.readOrdinaryObject(ObjectInputStream.java:2000)
	at java.io.ObjectInputStream.readObject0(ObjectInputStream.java:1535)
	at java.io.ObjectInputStream.readObject(ObjectInputStream.java:422)
	at org.apache.catalina.session.StandardSession.readObject(StandardSession.java:1587)
	at org.apache.catalina.session.StandardSession.readObjectData(StandardSession.java:1075)
	at org.apache.catalina.session.StandardManager.doLoad(StandardManager.java:259)
	at org.apache.catalina.session.StandardManager.load(StandardManager.java:176)
	at org.apache.catalina.session.StandardManager.startInternal(StandardManager.java:465)
	at org.apache.catalina.util.LifecycleBase.start(LifecycleBase.java:145)
	at org.apache.catalina.core.StandardContext.startInternal(StandardContext.java:5643)
	at org.apache.catalina.util.LifecycleBase.start(LifecycleBase.java:145)
	at org.apache.catalina.core.ContainerBase.addChildInternal(ContainerBase.java:899)
	at org.apache.catalina.core.ContainerBase.addChild(ContainerBase.java:875)
	at org.apache.catalina.core.StandardHost.addChild(StandardHost.java:652)
	at org.apache.catalina.startup.HostConfig.deployWAR(HostConfig.java:1092)
	at org.apache.catalina.startup.HostConfig$DeployWar.run(HostConfig.java:1984)
	at java.util.concurrent.Executors$RunnableAdapter.call(Executors.java:511)
	at java.util.concurrent.FutureTask.run(FutureTask.java:266)
	at java.util.concurrent.ThreadPoolExecutor.runWorker(ThreadPoolExecutor.java:1142)
	at java.util.concurrent.ThreadPoolExecutor$Worker.run(ThreadPoolExecutor.java:617)
	at java.lang.Thread.run(Thread.java:748)
2017-11-08 10:44:19,325 ERROR [ContainerBackgroundProcessor[StandardEngine[Catalina]]] org.eclipse.scout.rt.server.session.ServerSessionCache - Unknown sessionContext, id=b26a5035-aedb-48a0-a2af-b69bf9a484b2 - MDC[]
2017-11-08 10:45:02,827 INFO  [http-bio-8080-exec-6] nato.ivct.gui.server.ServerSession - created a new session for admin - MDC[principal=admin, cid=aw2fe4ZA2fT/1]
2017-11-08 10:45:03,104 INFO  [http-bio-8080-exec-6] nato.ivct.gui.server.ServerSession - load SuT Information - MDC[principal=admin, cid=aw2fe4ZA2fT/1]
2017-11-08 10:45:03,127 INFO  [http-bio-8080-exec-6] nato.ivct.gui.server.ServerSession - load Badge Descriptions - MDC[principal=admin, cid=aw2fe4ZA2fT/1]
2017-11-08 10:45:03,129 INFO  [http-bio-8080-exec-6] nato.ivct.gui.server.ServerSession - start test case Result Listener - MDC[principal=admin, cid=aw2fe4ZA2fT/1]
2017-11-08 10:45:03,135 INFO  [scout-thread-22] nato.ivct.commander.CmdStartTestResultListener - subsribing the CmdStartTestResultListener - MDC[principal=admin, jobName=nato.ivct.gui.server.ServerSession$TestResultListener, cid=aw2fe4ZA2fT/1]
2017-11-08 10:45:03,135 INFO  [http-bio-8080-exec-6] nato.ivct.commander.CmdTcStatusListener - subsribing the CmdTcStatusListener - MDC[principal=admin, cid=aw2fe4ZA2fT/1]
2017-11-08 10:45:03,136 INFO  [scout-thread-23] nato.ivct.commander.Factory - Factory.IVCT_BADGE_HOME_ID IVCT_BADGE_HOME_ID - MDC[principal=admin, jobName=nato.ivct.gui.server.ServerSession$LoadBadgeDescriptions, cid=aw2fe4ZA2fT/1]
2017-11-08 10:45:03,137 INFO  [scout-thread-23] nato.ivct.commander.Factory - Read Badge descriptions from C:\Projekte\MSG134\IVCT_Runtime\Badges - MDC[principal=admin, jobName=nato.ivct.gui.server.ServerSession$LoadBadgeDescriptions, cid=aw2fe4ZA2fT/1]
2017-11-08 10:45:03,152 INFO  [http-bio-8080-exec-6] org.eclipse.scout.rt.server.AbstractServerSession - Server session started [session=nato.ivct.gui.server.ServerSession@59a8756e[id = 4ceda6ed-16ad-4f26-a123-471c89b03385], user=admin] - MDC[principal=admin, cid=aw2fe4ZA2fT/1]
2017-11-08 10:45:15,417 INFO  [http-bio-8080-exec-1] nato.ivct.gui.server.ServerSession - getCbTableData - MDC[principal=admin, scoutSession=4ceda6ed-16ad-4f26-a123-471c89b03385, cid=XV9tD5hy5mW/3]
2017-11-08 10:45:28,408 INFO  [http-bio-8080-exec-6] nato.ivct.gui.server.ServerSession - getSuTTableData - MDC[principal=admin, scoutSession=4ceda6ed-16ad-4f26-a123-471c89b03385, cid=Fq2jn7Rh5nY/5]
2017-11-08 10:46:35,250 INFO  [http-bio-8080-exec-4] nato.ivct.gui.server.ServerSession - load - MDC[principal=admin, scoutSession=4ceda6ed-16ad-4f26-a123-471c89b03385, cid=Cy8jK3Xs9pf/21]
2017-11-08 10:47:12,722 INFO  [http-bio-8080-exec-8] nato.ivct.gui.server.ServerSession - load - MDC[principal=admin, scoutSession=4ceda6ed-16ad-4f26-a123-471c89b03385, cid=BX3ux4Sd9ga/27]
2017-11-08 10:48:07,852 INFO  [http-bio-8080-exec-8] nato.ivct.gui.server.ServerSession - getCapabilityTableData - MDC[principal=admin, scoutSession=4ceda6ed-16ad-4f26-a123-471c89b03385, cid=Nn3mG7Hn6yW/41]
2017-11-08 10:50:05,020 INFO  [http-bio-8080-exec-8] nato.ivct.gui.server.ServerSession - getCapabilityTableData - MDC[principal=admin, scoutSession=4ceda6ed-16ad-4f26-a123-471c89b03385, cid=Jc3mW6hY5yT/69]
2017-11-08 10:50:35,459 INFO  [http-bio-8080-exec-10] nato.ivct.gui.server.ServerSession - starting test case - MDC[principal=admin, scoutSession=4ceda6ed-16ad-4f26-a123-471c89b03385, cid=ZD4QK8Te2Zd/73]
2017-11-08 10:50:35,490 INFO  [ActiveMQ Session Task-2] nato.ivct.commander.CmdStartTestResultListener - JMS Message received: {"sequence":"1","badge":"HLA-Verification-2016","commandType":"startTestCase","sutName":"rtiSimple4etcFra","sutDir":"C:\/Projekte\/MSG134\/IVCT_Runtime\/IVCTsut\/rtiSimple4etcFra","tsRunFolder":"C:\/Projekte\/MSG134\/IVCT_Runtime\/TestSuites\/TS_CS_Verification-0.0.2\/bin","tcParam":{"somFiles":[{"fileName":"C:\/Projekte\/MSG134\/IVCT_Runtime\/IVCTsut\/rtiSimple4etcFra\/HLA-Verification-2016\/SOM_MAKsimple1516e.xml"}],"fomFiles":[{"fileName":"C:\/Projekte\/MSG134\/IVCT_Runtime\/IVCTsut\/rtiSimple4etcFra\/HLA-Verification-2016\/MAKsimple1516e.xml"}],"sutName":"TestFederate","resultDirectory":"C:\/Projekte\/MSG134\/IVCT_Runtime\/IVCTsut\/rtiSimple4etcFra\/HLA-Verification-2016"},"testCaseId":"nato.ivct.etc.fr.tc_cs_verification.TC_001_Files_Check"} - MDC[principal=admin, cid=aw2fe4ZA2fT/1]
2017-11-08 10:50:35,492 INFO  [ActiveMQ Session Task-2] nato.ivct.commander.CmdTcStatusListener - JMS Message received: {"sequence":"1","badge":"HLA-Verification-2016","commandType":"startTestCase","sutName":"rtiSimple4etcFra","sutDir":"C:\/Projekte\/MSG134\/IVCT_Runtime\/IVCTsut\/rtiSimple4etcFra","tsRunFolder":"C:\/Projekte\/MSG134\/IVCT_Runtime\/TestSuites\/TS_CS_Verification-0.0.2\/bin","tcParam":{"somFiles":[{"fileName":"C:\/Projekte\/MSG134\/IVCT_Runtime\/IVCTsut\/rtiSimple4etcFra\/HLA-Verification-2016\/SOM_MAKsimple1516e.xml"}],"fomFiles":[{"fileName":"C:\/Projekte\/MSG134\/IVCT_Runtime\/IVCTsut\/rtiSimple4etcFra\/HLA-Verification-2016\/MAKsimple1516e.xml"}],"sutName":"TestFederate","resultDirectory":"C:\/Projekte\/MSG134\/IVCT_Runtime\/IVCTsut\/rtiSimple4etcFra\/HLA-Verification-2016"},"testCaseId":"nato.ivct.etc.fr.tc_cs_verification.TC_001_Files_Check"} - MDC[principal=admin, cid=aw2fe4ZA2fT/1]
2017-11-08 10:50:35,621 INFO  [ActiveMQ Session Task-2] nato.ivct.commander.CmdStartTestResultListener - JMS Message received: {"commandType":"TcStatus","status":"initiated","percentFinshed":0} - MDC[principal=admin, cid=aw2fe4ZA2fT/1]
2017-11-08 10:50:35,621 INFO  [ActiveMQ Session Task-2] nato.ivct.commander.CmdTcStatusListener - JMS Message received: {"commandType":"TcStatus","status":"initiated","percentFinshed":0} - MDC[principal=admin, cid=aw2fe4ZA2fT/1]
2017-11-08 10:50:35,638 INFO  [ActiveMQ Session Task-3] nato.ivct.commander.CmdStartTestResultListener - JMS Message received: {"commandType":"TcStatus","status":"started","percentFinshed":0} - MDC[principal=admin, cid=aw2fe4ZA2fT/1]
2017-11-08 10:50:35,639 INFO  [ActiveMQ Session Task-3] nato.ivct.commander.CmdTcStatusListener - JMS Message received: {"commandType":"TcStatus","status":"started","percentFinshed":0} - MDC[principal=admin, cid=aw2fe4ZA2fT/1]
2017-11-08 10:50:38,604 INFO  [ActiveMQ Session Task-3] nato.ivct.commander.CmdStartTestResultListener - JMS Message received: {"commandType":"TcStatus","status":"done","percentFinshed":99} - MDC[principal=admin, cid=aw2fe4ZA2fT/1]
2017-11-08 10:50:38,605 INFO  [ActiveMQ Session Task-3] nato.ivct.commander.CmdTcStatusListener - JMS Message received: {"commandType":"TcStatus","status":"done","percentFinshed":99} - MDC[principal=admin, cid=aw2fe4ZA2fT/1]
2017-11-08 10:50:38,613 INFO  [ActiveMQ Session Task-3] nato.ivct.commander.CmdStartTestResultListener - JMS Message received: {"commandType":"TcStatus","status":"finished","percentFinshed":100} - MDC[principal=admin, cid=aw2fe4ZA2fT/1]
2017-11-08 10:50:38,614 INFO  [ActiveMQ Session Task-3] nato.ivct.commander.CmdTcStatusListener - JMS Message received: {"commandType":"TcStatus","status":"finished","percentFinshed":100} - MDC[principal=admin, cid=aw2fe4ZA2fT/1]
2017-11-08 10:50:38,615 INFO  [ActiveMQ Session Task-2] nato.ivct.commander.CmdStartTestResultListener - JMS Message received: {"sequence":"1","commandType":"announceVerdict","testScheduleName":"HLA-Verification-2016","sutName":"rtiSimple4etcFra","verdict":"PASSED","sutDir":"C:\/Projekte\/MSG134\/IVCT_Runtime\/IVCTsut\/rtiSimple4etcFra","verdictText":"ok","testcase":"nato.ivct.etc.fr.tc_cs_verification.TC_001_Files_Check"} - MDC[principal=admin, cid=aw2fe4ZA2fT/1]
2017-11-08 10:50:38,621 INFO  [ActiveMQ Session Task-2] nato.ivct.commander.CmdTcStatusListener - JMS Message received: {"sequence":"1","commandType":"announceVerdict","testScheduleName":"HLA-Verification-2016","sutName":"rtiSimple4etcFra","verdict":"PASSED","sutDir":"C:\/Projekte\/MSG134\/IVCT_Runtime\/IVCTsut\/rtiSimple4etcFra","verdictText":"ok","testcase":"nato.ivct.etc.fr.tc_cs_verification.TC_001_Files_Check"} - MDC[principal=admin, cid=aw2fe4ZA2fT/1]
2017-11-08 10:51:12,500 INFO  [http-bio-8080-exec-4] nato.ivct.gui.server.ServerSession - starting test case - MDC[principal=admin, scoutSession=4ceda6ed-16ad-4f26-a123-471c89b03385, cid=fg8xM2NW3wd/77]
2017-11-08 10:51:12,506 INFO  [ActiveMQ Session Task-4] nato.ivct.commander.CmdStartTestResultListener - JMS Message received: {"sequence":"2","badge":"HLA-Verification-2016","commandType":"startTestCase","sutName":"rtiSimple4etcFra","sutDir":"C:\/Projekte\/MSG134\/IVCT_Runtime\/IVCTsut\/rtiSimple4etcFra","tsRunFolder":"C:\/Projekte\/MSG134\/IVCT_Runtime\/TestSuites\/TS_CS_Verification-0.0.2\/bin","tcParam":{"somFiles":[{"fileName":"C:\/Projekte\/MSG134\/IVCT_Runtime\/IVCTsut\/rtiSimple4etcFra\/HLA-Verification-2016\/SOM_MAKsimple1516e.xml"}],"fomFiles":[{"fileName":"C:\/Projekte\/MSG134\/IVCT_Runtime\/IVCTsut\/rtiSimple4etcFra\/HLA-Verification-2016\/MAKsimple1516e.xml"}],"sutName":"TestFederate","resultDirectory":"C:\/Projekte\/MSG134\/IVCT_Runtime\/IVCTsut\/rtiSimple4etcFra\/HLA-Verification-2016"},"testCaseId":"nato.ivct.etc.fr.tc_cs_verification.TC_001_Files_Check"} - MDC[principal=admin, cid=aw2fe4ZA2fT/1]
2017-11-08 10:51:12,506 INFO  [ActiveMQ Session Task-4] nato.ivct.commander.CmdTcStatusListener - JMS Message received: {"sequence":"2","badge":"HLA-Verification-2016","commandType":"startTestCase","sutName":"rtiSimple4etcFra","sutDir":"C:\/Projekte\/MSG134\/IVCT_Runtime\/IVCTsut\/rtiSimple4etcFra","tsRunFolder":"C:\/Projekte\/MSG134\/IVCT_Runtime\/TestSuites\/TS_CS_Verification-0.0.2\/bin","tcParam":{"somFiles":[{"fileName":"C:\/Projekte\/MSG134\/IVCT_Runtime\/IVCTsut\/rtiSimple4etcFra\/HLA-Verification-2016\/SOM_MAKsimple1516e.xml"}],"fomFiles":[{"fileName":"C:\/Projekte\/MSG134\/IVCT_Runtime\/IVCTsut\/rtiSimple4etcFra\/HLA-Verification-2016\/MAKsimple1516e.xml"}],"sutName":"TestFederate","resultDirectory":"C:\/Projekte\/MSG134\/IVCT_Runtime\/IVCTsut\/rtiSimple4etcFra\/HLA-Verification-2016"},"testCaseId":"nato.ivct.etc.fr.tc_cs_verification.TC_001_Files_Check"} - MDC[principal=admin, cid=aw2fe4ZA2fT/1]
2017-11-08 10:51:12,522 INFO  [ActiveMQ Session Task-4] nato.ivct.commander.CmdStartTestResultListener - JMS Message received: {"commandType":"TcStatus","status":"initiated","percentFinshed":0} - MDC[principal=admin, cid=aw2fe4ZA2fT/1]
2017-11-08 10:51:12,522 INFO  [ActiveMQ Session Task-4] nato.ivct.commander.CmdTcStatusListener - JMS Message received: {"commandType":"TcStatus","status":"initiated","percentFinshed":0} - MDC[principal=admin, cid=aw2fe4ZA2fT/1]
2017-11-08 10:51:12,534 INFO  [ActiveMQ Session Task-5] nato.ivct.commander.CmdStartTestResultListener - JMS Message received: {"commandType":"TcStatus","status":"started","percentFinshed":0} - MDC[principal=admin, cid=aw2fe4ZA2fT/1]
2017-11-08 10:51:12,534 INFO  [ActiveMQ Session Task-5] nato.ivct.commander.CmdTcStatusListener - JMS Message received: {"commandType":"TcStatus","status":"started","percentFinshed":0} - MDC[principal=admin, cid=aw2fe4ZA2fT/1]
2017-11-08 10:51:13,592 INFO  [ActiveMQ Session Task-4] nato.ivct.commander.CmdStartTestResultListener - JMS Message received: {"commandType":"TcStatus","status":"done","percentFinshed":99} - MDC[principal=admin, cid=aw2fe4ZA2fT/1]
2017-11-08 10:51:13,592 INFO  [ActiveMQ Session Task-4] nato.ivct.commander.CmdTcStatusListener - JMS Message received: {"commandType":"TcStatus","status":"done","percentFinshed":99} - MDC[principal=admin, cid=aw2fe4ZA2fT/1]
2017-11-08 10:51:13,601 INFO  [ActiveMQ Session Task-4] nato.ivct.commander.CmdStartTestResultListener - JMS Message received: {"commandType":"TcStatus","status":"finished","percentFinshed":100} - MDC[principal=admin, cid=aw2fe4ZA2fT/1]
2017-11-08 10:51:13,601 INFO  [ActiveMQ Session Task-4] nato.ivct.commander.CmdTcStatusListener - JMS Message received: {"commandType":"TcStatus","status":"finished","percentFinshed":100} - MDC[principal=admin, cid=aw2fe4ZA2fT/1]
2017-11-08 10:51:13,601 INFO  [ActiveMQ Session Task-4] nato.ivct.commander.CmdStartTestResultListener - JMS Message received: {"sequence":"2","commandType":"announceVerdict","testScheduleName":"HLA-Verification-2016","sutName":"rtiSimple4etcFra","verdict":"PASSED","sutDir":"C:\/Projekte\/MSG134\/IVCT_Runtime\/IVCTsut\/rtiSimple4etcFra","verdictText":"ok","testcase":"nato.ivct.etc.fr.tc_cs_verification.TC_001_Files_Check"} - MDC[principal=admin, cid=aw2fe4ZA2fT/1]
2017-11-08 10:51:13,601 INFO  [ActiveMQ Session Task-4] nato.ivct.commander.CmdTcStatusListener - JMS Message received: {"sequence":"2","commandType":"announceVerdict","testScheduleName":"HLA-Verification-2016","sutName":"rtiSimple4etcFra","verdict":"PASSED","sutDir":"C:\/Projekte\/MSG134\/IVCT_Runtime\/IVCTsut\/rtiSimple4etcFra","verdictText":"ok","testcase":"nato.ivct.etc.fr.tc_cs_verification.TC_001_Files_Check"} - MDC[principal=admin, cid=aw2fe4ZA2fT/1]
2017-11-08 10:51:22,811 INFO  [http-bio-8080-exec-1] nato.ivct.gui.server.ServerSession - starting test case - MDC[principal=admin, scoutSession=4ceda6ed-16ad-4f26-a123-471c89b03385, cid=KW8cr7nq6Eq/80]
2017-11-08 10:51:22,813 INFO  [ActiveMQ Session Task-5] nato.ivct.commander.CmdStartTestResultListener - JMS Message received: {"sequence":"3","badge":"HLA-Verification-2016","commandType":"startTestCase","sutName":"rtiSimple4etcFra","sutDir":"C:\/Projekte\/MSG134\/IVCT_Runtime\/IVCTsut\/rtiSimple4etcFra","tsRunFolder":"C:\/Projekte\/MSG134\/IVCT_Runtime\/TestSuites\/TS_CS_Verification-0.0.2\/bin","tcParam":{"somFiles":[{"fileName":"C:\/Projekte\/MSG134\/IVCT_Runtime\/IVCTsut\/rtiSimple4etcFra\/HLA-Verification-2016\/SOM_MAKsimple1516e.xml"}],"fomFiles":[{"fileName":"C:\/Projekte\/MSG134\/IVCT_Runtime\/IVCTsut\/rtiSimple4etcFra\/HLA-Verification-2016\/MAKsimple1516e.xml"}],"sutName":"TestFederate","resultDirectory":"C:\/Projekte\/MSG134\/IVCT_Runtime\/IVCTsut\/rtiSimple4etcFra\/HLA-Verification-2016"},"testCaseId":"nato.ivct.etc.fr.tc_cs_verification.TC_001_Files_Check"} - MDC[principal=admin, cid=aw2fe4ZA2fT/1]
2017-11-08 10:51:22,813 INFO  [ActiveMQ Session Task-5] nato.ivct.commander.CmdTcStatusListener - JMS Message received: {"sequence":"3","badge":"HLA-Verification-2016","commandType":"startTestCase","sutName":"rtiSimple4etcFra","sutDir":"C:\/Projekte\/MSG134\/IVCT_Runtime\/IVCTsut\/rtiSimple4etcFra","tsRunFolder":"C:\/Projekte\/MSG134\/IVCT_Runtime\/TestSuites\/TS_CS_Verification-0.0.2\/bin","tcParam":{"somFiles":[{"fileName":"C:\/Projekte\/MSG134\/IVCT_Runtime\/IVCTsut\/rtiSimple4etcFra\/HLA-Verification-2016\/SOM_MAKsimple1516e.xml"}],"fomFiles":[{"fileName":"C:\/Projekte\/MSG134\/IVCT_Runtime\/IVCTsut\/rtiSimple4etcFra\/HLA-Verification-2016\/MAKsimple1516e.xml"}],"sutName":"TestFederate","resultDirectory":"C:\/Projekte\/MSG134\/IVCT_Runtime\/IVCTsut\/rtiSimple4etcFra\/HLA-Verification-2016"},"testCaseId":"nato.ivct.etc.fr.tc_cs_verification.TC_001_Files_Check"} - MDC[principal=admin, cid=aw2fe4ZA2fT/1]
2017-11-08 10:51:22,832 INFO  [ActiveMQ Session Task-5] nato.ivct.commander.CmdStartTestResultListener - JMS Message received: {"commandType":"TcStatus","status":"initiated","percentFinshed":0} - MDC[principal=admin, cid=aw2fe4ZA2fT/1]
2017-11-08 10:51:22,832 INFO  [ActiveMQ Session Task-5] nato.ivct.commander.CmdTcStatusListener - JMS Message received: {"commandType":"TcStatus","status":"initiated","percentFinshed":0} - MDC[principal=admin, cid=aw2fe4ZA2fT/1]
2017-11-08 10:51:22,844 INFO  [ActiveMQ Session Task-4] nato.ivct.commander.CmdStartTestResultListener - JMS Message received: {"commandType":"TcStatus","status":"started","percentFinshed":0} - MDC[principal=admin, cid=aw2fe4ZA2fT/1]
2017-11-08 10:51:22,844 INFO  [ActiveMQ Session Task-4] nato.ivct.commander.CmdTcStatusListener - JMS Message received: {"commandType":"TcStatus","status":"started","percentFinshed":0} - MDC[principal=admin, cid=aw2fe4ZA2fT/1]
2017-11-08 10:51:23,736 INFO  [ActiveMQ Session Task-4] nato.ivct.commander.CmdStartTestResultListener - JMS Message received: {"commandType":"TcStatus","status":"done","percentFinshed":99} - MDC[principal=admin, cid=aw2fe4ZA2fT/1]
2017-11-08 10:51:23,737 INFO  [ActiveMQ Session Task-4] nato.ivct.commander.CmdTcStatusListener - JMS Message received: {"commandType":"TcStatus","status":"done","percentFinshed":99} - MDC[principal=admin, cid=aw2fe4ZA2fT/1]
2017-11-08 10:51:23,747 INFO  [ActiveMQ Session Task-4] nato.ivct.commander.CmdStartTestResultListener - JMS Message received: {"commandType":"TcStatus","status":"finished","percentFinshed":100} - MDC[principal=admin, cid=aw2fe4ZA2fT/1]
2017-11-08 10:51:23,748 INFO  [ActiveMQ Session Task-4] nato.ivct.commander.CmdTcStatusListener - JMS Message received: {"commandType":"TcStatus","status":"finished","percentFinshed":100} - MDC[principal=admin, cid=aw2fe4ZA2fT/1]
2017-11-08 10:51:23,748 INFO  [ActiveMQ Session Task-4] nato.ivct.commander.CmdStartTestResultListener - JMS Message received: {"sequence":"3","commandType":"announceVerdict","testScheduleName":"HLA-Verification-2016","sutName":"rtiSimple4etcFra","verdict":"PASSED","sutDir":"C:\/Projekte\/MSG134\/IVCT_Runtime\/IVCTsut\/rtiSimple4etcFra","verdictText":"ok","testcase":"nato.ivct.etc.fr.tc_cs_verification.TC_001_Files_Check"} - MDC[principal=admin, cid=aw2fe4ZA2fT/1]
2017-11-08 10:51:23,748 INFO  [ActiveMQ Session Task-4] nato.ivct.commander.CmdTcStatusListener - JMS Message received: {"sequence":"3","commandType":"announceVerdict","testScheduleName":"HLA-Verification-2016","sutName":"rtiSimple4etcFra","verdict":"PASSED","sutDir":"C:\/Projekte\/MSG134\/IVCT_Runtime\/IVCTsut\/rtiSimple4etcFra","verdictText":"ok","testcase":"nato.ivct.etc.fr.tc_cs_verification.TC_001_Files_Check"} - MDC[principal=admin, cid=aw2fe4ZA2fT/1]
2017-11-08 11:04:30,394 INFO  [http-bio-8080-exec-4] nato.ivct.gui.server.ServerSession - set log level - MDC[principal=admin, scoutSession=4ceda6ed-16ad-4f26-a123-471c89b03385, cid=Tn3Bk6Ub9JD/115]
2017-11-08 11:04:30,400 ERROR [http-bio-8080-exec-4] org.eclipse.scout.rt.platform.exception.ExceptionHandler - NullPointerException:n/a - MDC[principal=admin, cid=Tn3Bk6Ub9JD/115]
java.lang.NullPointerException: null
	at nato.ivct.gui.server.ServerSession$ExecuteSetLogLevel.<init>(ServerSession.java:134)
	at nato.ivct.gui.server.ServerSession.setLogLevel(ServerSession.java:212)
	at nato.ivct.gui.server.OptionsService.setLogLevel(OptionsService.java:52)
	at sun.reflect.NativeMethodAccessorImpl.invoke0(Native Method)
	at sun.reflect.NativeMethodAccessorImpl.invoke(NativeMethodAccessorImpl.java:62)
	at sun.reflect.DelegatingMethodAccessorImpl.invoke(DelegatingMethodAccessorImpl.java:43)
	at java.lang.reflect.Method.invoke(Method.java:498)
	at org.eclipse.scout.rt.shared.servicetunnel.ServiceUtility.invoke(ServiceUtility.java:55)
	at org.eclipse.scout.rt.server.ServiceOperationInvoker.invokeInternal(ServiceOperationInvoker.java:102)
	at org.eclipse.scout.rt.server.ServiceOperationInvoker$1.call(ServiceOperationInvoker.java:63)
	at org.eclipse.scout.rt.server.ServiceOperationInvoker$1.call(ServiceOperationInvoker.java:1)
	at org.eclipse.scout.rt.platform.chain.callable.CallableChain$Chain.continueChain(CallableChain.java:203)
	at org.eclipse.scout.rt.platform.transaction.TransactionProcessor.runTxRequiresNew(TransactionProcessor.java:100)
	at org.eclipse.scout.rt.platform.transaction.TransactionProcessor.intercept(TransactionProcessor.java:69)
	at org.eclipse.scout.rt.platform.chain.callable.CallableChain$Chain.continueChain(CallableChain.java:198)
	at org.eclipse.scout.rt.platform.chain.callable.CallableChain.call(CallableChain.java:146)
	at org.eclipse.scout.rt.platform.context.RunContext.call(RunContext.java:142)
	at org.eclipse.scout.rt.server.ServiceOperationInvoker.invoke(ServiceOperationInvoker.java:59)
	at org.eclipse.scout.rt.server.ServiceTunnelServlet.invokeService(ServiceTunnelServlet.java:205)
	at org.eclipse.scout.rt.server.ServiceTunnelServlet.doPost(ServiceTunnelServlet.java:160)
	at org.eclipse.scout.rt.server.ServiceTunnelServlet$2.run(ServiceTunnelServlet.java:120)
	at org.eclipse.scout.rt.platform.util.concurrent.Callables$1.call(Callables.java:34)
	at org.eclipse.scout.rt.platform.util.concurrent.Callables$1.call(Callables.java:1)
	at org.eclipse.scout.rt.platform.chain.callable.CallableChain$Chain.continueChain(CallableChain.java:203)
	at org.eclipse.scout.rt.platform.transaction.TransactionProcessor.runTxRequiresNew(TransactionProcessor.java:100)
	at org.eclipse.scout.rt.platform.transaction.TransactionProcessor.runTxRequired(TransactionProcessor.java:129)
	at org.eclipse.scout.rt.platform.transaction.TransactionProcessor.intercept(TransactionProcessor.java:71)
	at org.eclipse.scout.rt.platform.chain.callable.CallableChain$Chain.continueChain(CallableChain.java:198)
	at org.eclipse.scout.rt.platform.chain.callable.CallableChain.call(CallableChain.java:146)
	at org.eclipse.scout.rt.platform.context.RunContext.call(RunContext.java:142)
	at org.eclipse.scout.rt.platform.context.RunContext.run(RunContext.java:109)
	at org.eclipse.scout.rt.server.ServiceTunnelServlet.doPost(ServiceTunnelServlet.java:116)
	at javax.servlet.http.HttpServlet.service(HttpServlet.java:650)
	at javax.servlet.http.HttpServlet.service(HttpServlet.java:731)
	at org.apache.catalina.core.ApplicationFilterChain.internalDoFilter(ApplicationFilterChain.java:303)
	at org.apache.catalina.core.ApplicationFilterChain.doFilter(ApplicationFilterChain.java:208)
	at org.apache.tomcat.websocket.server.WsFilter.doFilter(WsFilter.java:52)
	at org.apache.catalina.core.ApplicationFilterChain.internalDoFilter(ApplicationFilterChain.java:241)
	at org.apache.catalina.core.ApplicationFilterChain.doFilter(ApplicationFilterChain.java:208)
	at org.eclipse.scout.rt.server.commons.authentication.ServletFilterHelper$1.run(ServletFilterHelper.java:161)
	at java.security.AccessController.doPrivileged(Native Method)
	at javax.security.auth.Subject.doAs(Subject.java:422)
	at org.eclipse.scout.rt.server.commons.authentication.ServletFilterHelper.continueChainAsSubject(ServletFilterHelper.java:155)
	at org.eclipse.scout.rt.server.commons.authentication.ServiceTunnelAccessTokenAccessController.handle(ServiceTunnelAccessTokenAccessController.java:90)
	at nato.ivct.gui.server.ServerServletFilter.doFilter(ServerServletFilter.java:50)
	at org.apache.catalina.core.ApplicationFilterChain.internalDoFilter(ApplicationFilterChain.java:241)
	at org.apache.catalina.core.ApplicationFilterChain.doFilter(ApplicationFilterChain.java:208)
	at org.apache.catalina.core.StandardWrapperValve.invoke(StandardWrapperValve.java:218)
	at org.apache.catalina.core.StandardContextValve.invoke(StandardContextValve.java:110)
	at org.apache.catalina.core.StandardHostValve.invoke(StandardHostValve.java:169)
	at org.apache.catalina.valves.ErrorReportValve.invoke(ErrorReportValve.java:103)
	at org.apache.catalina.valves.AccessLogValve.invoke(AccessLogValve.java:962)
	at org.apache.catalina.core.StandardEngineValve.invoke(StandardEngineValve.java:116)
	at org.apache.catalina.connector.CoyoteAdapter.service(CoyoteAdapter.java:445)
	at org.apache.coyote.http11.AbstractHttp11Processor.process(AbstractHttp11Processor.java:1115)
	at org.apache.coyote.AbstractProtocol$AbstractConnectionHandler.process(AbstractProtocol.java:637)
	at org.apache.tomcat.util.net.JIoEndpoint$SocketProcessor.run(JIoEndpoint.java:316)
	at java.util.concurrent.ThreadPoolExecutor.runWorker(ThreadPoolExecutor.java:1142)
	at java.util.concurrent.ThreadPoolExecutor$Worker.run(ThreadPoolExecutor.java:617)
	at org.apache.tomcat.util.threads.TaskThread$WrappingRunnable.run(TaskThread.java:61)
	at java.lang.Thread.run(Thread.java:748)
2017-11-08 11:05:12,840 INFO  [http-bio-8080-exec-8] nato.ivct.gui.server.ServerSession - load - MDC[principal=admin, scoutSession=4ceda6ed-16ad-4f26-a123-471c89b03385, cid=gq7DV6tj9nT/119]
2017-11-08 11:53:52,891 INFO  [http-bio-8080-exec-5] org.eclipse.scout.rt.server.clientnotification.ClientNotificationNodeQueue - Interrupted while waiting for client notification messages - MDC[principal=notification-authenticator, cid=1adb3655-4206-4dfc-9c17-a0af6b03c227]
java.lang.InterruptedException: null
	at java.util.concurrent.locks.AbstractQueuedSynchronizer$ConditionObject.reportInterruptAfterWait(AbstractQueuedSynchronizer.java:2014)
	at java.util.concurrent.locks.AbstractQueuedSynchronizer$ConditionObject.awaitNanos(AbstractQueuedSynchronizer.java:2088)
	at java.util.concurrent.LinkedBlockingDeque.pollFirst(LinkedBlockingDeque.java:522)
	at java.util.concurrent.LinkedBlockingDeque.poll(LinkedBlockingDeque.java:684)
	at org.eclipse.scout.rt.server.clientnotification.ClientNotificationNodeQueue.getNotifications(ClientNotificationNodeQueue.java:170)
	at org.eclipse.scout.rt.server.clientnotification.ClientNotificationNodeQueue.consume(ClientNotificationNodeQueue.java:161)
	at org.eclipse.scout.rt.server.clientnotification.ClientNotificationRegistry.consume(ClientNotificationRegistry.java:112)
	at org.eclipse.scout.rt.server.clientnotification.ClientNotificationService.getNotifications(ClientNotificationService.java:43)
	at sun.reflect.GeneratedMethodAccessor36.invoke(Unknown Source)
	at sun.reflect.DelegatingMethodAccessorImpl.invoke(DelegatingMethodAccessorImpl.java:43)
	at java.lang.reflect.Method.invoke(Method.java:498)
	at org.eclipse.scout.rt.shared.servicetunnel.ServiceUtility.invoke(ServiceUtility.java:55)
	at org.eclipse.scout.rt.server.ServiceOperationInvoker.invokeInternal(ServiceOperationInvoker.java:102)
	at org.eclipse.scout.rt.server.ServiceOperationInvoker$1.call(ServiceOperationInvoker.java:63)
	at org.eclipse.scout.rt.server.ServiceOperationInvoker$1.call(ServiceOperationInvoker.java:1)
	at org.eclipse.scout.rt.platform.chain.callable.CallableChain$Chain.continueChain(CallableChain.java:203)
	at org.eclipse.scout.rt.platform.transaction.TransactionProcessor.runTxRequiresNew(TransactionProcessor.java:100)
	at org.eclipse.scout.rt.platform.transaction.TransactionProcessor.intercept(TransactionProcessor.java:69)
	at org.eclipse.scout.rt.platform.chain.callable.CallableChain$Chain.continueChain(CallableChain.java:198)
	at org.eclipse.scout.rt.platform.chain.callable.CallableChain.call(CallableChain.java:146)
	at org.eclipse.scout.rt.platform.context.RunContext.call(RunContext.java:142)
	at org.eclipse.scout.rt.server.ServiceOperationInvoker.invoke(ServiceOperationInvoker.java:59)
	at org.eclipse.scout.rt.server.ServiceTunnelServlet.invokeService(ServiceTunnelServlet.java:205)
	at org.eclipse.scout.rt.server.ServiceTunnelServlet.doPost(ServiceTunnelServlet.java:160)
	at org.eclipse.scout.rt.server.ServiceTunnelServlet$2.run(ServiceTunnelServlet.java:120)
	at org.eclipse.scout.rt.platform.util.concurrent.Callables$1.call(Callables.java:34)
	at org.eclipse.scout.rt.platform.util.concurrent.Callables$1.call(Callables.java:1)
	at org.eclipse.scout.rt.platform.chain.callable.CallableChain$Chain.continueChain(CallableChain.java:203)
	at org.eclipse.scout.rt.platform.transaction.TransactionProcessor.runTxRequiresNew(TransactionProcessor.java:100)
	at org.eclipse.scout.rt.platform.transaction.TransactionProcessor.runTxRequired(TransactionProcessor.java:129)
	at org.eclipse.scout.rt.platform.transaction.TransactionProcessor.intercept(TransactionProcessor.java:71)
	at org.eclipse.scout.rt.platform.chain.callable.CallableChain$Chain.continueChain(CallableChain.java:198)
	at org.eclipse.scout.rt.platform.chain.callable.CallableChain.call(CallableChain.java:146)
	at org.eclipse.scout.rt.platform.context.RunContext.call(RunContext.java:142)
	at org.eclipse.scout.rt.platform.context.RunContext.run(RunContext.java:109)
	at org.eclipse.scout.rt.server.ServiceTunnelServlet.doPost(ServiceTunnelServlet.java:116)
	at javax.servlet.http.HttpServlet.service(HttpServlet.java:650)
	at javax.servlet.http.HttpServlet.service(HttpServlet.java:731)
	at org.apache.catalina.core.ApplicationFilterChain.internalDoFilter(ApplicationFilterChain.java:303)
	at org.apache.catalina.core.ApplicationFilterChain.doFilter(ApplicationFilterChain.java:208)
	at org.apache.tomcat.websocket.server.WsFilter.doFilter(WsFilter.java:52)
	at org.apache.catalina.core.ApplicationFilterChain.internalDoFilter(ApplicationFilterChain.java:241)
	at org.apache.catalina.core.ApplicationFilterChain.doFilter(ApplicationFilterChain.java:208)
	at org.eclipse.scout.rt.server.commons.authentication.ServletFilterHelper$1.run(ServletFilterHelper.java:161)
	at java.security.AccessController.doPrivileged(Native Method)
	at javax.security.auth.Subject.doAs(Subject.java:422)
	at org.eclipse.scout.rt.server.commons.authentication.ServletFilterHelper.continueChainAsSubject(ServletFilterHelper.java:155)
	at org.eclipse.scout.rt.server.commons.authentication.ServiceTunnelAccessTokenAccessController.handle(ServiceTunnelAccessTokenAccessController.java:90)
	at nato.ivct.gui.server.ServerServletFilter.doFilter(ServerServletFilter.java:50)
	at org.apache.catalina.core.ApplicationFilterChain.internalDoFilter(ApplicationFilterChain.java:241)
	at org.apache.catalina.core.ApplicationFilterChain.doFilter(ApplicationFilterChain.java:208)
	at org.apache.catalina.core.StandardWrapperValve.invoke(StandardWrapperValve.java:218)
	at org.apache.catalina.core.StandardContextValve.invoke(StandardContextValve.java:110)
	at org.apache.catalina.core.StandardHostValve.invoke(StandardHostValve.java:169)
	at org.apache.catalina.valves.ErrorReportValve.invoke(ErrorReportValve.java:103)
	at org.apache.catalina.valves.AccessLogValve.invoke(AccessLogValve.java:962)
	at org.apache.catalina.core.StandardEngineValve.invoke(StandardEngineValve.java:116)
	at org.apache.catalina.connector.CoyoteAdapter.service(CoyoteAdapter.java:445)
	at org.apache.coyote.http11.AbstractHttp11Processor.process(AbstractHttp11Processor.java:1115)
	at org.apache.coyote.AbstractProtocol$AbstractConnectionHandler.process(AbstractProtocol.java:637)
	at org.apache.tomcat.util.net.JIoEndpoint$SocketProcessor.run(JIoEndpoint.java:318)
	at java.util.concurrent.ThreadPoolExecutor.runWorker(ThreadPoolExecutor.java:1142)
	at java.util.concurrent.ThreadPoolExecutor$Worker.run(ThreadPoolExecutor.java:617)
	at org.apache.tomcat.util.threads.TaskThread$WrappingRunnable.run(TaskThread.java:61)
	at java.lang.Thread.run(Thread.java:748)
2017-11-08 11:53:52,891 ERROR [http-bio-8080-exec-5] org.eclipse.scout.rt.server.ServiceTunnelServlet - Client=notification-authenticator@127.0.0.1/127.0.0.1 - MDC[]
java.lang.NullPointerException: null
	at org.eclipse.scout.rt.platform.BEANS.opt(BEANS.java:55)
	at org.eclipse.scout.rt.platform.BEANS.get(BEANS.java:41)
	at org.eclipse.scout.rt.platform.context.RunContext.call(RunContext.java:145)
	at org.eclipse.scout.rt.platform.context.RunContext.run(RunContext.java:109)
	at org.eclipse.scout.rt.server.ServiceTunnelServlet.doPost(ServiceTunnelServlet.java:116)
	at javax.servlet.http.HttpServlet.service(HttpServlet.java:650)
	at javax.servlet.http.HttpServlet.service(HttpServlet.java:731)
	at org.apache.catalina.core.ApplicationFilterChain.internalDoFilter(ApplicationFilterChain.java:303)
	at org.apache.catalina.core.ApplicationFilterChain.doFilter(ApplicationFilterChain.java:208)
	at org.apache.tomcat.websocket.server.WsFilter.doFilter(WsFilter.java:52)
	at org.apache.catalina.core.ApplicationFilterChain.internalDoFilter(ApplicationFilterChain.java:241)
	at org.apache.catalina.core.ApplicationFilterChain.doFilter(ApplicationFilterChain.java:208)
	at org.eclipse.scout.rt.server.commons.authentication.ServletFilterHelper$1.run(ServletFilterHelper.java:161)
	at java.security.AccessController.doPrivileged(Native Method)
	at javax.security.auth.Subject.doAs(Subject.java:422)
	at org.eclipse.scout.rt.server.commons.authentication.ServletFilterHelper.continueChainAsSubject(ServletFilterHelper.java:155)
	at org.eclipse.scout.rt.server.commons.authentication.ServiceTunnelAccessTokenAccessController.handle(ServiceTunnelAccessTokenAccessController.java:90)
	at nato.ivct.gui.server.ServerServletFilter.doFilter(ServerServletFilter.java:50)
	at org.apache.catalina.core.ApplicationFilterChain.internalDoFilter(ApplicationFilterChain.java:241)
	at org.apache.catalina.core.ApplicationFilterChain.doFilter(ApplicationFilterChain.java:208)
	at org.apache.catalina.core.StandardWrapperValve.invoke(StandardWrapperValve.java:218)
	at org.apache.catalina.core.StandardContextValve.invoke(StandardContextValve.java:110)
	at org.apache.catalina.core.StandardHostValve.invoke(StandardHostValve.java:169)
	at org.apache.catalina.valves.ErrorReportValve.invoke(ErrorReportValve.java:103)
	at org.apache.catalina.valves.AccessLogValve.invoke(AccessLogValve.java:962)
	at org.apache.catalina.core.StandardEngineValve.invoke(StandardEngineValve.java:116)
	at org.apache.catalina.connector.CoyoteAdapter.service(CoyoteAdapter.java:445)
	at org.apache.coyote.http11.AbstractHttp11Processor.process(AbstractHttp11Processor.java:1115)
	at org.apache.coyote.AbstractProtocol$AbstractConnectionHandler.process(AbstractProtocol.java:637)
	at org.apache.tomcat.util.net.JIoEndpoint$SocketProcessor.run(JIoEndpoint.java:318)
	at java.util.concurrent.ThreadPoolExecutor.runWorker(ThreadPoolExecutor.java:1142)
	at java.util.concurrent.ThreadPoolExecutor$Worker.run(ThreadPoolExecutor.java:617)
	at org.apache.tomcat.util.threads.TaskThread$WrappingRunnable.run(TaskThread.java:61)
	at java.lang.Thread.run(Thread.java:748)
