2017-11-06 10:00:02,656 INFO  [Thread-5] org.eclipse.scout.rt.platform.internal.PlatformImplementor - Headless mode: scout.headless=true, java.awt.headless=true, GraphicsEnvironment.isHeadless()=true - MDC[]
2017-11-06 10:00:02,741 INFO  [Thread-5] org.eclipse.scout.rt.platform.inventory.ClassInventory - Finished preparation of jandex class inventory in 71.572144 ms - MDC[]
2017-11-06 10:00:02,942 INFO  [Thread-5] org.eclipse.scout.rt.shared.servicetunnel.http.MultiSessionCookieStoreInstaller - Successfully installed java.net.CookieManager@14444106 (Cookie store: org.eclipse.scout.rt.shared.servicetunnel.http.MultiSessionCookieStore@36d1e01) - MDC[]
2017-11-06 10:00:02,963 INFO  [Thread-5] org.eclipse.scout.rt.platform.logger.LoggerPlatformListener - registered logger support [org.eclipse.scout.rt.platform.logger.LogbackLoggerSupport] - MDC[]
2017-11-06 10:00:02,964 INFO  [Thread-5] org.eclipse.scout.rt.shared.services.common.code.CodeTypeRegistrator - 2 code type classes registered. - MDC[]
2017-11-06 10:00:02,964 INFO  [Thread-5] org.eclipse.scout.rt.shared.servicetunnel.RegisterTunnelToServerPlatformListener - Tunnel to server proxies registered. - MDC[]
2017-11-06 10:00:03,042 INFO  [Thread-5] org.eclipse.scout.rt.ui.html.res.PrebuildFiles - Pre-building of web resources enabled - MDC[]
2017-11-06 10:00:03,042 INFO  [Thread-5] org.eclipse.scout.rt.ui.html.res.PrebuildFiles - Pre-building resource '/index.html' - MDC[]
2017-11-06 10:00:03,058 INFO  [Thread-5] org.eclipse.scout.rt.ui.html.UiThemeUtility - UI theme configured in config.properties: application - MDC[]
2017-11-06 10:00:03,111 INFO  [Thread-5] org.eclipse.scout.rt.ui.html.script.ScriptFileBuilder - Building script ScriptSource@20081df[requestPath=res/nato.ivct.gui-all-macro.less, url=jar:file:/C:/Projekte/MSG134/IVCT_Runtime/apache-tomcat-7.0.78/webapps/nato.ivct.gui.nato.ivct.gui.ui.html/WEB-INF/lib/nato.ivct.gui.ui.html-1.0.0-SNAPSHOT.jar!/WebContent/res/nato.ivct.gui-all-macro.less, fileType=STYLESHEET, nodeType=MACRO] theme=application m_minify=true - MDC[]
2017-11-06 10:00:09,049 INFO  [Thread-5] org.eclipse.scout.rt.ui.html.script.ScriptFileBuilder - Building script ScriptSource@4337dc0d[requestPath=res/jquery-all-macro.js, url=jar:file:/C:/Projekte/MSG134/IVCT_Runtime/apache-tomcat-7.0.78/webapps/nato.ivct.gui.nato.ivct.gui.ui.html/WEB-INF/lib/org.eclipse.scout.rt.ui.html-6.1.0.M5.jar!/WebContent/res/jquery-all-macro.js, fileType=JS, nodeType=MACRO] theme=application m_minify=true - MDC[]
2017-11-06 10:00:09,362 INFO  [Thread-5] org.eclipse.scout.rt.ui.html.script.ScriptFileBuilder - Building script ScriptSource@7173a289[requestPath=res/nato.ivct.gui-all-macro.js, url=jar:file:/C:/Projekte/MSG134/IVCT_Runtime/apache-tomcat-7.0.78/webapps/nato.ivct.gui.nato.ivct.gui.ui.html/WEB-INF/lib/nato.ivct.gui.ui.html-1.0.0-SNAPSHOT.jar!/WebContent/res/nato.ivct.gui-all-macro.js, fileType=JS, nodeType=MACRO] theme=application m_minify=true - MDC[]
2017-11-06 10:00:13,582 INFO  [Thread-5] org.eclipse.scout.rt.ui.html.script.ScriptFileBuilder - Building script ScriptSource@4ee985f2[requestPath=res/index.js, url=jar:file:/C:/Projekte/MSG134/IVCT_Runtime/apache-tomcat-7.0.78/webapps/nato.ivct.gui.nato.ivct.gui.ui.html/WEB-INF/lib/nato.ivct.gui.ui.html-1.0.0-SNAPSHOT.jar!/WebContent/res/index.js, fileType=JS, nodeType=LIBRARY] theme=application m_minify=true - MDC[]
2017-11-06 10:00:13,588 INFO  [Thread-5] org.eclipse.scout.rt.ui.html.res.PrebuildFiles - Pre-building resource '/login.html' - MDC[]
2017-11-06 10:00:13,590 INFO  [Thread-5] org.eclipse.scout.rt.ui.html.script.ScriptFileBuilder - Building script ScriptSource@16d5d0ad[requestPath=res/scout-login-module.less, url=jar:file:/C:/Projekte/MSG134/IVCT_Runtime/apache-tomcat-7.0.78/webapps/nato.ivct.gui.nato.ivct.gui.ui.html/WEB-INF/lib/org.eclipse.scout.rt.ui.html-6.1.0.M5.jar!/scout-login-module.less, fileType=STYLESHEET, nodeType=SRC_MODULE] theme=application m_minify=true - MDC[]
2017-11-06 10:00:14,581 INFO  [Thread-5] org.eclipse.scout.rt.ui.html.script.ScriptFileBuilder - Building script ScriptSource@79ba7f5d[requestPath=res/scout-login-module.js, url=jar:file:/C:/Projekte/MSG134/IVCT_Runtime/apache-tomcat-7.0.78/webapps/nato.ivct.gui.nato.ivct.gui.ui.html/WEB-INF/lib/org.eclipse.scout.rt.ui.html-6.1.0.M5.jar!/scout-login-module.js, fileType=JS, nodeType=SRC_MODULE] theme=application m_minify=true - MDC[]
2017-11-06 10:00:14,831 INFO  [Thread-5] org.eclipse.scout.rt.ui.html.script.ScriptFileBuilder - Building script ScriptSource@65de05d0[requestPath=res/login.js, url=jar:file:/C:/Projekte/MSG134/IVCT_Runtime/apache-tomcat-7.0.78/webapps/nato.ivct.gui.nato.ivct.gui.ui.html/WEB-INF/lib/nato.ivct.gui.ui.html-1.0.0-SNAPSHOT.jar!/WebContent/res/login.js, fileType=JS, nodeType=LIBRARY] theme=application m_minify=true - MDC[]
2017-11-06 10:00:14,833 INFO  [Thread-5] org.eclipse.scout.rt.ui.html.res.PrebuildFiles - Pre-building resource '/logout.html' - MDC[]
2017-11-06 10:00:14,836 INFO  [Thread-5] org.eclipse.scout.rt.ui.html.script.ScriptFileBuilder - Building script ScriptSource@7d1bdab8[requestPath=res/logout.js, url=jar:file:/C:/Projekte/MSG134/IVCT_Runtime/apache-tomcat-7.0.78/webapps/nato.ivct.gui.nato.ivct.gui.ui.html/WEB-INF/lib/nato.ivct.gui.ui.html-1.0.0-SNAPSHOT.jar!/WebContent/res/logout.js, fileType=JS, nodeType=LIBRARY] theme=application m_minify=true - MDC[]
2017-11-06 10:00:14,838 INFO  [Thread-5] org.eclipse.scout.rt.ui.html.res.PrebuildFiles - Pre-building resource '/popup-window.html' - MDC[]
2017-11-06 10:00:14,840 INFO  [Thread-5] org.eclipse.scout.rt.ui.html.script.ScriptFileBuilder - Building script ScriptSource@551c521f[requestPath=res/popup-window.js, url=jar:file:/C:/Projekte/MSG134/IVCT_Runtime/apache-tomcat-7.0.78/webapps/nato.ivct.gui.nato.ivct.gui.ui.html/WEB-INF/lib/nato.ivct.gui.ui.html-1.0.0-SNAPSHOT.jar!/WebContent/res/popup-window.js, fileType=JS, nodeType=LIBRARY] theme=application m_minify=true - MDC[]
2017-11-06 10:00:23,709 INFO  [scout-model-thread-22] org.eclipse.scout.rt.client.AbstractClientSession - Client session started [session=nato.ivct.gui.client.ClientSession@70f32c1a[id = bfc84a2a-5aea-4bef-8ee3-9c238711851c], user=admin] - MDC[principal=admin, httpUri=/nato.ivct.gui.nato.ivct.gui.ui.html/json, jobName=Starting ClientSession [sessionId=bfc84a2a-5aea-4bef-8ee3-9c238711851c], cid=wT3aZ6Sg6AP/1]
2017-11-06 10:00:23,710 INFO  [http-bio-8080-exec-4] org.eclipse.scout.rt.ui.html.UiSession - Created new client session [clientSessionId=bfc84a2a-5aea-4bef-8ee3-9c238711851c, userAgent=HTML|DESKTOP|CHROME|WINDOWS|Mozilla/5.0 (Windows NT 10.0; Win64; x64) AppleWebKit/537.36 (KHTML, like Gecko) Chrome/61.0.3163.100 Safari/537.36] - MDC[principal=admin, httpUri=/nato.ivct.gui.nato.ivct.gui.ui.html/json, cid=wT3aZ6Sg6AP/1]
2017-11-06 10:00:23,718 INFO  [scout-model-thread-22] org.eclipse.scout.rt.ui.html.json.MainJsonObjectFactory - Using following object factories: [org.eclipse.scout.rt.ui.html.JsonObjectFactory@661eff9d] - MDC[principal=admin, httpUri=/nato.ivct.gui.nato.ivct.gui.ui.html/json, scoutSession=bfc84a2a-5aea-4bef-8ee3-9c238711851c, jobName=Starting JsonClientSession, cid=wT3aZ6Sg6AP/1]
2017-11-06 10:00:23,791 INFO  [http-bio-8080-exec-4] org.eclipse.scout.rt.ui.html.UiSession - UiSession with ID 1:tcm7k5b56srv2tu1prkk3aqaau initialized - MDC[principal=admin, httpUri=/nato.ivct.gui.nato.ivct.gui.ui.html/json, cid=wT3aZ6Sg6AP/1]
2017-11-06 10:00:23,791 INFO  [http-bio-8080-exec-4] org.eclipse.scout.rt.ui.html.json.JsonMessageRequestHandler - Created new UI session with ID 1:tcm7k5b56srv2tu1prkk3aqaau in 796.687818 ms [maxIdleTime=14400s, httpSession.maxInactiveInterval=300s] - MDC[principal=admin, httpUri=/nato.ivct.gui.nato.ivct.gui.ui.html/json, cid=wT3aZ6Sg6AP/1]
2017-11-06 10:00:43,159 INFO  [scout-thread-20] nato.ivct.gui.client.sut.TestCaseNotificationHandler - Test Case Notification PASSED received for nato.ivct.etc.fr.tc_cs_verification.TC_001_Files_Check - MDC[principal=notification-authenticator, jobName=Dispatching client notification]
2017-11-06 10:03:55,905 INFO  [localhost-startStop-2] org.eclipse.scout.rt.ui.html.SessionStore - Detected invalidation of HTTP session 5ECC1E52E96660B9F6C7D97AF3764B45, cleaning up 1 client sessions and 1 UI sessions - MDC[]
2017-11-06 10:03:55,947 INFO  [scout-model-thread-21] org.eclipse.scout.rt.ui.html.UiSession - Logging out from UI session with ID 1:tcm7k5b56srv2tu1prkk3aqaau [clientSessionId=bfc84a2a-5aea-4bef-8ee3-9c238711851c, processingJsonRequest=false] - MDC[principal=admin, scoutSession=bfc84a2a-5aea-4bef-8ee3-9c238711851c, jobName=Closing desktop due to HTTP session invalidation]
2017-11-06 10:03:55,970 INFO  [scout-model-thread-21] org.eclipse.scout.rt.ui.html.UiSession - Disposing UI session with ID 1:tcm7k5b56srv2tu1prkk3aqaau... - MDC[principal=admin, scoutSession=bfc84a2a-5aea-4bef-8ee3-9c238711851c, jobName=Closing desktop due to HTTP session invalidation]
2017-11-06 10:03:55,977 INFO  [scout-model-thread-21] org.eclipse.scout.rt.ui.html.UiSession - Logged out successfully from UI session with ID 1:tcm7k5b56srv2tu1prkk3aqaau - MDC[principal=admin, scoutSession=bfc84a2a-5aea-4bef-8ee3-9c238711851c, jobName=Closing desktop due to HTTP session invalidation]
2017-11-06 10:05:04,424 INFO  [Thread-5] org.eclipse.scout.rt.platform.internal.PlatformImplementor - Headless mode: scout.headless=true, java.awt.headless=true, GraphicsEnvironment.isHeadless()=true - MDC[]
2017-11-06 10:05:04,499 INFO  [Thread-5] org.eclipse.scout.rt.platform.inventory.ClassInventory - Finished preparation of jandex class inventory in 68.057006 ms - MDC[]
2017-11-06 10:05:04,735 INFO  [Thread-5] org.eclipse.scout.rt.shared.servicetunnel.http.MultiSessionCookieStoreInstaller - Successfully installed java.net.CookieManager@2dba60a0 (Cookie store: org.eclipse.scout.rt.shared.servicetunnel.http.MultiSessionCookieStore@71610538) - MDC[]
2017-11-06 10:05:04,742 INFO  [Thread-5] org.eclipse.scout.rt.platform.logger.LoggerPlatformListener - registered logger support [org.eclipse.scout.rt.platform.logger.LogbackLoggerSupport] - MDC[]
2017-11-06 10:05:04,747 INFO  [Thread-5] org.eclipse.scout.rt.shared.services.common.code.CodeTypeRegistrator - 2 code type classes registered. - MDC[]
2017-11-06 10:05:04,758 INFO  [Thread-5] org.eclipse.scout.rt.shared.servicetunnel.RegisterTunnelToServerPlatformListener - Tunnel to server proxies registered. - MDC[]
2017-11-06 10:05:04,852 INFO  [Thread-5] org.eclipse.scout.rt.ui.html.res.PrebuildFiles - Pre-building of web resources enabled - MDC[]
2017-11-06 10:05:04,852 INFO  [Thread-5] org.eclipse.scout.rt.ui.html.res.PrebuildFiles - Pre-building resource '/index.html' - MDC[]
2017-11-06 10:05:04,853 INFO  [Thread-5] org.eclipse.scout.rt.ui.html.UiThemeUtility - UI theme configured in config.properties: application - MDC[]
2017-11-06 10:05:04,926 INFO  [Thread-5] org.eclipse.scout.rt.ui.html.script.ScriptFileBuilder - Building script ScriptSource@5fe3c003[requestPath=res/nato.ivct.gui-all-macro.less, url=jar:file:/C:/Projekte/MSG134/IVCT_Runtime/apache-tomcat-7.0.78/webapps/nato.ivct.gui.nato.ivct.gui.ui.html/WEB-INF/lib/nato.ivct.gui.ui.html-1.0.0-SNAPSHOT.jar!/WebContent/res/nato.ivct.gui-all-macro.less, fileType=STYLESHEET, nodeType=MACRO] theme=application m_minify=true - MDC[]
2017-11-06 10:05:11,140 INFO  [Thread-5] org.eclipse.scout.rt.ui.html.script.ScriptFileBuilder - Building script ScriptSource@33dd7483[requestPath=res/jquery-all-macro.js, url=jar:file:/C:/Projekte/MSG134/IVCT_Runtime/apache-tomcat-7.0.78/webapps/nato.ivct.gui.nato.ivct.gui.ui.html/WEB-INF/lib/org.eclipse.scout.rt.ui.html-6.1.0.M5.jar!/WebContent/res/jquery-all-macro.js, fileType=JS, nodeType=MACRO] theme=application m_minify=true - MDC[]
2017-11-06 10:05:11,429 INFO  [Thread-5] org.eclipse.scout.rt.ui.html.script.ScriptFileBuilder - Building script ScriptSource@55d76eb4[requestPath=res/nato.ivct.gui-all-macro.js, url=jar:file:/C:/Projekte/MSG134/IVCT_Runtime/apache-tomcat-7.0.78/webapps/nato.ivct.gui.nato.ivct.gui.ui.html/WEB-INF/lib/nato.ivct.gui.ui.html-1.0.0-SNAPSHOT.jar!/WebContent/res/nato.ivct.gui-all-macro.js, fileType=JS, nodeType=MACRO] theme=application m_minify=true - MDC[]
2017-11-06 10:05:15,390 INFO  [Thread-5] org.eclipse.scout.rt.ui.html.script.ScriptFileBuilder - Building script ScriptSource@4b70114a[requestPath=res/index.js, url=jar:file:/C:/Projekte/MSG134/IVCT_Runtime/apache-tomcat-7.0.78/webapps/nato.ivct.gui.nato.ivct.gui.ui.html/WEB-INF/lib/nato.ivct.gui.ui.html-1.0.0-SNAPSHOT.jar!/WebContent/res/index.js, fileType=JS, nodeType=LIBRARY] theme=application m_minify=true - MDC[]
2017-11-06 10:05:15,398 INFO  [Thread-5] org.eclipse.scout.rt.ui.html.res.PrebuildFiles - Pre-building resource '/login.html' - MDC[]
2017-11-06 10:05:15,401 INFO  [Thread-5] org.eclipse.scout.rt.ui.html.script.ScriptFileBuilder - Building script ScriptSource@4d1a6051[requestPath=res/scout-login-module.less, url=jar:file:/C:/Projekte/MSG134/IVCT_Runtime/apache-tomcat-7.0.78/webapps/nato.ivct.gui.nato.ivct.gui.ui.html/WEB-INF/lib/org.eclipse.scout.rt.ui.html-6.1.0.M5.jar!/scout-login-module.less, fileType=STYLESHEET, nodeType=SRC_MODULE] theme=application m_minify=true - MDC[]
2017-11-06 10:05:16,404 INFO  [Thread-5] org.eclipse.scout.rt.ui.html.script.ScriptFileBuilder - Building script ScriptSource@42fe1ddb[requestPath=res/scout-login-module.js, url=jar:file:/C:/Projekte/MSG134/IVCT_Runtime/apache-tomcat-7.0.78/webapps/nato.ivct.gui.nato.ivct.gui.ui.html/WEB-INF/lib/org.eclipse.scout.rt.ui.html-6.1.0.M5.jar!/scout-login-module.js, fileType=JS, nodeType=SRC_MODULE] theme=application m_minify=true - MDC[]
2017-11-06 10:05:16,562 INFO  [Thread-5] org.eclipse.scout.rt.ui.html.script.ScriptFileBuilder - Building script ScriptSource@609ac568[requestPath=res/login.js, url=jar:file:/C:/Projekte/MSG134/IVCT_Runtime/apache-tomcat-7.0.78/webapps/nato.ivct.gui.nato.ivct.gui.ui.html/WEB-INF/lib/nato.ivct.gui.ui.html-1.0.0-SNAPSHOT.jar!/WebContent/res/login.js, fileType=JS, nodeType=LIBRARY] theme=application m_minify=true - MDC[]
2017-11-06 10:05:16,563 INFO  [Thread-5] org.eclipse.scout.rt.ui.html.res.PrebuildFiles - Pre-building resource '/logout.html' - MDC[]
2017-11-06 10:05:16,565 INFO  [Thread-5] org.eclipse.scout.rt.ui.html.script.ScriptFileBuilder - Building script ScriptSource@af21814[requestPath=res/logout.js, url=jar:file:/C:/Projekte/MSG134/IVCT_Runtime/apache-tomcat-7.0.78/webapps/nato.ivct.gui.nato.ivct.gui.ui.html/WEB-INF/lib/nato.ivct.gui.ui.html-1.0.0-SNAPSHOT.jar!/WebContent/res/logout.js, fileType=JS, nodeType=LIBRARY] theme=application m_minify=true - MDC[]
2017-11-06 10:05:16,567 INFO  [Thread-5] org.eclipse.scout.rt.ui.html.res.PrebuildFiles - Pre-building resource '/popup-window.html' - MDC[]
2017-11-06 10:05:16,568 INFO  [Thread-5] org.eclipse.scout.rt.ui.html.script.ScriptFileBuilder - Building script ScriptSource@62f76ca4[requestPath=res/popup-window.js, url=jar:file:/C:/Projekte/MSG134/IVCT_Runtime/apache-tomcat-7.0.78/webapps/nato.ivct.gui.nato.ivct.gui.ui.html/WEB-INF/lib/nato.ivct.gui.ui.html-1.0.0-SNAPSHOT.jar!/WebContent/res/popup-window.js, fileType=JS, nodeType=LIBRARY] theme=application m_minify=true - MDC[]
2017-11-06 10:05:16,576 ERROR [localhost-startStop-1] org.apache.catalina.session.StandardManager - IOException while loading persisted sessions: java.io.EOFException - MDC[]
java.io.EOFException: null
	at java.io.ObjectInputStream$PeekInputStream.readFully(ObjectInputStream.java:2638)
	at java.io.ObjectInputStream$BlockDataInputStream.readShort(ObjectInputStream.java:3113)
	at java.io.ObjectInputStream.readStreamHeader(ObjectInputStream.java:853)
	at java.io.ObjectInputStream.<init>(ObjectInputStream.java:349)
	at org.apache.catalina.util.CustomObjectInputStream.<init>(CustomObjectInputStream.java:95)
	at org.apache.catalina.session.StandardManager.doLoad(StandardManager.java:223)
	at org.apache.catalina.session.StandardManager.load(StandardManager.java:176)
	at org.apache.catalina.session.StandardManager.startInternal(StandardManager.java:465)
	at org.apache.catalina.util.LifecycleBase.start(LifecycleBase.java:145)
	at org.apache.catalina.core.StandardContext.startInternal(StandardContext.java:5643)
	at org.apache.catalina.util.LifecycleBase.start(LifecycleBase.java:145)
	at org.apache.catalina.core.ContainerBase.addChildInternal(ContainerBase.java:899)
	at org.apache.catalina.core.ContainerBase.addChild(ContainerBase.java:875)
	at org.apache.catalina.core.StandardHost.addChild(StandardHost.java:652)
	at org.apache.catalina.startup.HostConfig.deployWAR(HostConfig.java:1092)
	at org.apache.catalina.startup.HostConfig$DeployWar.run(HostConfig.java:1984)
	at java.util.concurrent.Executors$RunnableAdapter.call(Executors.java:511)
	at java.util.concurrent.FutureTask.run(FutureTask.java:266)
	at java.util.concurrent.ThreadPoolExecutor.runWorker(ThreadPoolExecutor.java:1142)
	at java.util.concurrent.ThreadPoolExecutor$Worker.run(ThreadPoolExecutor.java:617)
	at java.lang.Thread.run(Thread.java:748)
2017-11-06 10:05:16,577 ERROR [localhost-startStop-1] org.apache.catalina.session.StandardManager - Exception loading sessions from persistent storage - MDC[]
java.io.EOFException: null
	at java.io.ObjectInputStream$PeekInputStream.readFully(ObjectInputStream.java:2638)
	at java.io.ObjectInputStream$BlockDataInputStream.readShort(ObjectInputStream.java:3113)
	at java.io.ObjectInputStream.readStreamHeader(ObjectInputStream.java:853)
	at java.io.ObjectInputStream.<init>(ObjectInputStream.java:349)
	at org.apache.catalina.util.CustomObjectInputStream.<init>(CustomObjectInputStream.java:95)
	at org.apache.catalina.session.StandardManager.doLoad(StandardManager.java:223)
	at org.apache.catalina.session.StandardManager.load(StandardManager.java:176)
	at org.apache.catalina.session.StandardManager.startInternal(StandardManager.java:465)
	at org.apache.catalina.util.LifecycleBase.start(LifecycleBase.java:145)
	at org.apache.catalina.core.StandardContext.startInternal(StandardContext.java:5643)
	at org.apache.catalina.util.LifecycleBase.start(LifecycleBase.java:145)
	at org.apache.catalina.core.ContainerBase.addChildInternal(ContainerBase.java:899)
	at org.apache.catalina.core.ContainerBase.addChild(ContainerBase.java:875)
	at org.apache.catalina.core.StandardHost.addChild(StandardHost.java:652)
	at org.apache.catalina.startup.HostConfig.deployWAR(HostConfig.java:1092)
	at org.apache.catalina.startup.HostConfig$DeployWar.run(HostConfig.java:1984)
	at java.util.concurrent.Executors$RunnableAdapter.call(Executors.java:511)
	at java.util.concurrent.FutureTask.run(FutureTask.java:266)
	at java.util.concurrent.ThreadPoolExecutor.runWorker(ThreadPoolExecutor.java:1142)
	at java.util.concurrent.ThreadPoolExecutor$Worker.run(ThreadPoolExecutor.java:617)
	at java.lang.Thread.run(Thread.java:748)
2017-11-06 10:05:43,912 INFO  [scout-model-thread-22] org.eclipse.scout.rt.client.AbstractClientSession - Client session started [session=nato.ivct.gui.client.ClientSession@3540cee1[id = fc65e224-e15f-4191-897b-dffed7f28d89], user=admin] - MDC[principal=admin, httpUri=/nato.ivct.gui.nato.ivct.gui.ui.html/json, jobName=Starting ClientSession [sessionId=fc65e224-e15f-4191-897b-dffed7f28d89], cid=XQ4bC5Dr7dg/1]
2017-11-06 10:05:43,912 INFO  [http-bio-8080-exec-11] org.eclipse.scout.rt.ui.html.UiSession - Created new client session [clientSessionId=fc65e224-e15f-4191-897b-dffed7f28d89, userAgent=HTML|DESKTOP|CHROME|WINDOWS|Mozilla/5.0 (Windows NT 10.0; Win64; x64) AppleWebKit/537.36 (KHTML, like Gecko) Chrome/61.0.3163.100 Safari/537.36] - MDC[principal=admin, httpUri=/nato.ivct.gui.nato.ivct.gui.ui.html/json, cid=XQ4bC5Dr7dg/1]
2017-11-06 10:05:43,920 INFO  [scout-model-thread-22] org.eclipse.scout.rt.ui.html.json.MainJsonObjectFactory - Using following object factories: [org.eclipse.scout.rt.ui.html.JsonObjectFactory@18970b60] - MDC[principal=admin, httpUri=/nato.ivct.gui.nato.ivct.gui.ui.html/json, scoutSession=fc65e224-e15f-4191-897b-dffed7f28d89, jobName=Starting JsonClientSession, cid=XQ4bC5Dr7dg/1]
2017-11-06 10:05:43,990 INFO  [http-bio-8080-exec-11] org.eclipse.scout.rt.ui.html.UiSession - UiSession with ID 1:3e63to07a1olj9ca7b1ljkbv14 initialized - MDC[principal=admin, httpUri=/nato.ivct.gui.nato.ivct.gui.ui.html/json, cid=XQ4bC5Dr7dg/1]
2017-11-06 10:05:43,990 INFO  [http-bio-8080-exec-11] org.eclipse.scout.rt.ui.html.json.JsonMessageRequestHandler - Created new UI session with ID 1:3e63to07a1olj9ca7b1ljkbv14 in 741.832527 ms [maxIdleTime=14400s, httpSession.maxInactiveInterval=300s] - MDC[principal=admin, httpUri=/nato.ivct.gui.nato.ivct.gui.ui.html/json, cid=XQ4bC5Dr7dg/1]
2017-11-06 10:07:26,963 INFO  [scout-thread-21] nato.ivct.gui.client.sut.TestCaseNotificationHandler - Test Case Notification FAILED received for nato.ivct.etc.fr.tc_hla_declaration.TC_001_Publish_Subscribe_Check - MDC[principal=notification-authenticator, jobName=Dispatching client notification]
2017-11-06 10:09:16,922 INFO  [scout-thread-22] nato.ivct.gui.client.sut.TestCaseNotificationHandler - Test Case Notification PASSED received for nato.ivct.etc.fr.tc_hla_object.TC_001_Object_Interaction_Check - MDC[principal=notification-authenticator, jobName=Dispatching client notification]
2017-11-06 11:34:59,867 INFO  [scout-thread-20] nato.ivct.gui.client.sut.TestCaseNotificationHandler - Test Case Notification PASSED received for nato.ivct.etc.fr.tc_cs_verification.TC_001_Files_Check - MDC[principal=notification-authenticator, jobName=Dispatching client notification]
2017-11-06 13:05:40,514 INFO  [http-bio-8080-exec-5] org.eclipse.scout.rt.ui.html.json.UnloadRequestHandler - Unloading UI session with ID 1:3e63to07a1olj9ca7b1ljkbv14 (requested by UI) - MDC[principal=admin, httpUri=/nato.ivct.gui.nato.ivct.gui.ui.html/unload/1:3e63to07a1olj9ca7b1ljkbv14, cid=538fbea4-adc5-48ff-b5c1-c91f92709480]
2017-11-06 13:05:40,552 INFO  [http-bio-8080-exec-5] org.eclipse.scout.rt.ui.html.UiSession - Disposing UI session with ID 1:3e63to07a1olj9ca7b1ljkbv14... - MDC[principal=admin, httpUri=/nato.ivct.gui.nato.ivct.gui.ui.html/unload/1:3e63to07a1olj9ca7b1ljkbv14, cid=538fbea4-adc5-48ff-b5c1-c91f92709480]
2017-11-06 13:05:40,685 INFO  [http-bio-8080-exec-5] org.eclipse.scout.rt.ui.html.UiSession - Using cached client session [clientSessionId=fc65e224-e15f-4191-897b-dffed7f28d89] - MDC[principal=admin, httpUri=/nato.ivct.gui.nato.ivct.gui.ui.html/json, cid=Ke6ss8Zw7PJ/1]
2017-11-06 13:05:40,689 INFO  [http-bio-8080-exec-5] org.eclipse.scout.rt.ui.html.UiSession - UiSession with ID 1:6ha99codoq4lhk4ct2v67kj4cb initialized - MDC[principal=admin, httpUri=/nato.ivct.gui.nato.ivct.gui.ui.html/json, cid=Ke6ss8Zw7PJ/1]
2017-11-06 13:05:40,689 INFO  [http-bio-8080-exec-5] org.eclipse.scout.rt.ui.html.json.JsonMessageRequestHandler - Created new UI session with ID 1:6ha99codoq4lhk4ct2v67kj4cb in 5.718183 ms [maxIdleTime=14400s, httpSession.maxInactiveInterval=300s] - MDC[principal=admin, httpUri=/nato.ivct.gui.nato.ivct.gui.ui.html/json, cid=Ke6ss8Zw7PJ/1]
2017-11-06 15:15:21,559 INFO  [http-bio-8080-exec-4] org.eclipse.scout.rt.ui.html.json.UnloadRequestHandler - Unloading UI session with ID 1:6ha99codoq4lhk4ct2v67kj4cb (requested by UI) - MDC[principal=admin, httpUri=/nato.ivct.gui.nato.ivct.gui.ui.html/unload/1:6ha99codoq4lhk4ct2v67kj4cb, cid=fe9fbec4-df85-445b-ac8e-31a0f0821f0d]
2017-11-06 15:15:21,560 INFO  [http-bio-8080-exec-4] org.eclipse.scout.rt.ui.html.UiSession - Disposing UI session with ID 1:6ha99codoq4lhk4ct2v67kj4cb... - MDC[principal=admin, httpUri=/nato.ivct.gui.nato.ivct.gui.ui.html/unload/1:6ha99codoq4lhk4ct2v67kj4cb, cid=fe9fbec4-df85-445b-ac8e-31a0f0821f0d]
2017-11-06 15:15:35,488 ERROR [scout-thread-24] org.eclipse.scout.rt.client.clientnotification.ClientNotificationPoller - Error receiving client notifications - MDC[principal=notification-authenticator, jobName=ClientNotificationPoller]
org.eclipse.scout.rt.platform.exception.PlatformException: 500 - INTERNAL_SERVER_ERROR [translator=org.eclipse.scout.rt.platform.exception.DefaultRuntimeExceptionTranslator, user=notification-authenticator, remote-service.name=org.eclipse.scout.rt.shared.clientnotification.IClientNotificationService, remote-service.operation=getNotifications]
	at org.eclipse.scout.rt.platform.exception.DefaultRuntimeExceptionTranslator.translateInternal(DefaultRuntimeExceptionTranslator.java:54)
	at org.eclipse.scout.rt.platform.exception.DefaultRuntimeExceptionTranslator.translate(DefaultRuntimeExceptionTranslator.java:37)
	at org.eclipse.scout.rt.shared.servicetunnel.AbstractServiceTunnel.interceptException(AbstractServiceTunnel.java:158)
	at org.eclipse.scout.rt.shared.servicetunnel.AbstractServiceTunnel.invokeService(AbstractServiceTunnel.java:57)
	at org.eclipse.scout.rt.shared.servicetunnel.AbstractServiceTunnel.invokeService(AbstractServiceTunnel.java:42)
	at org.eclipse.scout.rt.shared.servicetunnel.http.HttpServiceTunnel.invokeService(HttpServiceTunnel.java:185)
	at org.eclipse.scout.rt.shared.servicetunnel.ServiceTunnelProxyProducer.invoke(ServiceTunnelProxyProducer.java:43)
	at org.eclipse.scout.rt.platform.interceptor.DecoratingProxy.invokeImpl(DecoratingProxy.java:134)
	at org.eclipse.scout.rt.platform.interceptor.DecoratingProxy$P_InvocationHandler.invoke(DecoratingProxy.java:172)
	at com.sun.proxy.$Proxy28.getNotifications(Unknown Source)
	at org.eclipse.scout.rt.client.clientnotification.ClientNotificationPoller$P_NotificationPoller.run(ClientNotificationPoller.java:95)
	at org.eclipse.scout.rt.platform.util.concurrent.Callables$1.call(Callables.java:34)
	at org.eclipse.scout.rt.platform.util.concurrent.Callables$1.call(Callables.java:1)
	at org.eclipse.scout.rt.platform.chain.callable.CallableChain$Chain.continueChain(CallableChain.java:203)
	at org.eclipse.scout.rt.platform.job.internal.ExceptionProcessor.intercept(ExceptionProcessor.java:41)
	at org.eclipse.scout.rt.platform.chain.callable.CallableChain$Chain.continueChain(CallableChain.java:198)
	at org.eclipse.scout.rt.platform.context.RunContextRunner$1.call(RunContextRunner.java:42)
	at org.eclipse.scout.rt.platform.chain.callable.CallableChain$Chain.continueChain(CallableChain.java:203)
	at org.eclipse.scout.rt.platform.transaction.TransactionProcessor.runTxRequiresNew(TransactionProcessor.java:100)
	at org.eclipse.scout.rt.platform.transaction.TransactionProcessor.runTxRequired(TransactionProcessor.java:129)
	at org.eclipse.scout.rt.platform.transaction.TransactionProcessor.intercept(TransactionProcessor.java:71)
	at org.eclipse.scout.rt.platform.chain.callable.CallableChain$Chain.continueChain(CallableChain.java:198)
	at org.eclipse.scout.rt.platform.security.SubjectProcessor$1.run(SubjectProcessor.java:47)
	at java.security.AccessController.doPrivileged(Native Method)
	at javax.security.auth.Subject.doAs(Subject.java:422)
	at org.eclipse.scout.rt.platform.security.SubjectProcessor.intercept(SubjectProcessor.java:43)
	at org.eclipse.scout.rt.platform.chain.callable.CallableChain$Chain.continueChain(CallableChain.java:198)
	at org.eclipse.scout.rt.platform.chain.callable.CallableChain.call(CallableChain.java:146)
	at org.eclipse.scout.rt.platform.context.RunContext.call(RunContext.java:142)
	at org.eclipse.scout.rt.platform.context.RunContextRunner.intercept(RunContextRunner.java:38)
	at org.eclipse.scout.rt.platform.chain.callable.CallableChain$Chain.continueChain(CallableChain.java:198)
	at org.eclipse.scout.rt.platform.chain.callable.CallableChain.call(CallableChain.java:146)
	at org.eclipse.scout.rt.platform.job.internal.JobFutureTask$1.call(JobFutureTask.java:99)
	at java.util.concurrent.FutureTask.run(FutureTask.java:266)
	at org.eclipse.scout.rt.platform.job.internal.JobFutureTask.run(JobFutureTask.java:159)
	at java.util.concurrent.ThreadPoolExecutor.runWorker(ThreadPoolExecutor.java:1142)
	at java.util.concurrent.ThreadPoolExecutor$Worker.run(ThreadPoolExecutor.java:617)
	at java.lang.Thread.run(Thread.java:748)
	at org.eclipse.scout.rt.platform.job.internal.NamedThreadFactory$1.run(NamedThreadFactory.java:55)
	at org.eclipse.scout.rt.shared.servicetunnel.AbstractServiceTunnel.invokeService(AbstractServiceTunnel.java:66)
	at org.eclipse.scout.rt.shared.servicetunnel.AbstractServiceTunnel.invokeService(AbstractServiceTunnel.java:42)
	at org.eclipse.scout.rt.shared.servicetunnel.http.HttpServiceTunnel.invokeService(HttpServiceTunnel.java:185)
	at org.eclipse.scout.rt.shared.servicetunnel.ServiceTunnelProxyProducer.invoke(ServiceTunnelProxyProducer.java:43)
	at org.eclipse.scout.rt.platform.interceptor.DecoratingProxy.invokeImpl(DecoratingProxy.java:134)
	at org.eclipse.scout.rt.platform.interceptor.DecoratingProxy$P_InvocationHandler.invoke(DecoratingProxy.java:172)
	at com.sun.proxy.$Proxy28.getNotifications(Unknown Source)
	at org.eclipse.scout.rt.client.clientnotification.ClientNotificationPoller$P_NotificationPoller.run(ClientNotificationPoller.java:95)
	at org.eclipse.scout.rt.platform.util.concurrent.Callables$1.call(Callables.java:34)
	at org.eclipse.scout.rt.platform.util.concurrent.Callables$1.call(Callables.java:1)
	at org.eclipse.scout.rt.platform.chain.callable.CallableChain$Chain.continueChain(CallableChain.java:203)
	at org.eclipse.scout.rt.platform.job.internal.ExceptionProcessor.intercept(ExceptionProcessor.java:41)
	at org.eclipse.scout.rt.platform.chain.callable.CallableChain$Chain.continueChain(CallableChain.java:198)
	at org.eclipse.scout.rt.platform.context.RunContextRunner$1.call(RunContextRunner.java:42)
	at org.eclipse.scout.rt.platform.chain.callable.CallableChain$Chain.continueChain(CallableChain.java:203)
	at org.eclipse.scout.rt.platform.transaction.TransactionProcessor.runTxRequiresNew(TransactionProcessor.java:100)
	at org.eclipse.scout.rt.platform.transaction.TransactionProcessor.runTxRequired(TransactionProcessor.java:129)
	at org.eclipse.scout.rt.platform.transaction.TransactionProcessor.intercept(TransactionProcessor.java:71)
	at org.eclipse.scout.rt.platform.chain.callable.CallableChain$Chain.continueChain(CallableChain.java:198)
	at org.eclipse.scout.rt.platform.security.SubjectProcessor$1.run(SubjectProcessor.java:47)
	at java.security.AccessController.doPrivileged(Native Method)
	at javax.security.auth.Subject.doAs(Subject.java:422)
	at org.eclipse.scout.rt.platform.security.SubjectProcessor.intercept(SubjectProcessor.java:43)
	at org.eclipse.scout.rt.platform.chain.callable.CallableChain$Chain.continueChain(CallableChain.java:198)
	at org.eclipse.scout.rt.platform.chain.callable.CallableChain.call(CallableChain.java:146)
	at org.eclipse.scout.rt.platform.context.RunContext.call(RunContext.java:142)
	at org.eclipse.scout.rt.platform.context.RunContextRunner.intercept(RunContextRunner.java:38)
	at org.eclipse.scout.rt.platform.chain.callable.CallableChain$Chain.continueChain(CallableChain.java:198)
	at org.eclipse.scout.rt.platform.chain.callable.CallableChain.call(CallableChain.java:146)
	at org.eclipse.scout.rt.platform.job.internal.JobFutureTask$1.call(JobFutureTask.java:99)
	at java.util.concurrent.FutureTask.run(FutureTask.java:266)
	at org.eclipse.scout.rt.platform.job.internal.JobFutureTask.run(JobFutureTask.java:159)
	at java.util.concurrent.ThreadPoolExecutor.runWorker(ThreadPoolExecutor.java:1142)
	at java.util.concurrent.ThreadPoolExecutor$Worker.run(ThreadPoolExecutor.java:617)
	at java.lang.Thread.run(Thread.java:748)
	at org.eclipse.scout.rt.platform.job.internal.NamedThreadFactory$1.run(NamedThreadFactory.java:55)
Caused by: org.eclipse.scout.rt.shared.servicetunnel.HttpException: 500 - INTERNAL_SERVER_ERROR
	at org.eclipse.scout.rt.shared.servicetunnel.http.RemoteServiceInvocationCallable.call(RemoteServiceInvocationCallable.java:79)
	at org.eclipse.scout.rt.shared.servicetunnel.http.RemoteServiceInvocationCallable.call(RemoteServiceInvocationCallable.java:1)
	at org.eclipse.scout.rt.platform.chain.callable.CallableChain$Chain.continueChain(CallableChain.java:203)
	... 23 common frames omitted
2017-11-06 15:15:35,504 INFO  [localhost-startStop-2] org.eclipse.scout.rt.ui.html.SessionStore - Detected invalidation of HTTP session 923C58147D76948DB8679CEFEFD4B210, cleaning up 1 client sessions and 0 UI sessions - MDC[]
2017-11-06 15:15:41,567 INFO  [scout-thread-20] org.eclipse.scout.rt.ui.html.SessionStore - Session housekeeping: Client session fc65e224-e15f-4191-897b-dffed7f28d89 is stopping, removing it from store - MDC[jobName=Performing session housekeeping for client session with ID fc65e224-e15f-4191-897b-dffed7f28d89]
